"C:/Users/User/Documents/GitHub/superMusicGame/musicGame04.uproject" 1
"../../../Engine/Plugins/2D/Paper2D/Paper2D.uplugin" 2
"../../../Engine/Plugins/Blendables/LightPropagationVolume/LightPropagationVolume.uplugin" 3
"../../../Engine/Plugins/Developer/BlankPlugin/BlankPlugin.uplugin" 4
"../../../Engine/Plugins/Developer/CodeLiteSourceCodeAccess/CodeLiteSourceCodeAccess.uplugin" 5
"../../../Engine/Plugins/Developer/GitSourceControl/GitSourceControl.uplugin" 6
"../../../Engine/Plugins/Developer/KDevelopSourceCodeAccess/KDevelopSourceCodeAccess.uplugin" 7
"../../../Engine/Plugins/Developer/NullSourceCodeAccess/NullSourceCodeAccess.uplugin" 8
"../../../Engine/Plugins/Developer/OneSkyLocalizationService/OneSkyLocalizationService.uplugin" 9
"../../../Engine/Plugins/Developer/PerforceSourceControl/PerforceSourceControl.uplugin" 10
"../../../Engine/Plugins/Developer/SubversionSourceControl/SubversionSourceControl.uplugin" 11
"../../../Engine/Plugins/Developer/UObjectPlugin/UObjectPlugin.uplugin" 12
"../../../Engine/Plugins/Developer/VisualStudioSourceCodeAccess/VisualStudioSourceCodeAccess.uplugin" 13
"../../../Engine/Plugins/Developer/XCodeSourceCodeAccess/XCodeSourceCodeAccess.uplugin" 14
"../../../Engine/Plugins/Editor/AudioCapture/AudioCapture.uplugin" 15
"../../../Engine/Plugins/Editor/EpicSurvey/EpicSurvey.uplugin" 16
"../../../Engine/Plugins/Editor/MacGraphicsSwitching/MacGraphicsSwitching.uplugin" 17
"../../../Engine/Plugins/Editor/MobileLauncherProfileWizard/MobileLauncherProfileWizard.uplugin" 18
"../../../Engine/Plugins/Editor/PluginBrowser/PluginBrowser.uplugin" 19
"../../../Engine/Plugins/Editor/SpeedTreeImporter/SpeedTreeImporter.uplugin" 20
"../../../Engine/Plugins/Editor/SuperSearchEditor/SuperSearchEditor.uplugin" 21
"../../../Engine/Plugins/Experimental/AlembicImporter/AlembicImporter.uplugin" 22
"../../../Engine/Plugins/Experimental/BlueprintStats/BlueprintStats.uplugin" 23
"../../../Engine/Plugins/Experimental/CharacterAI/CharacterAI.uplugin" 24
"../../../Engine/Plugins/Experimental/CodeEditor/CodeEditor.uplugin" 25
"../../../Engine/Plugins/Experimental/CodeView/CodeView.uplugin" 26
"../../../Engine/Plugins/Experimental/HTML5Networking/HTML5Networking.uplugin" 27
"../../../Engine/Plugins/Experimental/OSVR/OSVR.uplugin" 28
"../../../Engine/Plugins/Experimental/Phya/Phya.uplugin" 29
"../../../Engine/Plugins/Experimental/SignificanceManager/SignificanceManager.uplugin" 30
"../../../Engine/Plugins/Experimental/SimpleHMD/SimpleHMD.uplugin" 31
"../../../Engine/Plugins/Experimental/StereoPanorama/StereoPanorama.uplugin" 32
"../../../Engine/Plugins/Experimental/StructBox/StructBox.uplugin" 33
"../../../Engine/Plugins/Media/AndroidMedia/AndroidMedia.uplugin" 34
"../../../Engine/Plugins/Media/AvfMedia/AvfMedia.uplugin" 35
"../../../Engine/Plugins/Media/MediaPlayerEditor/MediaPlayerEditor.uplugin" 36
"../../../Engine/Plugins/Media/WmfMedia/WmfMedia.uplugin" 37
"../../../Engine/Plugins/Messaging/MessagingDebugger/MessagingDebugger.uplugin" 38
"../../../Engine/Plugins/Messaging/TcpMessaging/TcpMessaging.uplugin" 39
"../../../Engine/Plugins/Messaging/UdpMessaging/UdpMessaging.uplugin" 40
"../../../Engine/Plugins/MovieScene/LevelSequenceEditor/LevelSequenceEditor.uplugin" 41
"../../../Engine/Plugins/MovieScene/MatineeToLevelSequence/MatineeToLevelSequence.uplugin" 42
"../../../Engine/Plugins/NetcodeUnitTest/NetcodeUnitTest/NetcodeUnitTest.uplugin" 43
"../../../Engine/Plugins/NetcodeUnitTest/NUTUnrealEngine4/NUTUnrealEngine4.uplugin" 44
"../../../Engine/Plugins/Online/Android/OnlineSubsystemGameCircle/OnlineSubsystemGameCircle.uplugin" 45
"../../../Engine/Plugins/Online/Android/OnlineSubsystemGooglePlay/OnlineSubsystemGooglePlay.uplugin" 46
"../../../Engine/Plugins/Online/IOS/OnlineSubsystemIOS/OnlineSubsystemIOS.uplugin" 47
"../../../Engine/Plugins/Online/OnlineFramework/OnlineFramework.uplugin" 48
"../../../Engine/Plugins/Online/OnlineSubsystem/OnlineSubsystem.uplugin" 49
"../../../Engine/Plugins/Online/OnlineSubsystemAmazon/OnlineSubsystemAmazon.uplugin" 50
"../../../Engine/Plugins/Online/OnlineSubsystemFacebook/OnlineSubsystemFacebook.uplugin" 51
"../../../Engine/Plugins/Online/OnlineSubsystemNull/OnlineSubsystemNull.uplugin" 52
"../../../Engine/Plugins/Online/OnlineSubsystemOculus/OnlineSubsystemOculus.uplugin" 53
"../../../Engine/Plugins/Online/OnlineSubsystemSteam/OnlineSubsystemSteam.uplugin" 54
"../../../Engine/Plugins/Online/OnlineSubsystemUtils/OnlineSubsystemUtils.uplugin" 55
"../../../Engine/Plugins/Runtime/Advertising/IOSTapJoy/IOSTapJoy.uplugin" 56
"../../../Engine/Plugins/Runtime/Analytics/AnalyticsBlueprintLibrary/AnalyticsBlueprintLibrary.uplugin" 57
"../../../Engine/Plugins/Runtime/Analytics/AnalyticsMulticast/AnalyticsMulticast.uplugin" 58
"../../../Engine/Plugins/Runtime/Analytics/Apsalar/Apsalar.uplugin" 59
"../../../Engine/Plugins/Runtime/Analytics/FileLogging/FileLogging.uplugin" 60
"../../../Engine/Plugins/Runtime/Analytics/Flurry/Flurry.uplugin" 61
"../../../Engine/Plugins/Runtime/AndroidDeviceProfileSelector/AndroidDeviceProfileSelector.uplugin" 62
"../../../Engine/Plugins/Runtime/AndroidMoviePlayer/AndroidMoviePlayer.uplugin" 63
"../../../Engine/Plugins/Runtime/AppleMoviePlayer/AppleMoviePlayer.uplugin" 64
"../../../Engine/Plugins/Runtime/ArchVisCharacter/ArchVisCharacter.uplugin" 65
"../../../Engine/Plugins/Runtime/CableComponent/CableComponent.uplugin" 66
"../../../Engine/Plugins/Runtime/CustomMeshComponent/CustomMeshComponent.uplugin" 67
"../../../Engine/Plugins/Runtime/ExampleDeviceProfileSelector/ExampleDeviceProfileSelector.uplugin" 68
"../../../Engine/Plugins/Runtime/GearVR/GearVR.uplugin" 69
"../../../Engine/Plugins/Runtime/GoogleVR/GoogleVRController/GoogleVRController.uplugin" 70
"../../../Engine/Plugins/Runtime/GoogleVR/GoogleVRHMD/GoogleVRHMD.uplugin" 71
"../../../Engine/Plugins/Runtime/IOSDeviceProfileSelector/IOSDeviceProfileSelector.uplugin" 72
"../../../Engine/Plugins/Runtime/LeapMotion/LeapMotion.uplugin" 73
"../../../Engine/Plugins/Runtime/LinuxDeviceProfileSelector/LinuxDeviceProfileSelector.uplugin" 74
"../../../Engine/Plugins/Runtime/MIDIDevice/MIDIDevice.uplugin" 75
"../../../Engine/Plugins/Runtime/MobilePatchingUtils/MobilePatchingUtils.uplugin" 76
"../../../Engine/Plugins/Runtime/Nvidia/Ansel/Ansel.uplugin" 77
"../../../Engine/Plugins/Runtime/OculusAudio/OculusAudio.uplugin" 78
"../../../Engine/Plugins/Runtime/OculusInput/OculusInput.uplugin" 79
"../../../Engine/Plugins/Runtime/OculusLibrary/OculusLibrary.uplugin" 80
"../../../Engine/Plugins/Runtime/OculusRift/OculusRift.uplugin" 81
"../../../Engine/Plugins/Runtime/PacketHandlers/CompressionComponents/Oodle/Oodle.uplugin" 82
"../../../Engine/Plugins/Runtime/ProceduralMeshComponent/ProceduralMeshComponent.uplugin" 83
"../../../Engine/Plugins/Runtime/SoundMod/SoundMod.uplugin" 84
"../../../Engine/Plugins/Runtime/SoundVisualizations/SoundVisualizations.uplugin" 85
"../../../Engine/Plugins/Runtime/Steam/SteamController/SteamController.uplugin" 86
"../../../Engine/Plugins/Runtime/Steam/SteamVR/SteamVR.uplugin" 87
"../../../Engine/Plugins/Runtime/WebBrowserWidget/WebBrowserWidget.uplugin" 88
"../../../Engine/Plugins/Runtime/WindowsDeviceProfileSelector/WindowsDeviceProfileSelector.uplugin" 89
"../../../Engine/Plugins/Runtime/WindowsMoviePlayer/WindowsMoviePlayer.uplugin" 90
"../../../Engine/Plugins/ScriptPlugin/ScriptPlugin.uplugin" 91
"../../../Engine/Plugins/Slate/SlateRemote/SlateRemote.uplugin" 92
"../../../Engine/Plugins/Tests/EditorTests/EditorTests.uplugin" 93
"../../../Engine/Plugins/Tests/FbxAutomationTestBuilder/FbxAutomationTestBuilder.uplugin" 94
"../../../Engine/Plugins/Tests/FunctionalTestingEditor/FunctionalTestingEditor.uplugin" 95
"../../../Engine/Plugins/Tests/RuntimeTests/RuntimeTests.uplugin" 96
"../../../Engine/Plugins/Tests/ScreenshotTools/ScreenshotTools.uplugin" 97
"..\..\..\Engine\Content\Internationalization\icudt53l\cnvalias.icu" 98
"..\..\..\Engine\Content\Internationalization\icudt53l\res_index.res" 99
"..\..\..\Engine\Content\Internationalization\icudt53l\plurals.res" 100
"..\..\..\Engine\Content\Internationalization\icudt53l\lang\en_AU.res" 101
"..\..\..\Engine\Content\Internationalization\icudt53l\lang\pool.res" 102
"..\..\..\Engine\Content\Internationalization\icudt53l\lang\en_GB.res" 103
"..\..\..\Engine\Content\Internationalization\icudt53l\lang\en.res" 104
"..\..\..\Engine\Content\Internationalization\icudt53l\lang\root.res" 105
"..\..\..\Engine\Content\Internationalization\icudt53l\region\en_AU.res" 106
"..\..\..\Engine\Content\Internationalization\icudt53l\region\pool.res" 107
"..\..\..\Engine\Content\Internationalization\icudt53l\region\en_GB.res" 108
"..\..\..\Engine\Content\Internationalization\icudt53l\region\en.res" 109
"..\..\..\Engine\Content\Internationalization\icudt53l\region\root.res" 110
"..\..\..\Engine\Content\Internationalization\icudt53l\windowsZones.res" 111
"..\..\..\Engine\Content\Internationalization\icudt53l\zoneinfo64.res" 112
"..\..\..\Engine\Content\Internationalization\icudt53l\keyTypeData.res" 113
"..\..\..\Engine\Content\Internationalization\icudt53l\timezoneTypes.res" 114
"..\..\..\Engine\Content\Internationalization\icudt53l\en_AU.res" 115
"..\..\..\Engine\Content\Internationalization\icudt53l\pool.res" 116
"..\..\..\Engine\Content\Internationalization\icudt53l\en_GB.res" 117
"..\..\..\Engine\Content\Internationalization\icudt53l\en_001.res" 118
"..\..\..\Engine\Content\Internationalization\icudt53l\en.res" 119
"..\..\..\Engine\Content\Internationalization\icudt53l\root.res" 120
"C:/Users/User/AppData/Local/UnrealEngine/4.14/Saved/Config/Windows/Manifest.ini" 121
"../../../Engine/Config/Base.ini" 122
"../../../Engine/Config/BaseEngine.ini" 123
"C:/Users/User/Documents/GitHub/superMusicGame/Config/DefaultEngine.ini" 124
"../../../Engine/Config/Windows/WindowsEngine.ini" 125
"C:/Users/User/Documents/GitHub/superMusicGame/Saved/Config/Windows/Engine.ini" 126
"../../../../../../Users/User/Documents/GitHub/superMusicGame/Intermediate/Config/CoalescedSourceConfigs/Engine.ini" 127
"../../../Engine/Config/BaseGame.ini" 128
"C:/Users/User/Documents/GitHub/superMusicGame/Config/DefaultGame.ini" 129
"C:/Users/User/Documents/GitHub/superMusicGame/Saved/Config/Windows/Game.ini" 130
"../../../../../../Users/User/Documents/GitHub/superMusicGame/Intermediate/Config/CoalescedSourceConfigs/Game.ini" 131
"../../../Engine/Config/BaseInput.ini" 132
"C:/Users/User/Documents/GitHub/superMusicGame/Config/DefaultInput.ini" 133
"C:/Users/User/Documents/GitHub/superMusicGame/Saved/Config/Windows/Input.ini" 134
"../../../../../../Users/User/Documents/GitHub/superMusicGame/Intermediate/Config/CoalescedSourceConfigs/Input.ini" 135
"../../../Engine/Config/BaseEditor.ini" 136
"C:/Users/User/Documents/GitHub/superMusicGame/Config/DefaultEditor.ini" 137
"C:/Users/User/Documents/GitHub/superMusicGame/Saved/Config/Windows/Editor.ini" 138
"../../../../../../Users/User/Documents/GitHub/superMusicGame/Intermediate/Config/CoalescedSourceConfigs/Editor.ini" 139
"../../../Engine/Config/BaseEditorPerProjectUserSettings.ini" 140
"C:/Users/User/Documents/GitHub/superMusicGame/Saved/Config/Windows/EditorPerProjectUserSettings.ini" 141
"../../../../../../Users/User/Documents/GitHub/superMusicGame/Intermediate/Config/CoalescedSourceConfigs/EditorPerProjectUserSettings.ini" 142
"../../../Engine/Config/BaseEditorSettings.ini" 143
"C:/Users/User/AppData/Local/UnrealEngine/4.14/Saved/Config/Windows/EditorSettings.ini" 144
"../../../../../../Users/User/Documents/GitHub/superMusicGame/Intermediate/Config/CoalescedSourceConfigs/EditorSettings.ini" 145
"../../../Engine/Config/BaseEditorLayout.ini" 146
"C:/Users/User/AppData/Local/UnrealEngine/4.14/Saved/Config/Windows/EditorLayout.ini" 147
"../../../../../../Users/User/Documents/GitHub/superMusicGame/Intermediate/Config/CoalescedSourceConfigs/EditorLayout.ini" 148
"../../../Engine/Config/BaseEditorKeyBindings.ini" 149
"C:/Users/User/AppData/Local/UnrealEngine/4.14/Saved/Config/Windows/EditorKeyBindings.ini" 150
"../../../../../../Users/User/Documents/GitHub/superMusicGame/Intermediate/Config/CoalescedSourceConfigs/EditorKeyBindings.ini" 151
"../../../Engine/Config/BaseCompat.ini" 152
"C:/Users/User/Documents/GitHub/superMusicGame/Saved/Config/Windows/Compat.ini" 153
"../../../../../../Users/User/Documents/GitHub/superMusicGame/Intermediate/Config/CoalescedSourceConfigs/Compat.ini" 154
"../../../Engine/Config/BaseLightmass.ini" 155
"C:/Users/User/Documents/GitHub/superMusicGame/Saved/Config/Windows/Lightmass.ini" 156
"../../../../../../Users/User/Documents/GitHub/superMusicGame/Intermediate/Config/CoalescedSourceConfigs/Lightmass.ini" 157
"../../../Engine/Config/BaseScalability.ini" 158
"C:/Users/User/Documents/GitHub/superMusicGame/Saved/Config/Windows/Scalability.ini" 159
"../../../../../../Users/User/Documents/GitHub/superMusicGame/Intermediate/Config/CoalescedSourceConfigs/Scalability.ini" 160
"../../../Engine/Config/BaseHardware.ini" 161
"C:/Users/User/Documents/GitHub/superMusicGame/Saved/Config/Windows/Hardware.ini" 162
"../../../../../../Users/User/Documents/GitHub/superMusicGame/Intermediate/Config/CoalescedSourceConfigs/Hardware.ini" 163
"C:/Users/User/Documents/GitHub/superMusicGame/Saved/Config/Windows/GameUserSettings.ini" 164
"../../../../../../Users/User/Documents/GitHub/superMusicGame/Intermediate/Config/CoalescedSourceConfigs/GameUserSettings.ini" 165
