Log file open, 05/26/17 14:02:59
LogInit:Display: Running engine for game: musicGame04
LogPlatformFile: Not using cached read wrapper
LogInit:Display: RandInit(-1784032734) SRandInit(-1784032734).
LogTaskGraph: Started task graph with 5 named threads and 8 total threads with 1 sets of task threads.
LogStats: Stats thread started at 0.121539
LogPluginManager: Loaded Plugin Paper2D, From C:/Program Files (x86)/Epic Games/4.14/Engine/Plugins/2D/Paper2D/Paper2D.uplugin
LogPluginManager: Loaded Plugin LightPropagationVolume, From C:/Program Files (x86)/Epic Games/4.14/Engine/Plugins/Blendables/LightPropagationVolume/LightPropagationVolume.uplugin
LogPluginManager: Loaded Plugin BlankPlugin, From C:/Program Files (x86)/Epic Games/4.14/Engine/Plugins/Developer/BlankPlugin/BlankPlugin.uplugin
LogPluginManager: Loaded Plugin CodeLiteSourceCodeAccess, From C:/Program Files (x86)/Epic Games/4.14/Engine/Plugins/Developer/CodeLiteSourceCodeAccess/CodeLiteSourceCodeAccess.uplugin
LogPluginManager: Loaded Plugin GitSourceControl, From C:/Program Files (x86)/Epic Games/4.14/Engine/Plugins/Developer/GitSourceControl/GitSourceControl.uplugin
LogPluginManager: Loaded Plugin KDevelopSourceCodeAccess, From C:/Program Files (x86)/Epic Games/4.14/Engine/Plugins/Developer/KDevelopSourceCodeAccess/KDevelopSourceCodeAccess.uplugin
LogPluginManager: Loaded Plugin NullSourceCodeAccess, From C:/Program Files (x86)/Epic Games/4.14/Engine/Plugins/Developer/NullSourceCodeAccess/NullSourceCodeAccess.uplugin
LogPluginManager: Loaded Plugin OneSkyLocalizationService, From C:/Program Files (x86)/Epic Games/4.14/Engine/Plugins/Developer/OneSkyLocalizationService/OneSkyLocalizationService.uplugin
LogPluginManager: Loaded Plugin PerforceSourceControl, From C:/Program Files (x86)/Epic Games/4.14/Engine/Plugins/Developer/PerforceSourceControl/PerforceSourceControl.uplugin
LogPluginManager: Loaded Plugin SubversionSourceControl, From C:/Program Files (x86)/Epic Games/4.14/Engine/Plugins/Developer/SubversionSourceControl/SubversionSourceControl.uplugin
LogPluginManager: Loaded Plugin UObjectPlugin, From C:/Program Files (x86)/Epic Games/4.14/Engine/Plugins/Developer/UObjectPlugin/UObjectPlugin.uplugin
LogPluginManager: Loaded Plugin VisualStudioSourceCodeAccess, From C:/Program Files (x86)/Epic Games/4.14/Engine/Plugins/Developer/VisualStudioSourceCodeAccess/VisualStudioSourceCodeAccess.uplugin
LogPluginManager: Loaded Plugin XCodeSourceCodeAccess, From C:/Program Files (x86)/Epic Games/4.14/Engine/Plugins/Developer/XCodeSourceCodeAccess/XCodeSourceCodeAccess.uplugin
LogPluginManager: Loaded Plugin AudioCapture, From C:/Program Files (x86)/Epic Games/4.14/Engine/Plugins/Editor/AudioCapture/AudioCapture.uplugin
LogPluginManager: Loaded Plugin EpicSurvey, From C:/Program Files (x86)/Epic Games/4.14/Engine/Plugins/Editor/EpicSurvey/EpicSurvey.uplugin
LogPluginManager: Loaded Plugin MacGraphicsSwitching, From C:/Program Files (x86)/Epic Games/4.14/Engine/Plugins/Editor/MacGraphicsSwitching/MacGraphicsSwitching.uplugin
LogPluginManager: Loaded Plugin MobileLauncherProfileWizard, From C:/Program Files (x86)/Epic Games/4.14/Engine/Plugins/Editor/MobileLauncherProfileWizard/MobileLauncherProfileWizard.uplugin
LogPluginManager: Loaded Plugin PluginBrowser, From C:/Program Files (x86)/Epic Games/4.14/Engine/Plugins/Editor/PluginBrowser/PluginBrowser.uplugin
LogPluginManager: Loaded Plugin SpeedTreeImporter, From C:/Program Files (x86)/Epic Games/4.14/Engine/Plugins/Editor/SpeedTreeImporter/SpeedTreeImporter.uplugin
LogPluginManager: Loaded Plugin SuperSearchEditor, From C:/Program Files (x86)/Epic Games/4.14/Engine/Plugins/Editor/SuperSearchEditor/SuperSearchEditor.uplugin
LogPluginManager: Loaded Plugin AlembicImporter, From C:/Program Files (x86)/Epic Games/4.14/Engine/Plugins/Experimental/AlembicImporter/AlembicImporter.uplugin
LogPluginManager: Loaded Plugin BlueprintStats, From C:/Program Files (x86)/Epic Games/4.14/Engine/Plugins/Experimental/BlueprintStats/BlueprintStats.uplugin
LogPluginManager: Loaded Plugin CharacterAI, From C:/Program Files (x86)/Epic Games/4.14/Engine/Plugins/Experimental/CharacterAI/CharacterAI.uplugin
LogPluginManager: Loaded Plugin CodeEditor, From C:/Program Files (x86)/Epic Games/4.14/Engine/Plugins/Experimental/CodeEditor/CodeEditor.uplugin
LogPluginManager: Loaded Plugin CodeView, From C:/Program Files (x86)/Epic Games/4.14/Engine/Plugins/Experimental/CodeView/CodeView.uplugin
LogPluginManager: Loaded Plugin HTML5Networking, From C:/Program Files (x86)/Epic Games/4.14/Engine/Plugins/Experimental/HTML5Networking/HTML5Networking.uplugin
LogPluginManager: Loaded Plugin OSVR, From C:/Program Files (x86)/Epic Games/4.14/Engine/Plugins/Experimental/OSVR/OSVR.uplugin
LogPluginManager: Loaded Plugin Phya, From C:/Program Files (x86)/Epic Games/4.14/Engine/Plugins/Experimental/Phya/Phya.uplugin
LogPluginManager: Loaded Plugin SignificanceManager, From C:/Program Files (x86)/Epic Games/4.14/Engine/Plugins/Experimental/SignificanceManager/SignificanceManager.uplugin
LogPluginManager: Loaded Plugin SimpleHMD, From C:/Program Files (x86)/Epic Games/4.14/Engine/Plugins/Experimental/SimpleHMD/SimpleHMD.uplugin
LogPluginManager: Loaded Plugin StereoPanorama, From C:/Program Files (x86)/Epic Games/4.14/Engine/Plugins/Experimental/StereoPanorama/StereoPanorama.uplugin
LogPluginManager: Loaded Plugin StructBox, From C:/Program Files (x86)/Epic Games/4.14/Engine/Plugins/Experimental/StructBox/StructBox.uplugin
LogPluginManager: Loaded Plugin InputBuffer, From C:/Program Files (x86)/Epic Games/4.14/Engine/Plugins/Marketplace/InputBuffer/InputBuffer.uplugin
LogPluginManager: Loaded Plugin MidiAsset, From C:/Program Files (x86)/Epic Games/4.14/Engine/Plugins/Marketplace/MidiAsset/MidiAsset.uplugin
LogPluginManager: Loaded Plugin AndroidMedia, From C:/Program Files (x86)/Epic Games/4.14/Engine/Plugins/Media/AndroidMedia/AndroidMedia.uplugin
LogPluginManager: Loaded Plugin AvfMedia, From C:/Program Files (x86)/Epic Games/4.14/Engine/Plugins/Media/AvfMedia/AvfMedia.uplugin
LogPluginManager: Loaded Plugin MediaPlayerEditor, From C:/Program Files (x86)/Epic Games/4.14/Engine/Plugins/Media/MediaPlayerEditor/MediaPlayerEditor.uplugin
LogPluginManager: Loaded Plugin WmfMedia, From C:/Program Files (x86)/Epic Games/4.14/Engine/Plugins/Media/WmfMedia/WmfMedia.uplugin
LogPluginManager: Loaded Plugin MessagingDebugger, From C:/Program Files (x86)/Epic Games/4.14/Engine/Plugins/Messaging/MessagingDebugger/MessagingDebugger.uplugin
LogPluginManager: Loaded Plugin TcpMessaging, From C:/Program Files (x86)/Epic Games/4.14/Engine/Plugins/Messaging/TcpMessaging/TcpMessaging.uplugin
LogPluginManager: Loaded Plugin UdpMessaging, From C:/Program Files (x86)/Epic Games/4.14/Engine/Plugins/Messaging/UdpMessaging/UdpMessaging.uplugin
LogPluginManager: Loaded Plugin LevelSequenceEditor, From C:/Program Files (x86)/Epic Games/4.14/Engine/Plugins/MovieScene/LevelSequenceEditor/LevelSequenceEditor.uplugin
LogPluginManager: Loaded Plugin MatineeToLevelSequence, From C:/Program Files (x86)/Epic Games/4.14/Engine/Plugins/MovieScene/MatineeToLevelSequence/MatineeToLevelSequence.uplugin
LogPluginManager: Loaded Plugin NetcodeUnitTest, From C:/Program Files (x86)/Epic Games/4.14/Engine/Plugins/NetcodeUnitTest/NetcodeUnitTest/NetcodeUnitTest.uplugin
LogPluginManager: Loaded Plugin NUTUnrealEngine4, From C:/Program Files (x86)/Epic Games/4.14/Engine/Plugins/NetcodeUnitTest/NUTUnrealEngine4/NUTUnrealEngine4.uplugin
LogPluginManager: Loaded Plugin OnlineSubsystemGameCircle, From C:/Program Files (x86)/Epic Games/4.14/Engine/Plugins/Online/Android/OnlineSubsystemGameCircle/OnlineSubsystemGameCircle.uplugin
LogPluginManager: Loaded Plugin OnlineSubsystemGooglePlay, From C:/Program Files (x86)/Epic Games/4.14/Engine/Plugins/Online/Android/OnlineSubsystemGooglePlay/OnlineSubsystemGooglePlay.uplugin
LogPluginManager: Loaded Plugin OnlineSubsystemIOS, From C:/Program Files (x86)/Epic Games/4.14/Engine/Plugins/Online/IOS/OnlineSubsystemIOS/OnlineSubsystemIOS.uplugin
LogPluginManager: Loaded Plugin OnlineFramework, From C:/Program Files (x86)/Epic Games/4.14/Engine/Plugins/Online/OnlineFramework/OnlineFramework.uplugin
LogPluginManager: Loaded Plugin OnlineSubsystem, From C:/Program Files (x86)/Epic Games/4.14/Engine/Plugins/Online/OnlineSubsystem/OnlineSubsystem.uplugin
LogPluginManager: Loaded Plugin OnlineSubsystemAmazon, From C:/Program Files (x86)/Epic Games/4.14/Engine/Plugins/Online/OnlineSubsystemAmazon/OnlineSubsystemAmazon.uplugin
LogPluginManager: Loaded Plugin OnlineSubsystemFacebook, From C:/Program Files (x86)/Epic Games/4.14/Engine/Plugins/Online/OnlineSubsystemFacebook/OnlineSubsystemFacebook.uplugin
LogPluginManager: Loaded Plugin OnlineSubsystemNull, From C:/Program Files (x86)/Epic Games/4.14/Engine/Plugins/Online/OnlineSubsystemNull/OnlineSubsystemNull.uplugin
LogPluginManager: Loaded Plugin OnlineSubsystemOculus, From C:/Program Files (x86)/Epic Games/4.14/Engine/Plugins/Online/OnlineSubsystemOculus/OnlineSubsystemOculus.uplugin
LogPluginManager: Loaded Plugin OnlineSubsystemSteam, From C:/Program Files (x86)/Epic Games/4.14/Engine/Plugins/Online/OnlineSubsystemSteam/OnlineSubsystemSteam.uplugin
LogPluginManager: Loaded Plugin OnlineSubsystemUtils, From C:/Program Files (x86)/Epic Games/4.14/Engine/Plugins/Online/OnlineSubsystemUtils/OnlineSubsystemUtils.uplugin
LogPluginManager: Loaded Plugin IOSTapJoy, From C:/Program Files (x86)/Epic Games/4.14/Engine/Plugins/Runtime/Advertising/IOSTapJoy/IOSTapJoy.uplugin
LogPluginManager: Loaded Plugin AnalyticsBlueprintLibrary, From C:/Program Files (x86)/Epic Games/4.14/Engine/Plugins/Runtime/Analytics/AnalyticsBlueprintLibrary/AnalyticsBlueprintLibrary.uplugin
LogPluginManager: Loaded Plugin AnalyticsMulticast, From C:/Program Files (x86)/Epic Games/4.14/Engine/Plugins/Runtime/Analytics/AnalyticsMulticast/AnalyticsMulticast.uplugin
LogPluginManager: Loaded Plugin Apsalar, From C:/Program Files (x86)/Epic Games/4.14/Engine/Plugins/Runtime/Analytics/Apsalar/Apsalar.uplugin
LogPluginManager: Loaded Plugin FileLogging, From C:/Program Files (x86)/Epic Games/4.14/Engine/Plugins/Runtime/Analytics/FileLogging/FileLogging.uplugin
LogPluginManager: Loaded Plugin Flurry, From C:/Program Files (x86)/Epic Games/4.14/Engine/Plugins/Runtime/Analytics/Flurry/Flurry.uplugin
LogPluginManager: Loaded Plugin AndroidDeviceProfileSelector, From C:/Program Files (x86)/Epic Games/4.14/Engine/Plugins/Runtime/AndroidDeviceProfileSelector/AndroidDeviceProfileSelector.uplugin
LogPluginManager: Loaded Plugin AndroidMoviePlayer, From C:/Program Files (x86)/Epic Games/4.14/Engine/Plugins/Runtime/AndroidMoviePlayer/AndroidMoviePlayer.uplugin
LogPluginManager: Loaded Plugin AppleMoviePlayer, From C:/Program Files (x86)/Epic Games/4.14/Engine/Plugins/Runtime/AppleMoviePlayer/AppleMoviePlayer.uplugin
LogPluginManager: Loaded Plugin ArchVisCharacter, From C:/Program Files (x86)/Epic Games/4.14/Engine/Plugins/Runtime/ArchVisCharacter/ArchVisCharacter.uplugin
LogPluginManager: Loaded Plugin CableComponent, From C:/Program Files (x86)/Epic Games/4.14/Engine/Plugins/Runtime/CableComponent/CableComponent.uplugin
LogPluginManager: Loaded Plugin CustomMeshComponent, From C:/Program Files (x86)/Epic Games/4.14/Engine/Plugins/Runtime/CustomMeshComponent/CustomMeshComponent.uplugin
LogPluginManager: Loaded Plugin ExampleDeviceProfileSelector, From C:/Program Files (x86)/Epic Games/4.14/Engine/Plugins/Runtime/ExampleDeviceProfileSelector/ExampleDeviceProfileSelector.uplugin
LogPluginManager: Loaded Plugin GearVR, From C:/Program Files (x86)/Epic Games/4.14/Engine/Plugins/Runtime/GearVR/GearVR.uplugin
LogPluginManager: Loaded Plugin GoogleVRController, From C:/Program Files (x86)/Epic Games/4.14/Engine/Plugins/Runtime/GoogleVR/GoogleVRController/GoogleVRController.uplugin
LogPluginManager: Loaded Plugin GoogleVRHMD, From C:/Program Files (x86)/Epic Games/4.14/Engine/Plugins/Runtime/GoogleVR/GoogleVRHMD/GoogleVRHMD.uplugin
LogPluginManager: Loaded Plugin IOSDeviceProfileSelector, From C:/Program Files (x86)/Epic Games/4.14/Engine/Plugins/Runtime/IOSDeviceProfileSelector/IOSDeviceProfileSelector.uplugin
LogPluginManager: Loaded Plugin LeapMotion, From C:/Program Files (x86)/Epic Games/4.14/Engine/Plugins/Runtime/LeapMotion/LeapMotion.uplugin
LogPluginManager: Loaded Plugin LinuxDeviceProfileSelector, From C:/Program Files (x86)/Epic Games/4.14/Engine/Plugins/Runtime/LinuxDeviceProfileSelector/LinuxDeviceProfileSelector.uplugin
LogPluginManager: Loaded Plugin MIDIDevice, From C:/Program Files (x86)/Epic Games/4.14/Engine/Plugins/Runtime/MIDIDevice/MIDIDevice.uplugin
LogPluginManager: Loaded Plugin MobilePatchingUtils, From C:/Program Files (x86)/Epic Games/4.14/Engine/Plugins/Runtime/MobilePatchingUtils/MobilePatchingUtils.uplugin
LogPluginManager: Loaded Plugin Ansel, From C:/Program Files (x86)/Epic Games/4.14/Engine/Plugins/Runtime/Nvidia/Ansel/Ansel.uplugin
LogPluginManager: Loaded Plugin OculusAudio, From C:/Program Files (x86)/Epic Games/4.14/Engine/Plugins/Runtime/OculusAudio/OculusAudio.uplugin
LogPluginManager: Loaded Plugin OculusInput, From C:/Program Files (x86)/Epic Games/4.14/Engine/Plugins/Runtime/OculusInput/OculusInput.uplugin
LogPluginManager: Loaded Plugin OculusLibrary, From C:/Program Files (x86)/Epic Games/4.14/Engine/Plugins/Runtime/OculusLibrary/OculusLibrary.uplugin
LogPluginManager: Loaded Plugin OculusRift, From C:/Program Files (x86)/Epic Games/4.14/Engine/Plugins/Runtime/OculusRift/OculusRift.uplugin
LogPluginManager: Loaded Plugin Oodle, From C:/Program Files (x86)/Epic Games/4.14/Engine/Plugins/Runtime/PacketHandlers/CompressionComponents/Oodle/Oodle.uplugin
LogPluginManager: Loaded Plugin ProceduralMeshComponent, From C:/Program Files (x86)/Epic Games/4.14/Engine/Plugins/Runtime/ProceduralMeshComponent/ProceduralMeshComponent.uplugin
LogPluginManager: Loaded Plugin SoundMod, From C:/Program Files (x86)/Epic Games/4.14/Engine/Plugins/Runtime/SoundMod/SoundMod.uplugin
LogPluginManager: Loaded Plugin SoundVisualizations, From C:/Program Files (x86)/Epic Games/4.14/Engine/Plugins/Runtime/SoundVisualizations/SoundVisualizations.uplugin
LogPluginManager: Loaded Plugin SteamController, From C:/Program Files (x86)/Epic Games/4.14/Engine/Plugins/Runtime/Steam/SteamController/SteamController.uplugin
LogPluginManager: Loaded Plugin SteamVR, From C:/Program Files (x86)/Epic Games/4.14/Engine/Plugins/Runtime/Steam/SteamVR/SteamVR.uplugin
LogPluginManager: Loaded Plugin WebBrowserWidget, From C:/Program Files (x86)/Epic Games/4.14/Engine/Plugins/Runtime/WebBrowserWidget/WebBrowserWidget.uplugin
LogPluginManager: Loaded Plugin WindowsDeviceProfileSelector, From C:/Program Files (x86)/Epic Games/4.14/Engine/Plugins/Runtime/WindowsDeviceProfileSelector/WindowsDeviceProfileSelector.uplugin
LogPluginManager: Loaded Plugin WindowsMoviePlayer, From C:/Program Files (x86)/Epic Games/4.14/Engine/Plugins/Runtime/WindowsMoviePlayer/WindowsMoviePlayer.uplugin
LogPluginManager: Loaded Plugin ScriptPlugin, From C:/Program Files (x86)/Epic Games/4.14/Engine/Plugins/ScriptPlugin/ScriptPlugin.uplugin
LogPluginManager: Loaded Plugin SlateRemote, From C:/Program Files (x86)/Epic Games/4.14/Engine/Plugins/Slate/SlateRemote/SlateRemote.uplugin
LogPluginManager: Loaded Plugin EditorTests, From C:/Program Files (x86)/Epic Games/4.14/Engine/Plugins/Tests/EditorTests/EditorTests.uplugin
LogPluginManager: Loaded Plugin FbxAutomationTestBuilder, From C:/Program Files (x86)/Epic Games/4.14/Engine/Plugins/Tests/FbxAutomationTestBuilder/FbxAutomationTestBuilder.uplugin
LogPluginManager: Loaded Plugin FunctionalTestingEditor, From C:/Program Files (x86)/Epic Games/4.14/Engine/Plugins/Tests/FunctionalTestingEditor/FunctionalTestingEditor.uplugin
LogPluginManager: Loaded Plugin RuntimeTests, From C:/Program Files (x86)/Epic Games/4.14/Engine/Plugins/Tests/RuntimeTests/RuntimeTests.uplugin
LogPluginManager: Loaded Plugin ScreenshotTools, From C:/Program Files (x86)/Epic Games/4.14/Engine/Plugins/Tests/ScreenshotTools/ScreenshotTools.uplugin
LogInit: Using libcurl 7.47.1
LogInit:  - built for x86_64-pc-win32
LogInit:  - supports SSL with OpenSSL/1.0.2g
LogInit:  - supports HTTP deflate (compression) using libz 1.2.8
LogInit:  - other features:
LogInit:      CURL_VERSION_SSL
LogInit:      CURL_VERSION_LIBZ
LogInit:      CURL_VERSION_IPV6
LogInit:      CURL_VERSION_ASYNCHDNS
LogInit:      CURL_VERSION_LARGEFILE
LogInit:      CURL_VERSION_IDN
LogInit:  CurlRequestOptions (configurable via config and command line):
LogInit:  - bVerifyPeer = false  - Libcurl will NOT verify peer certificate
LogInit:  - bUseHttpProxy = false  - Libcurl will NOT use HTTP proxy
LogInit:  - bDontReuseConnections = false  - Libcurl will reuse connections
LogInit:  - CertBundlePath = nullptr  - Libcurl will use whatever was configured at build time.
LogInit: Build: ++UE4+Release-4.14-CL-3249277
LogInit: Engine Version: 4.14.3-3249277+++UE4+Release-4.14
LogInit: Compatible Engine Version: 4.14.0-3195953+++UE4+Release-4.14
LogInit: Net CL: 3195953
LogDevObjectVersion: Number of dev versions registered: 13
LogDevObjectVersion:   Dev-Blueprints (B0D832E4-1F89-4F0D-ACCF-7EB736FD4AA2): 7
LogDevObjectVersion:   Dev-Build (E1C64328-A22C-4D53-A36C-8E866417BD8C): 0
LogDevObjectVersion:   Dev-Core (375EC13C-06E4-48FB-B500-84F0262A717E): 1
LogDevObjectVersion:   Dev-Editor (E4B068ED-F494-42E9-A231-DA0B2E46BB41): 8
LogDevObjectVersion:   Dev-Framework (CFFC743F-43B0-4480-9391-14DF171D2073): 17
LogDevObjectVersion:   Dev-Mobile (B02B49B5-BB20-44E9-A304-32B752E40360): 0
LogDevObjectVersion:   Dev-Networking (A4E4105C-59A1-49B5-A7C5-40C4547EDFEE): 0
LogDevObjectVersion:   Dev-Online (39C831C9-5AE6-47DC-9A44-9C173E1C8E7C): 0
LogDevObjectVersion:   Dev-Physics (78F01B33-EBEA-4F98-B9B4-84EACCB95AA2): 0
LogDevObjectVersion:   Dev-Platform (6631380F-2D4D-43E0-8009-CF276956A95A): 0
LogDevObjectVersion:   Dev-Rendering (12F88B9F-8875-4AFC-A67C-D90C383ABD29): 12
LogDevObjectVersion:   Dev-Sequencer (7B5AE74C-D270-4C10-A958-57980B212A5A): 1
LogDevObjectVersion:   Dev-VR (D7296918-1DD6-4BDD-9DE2-64A83CC13884): 0
LogInit: Compiled (64-bit): Jan  6 2017 10:49:43
LogInit: Compiled with Visual C++: 19.00.23026.00
LogInit: Build Configuration: Development
LogInit: Branch Name: ++UE4+Release-4.14
LogInit: Command line:  
LogInit: Base directory: C:/Program Files (x86)/Epic Games/4.14/Engine/Binaries/Win64/
LogInit: Installed Engine Build: 1
LogInit: Presizing for max 8388607 objects, including 0 objects not considered by GC, pre-allocating 0 bytes for permanent pool.
LogInit: Object subsystem initialized
[2017.05.26-04.32.59:778][  0]LogInit: Selected Device Profile: [Windows]
[2017.05.26-04.32.59:778][  0]LogInit: Applying CVar settings loaded from the selected device profile: [Windows]
[2017.05.26-04.32.59:797][  0]LogInit: Computer: DESKTOP-Q25OE00
[2017.05.26-04.32.59:797][  0]LogInit: User: Rupret
[2017.05.26-04.32.59:797][  0]LogInit: CPU Page size=65536, Cores=4
[2017.05.26-04.32.59:797][  0]LogInit: High frequency timer resolution =2.533204 MHz
[2017.05.26-04.32.59:798][  0]LogMemory: Memory total: Physical=15.9GB (16GB approx)
[2017.05.26-04.32.59:798][  0]LogMemory: Platform Memory Stats for Windows
[2017.05.26-04.32.59:798][  0]LogMemory: Process Physical Memory: 266.42 MB used, 266.42 MB peak
[2017.05.26-04.32.59:798][  0]LogMemory: Process Virtual Memory: 262.81 MB used, 262.81 MB peak
[2017.05.26-04.32.59:798][  0]LogMemory: Physical Memory: 3620.46 MB used,  12681.32 MB free, 16301.78 MB total
[2017.05.26-04.32.59:798][  0]LogMemory: Virtual Memory: 676.63 MB used,  12681.32 MB free, 134217728.00 MB total
[2017.05.26-04.33.00:714][  0]LogTextLocalizationManager: No specific translations for ('en-AU') exist, so ('en') translations will be used.
[2017.05.26-04.33.01:592][  0]LogD3D11RHI: D3D11 adapters:
[2017.05.26-04.33.01:634][  0]LogD3D11RHI:    0. 'NVIDIA GeForce GTX 970M' (Feature Level 11_0)
[2017.05.26-04.33.01:634][  0]LogD3D11RHI:       3040/0/8150 MB DedicatedVideo/DedicatedSystem/SharedSystem, Outputs:1, VendorId:0x10de
[2017.05.26-04.33.01:640][  0]LogD3D11RHI:    1. 'Intel(R) HD Graphics 4600' (Feature Level 11_0)
[2017.05.26-04.33.01:640][  0]LogD3D11RHI:       112/0/2048 MB DedicatedVideo/DedicatedSystem/SharedSystem, Outputs:0, VendorId:0x8086
[2017.05.26-04.33.01:642][  0]LogD3D11RHI:    2. 'Microsoft Basic Render Driver' (Feature Level 11_0)
[2017.05.26-04.33.01:642][  0]LogD3D11RHI:       0/0/8150 MB DedicatedVideo/DedicatedSystem/SharedSystem, Outputs:0, VendorId:0x1414
[2017.05.26-04.33.01:642][  0]LogD3D11RHI: Chosen D3D11 Adapter: 0
[2017.05.26-04.33.01:648][  0]LogD3D11RHI: Creating new Direct3DDevice
[2017.05.26-04.33.01:648][  0]LogD3D11RHI:     GPU DeviceId: 0x13d8 (for the marketing name, search the web for "GPU Device Id")
[2017.05.26-04.33.01:648][  0]LogWindows: EnumDisplayDevices:
[2017.05.26-04.33.01:648][  0]LogWindows:    0. 'Intel(R) HD Graphics 4600' (P:1 D:1)
[2017.05.26-04.33.01:648][  0]LogWindows:    1. 'Intel(R) HD Graphics 4600' (P:0 D:0)
[2017.05.26-04.33.01:648][  0]LogWindows:    2. 'Intel(R) HD Graphics 4600' (P:0 D:0)
[2017.05.26-04.33.01:649][  0]LogWindows: DebugString: PrimaryIsNotTheChoosenAdapter PrimaryIsNotTheChoosenAdapter PrimaryIsNotTheChoosenAdapter FoundDriverCount:0 
[2017.05.26-04.33.01:649][  0]LogD3D11RHI:     Adapter Name: NVIDIA GeForce GTX 970M
[2017.05.26-04.33.01:649][  0]LogD3D11RHI:   Driver Version: Unknown (internal:Unknown, unified:Unknown)
[2017.05.26-04.33.01:649][  0]LogD3D11RHI:      Driver Date: Unknown
[2017.05.26-04.33.01:649][  0]LogRHI: Texture pool is 1361 MB (70% of 1945 MB)
[2017.05.26-04.33.02:111][  0]LogD3D11RHI: Async texture creation enabled
[2017.05.26-04.33.02:150][  0]LogD3D11RHI: GPU Timing Frequency: 1000.000000 (Debug: 2 1)
[2017.05.26-04.33.02:159][  0]LogShaderCompilers: Guid format shader working directory is -7 characters bigger than the processId version (D:/Users/Rupret/Documents/game concepts/superMusicGame/Intermediate/Shaders/WorkingDirectory/9260/).
[2017.05.26-04.33.02:159][  0]LogShaderCompilers: Cleaned the shader compiler working directory 'C:/Users/Rupret/AppData/Local/Temp/UnrealShaderWorkingDir/780E921045BC7B430F0FB5A45BC56714/'.
[2017.05.26-04.33.02:159][  0]LogShaderCompilers:Display: Using Local Shader Compiler.
[2017.05.26-04.33.03:959][  0]LogTemp:Display: Loaded TP AllDesktopTargetPlatform
[2017.05.26-04.33.04:015][  0]LogTemp:Display: Loaded TP MacClientTargetPlatform
[2017.05.26-04.33.04:073][  0]LogTemp:Display: Loaded TP MacNoEditorTargetPlatform
[2017.05.26-04.33.04:138][  0]LogTemp:Display: Loaded TP MacServerTargetPlatform
[2017.05.26-04.33.04:208][  0]LogTemp:Display: Loaded TP MacTargetPlatform
[2017.05.26-04.33.04:273][  0]LogTemp:Display: Loaded TP WindowsClientTargetPlatform
[2017.05.26-04.33.04:339][  0]LogTemp:Display: Loaded TP WindowsNoEditorTargetPlatform
[2017.05.26-04.33.04:405][  0]LogTemp:Display: Loaded TP WindowsServerTargetPlatform
[2017.05.26-04.33.04:465][  0]LogTemp:Display: Loaded TP WindowsTargetPlatform
[2017.05.26-04.33.04:536][  0]LogTemp:Display: Loaded TP AndroidTargetPlatform
[2017.05.26-04.33.04:602][  0]LogTemp:Display: Loaded TP Android_ASTCTargetPlatform
[2017.05.26-04.33.04:668][  0]LogTemp:Display: Loaded TP Android_ATCTargetPlatform
[2017.05.26-04.33.04:735][  0]LogTemp:Display: Loaded TP Android_DXTTargetPlatform
[2017.05.26-04.33.04:800][  0]LogTemp:Display: Loaded TP Android_ETC1TargetPlatform
[2017.05.26-04.33.04:868][  0]LogTemp:Display: Loaded TP Android_ETC2TargetPlatform
[2017.05.26-04.33.04:998][  0]LogTemp:Display: Loaded TP Android_MultiTargetPlatform
[2017.05.26-04.33.04:998][  0]LogTemp:Display: Loaded TP Android_PVRTCTargetPlatform
[2017.05.26-04.33.05:048][  0]LogTemp:Display: Loaded TP HTML5TargetPlatform
[2017.05.26-04.33.05:173][  0]LogTemp:Display: Loaded TP IOSTargetPlatform
[2017.05.26-04.33.05:216][  0]LogTemp:Display: Loaded TP TVOSTargetPlatform
[2017.05.26-04.33.05:279][  0]LogTemp:Display: Loaded TP LinuxClientTargetPlatform
[2017.05.26-04.33.05:345][  0]LogTemp:Display: Loaded TP LinuxNoEditorTargetPlatform
[2017.05.26-04.33.05:409][  0]LogTemp:Display: Loaded TP LinuxServerTargetPlatform
[2017.05.26-04.33.05:476][  0]LogTemp:Display: Loaded TP LinuxTargetPlatform
[2017.05.26-04.33.05:477][  0]LogTargetPlatformManager:Display: Building Assets For Windows
[2017.05.26-04.33.06:173][  0]LogDerivedDataCache:Display: Max Cache Size: 512 MB
[2017.05.26-04.33.06:281][  0]LogDerivedDataCache: Loaded boot cache 0.11s 50MB C:/Users/Rupret/AppData/Local/UnrealEngine/4.14/DerivedDataCache/Boot.ddc.
[2017.05.26-04.33.06:281][  0]LogDerivedDataCache:Display: Loaded Boot cache: C:/Users/Rupret/AppData/Local/UnrealEngine/4.14/DerivedDataCache/Boot.ddc
[2017.05.26-04.33.06:281][  0]LogDerivedDataCache: FDerivedDataBackendGraph:  Pak pak cache file D:/Users/Rupret/Documents/game concepts/superMusicGame/DerivedDataCache/DDC.ddp not found, will not use a pak cache.
[2017.05.26-04.33.06:281][  0]LogDerivedDataCache: Unable to find inner node Pak for hierarchical cache Hierarchy.
[2017.05.26-04.33.06:281][  0]LogDerivedDataCache: FDerivedDataBackendGraph:  CompressedPak pak cache file D:/Users/Rupret/Documents/game concepts/superMusicGame/DerivedDataCache/Compressed.ddp not found, will not use a pak cache.
[2017.05.26-04.33.06:281][  0]LogDerivedDataCache: Unable to find inner node CompressedPak for hierarchical cache Hierarchy.
[2017.05.26-04.33.06:304][  0]LogDerivedDataCache:Display: Pak cache opened for reading ../../../Engine/DerivedDataCache/Compressed.ddp.
[2017.05.26-04.33.06:317][  0]LogDerivedDataCache: Using Local data cache path C:/Users/Rupret/AppData/Local/UnrealEngine/Common/DerivedDataCache: Writable
[2017.05.26-04.33.07:084][  0]LogInit: Selected Device Profile: [Windows]
[2017.05.26-04.33.07:095][  0]LogContentStreaming: Texture pool size is 0.00 MB
[2017.05.26-04.33.07:379][  0]LogMeshUtilities: Using QuadricMeshReduction for automatic static mesh reduction
[2017.05.26-04.33.07:452][  0]LogSimplygon: Simplygon DLL not present - disabling.
[2017.05.26-04.33.07:517][  0]LogMeshUtilities: Using SimplygonSwarm for distributed automatic mesh merging
[2017.05.26-04.33.07:517][  0]LogMeshUtilities: No automatic skeletal mesh reduction module available
[2017.05.26-04.33.07:517][  0]LogMeshUtilities: No automatic mesh merging module available
[2017.05.26-04.33.08:465][  0]LogNetVersion: GetLocalNetworkVersion: CL: 3195953, ProjectName: musicgame04, ProjectVersion: , EngineNetworkVersion: 2, GameNetworkVersion: 0, NetworkChecksum: 2475016038
[2017.05.26-04.33.08:554][  0]LogAssetRegistry: FAssetRegistry took 0.0246 seconds to start up
[2017.05.26-04.33.08:608][  0]LogPackageLocalizationCache: Processed 4 localized package path(s) for 2 prioritized culture(s) in 0.029611 seconds
[2017.05.26-04.33.08:615][  0]LogUObjectArray: 31946 objects as part of root set at end of initial load.
[2017.05.26-04.33.08:615][  0]LogUObjectAllocator: 6935840 out of 0 bytes used by permanent object pool.
[2017.05.26-04.33.08:615][  0]LogUObjectArray: CloseDisregardForGC: 0/0 objects in disregard for GC pool
[2017.05.26-04.33.08:692][  0]LogInit: WinSock: version 1.1 (2.2), MaxSocks=32767, MaxUdp=65467
[2017.05.26-04.33.09:794][  0]LogSlate: Using Freetype 2.6.0
[2017.05.26-04.33.09:797][  0]LogSlate: SlateFontCache - WITH_FREETYPE: 1, WITH_HARFBUZZ: 1
[2017.05.26-04.33.09:798][  0]LogSlate: SlateFontCache - WITH_FREETYPE: 1, WITH_HARFBUZZ: 1
[2017.05.26-04.33.11:543][  0]LogTcpMessaging: Initializing TcpMessaging bridge
[2017.05.26-04.33.11:601][  0]LogUdpMessaging: Initializing bridge on interface 0.0.0.0:0 to multicast group 230.0.0.1:6666.
[2017.05.26-04.33.12:067][  0]LogMaterial: Uniform references updated for custom material expression Custom.
[2017.05.26-04.33.12:574][  0]SourceControl: Info Source control is disabled
[2017.05.26-04.33.12:576][  0]SourceControl: Info Source control is disabled
[2017.05.26-04.33.12:657][  0]SourceControl: Info Source control is disabled
[2017.05.26-04.33.12:730][  0]SourceControl: Info Source control is disabled
[2017.05.26-04.33.14:946][  0]LogEngine: Initializing Engine...
[2017.05.26-04.33.14:947][  0]LogHMD: Failed to initialize OpenVR with code 110
[2017.05.26-04.33.15:263][  0]LogAIModule: Creating AISystem for world Untitled
[2017.05.26-04.33.15:283][  0]LogInit: XAudio2 using 'Speakers (Realtek High Definition Audio)' : 2 channels at 48 kHz using 32 bits per sample (channel mask 0x3)
[2017.05.26-04.33.15:299][  0]LogInit: FAudioDevice initialized.
[2017.05.26-04.33.15:328][  0]LogDerivedDataCache: Saved boot cache 0.03s 50MB C:/Users/Rupret/AppData/Local/UnrealEngine/4.14/DerivedDataCache/Boot.ddc.
[2017.05.26-04.33.15:332][  0]LogInit: Texture streaming: Enabled
[2017.05.26-04.33.15:615][  0]LogWindowsTextInputMethodSystem:Display: IME system now deactivated.
[2017.05.26-04.33.15:705][  0]LogInit: Transaction tracking system initialized
[2017.05.26-04.33.16:171][  0]BlueprintLog: New page: Editor Load
[2017.05.26-04.33.17:539][  0]LocalizationService: Info Localization service is disabled
[2017.05.26-04.33.18:493][  0]LogConsoleResponse:Display: 
[2017.05.26-04.33.18:717][  0]LogCook:Display: Max memory allowance for cook 16384mb min free memory 0mb
[2017.05.26-04.33.18:717][  0]LogCook:Display: Mobile HDR setting 1
[2017.05.26-04.33.19:053][  0]LogFileCache: Scanning file cache for directory 'D:/Users/Rupret/Documents/game concepts/superMusicGame/Content/' took 0.01s
[2017.05.26-04.33.19:053][  0]LogLinker:Warning: Asset '../../../Engine/Plugins/Marketplace/InputBuffer/Content/T_InputCommandIcon.uasset' has been saved with empty engine version. The asset will be loaded but may be incompatible.
[2017.05.26-04.33.20:213][  0]SourceControl: Info Source control is disabled
[2017.05.26-04.33.20:215][  0]Cmd: MAP LOAD FILE="D:/Users/Rupret/Documents/game concepts/superMusicGame/Content/Level01.umap" TEMPLATE=0 SHOWPROGRESS=1 FEATURELEVEL=3
[2017.05.26-04.33.20:216][  0]LightingResults: New page: Lighting Build
[2017.05.26-04.33.20:268][  0]MapCheck: New page: Map Check
[2017.05.26-04.33.20:268][  0]LightingResults: New page: Lighting Build
[2017.05.26-04.33.21:072][  0]LogBlueprint:Warning: [enemy] 'LastMovement' variable not found. Base class was probably changed.
[2017.05.26-04.33.21:072][  0]LogBlueprint:Warning: [enemy] 'LastMovement' variable not found. Base class was probably changed.
[2017.05.26-04.33.21:072][  0]LogBlueprint:Warning: [enemy] 'Sprite' variable not found. Base class was probably changed.
[2017.05.26-04.33.21:072][  0]LogBlueprint:Warning: [enemy] 'LastMovement' variable not found. Base class was probably changed.
[2017.05.26-04.33.21:073][  0]LogBlueprint:Warning: [enemy] 'Atacked' variable not found. Base class was probably changed.
[2017.05.26-04.33.21:073][  0]LogBlueprint:Warning: [enemy] 'LastMovement' variable not found. Base class was probably changed.
[2017.05.26-04.33.22:771][  0]LogAIModule: Creating AISystem for world Level01
[2017.05.26-04.33.22:902][  0]LogEditorServer: Finished looking for orphan Actors (0.000 secs)
[2017.05.26-04.33.22:904][  0]Cmd: MAP CHECKDEP NOCLEARLOG
[2017.05.26-04.33.22:978][  0]MapCheck: Info Map check complete: 0 Error(s), 0 Warning(s), took 73.744ms to complete.
[2017.05.26-04.33.22:978][  0]LogFileHelpers: Loading map 'Level01' took 2.764
[2017.05.26-04.33.23:200][  0]LogCollectionManager: Loaded 0 collections in 0.001484 seconds
[2017.05.26-04.33.23:303][  0]LogFileCache: Scanning file cache for directory 'D:/Users/Rupret/Documents/game concepts/superMusicGame/Saved/Collections/' took 0.01s
[2017.05.26-04.33.23:303][  0]LogFileCache: Scanning file cache for directory 'D:/Users/Rupret/Documents/game concepts/superMusicGame/Content/Developers/Rupret/Collections/' took 0.01s
[2017.05.26-04.33.23:303][  0]LogFileCache: Scanning file cache for directory 'D:/Users/Rupret/Documents/game concepts/superMusicGame/Content/Collections/' took 0.01s
[2017.05.26-04.33.23:303][  0]LogCollectionManager: Rebuilt the GUID cache for 0 collections in 0.000002 seconds
[2017.05.26-04.33.23:316][  0]LogContentBrowser: Native class hierarchy populated in 0.0099 seconds. Added 2207 classes and 448 folders.
[2017.05.26-04.33.23:366][  0]LogStats: UGameplayTagsManager::ConstructGameplayTagTree: Construct from data asset -  0.000 s
[2017.05.26-04.33.23:366][  0]LogStats: UGameplayTagsManager::ConstructGameplayTagTree: GameplayTagTreeChangedEvent.Broadcast -  0.000 s
[2017.05.26-04.33.23:367][  0]LogContentBrowser: Native class hierarchy updated for 'GameplayTags' in 0.0005 seconds. Added 13 classes and 0 folders.
[2017.05.26-04.33.23:438][  0]LogContentBrowser: Native class hierarchy updated for 'WidgetCarousel' in 0.0005 seconds. Added 0 classes and 0 folders.
[2017.05.26-04.33.23:595][  0]LogContentBrowser: Native class hierarchy updated for 'AddContentDialog' in 0.0006 seconds. Added 0 classes and 0 folders.
[2017.05.26-04.33.23:668][  0]LogContentBrowser: Native class hierarchy updated for 'SceneOutliner' in 0.0005 seconds. Added 1 classes and 2 folders.
[2017.05.26-04.33.23:776][  0]LogCrashTracker: Crashtracker disabled due to settings.
[2017.05.26-04.33.23:792][  0]LogUObjectGlobals:Warning: Failed to find object 'Class None.'
[2017.05.26-04.33.23:883][  0]LogContentBrowser: Native class hierarchy updated for 'HierarchicalLODOutliner' in 0.0005 seconds. Added 1 classes and 2 folders.
[2017.05.26-04.33.23:883][  0]LogLoad: (Engine Initialization) Total time: 26.25 seconds
[2017.05.26-04.33.23:883][  0]LogLoad: (Engine Initialization) Total Blueprint compile time: 0.34 seconds
[2017.05.26-04.33.23:883][  0]LogExternalProfiler: Found external profiler: VSPerf
[2017.05.26-04.33.23:883][  0]LogExternalProfiler: Using external profiler: VSPerf
[2017.05.26-04.33.23:901][  0]LogOcInput: OculusInput pre-init called
[2017.05.26-04.33.23:943][  0]LogContentStreaming: Texture pool size now 800 MB
[2017.05.26-04.33.24:152][  0]LogRenderer: Reallocating scene render targets to support 1208x576 NumSamples 1 (Frame:2).
[2017.05.26-04.33.24:225][  1]LogFileCache: Retrieving MD5 hashes for directory 'D:/Users/Rupret/Documents/game concepts/superMusicGame/Content/' took 0.31s
[2017.05.26-04.33.24:240][  1]LogAssetRegistry: Asset discovery search completed in 15.7086 seconds
[2017.05.26-04.33.24:240][  1]LogCollectionManager: Rebuilt the object cache for 0 collections in 0.000000 seconds (found 0 objects)
[2017.05.26-04.33.24:240][  1]LogCollectionManager: Fixed up redirectors for 0 collections in 0.000016 seconds (updated 0 objects)
[2017.05.26-04.33.48:005][380]LogRenderer: Reallocating scene render targets to support 1528x920 NumSamples 1 (Frame:1356).
[2017.05.26-04.38.28:452][960]LogWindowsTextInputMethodSystem:Display: IME system now deactivated.
[2017.05.26-04.38.28:652][961]Cmd: QUIT_EDITOR
[2017.05.26-04.38.28:704][961]LogExit: Preparing to exit.
[2017.05.26-04.38.29:875][961]LogExit: Editor shut down
[2017.05.26-04.38.29:876][961]LogExit: Transaction tracking system shut down
[2017.05.26-04.38.29:952][961]LogObj: Freed 0b from 0 cluster array pools.
[2017.05.26-04.38.29:952][961]LogExit: Object subsystem successfully closed.
[2017.05.26-04.38.29:974][961]LogD3D11RHI: Shutdown
[2017.05.26-04.38.29:974][961]LogD3D11RHI: CleanupD3DDevice
[2017.05.26-04.38.30:042][961]LogD3D11RHI: ~FD3D11DynamicRHI
[2017.05.26-04.38.30:067][961]LogHttp:Display: Http module shutting down, but needs to wait on 1 outstanding Http requests:
[2017.05.26-04.38.30:067][961]LogHttp:Display: 	verb=[POST] url=[https://datarouter.ol.epicgames.com/datarouter/api/v1/public/data?SessionID=%7B12E767BA-452C-C3DA-D305-F197E06CF16F%7D&AppID=UEEditor.Rocket.Release&AppVersion=4.14.3-3249277%2B%2B%2BUE4%2BRelease-4.14&UserID=78801de84d75fbb6ade856a99a91cb02%7C42cac734b70143db8accd4572016aacd%7C37a058e4-6382-476f-9a79-90e6cdd8b80e&AppEnvironment=datacollector-binary&UploadType=eteventstream] status=Processing
[2017.05.26-04.38.30:074][961]LogModuleManager: Shutting down and abandoning module HierarchicalLODOutliner (249)
[2017.05.26-04.38.30:075][961]LogModuleManager: Shutting down and abandoning module CrashTracker (248)
[2017.05.26-04.38.30:075][961]LogModuleManager: Shutting down and abandoning module SceneOutliner (247)
[2017.05.26-04.38.30:075][961]LogModuleManager: Shutting down and abandoning module WidgetCarousel (246)
[2017.05.26-04.38.30:075][961]LogModuleManager: Shutting down and abandoning module AddContentDialog (245)
[2017.05.26-04.38.30:075][961]LogDirectoryWatcher: A directory notification for 'C:/Program Files (x86)/Epic Games/4.14/FeaturePacks/' was aborted.
[2017.05.26-04.38.30:076][961]LogModuleManager: Shutting down and abandoning module GameplayTags (244)
[2017.05.26-04.38.30:076][961]LogModuleManager: Shutting down and abandoning module EditorWidgets (243)
[2017.05.26-04.38.30:076][961]LogModuleManager: Shutting down and abandoning module CollectionManager (242)
[2017.05.26-04.38.30:076][961]LogDirectoryWatcher: A directory notification for 'D:/Users/Rupret/Documents/game concepts/superMusicGame/Content/Collections/' was aborted.
[2017.05.26-04.38.30:077][961]LogDirectoryWatcher: A directory notification for 'D:/Users/Rupret/Documents/game concepts/superMusicGame/Content/Developers/Rupret/Collections/' was aborted.
[2017.05.26-04.38.30:077][961]LogDirectoryWatcher: A directory notification for 'D:/Users/Rupret/Documents/game concepts/superMusicGame/Saved/Collections/' was aborted.
[2017.05.26-04.38.30:077][961]LogModuleManager: Shutting down and abandoning module StatsViewer (241)
[2017.05.26-04.38.30:078][961]LogModuleManager: Shutting down and abandoning module FoliageEdit (240)
[2017.05.26-04.38.30:078][961]LogModuleManager: Shutting down and abandoning module LandscapeEditor (239)
[2017.05.26-04.38.30:078][961]LogModuleManager: Shutting down and abandoning module SceneDepthPickerMode (238)
[2017.05.26-04.38.30:078][961]LogModuleManager: Shutting down and abandoning module ActorPickerMode (237)
[2017.05.26-04.38.30:078][961]LogModuleManager: Shutting down and abandoning module GeometryMode (236)
[2017.05.26-04.38.30:078][961]LogModuleManager: Shutting down and abandoning module TextureAlignMode (235)
[2017.05.26-04.38.30:078][961]LogModuleManager: Shutting down and abandoning module BspMode (234)
[2017.05.26-04.38.30:078][961]LogModuleManager: Shutting down and abandoning module HardwareSurvey (233)
[2017.05.26-04.38.30:078][961]LogModuleManager: Shutting down and abandoning module SequenceRecorderSections (232)
[2017.05.26-04.38.30:078][961]LogModuleManager: Shutting down and abandoning module AutomationWorker (231)
[2017.05.26-04.38.30:078][961]LogModuleManager: Shutting down and abandoning module MatineeToLevelSequence (230)
[2017.05.26-04.38.30:078][961]LogModuleManager: Shutting down and abandoning module PlacementMode (229)
[2017.05.26-04.38.30:079][961]LogModuleManager: Shutting down and abandoning module LevelSequenceEditor (228)
[2017.05.26-04.38.30:080][961]LogModuleManager: Shutting down and abandoning module WmfMediaFactory (227)
[2017.05.26-04.38.30:080][961]LogModuleManager: Shutting down and abandoning module WmfMediaEditor (226)
[2017.05.26-04.38.30:080][961]LogModuleManager: Shutting down and abandoning module AvfMediaFactory (225)
[2017.05.26-04.38.30:080][961]LogModuleManager: Shutting down and abandoning module AvfMediaEditor (224)
[2017.05.26-04.38.30:080][961]LogModuleManager: Shutting down and abandoning module Media (223)
[2017.05.26-04.38.30:080][961]LogModuleManager: Shutting down and abandoning module AndroidMediaFactory (222)
[2017.05.26-04.38.30:080][961]LogModuleManager: Shutting down and abandoning module AndroidMediaEditor (221)
[2017.05.26-04.38.30:080][961]LogModuleManager: Shutting down and abandoning module InputBufferEditor (220)
[2017.05.26-04.38.30:080][961]LogModuleManager: Shutting down and abandoning module CharacterAI (219)
[2017.05.26-04.38.30:080][961]LogModuleManager: Shutting down and abandoning module SequenceRecorder (218)
[2017.05.26-04.38.30:080][961]LogModuleManager: Shutting down and abandoning module AudioCapture (217)
[2017.05.26-04.38.30:080][961]LogModuleManager: Shutting down and abandoning module SmartSnapping (216)
[2017.05.26-04.38.30:080][961]LogModuleManager: Shutting down and abandoning module SessionServices (215)
[2017.05.26-04.38.30:080][961]LogModuleManager: Shutting down and abandoning module ViewportSnapping (214)
[2017.05.26-04.38.30:080][961]LogModuleManager: Shutting down and abandoning module ViewportInteraction (213)
[2017.05.26-04.38.30:080][961]LogModuleManager: Shutting down and abandoning module LogVisualizer (212)
[2017.05.26-04.38.30:081][961]LogModuleManager: Shutting down and abandoning module GameProjectGeneration (211)
[2017.05.26-04.38.30:081][961]LogModuleManager: Shutting down and abandoning module IntroTutorials (210)
[2017.05.26-04.38.30:082][961]LogModuleManager: Shutting down and abandoning module EditorLiveStreaming (209)
[2017.05.26-04.38.30:082][961]LogModuleManager: Shutting down and abandoning module IOSPlatformEditor (208)
[2017.05.26-04.38.30:082][961]LogModuleManager: Shutting down and abandoning module HTML5PlatformEditor (207)
[2017.05.26-04.38.30:082][961]LogModuleManager: Shutting down and abandoning module AndroidDeviceDetection (206)
[2017.05.26-04.38.30:204][961]LogModuleManager: Shutting down and abandoning module AndroidPlatformEditor (205)
[2017.05.26-04.38.30:204][961]LogModuleManager: Shutting down and abandoning module IOSRuntimeSettings (204)
[2017.05.26-04.38.30:204][961]LogModuleManager: Shutting down and abandoning module AndroidRuntimeSettings (203)
[2017.05.26-04.38.30:204][961]LogModuleManager: Shutting down and abandoning module InputBindingEditor (202)
[2017.05.26-04.38.30:204][961]LogModuleManager: Shutting down and abandoning module NiagaraEditor (201)
[2017.05.26-04.38.30:205][961]LogModuleManager: Shutting down and abandoning module MergeActors (200)
[2017.05.26-04.38.30:205][961]LogModuleManager: Shutting down and abandoning module SizeMap (199)
[2017.05.26-04.38.30:205][961]LogModuleManager: Shutting down and abandoning module TreeMap (198)
[2017.05.26-04.38.30:205][961]LogModuleManager: Shutting down and abandoning module ReferenceViewer (197)
[2017.05.26-04.38.30:205][961]LogModuleManager: Shutting down and abandoning module LocalizationService (196)
[2017.05.26-04.38.30:205][961]LogModuleManager: Shutting down and abandoning module LocalizationDashboard (195)
[2017.05.26-04.38.30:206][961]LogModuleManager: Shutting down and abandoning module HardwareTargeting (194)
[2017.05.26-04.38.30:206][961]LogModuleManager: Shutting down and abandoning module DeviceProfileEditor (193)
[2017.05.26-04.38.30:206][961]LogModuleManager: Shutting down and abandoning module UndoHistory (192)
[2017.05.26-04.38.30:206][961]LogModuleManager: Shutting down and abandoning module UserFeedback (191)
[2017.05.26-04.38.30:206][961]LogModuleManager: Shutting down and abandoning module XmlParser (190)
[2017.05.26-04.38.30:206][961]LogModuleManager: Shutting down and abandoning module Blutility (189)
[2017.05.26-04.38.30:206][961]LogModuleManager: Shutting down and abandoning module ProjectTargetPlatformEditor (188)
[2017.05.26-04.38.30:206][961]LogModuleManager: Shutting down and abandoning module ProjectSettingsViewer (187)
[2017.05.26-04.38.30:206][961]LogModuleManager: Shutting down and abandoning module EditorSettingsViewer (186)
[2017.05.26-04.38.30:206][961]LogModuleManager: Shutting down and abandoning module SettingsEditor (185)
[2017.05.26-04.38.30:207][961]LogModuleManager: Shutting down and abandoning module ProjectLauncher (184)
[2017.05.26-04.38.30:208][961]LogModuleManager: Shutting down and abandoning module SessionFrontend (183)
[2017.05.26-04.38.30:208][961]LogModuleManager: Shutting down and abandoning module ProfilerClient (182)
[2017.05.26-04.38.30:209][961]LogModuleManager: Shutting down and abandoning module TargetDeviceServices (181)
[2017.05.26-04.38.30:209][961]LogModuleManager: Shutting down and abandoning module DeviceManager (180)
[2017.05.26-04.38.30:251][961]LogModuleManager: Shutting down and abandoning module AutomationController (179)
[2017.05.26-04.38.30:251][961]LogModuleManager: Shutting down and abandoning module AutomationWindow (178)
[2017.05.26-04.38.30:252][961]LogModuleManager: Shutting down and abandoning module Layers (177)
[2017.05.26-04.38.30:253][961]LogModuleManager: Shutting down and abandoning module ComponentVisualizers (176)
[2017.05.26-04.38.30:253][961]LogModuleManager: Shutting down and abandoning module DetailCustomizations (175)
[2017.05.26-04.38.30:253][961]LogModuleManager: Shutting down and abandoning module PackagesDialog (174)
[2017.05.26-04.38.30:254][961]LogModuleManager: Shutting down and abandoning module AnimGraph (173)
[2017.05.26-04.38.30:254][961]LogModuleManager: Shutting down and abandoning module Persona (172)
[2017.05.26-04.38.30:254][961]LogModuleManager: Shutting down and abandoning module Kismet (171)
[2017.05.26-04.38.30:255][961]LogModuleManager: Shutting down and abandoning module GraphEditor (170)
[2017.05.26-04.38.30:257][961]LogModuleManager: Shutting down and abandoning module ClassViewer (169)
[2017.05.26-04.38.30:258][961]LogModuleManager: Shutting down and abandoning module Toolbox (168)
[2017.05.26-04.38.30:258][961]LogModuleManager: Shutting down and abandoning module ModuleUI (167)
[2017.05.26-04.38.30:258][961]LogModuleManager: Shutting down and abandoning module MovieSceneTools (166)
[2017.05.26-04.38.30:259][961]LogModuleManager: Shutting down and abandoning module OutputLog (165)
[2017.05.26-04.38.30:259][961]LogModuleManager: Shutting down and abandoning module GammaUI (164)
[2017.05.26-04.38.30:259][961]LogModuleManager: Shutting down and abandoning module Documentation (163)
[2017.05.26-04.38.30:259][961]LogModuleManager: Shutting down and abandoning module Niagara (162)
[2017.05.26-04.38.30:259][961]LogModuleManager: Shutting down and abandoning module StreamingPauseRendering (161)
[2017.05.26-04.38.30:259][961]LogModuleManager: Shutting down and abandoning module AnalyticsET (160)
[2017.05.26-04.38.30:259][961]LogModuleManager: Shutting down and abandoning module PortalServices (159)
[2017.05.26-04.38.30:259][961]LogModuleManager: Shutting down and abandoning module PortalRpc (158)
[2017.05.26-04.38.30:259][961]LogModuleManager: Shutting down and abandoning module MessagingRpc (157)
[2017.05.26-04.38.30:259][961]LogModuleManager: Shutting down and abandoning module GameplayDebugger (156)
[2017.05.26-04.38.30:260][961]LogModuleManager: Shutting down and abandoning module AITestSuite (155)
[2017.05.26-04.38.30:260][961]LogModuleManager: Shutting down and abandoning module AIModule (154)
[2017.05.26-04.38.30:260][961]LogModuleManager: Shutting down and abandoning module ProfilerService (153)
[2017.05.26-04.38.30:279][961]LogModuleManager: Shutting down and abandoning module TaskGraph (152)
[2017.05.26-04.38.30:279][961]LogModuleManager: Shutting down and abandoning module SlateRemote (151)
[2017.05.26-04.38.30:279][961]LogModuleManager: Shutting down and abandoning module SteamVRController (150)
[2017.05.26-04.38.30:279][961]LogModuleManager: Shutting down and abandoning module SteamVR (149)
[2017.05.26-04.38.30:279][961]LogModuleManager: Shutting down and abandoning module ProceduralMeshComponentEditor (148)
[2017.05.26-04.38.30:279][961]LogModuleManager: Shutting down and abandoning module ProceduralMeshComponent (147)
[2017.05.26-04.38.30:279][961]LogModuleManager: Shutting down and abandoning module OculusLibrary (146)
[2017.05.26-04.38.30:279][961]LogModuleManager: Shutting down and abandoning module OculusInput (145)
[2017.05.26-04.38.30:279][961]LogModuleManager: Shutting down and abandoning module MobilePatchingUtils (144)
[2017.05.26-04.38.30:279][961]LogModuleManager: Shutting down and abandoning module CustomMeshComponent (143)
[2017.05.26-04.38.30:279][961]LogModuleManager: Shutting down and abandoning module CableComponent (142)
[2017.05.26-04.38.30:279][961]LogModuleManager: Shutting down and abandoning module ArchVisCharacter (141)
[2017.05.26-04.38.30:279][961]LogModuleManager: Shutting down and abandoning module MediaPlayerEditor (139)
[2017.05.26-04.38.30:281][961]LogModuleManager: Shutting down and abandoning module ProceduralAudio (138)
[2017.05.26-04.38.30:281][961]LogModuleManager: Shutting down and abandoning module MusicMacroLanguage (137)
[2017.05.26-04.38.30:281][961]LogModuleManager: Shutting down and abandoning module MidiInterface (136)
[2017.05.26-04.38.30:281][961]LogModuleManager: Shutting down and abandoning module MidiAssetEditor (135)
[2017.05.26-04.38.30:281][961]LogModuleManager: Shutting down and abandoning module MidiAsset (134)
[2017.05.26-04.38.30:281][961]LogModuleManager: Shutting down and abandoning module Midi (133)
[2017.05.26-04.38.30:281][961]LogModuleManager: Shutting down and abandoning module InputBuffer (132)
[2017.05.26-04.38.30:281][961]LogModuleManager: Shutting down and abandoning module HTML5Networking (131)
[2017.05.26-04.38.30:282][961]LogModuleManager: Shutting down and abandoning module GeometryCacheEd (130)
[2017.05.26-04.38.30:282][961]LogModuleManager: Shutting down and abandoning module GeometryCache (129)
[2017.05.26-04.38.30:282][961]LogModuleManager: Shutting down and abandoning module AlembicLibrary (128)
[2017.05.26-04.38.30:282][961]LogModuleManager: Shutting down and abandoning module AlembicImporter (127)
[2017.05.26-04.38.30:282][961]LogModuleManager: Shutting down and abandoning module SuperSearch (126)
[2017.05.26-04.38.30:282][961]LogModuleManager: Shutting down and abandoning module SuperSearchEditor (125)
[2017.05.26-04.38.30:282][961]LogModuleManager: Shutting down and abandoning module SpeedTreeImporter (124)
[2017.05.26-04.38.30:282][961]LogModuleManager: Shutting down and abandoning module PluginBrowser (123)
[2017.05.26-04.38.30:282][961]LogModuleManager: Shutting down and abandoning module MobileLauncherProfileWizard (122)
[2017.05.26-04.38.30:283][961]LogModuleManager: Shutting down and abandoning module EpicSurvey (121)
[2017.05.26-04.38.30:283][961]LogModuleManager: Shutting down and abandoning module DesktopPlatform (120)
[2017.05.26-04.38.30:283][961]LogModuleManager: Shutting down and abandoning module VisualStudioSourceCodeAccess (119)
[2017.05.26-04.38.30:283][961]LogModuleManager: Shutting down and abandoning module UObjectPlugin (118)
[2017.05.26-04.38.30:283][961]LogModuleManager: Shutting down and abandoning module SubversionSourceControl (117)
[2017.05.26-04.38.30:283][961]LogModuleManager: Shutting down and abandoning module PerforceSourceControl (116)
[2017.05.26-04.38.30:283][961]LogModuleManager: Shutting down and abandoning module SourceControl (115)
[2017.05.26-04.38.30:283][961]LogModuleManager: Shutting down and abandoning module GitSourceControl (114)
[2017.05.26-04.38.30:283][961]LogModuleManager: Shutting down and abandoning module LightPropagationVolumeEditor (113)
[2017.05.26-04.38.30:283][961]LogModuleManager: Shutting down and abandoning module PaperTiledImporter (112)
[2017.05.26-04.38.30:283][961]LogModuleManager: Shutting down and abandoning module PaperSpriteSheetImporter (111)
[2017.05.26-04.38.30:283][961]LogModuleManager: Shutting down and abandoning module MeshPaint (110)
[2017.05.26-04.38.30:283][961]LogModuleManager: Shutting down and abandoning module PixelInspectorModule (109)
[2017.05.26-04.38.30:283][961]LogModuleManager: Shutting down and abandoning module HotReload (108)
[2017.05.26-04.38.30:284][961]LogModuleManager: Shutting down and abandoning module MainFrame (107)
[2017.05.26-04.38.30:284][961]LogModuleManager: Shutting down and abandoning module LevelEditor (106)
[2017.05.26-04.38.30:285][961]LogModuleManager: Shutting down and abandoning module ContentBrowser (105)
[2017.05.26-04.38.30:285][961]LogModuleManager: Shutting down and abandoning module Paper2DEditor (104)
[2017.05.26-04.38.30:286][961]LogModuleManager: Shutting down and abandoning module UdpMessaging (103)
[2017.05.26-04.38.30:386][961]LogModuleManager: Shutting down and abandoning module TcpMessaging (102)
[2017.05.26-04.38.30:660][961]LogModuleManager: Shutting down and abandoning module LightPropagationVolumeRuntime (101)
[2017.05.26-04.38.30:660][961]LogModuleManager: Shutting down and abandoning module Paper2D (100)
[2017.05.26-04.38.30:660][961]LogModuleManager: Shutting down and abandoning module WindowsMoviePlayer (99)
[2017.05.26-04.38.30:660][961]LogModuleManager: Shutting down and abandoning module WmfMedia (98)
[2017.05.26-04.38.30:660][961]LogModuleManager: Shutting down and abandoning module MediaAssets (97)
[2017.05.26-04.38.30:660][961]LogModuleManager: Shutting down and abandoning module GameLiveStreaming (96)
[2017.05.26-04.38.30:660][961]LogModuleManager: Shutting down and abandoning module GameplayTagsEditor (95)
[2017.05.26-04.38.30:660][961]LogModuleManager: Shutting down and abandoning module VREditor (94)
[2017.05.26-04.38.30:660][961]LogModuleManager: Shutting down and abandoning module GameplayTasksEditor (93)
[2017.05.26-04.38.30:660][961]LogModuleManager: Shutting down and abandoning module BehaviorTreeEditor (92)
[2017.05.26-04.38.30:661][961]LogModuleManager: Shutting down and abandoning module FunctionalTesting (91)
[2017.05.26-04.38.30:661][961]LogModuleManager: Shutting down and abandoning module CollisionAnalyzer (90)
[2017.05.26-04.38.30:662][961]LogModuleManager: Shutting down and abandoning module Sequencer (89)
[2017.05.26-04.38.30:662][961]LogModuleManager: Shutting down and abandoning module WorkspaceMenuStructure (88)
[2017.05.26-04.38.30:662][961]LogModuleManager: Shutting down and abandoning module MessageLog (87)
[2017.05.26-04.38.30:662][961]LogModuleManager: Shutting down and abandoning module AssetTools (86)
[2017.05.26-04.38.30:664][961]LogModuleManager: Shutting down and abandoning module UMGEditor (85)
[2017.05.26-04.38.30:664][961]LogModuleManager: Shutting down and abandoning module UMG (84)
[2017.05.26-04.38.30:665][961]LogModuleManager: Shutting down and abandoning module SlateReflector (83)
[2017.05.26-04.38.30:667][961]LogModuleManager: Shutting down and abandoning module Slate (82)
[2017.05.26-04.38.30:667][961]LogModuleManager: Shutting down and abandoning module EditorStyle (81)
[2017.05.26-04.38.30:669][961]LogModuleManager: Shutting down and abandoning module SourceCodeAccess (80)
[2017.05.26-04.38.30:669][961]LogModuleManager: Shutting down and abandoning module HeadMountedDisplay (79)
[2017.05.26-04.38.30:669][961]LogModuleManager: Shutting down and abandoning module XAudio2 (78)
[2017.05.26-04.38.30:669][961]LogModuleManager: Shutting down and abandoning module Networking (76)
[2017.05.26-04.38.30:669][961]LogModuleManager: Shutting down and abandoning module Core (75)
[2017.05.26-04.38.30:669][961]LogModuleManager: Shutting down and abandoning module DirectoryWatcher (74)
[2017.05.26-04.38.30:669][961]LogDirectoryWatcher: A directory notification for '../../../Engine/Content/' was aborted.
[2017.05.26-04.38.30:669][961]LogDirectoryWatcher: A directory notification for 'D:/Users/Rupret/Documents/game concepts/superMusicGame/Content/' was aborted.
[2017.05.26-04.38.30:669][961]LogDirectoryWatcher: A directory notification for '../../../Engine/Plugins/2D/Paper2D/Content/' was aborted.
[2017.05.26-04.38.30:669][961]LogDirectoryWatcher: A directory notification for '../../../Engine/Plugins/Marketplace/InputBuffer/Content/' was aborted.
[2017.05.26-04.38.30:669][961]LogModuleManager: Shutting down and abandoning module AssetRegistry (73)
[2017.05.26-04.38.30:752][961]LogModuleManager: Shutting down and abandoning module KismetCompiler (72)
[2017.05.26-04.38.30:752][961]LogModuleManager: Shutting down and abandoning module PhysXFormats (71)
[2017.05.26-04.38.30:752][961]LogModuleManager: Shutting down and abandoning module SimplygonSwarm (70)
[2017.05.26-04.38.30:753][961]LogModuleManager: Shutting down and abandoning module SimplygonMeshReduction (69)
[2017.05.26-04.38.30:753][961]LogModuleManager: Shutting down and abandoning module QuadricMeshReduction (68)
[2017.05.26-04.38.30:753][961]LogModuleManager: Shutting down and abandoning module PropertyEditor (67)
[2017.05.26-04.38.30:753][961]LogModuleManager: Shutting down and abandoning module MeshUtilities (66)
[2017.05.26-04.38.30:754][961]LogModuleManager: Shutting down and abandoning module DerivedDataCache (65)
[2017.05.26-04.38.30:762][961]LogDerivedDataCache: Shutdown
[2017.05.26-04.38.30:762][961]LogModuleManager: Shutting down and abandoning module VulkanShaderFormat (64)
[2017.05.26-04.38.30:762][961]LogModuleManager: Shutting down and abandoning module ShaderFormatOpenGL (63)
[2017.05.26-04.38.30:762][961]LogModuleManager: Shutting down and abandoning module ShaderFormatD3D (62)
[2017.05.26-04.38.30:762][961]LogModuleManager: Shutting down and abandoning module MetalShaderFormat (61)
[2017.05.26-04.38.30:762][961]LogModuleManager: Shutting down and abandoning module TextureFormatUncompressed (60)
[2017.05.26-04.38.30:762][961]LogModuleManager: Shutting down and abandoning module TextureFormatPVR (59)
[2017.05.26-04.38.30:762][961]LogModuleManager: Shutting down and abandoning module TextureFormatDXT (58)
[2017.05.26-04.38.30:762][961]LogModuleManager: Shutting down and abandoning module TextureFormatIntelISPCTexComp (57)
[2017.05.26-04.38.30:762][961]LogModuleManager: Shutting down and abandoning module ImageWrapper (56)
[2017.05.26-04.38.30:762][961]LogModuleManager: Shutting down and abandoning module TextureFormatASTC (55)
[2017.05.26-04.38.30:762][961]LogModuleManager: Shutting down and abandoning module TextureFormatAndroid (54)
[2017.05.26-04.38.30:762][961]LogModuleManager: Shutting down and abandoning module AudioFormatOpus (53)
[2017.05.26-04.38.30:762][961]LogModuleManager: Shutting down and abandoning module AudioFormatOgg (52)
[2017.05.26-04.38.30:762][961]LogModuleManager: Shutting down and abandoning module AudioFormatADPCM (51)
[2017.05.26-04.38.30:762][961]LogModuleManager: Shutting down and abandoning module LinuxTargetPlatform (50)
[2017.05.26-04.38.30:762][961]LogModuleManager: Shutting down and abandoning module LinuxServerTargetPlatform (49)
[2017.05.26-04.38.30:762][961]LogModuleManager: Shutting down and abandoning module LinuxNoEditorTargetPlatform (48)
[2017.05.26-04.38.30:762][961]LogModuleManager: Shutting down and abandoning module LinuxClientTargetPlatform (47)
[2017.05.26-04.38.30:762][961]LogModuleManager: Shutting down and abandoning module TVOSTargetPlatform (46)
[2017.05.26-04.38.30:762][961]LogModuleManager: Shutting down and abandoning module Messaging (45)
[2017.05.26-04.38.30:762][961]LogModuleManager: Shutting down and abandoning module IOSTargetPlatform (44)
[2017.05.26-04.38.30:762][961]LogModuleManager: Shutting down and abandoning module HTML5TargetPlatform (43)
[2017.05.26-04.38.30:762][961]LogModuleManager: Shutting down and abandoning module Android_PVRTCTargetPlatform (42)
[2017.05.26-04.38.30:762][961]LogModuleManager: Shutting down and abandoning module Android_MultiTargetPlatform (41)
[2017.05.26-04.38.30:762][961]LogModuleManager: Shutting down and abandoning module Android_ETC2TargetPlatform (40)
[2017.05.26-04.38.30:762][961]LogModuleManager: Shutting down and abandoning module Android_ETC1TargetPlatform (39)
[2017.05.26-04.38.30:762][961]LogModuleManager: Shutting down and abandoning module Android_DXTTargetPlatform (38)
[2017.05.26-04.38.30:762][961]LogModuleManager: Shutting down and abandoning module Android_ATCTargetPlatform (37)
[2017.05.26-04.38.30:762][961]LogModuleManager: Shutting down and abandoning module Android_ASTCTargetPlatform (36)
[2017.05.26-04.38.30:762][961]LogModuleManager: Shutting down and abandoning module AndroidTargetPlatform (35)
[2017.05.26-04.38.30:762][961]LogModuleManager: Shutting down and abandoning module WindowsTargetPlatform (34)
[2017.05.26-04.38.30:762][961]LogModuleManager: Shutting down and abandoning module WindowsServerTargetPlatform (33)
[2017.05.26-04.38.30:762][961]LogModuleManager: Shutting down and abandoning module WindowsNoEditorTargetPlatform (32)
[2017.05.26-04.38.30:762][961]LogModuleManager: Shutting down and abandoning module WindowsClientTargetPlatform (31)
[2017.05.26-04.38.30:762][961]LogModuleManager: Shutting down and abandoning module MacTargetPlatform (30)
[2017.05.26-04.38.30:762][961]LogModuleManager: Shutting down and abandoning module MacServerTargetPlatform (29)
[2017.05.26-04.38.30:762][961]LogModuleManager: Shutting down and abandoning module MacNoEditorTargetPlatform (28)
[2017.05.26-04.38.30:762][961]LogModuleManager: Shutting down and abandoning module MacClientTargetPlatform (27)
[2017.05.26-04.38.30:762][961]LogModuleManager: Shutting down and abandoning module AllDesktopTargetPlatform (26)
[2017.05.26-04.38.30:762][961]LogModuleManager: Shutting down and abandoning module TargetPlatform (25)
[2017.05.26-04.38.30:762][961]LogModuleManager: Shutting down and abandoning module InputCore (24)
[2017.05.26-04.38.30:762][961]LogModuleManager: Shutting down and abandoning module Settings (23)
[2017.05.26-04.38.30:762][961]LogModuleManager: Shutting down and abandoning module OculusRift (22)
[2017.05.26-04.38.30:762][961]LogModuleManager: Shutting down and abandoning module ExampleDeviceProfileSelector (21)
[2017.05.26-04.38.30:763][961]LogModuleManager: Shutting down and abandoning module OnlineBlueprintSupport (20)
[2017.05.26-04.38.30:763][961]LogModuleManager: Shutting down and abandoning module OnlineSubsystem (18)
[2017.05.26-04.38.30:763][961]LogOnline:Display: Unloading online subsystem: NULL
[2017.05.26-04.38.30:764][961]LogModuleManager: Shutting down and abandoning module SSL (17)
[2017.05.26-04.38.30:766][961]LogModuleManager: Shutting down and abandoning module HTTP (16)
[2017.05.26-04.38.30:766][961]LogModuleManager: Shutting down and abandoning module XMPP (15)
[2017.05.26-04.38.30:767][961]LogModuleManager: Shutting down and abandoning module TextureCompressor (14)
[2017.05.26-04.38.30:768][961]LogModuleManager: Shutting down and abandoning module ShaderCore (13)
[2017.05.26-04.38.30:768][961]LogModuleManager: Shutting down and abandoning module Landscape (12)
[2017.05.26-04.38.30:768][961]LogModuleManager: Shutting down and abandoning module SlateRHIRenderer (11)
[2017.05.26-04.38.30:769][961]LogModuleManager: Shutting down and abandoning module OpenGLDrv (10)
[2017.05.26-04.38.30:770][961]LogModuleManager: Shutting down and abandoning module D3D11RHI (9)
[2017.05.26-04.38.30:770][961]LogModuleManager: Shutting down and abandoning module AnimGraphRuntime (8)
[2017.05.26-04.38.30:771][961]LogModuleManager: Shutting down and abandoning module Renderer (7)
[2017.05.26-04.38.30:771][961]LogModuleManager: Shutting down and abandoning module Engine (6)
[2017.05.26-04.38.30:771][961]LogModuleManager: Shutting down and abandoning module CoreUObject (5)
[2017.05.26-04.38.30:771][961]LogModuleManager: Shutting down and abandoning module NetworkFile (4)
[2017.05.26-04.38.30:771][961]LogModuleManager: Shutting down and abandoning module StreamingFile (3)
[2017.05.26-04.38.30:771][961]LogModuleManager: Shutting down and abandoning module SandboxFile (2)
[2017.05.26-04.38.30:771][961]LogModuleManager: Shutting down and abandoning module PakFile (1)
[2017.05.26-04.38.30:772][961]LogExit: Exiting.
[2017.05.26-04.38.30:774][961]Log file closed, 05/26/17 14:08:30
