Log file open, 05/31/17 17:57:24
LogInit:Display: Running engine for game: musicGame04
LogPlatformFile: Not using cached read wrapper
LogInit:Display: RandInit(-513513824) SRandInit(-513513824).
LogTaskGraph: Started task graph with 5 named threads and 6 total threads with 1 sets of task threads.
LogStats: Stats thread started at 0.067263
LogPluginManager: Loaded Plugin Paper2D, From C:/Program Files/Epic Games/UE_4.14/Engine/Plugins/2D/Paper2D/Paper2D.uplugin
LogPluginManager: Loaded Plugin LightPropagationVolume, From C:/Program Files/Epic Games/UE_4.14/Engine/Plugins/Blendables/LightPropagationVolume/LightPropagationVolume.uplugin
LogPluginManager: Loaded Plugin BlankPlugin, From C:/Program Files/Epic Games/UE_4.14/Engine/Plugins/Developer/BlankPlugin/BlankPlugin.uplugin
LogPluginManager: Loaded Plugin CodeLiteSourceCodeAccess, From C:/Program Files/Epic Games/UE_4.14/Engine/Plugins/Developer/CodeLiteSourceCodeAccess/CodeLiteSourceCodeAccess.uplugin
LogPluginManager: Loaded Plugin GitSourceControl, From C:/Program Files/Epic Games/UE_4.14/Engine/Plugins/Developer/GitSourceControl/GitSourceControl.uplugin
LogPluginManager: Loaded Plugin KDevelopSourceCodeAccess, From C:/Program Files/Epic Games/UE_4.14/Engine/Plugins/Developer/KDevelopSourceCodeAccess/KDevelopSourceCodeAccess.uplugin
LogPluginManager: Loaded Plugin NullSourceCodeAccess, From C:/Program Files/Epic Games/UE_4.14/Engine/Plugins/Developer/NullSourceCodeAccess/NullSourceCodeAccess.uplugin
LogPluginManager: Loaded Plugin OneSkyLocalizationService, From C:/Program Files/Epic Games/UE_4.14/Engine/Plugins/Developer/OneSkyLocalizationService/OneSkyLocalizationService.uplugin
LogPluginManager: Loaded Plugin PerforceSourceControl, From C:/Program Files/Epic Games/UE_4.14/Engine/Plugins/Developer/PerforceSourceControl/PerforceSourceControl.uplugin
LogPluginManager: Loaded Plugin SubversionSourceControl, From C:/Program Files/Epic Games/UE_4.14/Engine/Plugins/Developer/SubversionSourceControl/SubversionSourceControl.uplugin
LogPluginManager: Loaded Plugin UObjectPlugin, From C:/Program Files/Epic Games/UE_4.14/Engine/Plugins/Developer/UObjectPlugin/UObjectPlugin.uplugin
LogPluginManager: Loaded Plugin VisualStudioSourceCodeAccess, From C:/Program Files/Epic Games/UE_4.14/Engine/Plugins/Developer/VisualStudioSourceCodeAccess/VisualStudioSourceCodeAccess.uplugin
LogPluginManager: Loaded Plugin XCodeSourceCodeAccess, From C:/Program Files/Epic Games/UE_4.14/Engine/Plugins/Developer/XCodeSourceCodeAccess/XCodeSourceCodeAccess.uplugin
LogPluginManager: Loaded Plugin AudioCapture, From C:/Program Files/Epic Games/UE_4.14/Engine/Plugins/Editor/AudioCapture/AudioCapture.uplugin
LogPluginManager: Loaded Plugin EpicSurvey, From C:/Program Files/Epic Games/UE_4.14/Engine/Plugins/Editor/EpicSurvey/EpicSurvey.uplugin
LogPluginManager: Loaded Plugin MacGraphicsSwitching, From C:/Program Files/Epic Games/UE_4.14/Engine/Plugins/Editor/MacGraphicsSwitching/MacGraphicsSwitching.uplugin
LogPluginManager: Loaded Plugin MobileLauncherProfileWizard, From C:/Program Files/Epic Games/UE_4.14/Engine/Plugins/Editor/MobileLauncherProfileWizard/MobileLauncherProfileWizard.uplugin
LogPluginManager: Loaded Plugin PluginBrowser, From C:/Program Files/Epic Games/UE_4.14/Engine/Plugins/Editor/PluginBrowser/PluginBrowser.uplugin
LogPluginManager: Loaded Plugin SpeedTreeImporter, From C:/Program Files/Epic Games/UE_4.14/Engine/Plugins/Editor/SpeedTreeImporter/SpeedTreeImporter.uplugin
LogPluginManager: Loaded Plugin SuperSearchEditor, From C:/Program Files/Epic Games/UE_4.14/Engine/Plugins/Editor/SuperSearchEditor/SuperSearchEditor.uplugin
LogPluginManager: Loaded Plugin AlembicImporter, From C:/Program Files/Epic Games/UE_4.14/Engine/Plugins/Experimental/AlembicImporter/AlembicImporter.uplugin
LogPluginManager: Loaded Plugin BlueprintStats, From C:/Program Files/Epic Games/UE_4.14/Engine/Plugins/Experimental/BlueprintStats/BlueprintStats.uplugin
LogPluginManager: Loaded Plugin CharacterAI, From C:/Program Files/Epic Games/UE_4.14/Engine/Plugins/Experimental/CharacterAI/CharacterAI.uplugin
LogPluginManager: Loaded Plugin CodeEditor, From C:/Program Files/Epic Games/UE_4.14/Engine/Plugins/Experimental/CodeEditor/CodeEditor.uplugin
LogPluginManager: Loaded Plugin CodeView, From C:/Program Files/Epic Games/UE_4.14/Engine/Plugins/Experimental/CodeView/CodeView.uplugin
LogPluginManager: Loaded Plugin HTML5Networking, From C:/Program Files/Epic Games/UE_4.14/Engine/Plugins/Experimental/HTML5Networking/HTML5Networking.uplugin
LogPluginManager: Loaded Plugin OSVR, From C:/Program Files/Epic Games/UE_4.14/Engine/Plugins/Experimental/OSVR/OSVR.uplugin
LogPluginManager: Loaded Plugin Phya, From C:/Program Files/Epic Games/UE_4.14/Engine/Plugins/Experimental/Phya/Phya.uplugin
LogPluginManager: Loaded Plugin SignificanceManager, From C:/Program Files/Epic Games/UE_4.14/Engine/Plugins/Experimental/SignificanceManager/SignificanceManager.uplugin
LogPluginManager: Loaded Plugin SimpleHMD, From C:/Program Files/Epic Games/UE_4.14/Engine/Plugins/Experimental/SimpleHMD/SimpleHMD.uplugin
LogPluginManager: Loaded Plugin StereoPanorama, From C:/Program Files/Epic Games/UE_4.14/Engine/Plugins/Experimental/StereoPanorama/StereoPanorama.uplugin
LogPluginManager: Loaded Plugin StructBox, From C:/Program Files/Epic Games/UE_4.14/Engine/Plugins/Experimental/StructBox/StructBox.uplugin
LogPluginManager: Loaded Plugin AndroidMedia, From C:/Program Files/Epic Games/UE_4.14/Engine/Plugins/Media/AndroidMedia/AndroidMedia.uplugin
LogPluginManager: Loaded Plugin AvfMedia, From C:/Program Files/Epic Games/UE_4.14/Engine/Plugins/Media/AvfMedia/AvfMedia.uplugin
LogPluginManager: Loaded Plugin MediaPlayerEditor, From C:/Program Files/Epic Games/UE_4.14/Engine/Plugins/Media/MediaPlayerEditor/MediaPlayerEditor.uplugin
LogPluginManager: Loaded Plugin WmfMedia, From C:/Program Files/Epic Games/UE_4.14/Engine/Plugins/Media/WmfMedia/WmfMedia.uplugin
LogPluginManager: Loaded Plugin MessagingDebugger, From C:/Program Files/Epic Games/UE_4.14/Engine/Plugins/Messaging/MessagingDebugger/MessagingDebugger.uplugin
LogPluginManager: Loaded Plugin TcpMessaging, From C:/Program Files/Epic Games/UE_4.14/Engine/Plugins/Messaging/TcpMessaging/TcpMessaging.uplugin
LogPluginManager: Loaded Plugin UdpMessaging, From C:/Program Files/Epic Games/UE_4.14/Engine/Plugins/Messaging/UdpMessaging/UdpMessaging.uplugin
LogPluginManager: Loaded Plugin LevelSequenceEditor, From C:/Program Files/Epic Games/UE_4.14/Engine/Plugins/MovieScene/LevelSequenceEditor/LevelSequenceEditor.uplugin
LogPluginManager: Loaded Plugin MatineeToLevelSequence, From C:/Program Files/Epic Games/UE_4.14/Engine/Plugins/MovieScene/MatineeToLevelSequence/MatineeToLevelSequence.uplugin
LogPluginManager: Loaded Plugin NetcodeUnitTest, From C:/Program Files/Epic Games/UE_4.14/Engine/Plugins/NetcodeUnitTest/NetcodeUnitTest/NetcodeUnitTest.uplugin
LogPluginManager: Loaded Plugin NUTUnrealEngine4, From C:/Program Files/Epic Games/UE_4.14/Engine/Plugins/NetcodeUnitTest/NUTUnrealEngine4/NUTUnrealEngine4.uplugin
LogPluginManager: Loaded Plugin OnlineSubsystemGameCircle, From C:/Program Files/Epic Games/UE_4.14/Engine/Plugins/Online/Android/OnlineSubsystemGameCircle/OnlineSubsystemGameCircle.uplugin
LogPluginManager: Loaded Plugin OnlineSubsystemGooglePlay, From C:/Program Files/Epic Games/UE_4.14/Engine/Plugins/Online/Android/OnlineSubsystemGooglePlay/OnlineSubsystemGooglePlay.uplugin
LogPluginManager: Loaded Plugin OnlineSubsystemIOS, From C:/Program Files/Epic Games/UE_4.14/Engine/Plugins/Online/IOS/OnlineSubsystemIOS/OnlineSubsystemIOS.uplugin
LogPluginManager: Loaded Plugin OnlineFramework, From C:/Program Files/Epic Games/UE_4.14/Engine/Plugins/Online/OnlineFramework/OnlineFramework.uplugin
LogPluginManager: Loaded Plugin OnlineSubsystem, From C:/Program Files/Epic Games/UE_4.14/Engine/Plugins/Online/OnlineSubsystem/OnlineSubsystem.uplugin
LogPluginManager: Loaded Plugin OnlineSubsystemAmazon, From C:/Program Files/Epic Games/UE_4.14/Engine/Plugins/Online/OnlineSubsystemAmazon/OnlineSubsystemAmazon.uplugin
LogPluginManager: Loaded Plugin OnlineSubsystemFacebook, From C:/Program Files/Epic Games/UE_4.14/Engine/Plugins/Online/OnlineSubsystemFacebook/OnlineSubsystemFacebook.uplugin
LogPluginManager: Loaded Plugin OnlineSubsystemNull, From C:/Program Files/Epic Games/UE_4.14/Engine/Plugins/Online/OnlineSubsystemNull/OnlineSubsystemNull.uplugin
LogPluginManager: Loaded Plugin OnlineSubsystemOculus, From C:/Program Files/Epic Games/UE_4.14/Engine/Plugins/Online/OnlineSubsystemOculus/OnlineSubsystemOculus.uplugin
LogPluginManager: Loaded Plugin OnlineSubsystemSteam, From C:/Program Files/Epic Games/UE_4.14/Engine/Plugins/Online/OnlineSubsystemSteam/OnlineSubsystemSteam.uplugin
LogPluginManager: Loaded Plugin OnlineSubsystemUtils, From C:/Program Files/Epic Games/UE_4.14/Engine/Plugins/Online/OnlineSubsystemUtils/OnlineSubsystemUtils.uplugin
LogPluginManager: Loaded Plugin IOSTapJoy, From C:/Program Files/Epic Games/UE_4.14/Engine/Plugins/Runtime/Advertising/IOSTapJoy/IOSTapJoy.uplugin
LogPluginManager: Loaded Plugin AnalyticsBlueprintLibrary, From C:/Program Files/Epic Games/UE_4.14/Engine/Plugins/Runtime/Analytics/AnalyticsBlueprintLibrary/AnalyticsBlueprintLibrary.uplugin
LogPluginManager: Loaded Plugin AnalyticsMulticast, From C:/Program Files/Epic Games/UE_4.14/Engine/Plugins/Runtime/Analytics/AnalyticsMulticast/AnalyticsMulticast.uplugin
LogPluginManager: Loaded Plugin Apsalar, From C:/Program Files/Epic Games/UE_4.14/Engine/Plugins/Runtime/Analytics/Apsalar/Apsalar.uplugin
LogPluginManager: Loaded Plugin FileLogging, From C:/Program Files/Epic Games/UE_4.14/Engine/Plugins/Runtime/Analytics/FileLogging/FileLogging.uplugin
LogPluginManager: Loaded Plugin Flurry, From C:/Program Files/Epic Games/UE_4.14/Engine/Plugins/Runtime/Analytics/Flurry/Flurry.uplugin
LogPluginManager: Loaded Plugin AndroidDeviceProfileSelector, From C:/Program Files/Epic Games/UE_4.14/Engine/Plugins/Runtime/AndroidDeviceProfileSelector/AndroidDeviceProfileSelector.uplugin
LogPluginManager: Loaded Plugin AndroidMoviePlayer, From C:/Program Files/Epic Games/UE_4.14/Engine/Plugins/Runtime/AndroidMoviePlayer/AndroidMoviePlayer.uplugin
LogPluginManager: Loaded Plugin AppleMoviePlayer, From C:/Program Files/Epic Games/UE_4.14/Engine/Plugins/Runtime/AppleMoviePlayer/AppleMoviePlayer.uplugin
LogPluginManager: Loaded Plugin ArchVisCharacter, From C:/Program Files/Epic Games/UE_4.14/Engine/Plugins/Runtime/ArchVisCharacter/ArchVisCharacter.uplugin
LogPluginManager: Loaded Plugin CableComponent, From C:/Program Files/Epic Games/UE_4.14/Engine/Plugins/Runtime/CableComponent/CableComponent.uplugin
LogPluginManager: Loaded Plugin CustomMeshComponent, From C:/Program Files/Epic Games/UE_4.14/Engine/Plugins/Runtime/CustomMeshComponent/CustomMeshComponent.uplugin
LogPluginManager: Loaded Plugin ExampleDeviceProfileSelector, From C:/Program Files/Epic Games/UE_4.14/Engine/Plugins/Runtime/ExampleDeviceProfileSelector/ExampleDeviceProfileSelector.uplugin
LogPluginManager: Loaded Plugin GearVR, From C:/Program Files/Epic Games/UE_4.14/Engine/Plugins/Runtime/GearVR/GearVR.uplugin
LogPluginManager: Loaded Plugin GoogleVRController, From C:/Program Files/Epic Games/UE_4.14/Engine/Plugins/Runtime/GoogleVR/GoogleVRController/GoogleVRController.uplugin
LogPluginManager: Loaded Plugin GoogleVRHMD, From C:/Program Files/Epic Games/UE_4.14/Engine/Plugins/Runtime/GoogleVR/GoogleVRHMD/GoogleVRHMD.uplugin
LogPluginManager: Loaded Plugin IOSDeviceProfileSelector, From C:/Program Files/Epic Games/UE_4.14/Engine/Plugins/Runtime/IOSDeviceProfileSelector/IOSDeviceProfileSelector.uplugin
LogPluginManager: Loaded Plugin LeapMotion, From C:/Program Files/Epic Games/UE_4.14/Engine/Plugins/Runtime/LeapMotion/LeapMotion.uplugin
LogPluginManager: Loaded Plugin LinuxDeviceProfileSelector, From C:/Program Files/Epic Games/UE_4.14/Engine/Plugins/Runtime/LinuxDeviceProfileSelector/LinuxDeviceProfileSelector.uplugin
LogPluginManager: Loaded Plugin MIDIDevice, From C:/Program Files/Epic Games/UE_4.14/Engine/Plugins/Runtime/MIDIDevice/MIDIDevice.uplugin
LogPluginManager: Loaded Plugin MobilePatchingUtils, From C:/Program Files/Epic Games/UE_4.14/Engine/Plugins/Runtime/MobilePatchingUtils/MobilePatchingUtils.uplugin
LogPluginManager: Loaded Plugin Ansel, From C:/Program Files/Epic Games/UE_4.14/Engine/Plugins/Runtime/Nvidia/Ansel/Ansel.uplugin
LogPluginManager: Loaded Plugin OculusAudio, From C:/Program Files/Epic Games/UE_4.14/Engine/Plugins/Runtime/OculusAudio/OculusAudio.uplugin
LogPluginManager: Loaded Plugin OculusInput, From C:/Program Files/Epic Games/UE_4.14/Engine/Plugins/Runtime/OculusInput/OculusInput.uplugin
LogPluginManager: Loaded Plugin OculusLibrary, From C:/Program Files/Epic Games/UE_4.14/Engine/Plugins/Runtime/OculusLibrary/OculusLibrary.uplugin
LogPluginManager: Loaded Plugin OculusRift, From C:/Program Files/Epic Games/UE_4.14/Engine/Plugins/Runtime/OculusRift/OculusRift.uplugin
LogPluginManager: Loaded Plugin Oodle, From C:/Program Files/Epic Games/UE_4.14/Engine/Plugins/Runtime/PacketHandlers/CompressionComponents/Oodle/Oodle.uplugin
LogPluginManager: Loaded Plugin ProceduralMeshComponent, From C:/Program Files/Epic Games/UE_4.14/Engine/Plugins/Runtime/ProceduralMeshComponent/ProceduralMeshComponent.uplugin
LogPluginManager: Loaded Plugin SoundMod, From C:/Program Files/Epic Games/UE_4.14/Engine/Plugins/Runtime/SoundMod/SoundMod.uplugin
LogPluginManager: Loaded Plugin SoundVisualizations, From C:/Program Files/Epic Games/UE_4.14/Engine/Plugins/Runtime/SoundVisualizations/SoundVisualizations.uplugin
LogPluginManager: Loaded Plugin SteamController, From C:/Program Files/Epic Games/UE_4.14/Engine/Plugins/Runtime/Steam/SteamController/SteamController.uplugin
LogPluginManager: Loaded Plugin SteamVR, From C:/Program Files/Epic Games/UE_4.14/Engine/Plugins/Runtime/Steam/SteamVR/SteamVR.uplugin
LogPluginManager: Loaded Plugin WebBrowserWidget, From C:/Program Files/Epic Games/UE_4.14/Engine/Plugins/Runtime/WebBrowserWidget/WebBrowserWidget.uplugin
LogPluginManager: Loaded Plugin WindowsDeviceProfileSelector, From C:/Program Files/Epic Games/UE_4.14/Engine/Plugins/Runtime/WindowsDeviceProfileSelector/WindowsDeviceProfileSelector.uplugin
LogPluginManager: Loaded Plugin WindowsMoviePlayer, From C:/Program Files/Epic Games/UE_4.14/Engine/Plugins/Runtime/WindowsMoviePlayer/WindowsMoviePlayer.uplugin
LogPluginManager: Loaded Plugin ScriptPlugin, From C:/Program Files/Epic Games/UE_4.14/Engine/Plugins/ScriptPlugin/ScriptPlugin.uplugin
LogPluginManager: Loaded Plugin SlateRemote, From C:/Program Files/Epic Games/UE_4.14/Engine/Plugins/Slate/SlateRemote/SlateRemote.uplugin
LogPluginManager: Loaded Plugin EditorTests, From C:/Program Files/Epic Games/UE_4.14/Engine/Plugins/Tests/EditorTests/EditorTests.uplugin
LogPluginManager: Loaded Plugin FbxAutomationTestBuilder, From C:/Program Files/Epic Games/UE_4.14/Engine/Plugins/Tests/FbxAutomationTestBuilder/FbxAutomationTestBuilder.uplugin
LogPluginManager: Loaded Plugin FunctionalTestingEditor, From C:/Program Files/Epic Games/UE_4.14/Engine/Plugins/Tests/FunctionalTestingEditor/FunctionalTestingEditor.uplugin
LogPluginManager: Loaded Plugin RuntimeTests, From C:/Program Files/Epic Games/UE_4.14/Engine/Plugins/Tests/RuntimeTests/RuntimeTests.uplugin
LogPluginManager: Loaded Plugin ScreenshotTools, From C:/Program Files/Epic Games/UE_4.14/Engine/Plugins/Tests/ScreenshotTools/ScreenshotTools.uplugin
LogInit: Using libcurl 7.47.1
LogInit:  - built for x86_64-pc-win32
LogInit:  - supports SSL with OpenSSL/1.0.2g
LogInit:  - supports HTTP deflate (compression) using libz 1.2.8
LogInit:  - other features:
LogInit:      CURL_VERSION_SSL
LogInit:      CURL_VERSION_LIBZ
LogInit:      CURL_VERSION_IPV6
LogInit:      CURL_VERSION_ASYNCHDNS
LogInit:      CURL_VERSION_LARGEFILE
LogInit:      CURL_VERSION_IDN
LogInit:  CurlRequestOptions (configurable via config and command line):
LogInit:  - bVerifyPeer = false  - Libcurl will NOT verify peer certificate
LogInit:  - bUseHttpProxy = false  - Libcurl will NOT use HTTP proxy
LogInit:  - bDontReuseConnections = false  - Libcurl will reuse connections
LogInit:  - CertBundlePath = nullptr  - Libcurl will use whatever was configured at build time.
LogInit: Build: ++UE4+Release-4.14-CL-3249277
LogInit: Engine Version: 4.14.3-3249277+++UE4+Release-4.14
LogInit: Compatible Engine Version: 4.14.0-3195953+++UE4+Release-4.14
LogInit: Net CL: 3195953
LogDevObjectVersion: Number of dev versions registered: 13
LogDevObjectVersion:   Dev-Blueprints (B0D832E4-1F89-4F0D-ACCF-7EB736FD4AA2): 7
LogDevObjectVersion:   Dev-Build (E1C64328-A22C-4D53-A36C-8E866417BD8C): 0
LogDevObjectVersion:   Dev-Core (375EC13C-06E4-48FB-B500-84F0262A717E): 1
LogDevObjectVersion:   Dev-Editor (E4B068ED-F494-42E9-A231-DA0B2E46BB41): 8
LogDevObjectVersion:   Dev-Framework (CFFC743F-43B0-4480-9391-14DF171D2073): 17
LogDevObjectVersion:   Dev-Mobile (B02B49B5-BB20-44E9-A304-32B752E40360): 0
LogDevObjectVersion:   Dev-Networking (A4E4105C-59A1-49B5-A7C5-40C4547EDFEE): 0
LogDevObjectVersion:   Dev-Online (39C831C9-5AE6-47DC-9A44-9C173E1C8E7C): 0
LogDevObjectVersion:   Dev-Physics (78F01B33-EBEA-4F98-B9B4-84EACCB95AA2): 0
LogDevObjectVersion:   Dev-Platform (6631380F-2D4D-43E0-8009-CF276956A95A): 0
LogDevObjectVersion:   Dev-Rendering (12F88B9F-8875-4AFC-A67C-D90C383ABD29): 12
LogDevObjectVersion:   Dev-Sequencer (7B5AE74C-D270-4C10-A958-57980B212A5A): 1
LogDevObjectVersion:   Dev-VR (D7296918-1DD6-4BDD-9DE2-64A83CC13884): 0
LogInit: Compiled (64-bit): Jan  6 2017 10:49:43
LogInit: Compiled with Visual C++: 19.00.23026.00
LogInit: Build Configuration: Development
LogInit: Branch Name: ++UE4+Release-4.14
LogInit: Command line: -EpicPortal 
LogInit: Base directory: C:/Program Files/Epic Games/UE_4.14/Engine/Binaries/Win64/
LogInit: Installed Engine Build: 1
LogInit: Presizing for max 8388607 objects, including 0 objects not considered by GC, pre-allocating 0 bytes for permanent pool.
LogInit: Object subsystem initialized
[2017.05.31-08.27.25:153][  0]LogInit: Selected Device Profile: [Windows]
[2017.05.31-08.27.25:153][  0]LogInit: Applying CVar settings loaded from the selected device profile: [Windows]
[2017.05.31-08.27.25:167][  0]LogInit: Computer: XXXX-PC-X
[2017.05.31-08.27.25:167][  0]LogInit: User: User
[2017.05.31-08.27.25:167][  0]LogInit: CPU Page size=65536, Cores=2
[2017.05.31-08.27.25:167][  0]LogInit: High frequency timer resolution =2.533308 MHz
[2017.05.31-08.27.25:167][  0]LogMemory: Memory total: Physical=11.9GB (12GB approx)
[2017.05.31-08.27.25:167][  0]LogMemory: Platform Memory Stats for Windows
[2017.05.31-08.27.25:167][  0]LogMemory: Process Physical Memory: 268.57 MB used, 268.57 MB peak
[2017.05.31-08.27.25:167][  0]LogMemory: Process Virtual Memory: 262.53 MB used, 262.53 MB peak
[2017.05.31-08.27.25:167][  0]LogMemory: Physical Memory: 2978.04 MB used,  9188.13 MB free, 12166.16 MB total
[2017.05.31-08.27.25:167][  0]LogMemory: Virtual Memory: 698.48 MB used,  9188.13 MB free, 134217728.00 MB total
[2017.05.31-08.27.25:191][  0]LogTextLocalizationManager: No specific translations for ('en-AU') exist, so ('en') translations will be used.
[2017.05.31-08.27.25:917][  0]LogD3D11RHI: D3D11 adapters:
[2017.05.31-08.27.25:921][  0]LogD3D11RHI:    0. 'Intel(R) HD Graphics 4000' (Feature Level 11_0)
[2017.05.31-08.27.25:921][  0]LogD3D11RHI:       32/0/1760 MB DedicatedVideo/DedicatedSystem/SharedSystem, Outputs:1, VendorId:0x8086
[2017.05.31-08.27.25:922][  0]LogD3D11RHI:    1. 'Microsoft Basic Render Driver' (Feature Level 11_0)
[2017.05.31-08.27.25:922][  0]LogD3D11RHI:       0/0/6083 MB DedicatedVideo/DedicatedSystem/SharedSystem, Outputs:0, VendorId:0x1414
[2017.05.31-08.27.25:922][  0]LogD3D11RHI: Chosen D3D11 Adapter: 0
[2017.05.31-08.27.25:925][  0]LogD3D11RHI: Creating new Direct3DDevice
[2017.05.31-08.27.25:925][  0]LogD3D11RHI:     GPU DeviceId: 0x166 (for the marketing name, search the web for "GPU Device Id")
[2017.05.31-08.27.25:925][  0]LogWindows: EnumDisplayDevices:
[2017.05.31-08.27.25:925][  0]LogWindows:    0. 'Intel(R) HD Graphics 4000' (P:1 D:1)
[2017.05.31-08.27.25:926][  0]LogWindows:    1. 'Intel(R) HD Graphics 4000' (P:0 D:0)
[2017.05.31-08.27.25:926][  0]LogWindows:    2. 'Intel(R) HD Graphics 4000' (P:0 D:0)
[2017.05.31-08.27.25:926][  0]LogWindows: DebugString: FoundDriverCount:3 
[2017.05.31-08.27.25:926][  0]LogD3D11RHI:     Adapter Name: Intel(R) HD Graphics 4000
[2017.05.31-08.27.25:926][  0]LogD3D11RHI:   Driver Version: 10.18.10.4358 (internal:10.18.10.4358, unified:10.18.10.4358)
[2017.05.31-08.27.25:926][  0]LogD3D11RHI:      Driver Date: 12-21-2015
[2017.05.31-08.27.25:926][  0]LogRHI: Texture pool is 638 MB (70% of 912 MB)
[2017.05.31-08.27.25:930][  0]LogD3D11RHI: Async texture creation enabled
[2017.05.31-08.27.25:935][  0]LogD3D11RHI: GPU Timing Frequency: 12.500000 (Debug: 2 0)
[2017.05.31-08.27.25:935][  0]LogShaderCompilers: Guid format shader working directory is -15 characters bigger than the processId version (../../../../../../Users/User/Documents/GitHub/superMusicGame/Intermediate/Shaders/WorkingDirectory/7120/).
[2017.05.31-08.27.25:936][  0]LogShaderCompilers: Cleaned the shader compiler working directory 'C:/Users/User/AppData/Local/Temp/UnrealShaderWorkingDir/93292F664302CB4F5B6AC399E3122DE0/'.
[2017.05.31-08.27.25:936][  0]LogShaderCompilers:Display: Using Local Shader Compiler.
[2017.05.31-08.27.27:123][  0]LogTemp:Display: Loaded TP AllDesktopTargetPlatform
[2017.05.31-08.27.27:191][  0]LogTemp:Display: Loaded TP MacClientTargetPlatform
[2017.05.31-08.27.27:257][  0]LogTemp:Display: Loaded TP MacNoEditorTargetPlatform
[2017.05.31-08.27.27:323][  0]LogTemp:Display: Loaded TP MacServerTargetPlatform
[2017.05.31-08.27.27:391][  0]LogTemp:Display: Loaded TP MacTargetPlatform
[2017.05.31-08.27.27:458][  0]LogTemp:Display: Loaded TP WindowsClientTargetPlatform
[2017.05.31-08.27.27:523][  0]LogTemp:Display: Loaded TP WindowsNoEditorTargetPlatform
[2017.05.31-08.27.27:591][  0]LogTemp:Display: Loaded TP WindowsServerTargetPlatform
[2017.05.31-08.27.27:646][  0]LogTemp:Display: Loaded TP WindowsTargetPlatform
[2017.05.31-08.27.27:711][  0]LogTemp:Display: Loaded TP AndroidTargetPlatform
[2017.05.31-08.27.27:776][  0]LogTemp:Display: Loaded TP Android_ASTCTargetPlatform
[2017.05.31-08.27.27:842][  0]LogTemp:Display: Loaded TP Android_ATCTargetPlatform
[2017.05.31-08.27.27:908][  0]LogTemp:Display: Loaded TP Android_DXTTargetPlatform
[2017.05.31-08.27.27:973][  0]LogTemp:Display: Loaded TP Android_ETC1TargetPlatform
[2017.05.31-08.27.28:039][  0]LogTemp:Display: Loaded TP Android_ETC2TargetPlatform
[2017.05.31-08.27.28:171][  0]LogTemp:Display: Loaded TP Android_MultiTargetPlatform
[2017.05.31-08.27.28:171][  0]LogTemp:Display: Loaded TP Android_PVRTCTargetPlatform
[2017.05.31-08.27.28:217][  0]LogTemp:Display: Loaded TP HTML5TargetPlatform
[2017.05.31-08.27.28:321][  0]LogTemp:Display: Loaded TP IOSTargetPlatform
[2017.05.31-08.27.28:364][  0]LogTemp:Display: Loaded TP TVOSTargetPlatform
[2017.05.31-08.27.28:429][  0]LogTemp:Display: Loaded TP LinuxClientTargetPlatform
[2017.05.31-08.27.28:494][  0]LogTemp:Display: Loaded TP LinuxNoEditorTargetPlatform
[2017.05.31-08.27.28:560][  0]LogTemp:Display: Loaded TP LinuxServerTargetPlatform
[2017.05.31-08.27.28:626][  0]LogTemp:Display: Loaded TP LinuxTargetPlatform
[2017.05.31-08.27.28:626][  0]LogTargetPlatformManager:Display: Building Assets For Windows
[2017.05.31-08.27.29:119][  0]LogDerivedDataCache:Display: Max Cache Size: 512 MB
[2017.05.31-08.27.29:177][  0]LogDerivedDataCache: Loaded boot cache 0.06s 50MB C:/Users/User/AppData/Local/UnrealEngine/4.14/DerivedDataCache/Boot.ddc.
[2017.05.31-08.27.29:177][  0]LogDerivedDataCache:Display: Loaded Boot cache: C:/Users/User/AppData/Local/UnrealEngine/4.14/DerivedDataCache/Boot.ddc
[2017.05.31-08.27.29:177][  0]LogDerivedDataCache: FDerivedDataBackendGraph:  Pak pak cache file ../../../../../../Users/User/Documents/GitHub/superMusicGame/DerivedDataCache/DDC.ddp not found, will not use a pak cache.
[2017.05.31-08.27.29:177][  0]LogDerivedDataCache: Unable to find inner node Pak for hierarchical cache Hierarchy.
[2017.05.31-08.27.29:177][  0]LogDerivedDataCache: FDerivedDataBackendGraph:  CompressedPak pak cache file ../../../../../../Users/User/Documents/GitHub/superMusicGame/DerivedDataCache/Compressed.ddp not found, will not use a pak cache.
[2017.05.31-08.27.29:177][  0]LogDerivedDataCache: Unable to find inner node CompressedPak for hierarchical cache Hierarchy.
[2017.05.31-08.27.29:195][  0]LogDerivedDataCache:Display: Pak cache opened for reading ../../../Engine/DerivedDataCache/Compressed.ddp.
[2017.05.31-08.27.29:207][  0]LogDerivedDataCache: Using Local data cache path C:/Users/User/AppData/Local/UnrealEngine/Common/DerivedDataCache: Writable
[2017.05.31-08.27.29:467][  0]LogInit: Selected Device Profile: [Windows]
[2017.05.31-08.27.29:472][  0]LogContentStreaming: Texture pool size is 0.00 MB
[2017.05.31-08.27.29:712][  0]LogMeshUtilities: Using QuadricMeshReduction for automatic static mesh reduction
[2017.05.31-08.27.29:765][  0]LogSimplygon: Simplygon DLL not present - disabling.
[2017.05.31-08.27.29:822][  0]LogMeshUtilities: Using SimplygonSwarm for distributed automatic mesh merging
[2017.05.31-08.27.29:822][  0]LogMeshUtilities: No automatic skeletal mesh reduction module available
[2017.05.31-08.27.29:822][  0]LogMeshUtilities: No automatic mesh merging module available
[2017.05.31-08.27.30:448][  0]LogNetVersion: GetLocalNetworkVersion: CL: 3195953, ProjectName: musicgame04, ProjectVersion: , EngineNetworkVersion: 2, GameNetworkVersion: 0, NetworkChecksum: 2475016038
[2017.05.31-08.27.30:513][  0]LogAssetRegistry: FAssetRegistry took 0.0223 seconds to start up
[2017.05.31-08.27.30:584][  0]LogPackageLocalizationCache: Processed 3 localized package path(s) for 2 prioritized culture(s) in 0.033439 seconds
[2017.05.31-08.27.30:590][  0]LogUObjectArray: 31946 objects as part of root set at end of initial load.
[2017.05.31-08.27.30:590][  0]LogUObjectAllocator: 6935848 out of 0 bytes used by permanent object pool.
[2017.05.31-08.27.30:590][  0]LogUObjectArray: CloseDisregardForGC: 0/0 objects in disregard for GC pool
[2017.05.31-08.27.30:670][  0]LogInit: WinSock: version 1.1 (2.2), MaxSocks=32767, MaxUdp=65467
[2017.05.31-08.27.31:768][  0]LogSlate: Using Freetype 2.6.0
[2017.05.31-08.27.31:768][  0]LogSlate: SlateFontCache - WITH_FREETYPE: 1, WITH_HARFBUZZ: 1
[2017.05.31-08.27.31:768][  0]LogSlate: SlateFontCache - WITH_FREETYPE: 1, WITH_HARFBUZZ: 1
[2017.05.31-08.27.32:811][  0]LogTcpMessaging: Initializing TcpMessaging bridge
[2017.05.31-08.27.32:859][  0]LogUdpMessaging: Initializing bridge on interface 0.0.0.0:0 to multicast group 230.0.0.1:6666.
[2017.05.31-08.27.33:256][  0]LogMaterial: Uniform references updated for custom material expression Custom.
[2017.05.31-08.27.33:717][  0]SourceControl: Info Source control is disabled
[2017.05.31-08.27.33:718][  0]SourceControl: Info Source control is disabled
[2017.05.31-08.27.33:776][  0]SourceControl: Info Source control is disabled
[2017.05.31-08.27.33:833][  0]SourceControl: Info Source control is disabled
[2017.05.31-08.27.35:351][  0]LogEngine: Initializing Engine...
[2017.05.31-08.27.35:352][  0]LogHMD: Failed to initialize OpenVR with code 110
[2017.05.31-08.27.35:638][  0]LogAIModule: Creating AISystem for world Untitled
[2017.05.31-08.27.35:647][  0]LogInit: XAudio2 using 'Speakers (3- Realtek High Definition Audio)' : 2 channels at 48 kHz using 32 bits per sample (channel mask 0x3)
[2017.05.31-08.27.35:674][  0]LogInit: FAudioDevice initialized.
[2017.05.31-08.27.35:705][  0]LogDerivedDataCache: Saved boot cache 0.03s 50MB C:/Users/User/AppData/Local/UnrealEngine/4.14/DerivedDataCache/Boot.ddc.
[2017.05.31-08.27.35:714][  0]LogInit: Texture streaming: Enabled
[2017.05.31-08.27.35:940][  0]LogInit: Transaction tracking system initialized
[2017.05.31-08.27.36:363][  0]BlueprintLog: New page: Editor Load
[2017.05.31-08.27.37:444][  0]LocalizationService: Info Localization service is disabled
[2017.05.31-08.27.38:230][  0]LogConsoleResponse:Display: 
[2017.05.31-08.27.38:400][  0]LogCook:Display: Max memory allowance for cook 16384mb min free memory 0mb
[2017.05.31-08.27.38:400][  0]LogCook:Display: Mobile HDR setting 1
[2017.05.31-08.27.38:574][  0]LogFileCache: Scanning file cache for directory 'C:/Users/User/Documents/GitHub/superMusicGame/Content/' took 0.02s
[2017.05.31-08.27.39:560][  0]SourceControl: Info Source control is disabled
[2017.05.31-08.27.39:560][  0]Cmd: MAP LOAD FILE="../../../../../../Users/User/Documents/GitHub/superMusicGame/Content/Level01.umap" TEMPLATE=0 SHOWPROGRESS=1 FEATURELEVEL=3
[2017.05.31-08.27.39:560][  0]LightingResults: New page: Lighting Build
[2017.05.31-08.27.39:610][  0]MapCheck: New page: Map Check
[2017.05.31-08.27.39:610][  0]LightingResults: New page: Lighting Build
[2017.05.31-08.27.39:731][  0]LogEnum:Warning: Enum name collision: 'fireballDirectionType::NewEnumerator0' is in both '/Game/Enums/fireballDirectionType.fireballDirectionType' and '/Game/blueprints/fireballDirectionType.fireballDirectionType'
[2017.05.31-08.27.39:731][  0]LogEnum:Warning: Enum name collision: 'fireballDirectionType::NewEnumerator1' is in both '/Game/Enums/fireballDirectionType.fireballDirectionType' and '/Game/blueprints/fireballDirectionType.fireballDirectionType'
[2017.05.31-08.27.39:731][  0]LogEnum:Warning: Enum name collision: 'fireballDirectionType::fireballDirectionType_MAX' is in both '/Game/Enums/fireballDirectionType.fireballDirectionType' and '/Game/blueprints/fireballDirectionType.fireballDirectionType'
[2017.05.31-08.27.39:732][  0]LogEnum:Warning: Enum name collision: 'fixedFireballDirection::NewEnumerator0' is in both '/Game/Enums/fixedFireballDirection.fixedFireballDirection' and '/Game/blueprints/fixedFireballDirection.fixedFireballDirection'
[2017.05.31-08.27.39:732][  0]LogEnum:Warning: Enum name collision: 'fixedFireballDirection::NewEnumerator1' is in both '/Game/Enums/fixedFireballDirection.fixedFireballDirection' and '/Game/blueprints/fixedFireballDirection.fixedFireballDirection'
[2017.05.31-08.27.39:732][  0]LogEnum:Warning: Enum name collision: 'fixedFireballDirection::NewEnumerator2' is in both '/Game/Enums/fixedFireballDirection.fixedFireballDirection' and '/Game/blueprints/fixedFireballDirection.fixedFireballDirection'
[2017.05.31-08.27.39:732][  0]LogEnum:Warning: Enum name collision: 'fixedFireballDirection::NewEnumerator3' is in both '/Game/Enums/fixedFireballDirection.fixedFireballDirection' and '/Game/blueprints/fixedFireballDirection.fixedFireballDirection'
[2017.05.31-08.27.39:732][  0]LogEnum:Warning: Enum name collision: 'fixedFireballDirection::fixedFireballDirection_MAX' is in both '/Game/Enums/fixedFireballDirection.fixedFireballDirection' and '/Game/blueprints/fixedFireballDirection.fixedFireballDirection'
[2017.05.31-08.27.40:053][  0]LogBlueprint:Warning: [zombie] 'LastMovement' variable not found. Base class was probably changed.
[2017.05.31-08.27.40:053][  0]LogBlueprint:Warning: [zombie] 'LastMovement' variable not found. Base class was probably changed.
[2017.05.31-08.27.40:054][  0]LogBlueprint:Warning: [zombie] 'Sprite' variable not found. Base class was probably changed.
[2017.05.31-08.27.40:054][  0]LogBlueprint:Warning: [zombie] 'LastMovement' variable not found. Base class was probably changed.
[2017.05.31-08.27.40:054][  0]LogBlueprint:Warning: [zombie] 'Atacked' variable not found. Base class was probably changed.
[2017.05.31-08.27.40:054][  0]LogBlueprint:Warning: [zombie] 'LastMovement' variable not found. Base class was probably changed.
[2017.05.31-08.27.41:220][  0]LogEnum:Warning: Enum name collision: 'fixedFireballDirection::NewEnumerator0' is in both '/Game/Enums/fixedFireballDirection.fixedFireballDirection' and '/Game/blueprints/fixedFireballDirection.fixedFireballDirection'
[2017.05.31-08.27.41:220][  0]LogEnum:Warning: Enum name collision: 'fixedFireballDirection::NewEnumerator1' is in both '/Game/Enums/fixedFireballDirection.fixedFireballDirection' and '/Game/blueprints/fixedFireballDirection.fixedFireballDirection'
[2017.05.31-08.27.41:220][  0]LogEnum:Warning: Enum name collision: 'fixedFireballDirection::NewEnumerator2' is in both '/Game/Enums/fixedFireballDirection.fixedFireballDirection' and '/Game/blueprints/fixedFireballDirection.fixedFireballDirection'
[2017.05.31-08.27.41:220][  0]LogEnum:Warning: Enum name collision: 'fixedFireballDirection::NewEnumerator3' is in both '/Game/Enums/fixedFireballDirection.fixedFireballDirection' and '/Game/blueprints/fixedFireballDirection.fixedFireballDirection'
[2017.05.31-08.27.41:221][  0]LogEnum:Warning: Enum name collision: 'fireballDirectionType::NewEnumerator0' is in both '/Game/Enums/fireballDirectionType.fireballDirectionType' and '/Game/blueprints/fireballDirectionType.fireballDirectionType'
[2017.05.31-08.27.41:221][  0]LogEnum:Warning: Enum name collision: 'fireballDirectionType::NewEnumerator1' is in both '/Game/Enums/fireballDirectionType.fireballDirectionType' and '/Game/blueprints/fireballDirectionType.fireballDirectionType'
[2017.05.31-08.27.41:334][  0]LogAIModule: Creating AISystem for world Level01
[2017.05.31-08.27.41:471][  0]LogEditorServer: Finished looking for orphan Actors (0.000 secs)
[2017.05.31-08.27.41:471][  0]Cmd: MAP CHECKDEP NOCLEARLOG
[2017.05.31-08.27.41:551][  0]MapCheck: Info Map check complete: 0 Error(s), 0 Warning(s), took 79.355ms to complete.
[2017.05.31-08.27.41:551][  0]LogFileHelpers: Loading map 'Level01' took 1.991
[2017.05.31-08.27.41:618][  0]LogWindowsTextInputMethodSystem:Display: IME system now deactivated.
[2017.05.31-08.27.41:752][  0]LogCollectionManager: Loaded 0 collections in 0.001674 seconds
[2017.05.31-08.27.41:861][  0]LogFileCache: Scanning file cache for directory 'C:/Users/User/Documents/GitHub/superMusicGame/Saved/Collections/' took 0.01s
[2017.05.31-08.27.41:861][  0]LogFileCache: Scanning file cache for directory 'C:/Users/User/Documents/GitHub/superMusicGame/Content/Developers/User/Collections/' took 0.01s
[2017.05.31-08.27.41:861][  0]LogFileCache: Scanning file cache for directory 'C:/Users/User/Documents/GitHub/superMusicGame/Content/Collections/' took 0.01s
[2017.05.31-08.27.41:861][  0]LogCollectionManager: Rebuilt the GUID cache for 0 collections in 0.000002 seconds
[2017.05.31-08.27.41:877][  0]LogContentBrowser: Native class hierarchy populated in 0.0159 seconds. Added 2190 classes and 428 folders.
[2017.05.31-08.27.41:929][  0]LogStats: UGameplayTagsManager::ConstructGameplayTagTree: Construct from data asset -  0.000 s
[2017.05.31-08.27.41:929][  0]LogStats: UGameplayTagsManager::ConstructGameplayTagTree: GameplayTagTreeChangedEvent.Broadcast -  0.000 s
[2017.05.31-08.27.41:929][  0]LogContentBrowser: Native class hierarchy updated for 'GameplayTags' in 0.0006 seconds. Added 13 classes and 0 folders.
[2017.05.31-08.27.42:007][  0]LogContentBrowser: Native class hierarchy updated for 'WidgetCarousel' in 0.0006 seconds. Added 0 classes and 0 folders.
[2017.05.31-08.27.42:053][  0]LogContentBrowser: Native class hierarchy updated for 'AddContentDialog' in 0.0006 seconds. Added 0 classes and 0 folders.
[2017.05.31-08.27.42:104][  0]LogContentBrowser: Native class hierarchy updated for 'SceneOutliner' in 0.0006 seconds. Added 1 classes and 2 folders.
[2017.05.31-08.27.42:217][  0]LogCrashTracker: Crashtracker disabled due to settings.
[2017.05.31-08.27.42:221][  0]LogUObjectGlobals:Warning: Failed to find object 'Class None.'
[2017.05.31-08.27.42:298][  0]LogContentBrowser: Native class hierarchy updated for 'HierarchicalLODOutliner' in 0.0007 seconds. Added 1 classes and 2 folders.
[2017.05.31-08.27.42:298][  0]LogLoad: (Engine Initialization) Total time: 20.31 seconds
[2017.05.31-08.27.42:298][  0]LogLoad: (Engine Initialization) Total Blueprint compile time: 0.58 seconds
[2017.05.31-08.27.42:298][  0]LogExternalProfiler: No external profilers were discovered.  External profiling features will not be available.
[2017.05.31-08.27.42:316][  0]LogOcInput: OculusInput pre-init called
[2017.05.31-08.27.42:358][  0]LogContentStreaming: Texture pool size now 1000 MB
[2017.05.31-08.27.42:521][  0]LogRenderer: Reallocating scene render targets to support 764x256 NumSamples 1 (Frame:2).
[2017.05.31-08.27.42:785][  1]LogFileCache: Retrieving MD5 hashes for directory 'C:/Users/User/Documents/GitHub/superMusicGame/Content/' took 0.46s
[2017.05.31-08.27.42:860][  2]LogAssetRegistry: Asset discovery search completed in 12.3698 seconds
[2017.05.31-08.27.42:860][  2]LogCollectionManager: Rebuilt the object cache for 0 collections in 0.000001 seconds (found 0 objects)
[2017.05.31-08.27.42:860][  2]LogCollectionManager: Fixed up redirectors for 0 collections in 0.000019 seconds (updated 0 objects)
[2017.05.31-08.27.46:760][178]LogEnum:Warning: Enum name collision: 'ChargeEnum::NewEnumerator0' is in both '/Game/blueprints/ChargeEnum.ChargeEnum' and '/Game/Enums/ChargeEnum.ChargeEnum'
[2017.05.31-08.27.46:760][178]LogEnum:Warning: Enum name collision: 'ChargeEnum::NewEnumerator1' is in both '/Game/blueprints/ChargeEnum.ChargeEnum' and '/Game/Enums/ChargeEnum.ChargeEnum'
[2017.05.31-08.27.46:760][178]LogEnum:Warning: Enum name collision: 'ChargeEnum::NewEnumerator2' is in both '/Game/blueprints/ChargeEnum.ChargeEnum' and '/Game/Enums/ChargeEnum.ChargeEnum'
[2017.05.31-08.27.46:760][178]LogEnum:Warning: Enum name collision: 'ChargeEnum::ChargeEnum_MAX' is in both '/Game/blueprints/ChargeEnum.ChargeEnum' and '/Game/Enums/ChargeEnum.ChargeEnum'
[2017.05.31-08.27.46:760][178]LogEnum:Warning: Enum name collision: 'ChargeEnum::NewEnumerator0' is in both '/Game/blueprints/ChargeEnum.ChargeEnum' and '/Game/Enums/ChargeEnum.ChargeEnum'
[2017.05.31-08.27.46:760][178]LogEnum:Warning: Enum name collision: 'ChargeEnum::NewEnumerator1' is in both '/Game/blueprints/ChargeEnum.ChargeEnum' and '/Game/Enums/ChargeEnum.ChargeEnum'
[2017.05.31-08.27.46:760][178]LogEnum:Warning: Enum name collision: 'ChargeEnum::NewEnumerator2' is in both '/Game/blueprints/ChargeEnum.ChargeEnum' and '/Game/Enums/ChargeEnum.ChargeEnum'
[2017.05.31-08.27.46:763][178]LogEnum:Warning: Enum name collision: 'Movement::NewEnumerator0' is in both '/Game/blueprints/Movement.Movement' and '/Game/Enums/Movement.Movement'
[2017.05.31-08.27.46:763][178]LogEnum:Warning: Enum name collision: 'Movement::NewEnumerator1' is in both '/Game/blueprints/Movement.Movement' and '/Game/Enums/Movement.Movement'
[2017.05.31-08.27.46:763][178]LogEnum:Warning: Enum name collision: 'Movement::NewEnumerator2' is in both '/Game/blueprints/Movement.Movement' and '/Game/Enums/Movement.Movement'
[2017.05.31-08.27.46:763][178]LogEnum:Warning: Enum name collision: 'Movement::NewEnumerator3' is in both '/Game/blueprints/Movement.Movement' and '/Game/Enums/Movement.Movement'
[2017.05.31-08.27.46:763][178]LogEnum:Warning: Enum name collision: 'Movement::Movement_MAX' is in both '/Game/blueprints/Movement.Movement' and '/Game/Enums/Movement.Movement'
[2017.05.31-08.27.46:763][178]LogEnum:Warning: Enum name collision: 'Movement::NewEnumerator0' is in both '/Game/blueprints/Movement.Movement' and '/Game/Enums/Movement.Movement'
[2017.05.31-08.27.46:763][178]LogEnum:Warning: Enum name collision: 'Movement::NewEnumerator1' is in both '/Game/blueprints/Movement.Movement' and '/Game/Enums/Movement.Movement'
[2017.05.31-08.27.46:763][178]LogEnum:Warning: Enum name collision: 'Movement::NewEnumerator2' is in both '/Game/blueprints/Movement.Movement' and '/Game/Enums/Movement.Movement'
[2017.05.31-08.27.46:763][178]LogEnum:Warning: Enum name collision: 'Movement::NewEnumerator3' is in both '/Game/blueprints/Movement.Movement' and '/Game/Enums/Movement.Movement'
[2017.05.31-08.27.46:882][178]LogContentBrowser: Native class hierarchy updated for 'BlueprintGraph' in 0.0011 seconds. Added 111 classes and 0 folders.
[2017.05.31-08.28.41:841][246]BlueprintLog: New page: Compile Player
[2017.05.31-08.28.42:470][247]Cmd: OBJ SAVEPACKAGE PACKAGE="/Game/blueprints/Player" FILE="../../../../../../Users/User/Documents/GitHub/superMusicGame/Content/blueprints/Player.uasset" SILENT=true
[2017.05.31-08.28.42:707][247]LogSavePackage: Save=184.22ms
[2017.05.31-08.28.42:707][247]LogSavePackage: Moving '../../../../../../Users/User/Documents/GitHub/superMusicGame/Saved/Player6D8373B447244D96AA83A2AB75B37A70.tmp' to '../../../../../../Users/User/Documents/GitHub/superMusicGame/Content/blueprints/Player.uasset'
[2017.05.31-08.28.42:710][247]LogSavePackage:Display: Finished SavePackage ../../../../../../Users/User/Documents/GitHub/superMusicGame/Content/blueprints/Player.uasset
[2017.05.31-08.28.44:043][300]LogTemp: Repeting last play command: New Editor Window (PIE)
[2017.05.31-08.28.44:114][300]LogBlueprintUserMessages: Early PlayInEditor Detection: Level '/Game/Level01.Level01:PersistentLevel' has LevelScriptBlueprint '/Game/Level01.Level01:PersistentLevel.Level01' with GeneratedClass '/Game/Level01.Level01_C' with ClassGeneratedBy '/Game/Level01.Level01:PersistentLevel.Level01'
[2017.05.31-08.28.44:114][300]LogPlayLevel: PlayLevel: No blueprints needed recompiling
[2017.05.31-08.28.44:114][300]PIE: New page: PIE session: Level01 (1 Jun 2017 3:28:44 am)
[2017.05.31-08.28.44:115][300]LogPlayLevel: Creating play world package: /Game/UEDPIE_0_Level01
[2017.05.31-08.28.44:138][300]LogPlayLevel: PIE: StaticDuplicateObject took: (0.023248s)
[2017.05.31-08.28.44:139][300]LogAIModule: Creating AISystem for world Level01
[2017.05.31-08.28.44:139][300]LogPlayLevel: PIE: World Init took: (0.000664s)
[2017.05.31-08.28.44:139][300]LogPlayLevel: PIE: Created PIE world by copying editor world from /Game/Level01.Level01 to /Game/UEDPIE_0_Level01.Level01 (0.024282s)
[2017.05.31-08.28.44:201][300]LogInit: XAudio2 using 'Speakers (3- Realtek High Definition Audio)' : 2 channels at 48 kHz using 32 bits per sample (channel mask 0x3)
[2017.05.31-08.28.44:212][300]LogInit: FAudioDevice initialized.
[2017.05.31-08.28.44:263][300]LogLoad: Game class is 'BasicLevelMode_C'
[2017.05.31-08.28.44:358][300]LogCharacterMovement:Error: CharacterMovement owned by NewPaperTileMap_2 must update a component owned by a Character
[2017.05.31-08.28.44:367][300]LogWorld: Bringing World /Game/UEDPIE_0_Level01.Level01 up for play (max tick rate 60) at 2017.05.31-17.58.44
[2017.05.31-08.28.44:374][300]LogCharacterMovement:Error: CharacterMovement owned by NewPaperTileMap_2 must update a component owned by a Character
[2017.05.31-08.28.44:525][300]PIE:Warning: Warning Mobility of woodBlock_19 : CollisionCylinder has to be 'Movable' if you'd like to move. 
[2017.05.31-08.28.44:525][300]PIE:Warning: Warning Mobility of woodBlock2 : CollisionCylinder has to be 'Movable' if you'd like to move. 
[2017.05.31-08.28.44:525][300]PIE:Warning: Warning Mobility of woodBlock3_201 : CollisionCylinder has to be 'Movable' if you'd like to move. 
[2017.05.31-08.28.44:525][300]PIE:Warning: Warning Mobility of woodBlock4 : CollisionCylinder has to be 'Movable' if you'd like to move. 
[2017.05.31-08.28.44:526][300]PIE:Warning: Warning Mobility of woodBlock5 : CollisionCylinder has to be 'Movable' if you'd like to move. 
[2017.05.31-08.28.44:526][300]PIE:Warning: Warning Mobility of woodBlock6 : CollisionCylinder has to be 'Movable' if you'd like to move. 
[2017.05.31-08.28.44:526][300]PIE:Warning: Warning Mobility of woodBlock7 : CollisionCylinder has to be 'Movable' if you'd like to move. 
[2017.05.31-08.28.44:526][300]PIE:Warning: Warning Mobility of woodBlock10 : CollisionCylinder has to be 'Movable' if you'd like to move. 
[2017.05.31-08.28.44:526][300]PIE:Warning: Warning Mobility of woodBlock11 : CollisionCylinder has to be 'Movable' if you'd like to move. 
[2017.05.31-08.28.44:527][300]PIE:Warning: Warning Mobility of woodBlock12 : CollisionCylinder has to be 'Movable' if you'd like to move. 
[2017.05.31-08.28.44:527][300]PIE:Warning: Warning Mobility of woodBlock13 : CollisionCylinder has to be 'Movable' if you'd like to move. 
[2017.05.31-08.28.44:527][300]PIE:Warning: Warning Mobility of woodBlock14 : CollisionCylinder has to be 'Movable' if you'd like to move. 
[2017.05.31-08.28.44:527][300]PIE:Warning: Warning Mobility of woodBlock15 : CollisionCylinder has to be 'Movable' if you'd like to move. 
[2017.05.31-08.28.44:527][300]PIE:Warning: Warning Mobility of woodBlock16 : CollisionCylinder has to be 'Movable' if you'd like to move. 
[2017.05.31-08.28.44:528][300]PIE:Warning: Warning Mobility of woodBlock19 : CollisionCylinder has to be 'Movable' if you'd like to move. 
[2017.05.31-08.28.44:528][300]PIE:Warning: Warning Mobility of woodBlock20 : CollisionCylinder has to be 'Movable' if you'd like to move. 
[2017.05.31-08.28.44:528][300]PIE:Warning: Warning Mobility of woodBlock22 : CollisionCylinder has to be 'Movable' if you'd like to move. 
[2017.05.31-08.28.44:529][300]PIE:Warning: Warning Mobility of woodBlock23 : CollisionCylinder has to be 'Movable' if you'd like to move. 
[2017.05.31-08.28.44:529][300]PIE:Warning: Warning Mobility of woodBlock24 : CollisionCylinder has to be 'Movable' if you'd like to move. 
[2017.05.31-08.28.44:529][300]PIE:Warning: Warning Mobility of woodBlock29 : CollisionCylinder has to be 'Movable' if you'd like to move. 
[2017.05.31-08.28.44:529][300]PIE:Warning: Warning Mobility of woodBlock30 : CollisionCylinder has to be 'Movable' if you'd like to move. 
[2017.05.31-08.28.44:530][300]PIE:Warning: Warning Mobility of woodBlock31 : CollisionCylinder has to be 'Movable' if you'd like to move. 
[2017.05.31-08.28.44:530][300]PIE:Warning: Warning Mobility of woodBlock32 : CollisionCylinder has to be 'Movable' if you'd like to move. 
[2017.05.31-08.28.44:530][300]PIE:Warning: Warning Mobility of woodBlock33 : CollisionCylinder has to be 'Movable' if you'd like to move. 
[2017.05.31-08.28.44:530][300]PIE:Warning: Warning Mobility of woodBlock34 : CollisionCylinder has to be 'Movable' if you'd like to move. 
[2017.05.31-08.28.44:530][300]PIE:Warning: Warning Mobility of woodBlock35 : CollisionCylinder has to be 'Movable' if you'd like to move. 
[2017.05.31-08.28.44:531][300]PIE:Warning: Warning Mobility of woodBlock36 : CollisionCylinder has to be 'Movable' if you'd like to move. 
[2017.05.31-08.28.44:531][300]PIE:Warning: Warning Mobility of woodBlock37 : CollisionCylinder has to be 'Movable' if you'd like to move. 
[2017.05.31-08.28.44:531][300]PIE:Warning: Warning Mobility of woodBlock38 : CollisionCylinder has to be 'Movable' if you'd like to move. 
[2017.05.31-08.28.44:531][300]PIE:Warning: Warning Mobility of woodBlock39 : CollisionCylinder has to be 'Movable' if you'd like to move. 
[2017.05.31-08.28.44:531][300]PIE:Warning: Warning Mobility of woodBlock40 : CollisionCylinder has to be 'Movable' if you'd like to move. 
[2017.05.31-08.28.44:531][300]PIE:Warning: Warning Mobility of woodBlock41 : CollisionCylinder has to be 'Movable' if you'd like to move. 
[2017.05.31-08.28.44:532][300]PIE:Warning: Warning Mobility of woodBlock42 : CollisionCylinder has to be 'Movable' if you'd like to move. 
[2017.05.31-08.28.44:532][300]PIE:Warning: Warning Mobility of woodBlock43 : CollisionCylinder has to be 'Movable' if you'd like to move. 
[2017.05.31-08.28.44:532][300]PIE:Warning: Warning Mobility of woodBlock44 : CollisionCylinder has to be 'Movable' if you'd like to move. 
[2017.05.31-08.28.44:532][300]PIE:Warning: Warning Mobility of woodBlock45 : CollisionCylinder has to be 'Movable' if you'd like to move. 
[2017.05.31-08.28.44:532][300]PIE:Warning: Warning Mobility of woodBlock46 : CollisionCylinder has to be 'Movable' if you'd like to move. 
[2017.05.31-08.28.44:533][300]PIE:Warning: Warning Mobility of woodBlock47 : CollisionCylinder has to be 'Movable' if you'd like to move. 
[2017.05.31-08.28.44:533][300]PIE:Warning: Warning Mobility of woodBlock48 : CollisionCylinder has to be 'Movable' if you'd like to move. 
[2017.05.31-08.28.44:533][300]PIE:Warning: Warning Mobility of woodBlock49 : CollisionCylinder has to be 'Movable' if you'd like to move. 
[2017.05.31-08.28.44:538][300]PIE:Warning: Warning Mobility of wallPiece_46 : CollisionCylinder has to be 'Movable' if you'd like to move. 
[2017.05.31-08.28.44:540][300]PIE:Warning: Warning Mobility of woodBlock8_190 : CollisionCylinder has to be 'Movable' if you'd like to move. 
[2017.05.31-08.28.44:541][300]PIE:Warning: Warning Mobility of gainFireTrigger_40 : CollisionCylinder has to be 'Movable' if you'd like to move. 
[2017.05.31-08.28.44:541][300]PIE:Warning: Warning Mobility of gainFireTrigger2 : CollisionCylinder has to be 'Movable' if you'd like to move. 
[2017.05.31-08.28.44:541][300]LogWorld: Bringing up level for play took: 0.277088
[2017.05.31-08.28.44:597][300]LogContentBrowser: Native class hierarchy updated for 'MovieSceneCapture' in 0.0006 seconds. Added 11 classes and 0 folders.
[2017.05.31-08.28.44:597][300]LogGameMode:Display: Match State Changed from EnteringMap to WaitingToStart
[2017.05.31-08.28.44:597][300]LogGameState: Match State Changed from EnteringMap to WaitingToStart
[2017.05.31-08.28.44:597][300]LogGameMode:Display: Match State Changed from WaitingToStart to InProgress
[2017.05.31-08.28.44:600][300]LogBlueprintUserMessages: [Level01_C_0] Hello
[2017.05.31-08.28.44:600][300]LogBlueprintUserMessages: [Level01_C_0] 1
[2017.05.31-08.28.44:600][300]LogPlayerManagement:Error: Failed to Create Player: A local player already exists for controller ID 0,
[2017.05.31-08.28.44:601][300]LogGameState: Match State Changed from WaitingToStart to InProgress
[2017.05.31-08.28.44:605][300]PIE: Info Play in editor start time for /Game/UEDPIE_0_Level01 0.948
[2017.05.31-08.28.44:606][300]LogBlueprintUserMessages: Late PlayInEditor Detection: Level '/Game/Level01.Level01:PersistentLevel' has LevelScriptBlueprint '/Game/Level01.Level01:PersistentLevel.Level01' with GeneratedClass '/Game/Level01.Level01_C' with ClassGeneratedBy '/Game/Level01.Level01:PersistentLevel.Level01'
[2017.05.31-08.28.44:607][300]PIE:Warning: Warning Mobility of woodBlock17 : CollisionCylinder has to be 'Movable' if you'd like to move it with CharacterMovementComponent. 
[2017.05.31-08.28.44:607][300]PIE:Warning: Warning Mobility of woodBlock18 : CollisionCylinder has to be 'Movable' if you'd like to move it with CharacterMovementComponent. 
[2017.05.31-08.28.44:607][300]PIE:Warning: Warning Mobility of woodBlock26 : CollisionCylinder has to be 'Movable' if you'd like to move it with CharacterMovementComponent. 
[2017.05.31-08.28.44:607][300]PIE:Warning: Warning Mobility of woodBlock27 : CollisionCylinder has to be 'Movable' if you'd like to move it with CharacterMovementComponent. 
[2017.05.31-08.28.44:607][300]PIE:Warning: Warning Mobility of outerWalls_2 : CollisionCylinder has to be 'Movable' if you'd like to move it with CharacterMovementComponent. 
[2017.05.31-08.28.44:607][300]PIE:Warning: Warning Mobility of outerWalls2 : CollisionCylinder has to be 'Movable' if you'd like to move it with CharacterMovementComponent. 
[2017.05.31-08.28.44:607][300]PIE:Warning: Warning Mobility of outerWalls3 : CollisionCylinder has to be 'Movable' if you'd like to move it with CharacterMovementComponent. 
[2017.05.31-08.28.44:607][300]PIE:Warning: Warning Mobility of outerWalls4 : CollisionCylinder has to be 'Movable' if you'd like to move it with CharacterMovementComponent. 
[2017.05.31-08.28.44:608][300]PIE:Warning: Warning Mobility of outerWalls5 : CollisionCylinder has to be 'Movable' if you'd like to move it with CharacterMovementComponent. 
[2017.05.31-08.28.44:608][300]PIE:Warning: Warning Mobility of outerWalls7 : CollisionCylinder has to be 'Movable' if you'd like to move it with CharacterMovementComponent. 
[2017.05.31-08.28.44:608][300]PIE:Warning: Warning Mobility of outerWalls8 : CollisionCylinder has to be 'Movable' if you'd like to move it with CharacterMovementComponent. 
[2017.05.31-08.28.44:608][300]PIE:Warning: Warning Mobility of outerWalls9 : CollisionCylinder has to be 'Movable' if you'd like to move it with CharacterMovementComponent. 
[2017.05.31-08.28.44:608][300]PIE:Warning: Warning Mobility of outerWalls10 : CollisionCylinder has to be 'Movable' if you'd like to move it with CharacterMovementComponent. 
[2017.05.31-08.28.44:608][300]PIE:Warning: Warning Mobility of outerWalls11 : CollisionCylinder has to be 'Movable' if you'd like to move it with CharacterMovementComponent. 
[2017.05.31-08.28.44:608][300]PIE:Warning: Warning Mobility of outerWalls12 : CollisionCylinder has to be 'Movable' if you'd like to move it with CharacterMovementComponent. 
[2017.05.31-08.28.44:608][300]PIE:Warning: Warning Mobility of outerWalls13 : CollisionCylinder has to be 'Movable' if you'd like to move it with CharacterMovementComponent. 
[2017.05.31-08.28.44:608][300]PIE:Warning: Warning Mobility of outerWalls15_15 : CollisionCylinder has to be 'Movable' if you'd like to move it with CharacterMovementComponent. 
[2017.05.31-08.28.44:608][300]PIE:Warning: Warning Mobility of outerWalls16 : CollisionCylinder has to be 'Movable' if you'd like to move it with CharacterMovementComponent. 
[2017.05.31-08.28.44:650][300]PIE:Warning: Warning Mobility of woodBlock_19 : CollisionCylinder has to be 'Movable' if you'd like to move it with CharacterMovementComponent. 
[2017.05.31-08.28.44:650][300]PIE:Warning: Warning Mobility of woodBlock2 : CollisionCylinder has to be 'Movable' if you'd like to move it with CharacterMovementComponent. 
[2017.05.31-08.28.44:650][300]PIE:Warning: Warning Mobility of woodBlock3_201 : CollisionCylinder has to be 'Movable' if you'd like to move it with CharacterMovementComponent. 
[2017.05.31-08.28.44:650][300]PIE:Warning: Warning Mobility of woodBlock4 : CollisionCylinder has to be 'Movable' if you'd like to move it with CharacterMovementComponent. 
[2017.05.31-08.28.44:650][300]PIE:Warning: Warning Mobility of woodBlock5 : CollisionCylinder has to be 'Movable' if you'd like to move it with CharacterMovementComponent. 
[2017.05.31-08.28.44:650][300]PIE:Warning: Warning Mobility of woodBlock6 : CollisionCylinder has to be 'Movable' if you'd like to move it with CharacterMovementComponent. 
[2017.05.31-08.28.44:650][300]PIE:Warning: Warning Mobility of woodBlock7 : CollisionCylinder has to be 'Movable' if you'd like to move it with CharacterMovementComponent. 
[2017.05.31-08.28.44:650][300]PIE:Warning: Warning Mobility of woodBlock10 : CollisionCylinder has to be 'Movable' if you'd like to move it with CharacterMovementComponent. 
[2017.05.31-08.28.44:651][300]PIE:Warning: Warning Mobility of woodBlock11 : CollisionCylinder has to be 'Movable' if you'd like to move it with CharacterMovementComponent. 
[2017.05.31-08.28.44:651][300]PIE:Warning: Warning Mobility of woodBlock12 : CollisionCylinder has to be 'Movable' if you'd like to move it with CharacterMovementComponent. 
[2017.05.31-08.28.44:651][300]PIE:Warning: Warning Mobility of woodBlock13 : CollisionCylinder has to be 'Movable' if you'd like to move it with CharacterMovementComponent. 
[2017.05.31-08.28.44:651][300]PIE:Warning: Warning Mobility of woodBlock14 : CollisionCylinder has to be 'Movable' if you'd like to move it with CharacterMovementComponent. 
[2017.05.31-08.28.44:651][300]PIE:Warning: Warning Mobility of woodBlock15 : CollisionCylinder has to be 'Movable' if you'd like to move it with CharacterMovementComponent. 
[2017.05.31-08.28.44:651][300]PIE:Warning: Warning Mobility of woodBlock16 : CollisionCylinder has to be 'Movable' if you'd like to move it with CharacterMovementComponent. 
[2017.05.31-08.28.44:651][300]PIE:Warning: Warning Mobility of woodBlock19 : CollisionCylinder has to be 'Movable' if you'd like to move it with CharacterMovementComponent. 
[2017.05.31-08.28.44:651][300]PIE:Warning: Warning Mobility of woodBlock20 : CollisionCylinder has to be 'Movable' if you'd like to move it with CharacterMovementComponent. 
[2017.05.31-08.28.44:651][300]PIE:Warning: Warning Mobility of woodBlock21 : CollisionCylinder has to be 'Movable' if you'd like to move it with CharacterMovementComponent. 
[2017.05.31-08.28.44:651][300]PIE:Warning: Warning Mobility of woodBlock22 : CollisionCylinder has to be 'Movable' if you'd like to move it with CharacterMovementComponent. 
[2017.05.31-08.28.44:651][300]PIE:Warning: Warning Mobility of woodBlock23 : CollisionCylinder has to be 'Movable' if you'd like to move it with CharacterMovementComponent. 
[2017.05.31-08.28.44:651][300]PIE:Warning: Warning Mobility of woodBlock24 : CollisionCylinder has to be 'Movable' if you'd like to move it with CharacterMovementComponent. 
[2017.05.31-08.28.44:651][300]PIE:Warning: Warning Mobility of woodBlock25 : CollisionCylinder has to be 'Movable' if you'd like to move it with CharacterMovementComponent. 
[2017.05.31-08.28.44:651][300]PIE:Warning: Warning Mobility of woodBlock29 : CollisionCylinder has to be 'Movable' if you'd like to move it with CharacterMovementComponent. 
[2017.05.31-08.28.44:651][300]PIE:Warning: Warning Mobility of woodBlock30 : CollisionCylinder has to be 'Movable' if you'd like to move it with CharacterMovementComponent. 
[2017.05.31-08.28.44:651][300]PIE:Warning: Warning Mobility of woodBlock31 : CollisionCylinder has to be 'Movable' if you'd like to move it with CharacterMovementComponent. 
[2017.05.31-08.28.44:651][300]PIE:Warning: Warning Mobility of woodBlock32 : CollisionCylinder has to be 'Movable' if you'd like to move it with CharacterMovementComponent. 
[2017.05.31-08.28.44:651][300]PIE:Warning: Warning Mobility of woodBlock33 : CollisionCylinder has to be 'Movable' if you'd like to move it with CharacterMovementComponent. 
[2017.05.31-08.28.44:651][300]PIE:Warning: Warning Mobility of woodBlock34 : CollisionCylinder has to be 'Movable' if you'd like to move it with CharacterMovementComponent. 
[2017.05.31-08.28.44:651][300]PIE:Warning: Warning Mobility of woodBlock35 : CollisionCylinder has to be 'Movable' if you'd like to move it with CharacterMovementComponent. 
[2017.05.31-08.28.44:651][300]PIE:Warning: Warning Mobility of woodBlock36 : CollisionCylinder has to be 'Movable' if you'd like to move it with CharacterMovementComponent. 
[2017.05.31-08.28.44:651][300]PIE:Warning: Warning Mobility of woodBlock37 : CollisionCylinder has to be 'Movable' if you'd like to move it with CharacterMovementComponent. 
[2017.05.31-08.28.44:651][300]PIE:Warning: Warning Mobility of woodBlock38 : CollisionCylinder has to be 'Movable' if you'd like to move it with CharacterMovementComponent. 
[2017.05.31-08.28.44:651][300]PIE:Warning: Warning Mobility of woodBlock39 : CollisionCylinder has to be 'Movable' if you'd like to move it with CharacterMovementComponent. 
[2017.05.31-08.28.44:651][300]PIE:Warning: Warning Mobility of woodBlock40 : CollisionCylinder has to be 'Movable' if you'd like to move it with CharacterMovementComponent. 
[2017.05.31-08.28.44:652][300]PIE:Warning: Warning Mobility of woodBlock41 : CollisionCylinder has to be 'Movable' if you'd like to move it with CharacterMovementComponent. 
[2017.05.31-08.28.44:652][300]PIE:Warning: Warning Mobility of woodBlock42 : CollisionCylinder has to be 'Movable' if you'd like to move it with CharacterMovementComponent. 
[2017.05.31-08.28.44:652][300]PIE:Warning: Warning Mobility of woodBlock43 : CollisionCylinder has to be 'Movable' if you'd like to move it with CharacterMovementComponent. 
[2017.05.31-08.28.44:652][300]PIE:Warning: Warning Mobility of woodBlock44 : CollisionCylinder has to be 'Movable' if you'd like to move it with CharacterMovementComponent. 
[2017.05.31-08.28.44:652][300]PIE:Warning: Warning Mobility of woodBlock45 : CollisionCylinder has to be 'Movable' if you'd like to move it with CharacterMovementComponent. 
[2017.05.31-08.28.44:652][300]PIE:Warning: Warning Mobility of woodBlock46 : CollisionCylinder has to be 'Movable' if you'd like to move it with CharacterMovementComponent. 
[2017.05.31-08.28.44:652][300]PIE:Warning: Warning Mobility of woodBlock47 : CollisionCylinder has to be 'Movable' if you'd like to move it with CharacterMovementComponent. 
[2017.05.31-08.28.44:652][300]PIE:Warning: Warning Mobility of woodBlock48 : CollisionCylinder has to be 'Movable' if you'd like to move it with CharacterMovementComponent. 
[2017.05.31-08.28.44:652][300]PIE:Warning: Warning Mobility of woodBlock49 : CollisionCylinder has to be 'Movable' if you'd like to move it with CharacterMovementComponent. 
[2017.05.31-08.28.44:652][300]PIE:Warning: Warning Mobility of woodBlock8_190 : CollisionCylinder has to be 'Movable' if you'd like to move it with CharacterMovementComponent. 
[2017.05.31-08.28.44:652][300]PIE:Warning: Warning Mobility of wallPiece_46 : CollisionCylinder has to be 'Movable' if you'd like to move it with CharacterMovementComponent. 
[2017.05.31-08.28.44:652][300]PIE:Warning: Warning Mobility of gainFireTrigger_40 : CollisionCylinder has to be 'Movable' if you'd like to move it with CharacterMovementComponent. 
[2017.05.31-08.28.44:652][300]PIE:Warning: Warning Mobility of gainFireTrigger2 : CollisionCylinder has to be 'Movable' if you'd like to move it with CharacterMovementComponent. 
[2017.05.31-08.28.44:690][300]LogRenderer: Reallocating scene render targets to support 1292x756 NumSamples 1 (Frame:59).
[2017.05.31-08.28.47:784][353]LogBlueprintUserMessages: [Player_C_0] activated
[2017.05.31-08.28.47:791][353]LogBlueprintUserMessages: [Player_C_0] activated
[2017.05.31-08.28.47:844][354]LogBlueprintUserMessages: [Player_C_0] activated
[2017.05.31-08.28.47:897][355]LogBlueprintUserMessages: [Player_C_0] activated
[2017.05.31-08.28.47:947][356]LogBlueprintUserMessages: [Player_C_0] activated
[2017.05.31-08.28.47:996][357]LogBlueprintUserMessages: [Player_C_0] activated
[2017.05.31-08.28.48:046][358]LogBlueprintUserMessages: [Player_C_0] activated
[2017.05.31-08.28.48:094][359]LogBlueprintUserMessages: [Player_C_0] activated
[2017.05.31-08.28.48:147][360]LogBlueprintUserMessages: [Player_C_0] activated
[2017.05.31-08.28.50:214][401]LogBlueprintUserMessages: [Player_C_0] activated
[2017.05.31-08.28.50:222][401]LogBlueprintUserMessages: [Player_C_0] activated
[2017.05.31-08.28.50:271][402]LogBlueprintUserMessages: [Player_C_0] activated
[2017.05.31-08.28.50:326][403]LogBlueprintUserMessages: [Player_C_0] activated
[2017.05.31-08.28.50:374][404]LogBlueprintUserMessages: [Player_C_0] activated
[2017.05.31-08.28.50:426][405]LogBlueprintUserMessages: [Player_C_0] activated
[2017.05.31-08.28.50:470][406]LogBlueprintUserMessages: [Player_C_0] activated
[2017.05.31-08.28.50:519][407]LogBlueprintUserMessages: [Player_C_0] activated
[2017.05.31-08.28.50:571][408]LogBlueprintUserMessages: [Player_C_0] activated
[2017.05.31-08.28.50:875][414]PIE:Warning: Warning Mobility of noBreakWallPiece_C_0 : CollisionCylinder has to be 'Movable' if you'd like to move. 
[2017.05.31-08.28.50:887][414]PIE:Warning: Warning Mobility of noBreakWallPiece_C_0 : CollisionCylinder has to be 'Movable' if you'd like to move it with CharacterMovementComponent. 
[2017.05.31-08.28.50:887][414]LogBlueprintUserMessages: [noBreakWallPiece_C_0] 5
[2017.05.31-08.28.50:933][415]LogBlueprintUserMessages: [noBreakWallPiece_C_0] 5
[2017.05.31-08.28.50:971][416]LogBlueprintUserMessages: [noBreakWallPiece_C_0] 5
[2017.05.31-08.28.51:029][417]LogBlueprintUserMessages: [noBreakWallPiece_C_0] 5
[2017.05.31-08.28.51:080][418]LogBlueprintUserMessages: [noBreakWallPiece_C_0] 5
[2017.05.31-08.28.51:130][419]LogBlueprintUserMessages: [noBreakWallPiece_C_0] 5
[2017.05.31-08.28.51:178][420]LogBlueprintUserMessages: [noBreakWallPiece_C_0] 5
[2017.05.31-08.28.51:232][421]LogBlueprintUserMessages: [noBreakWallPiece_C_0] 5
[2017.05.31-08.28.51:288][422]LogBlueprintUserMessages: [noBreakWallPiece_C_0] 5
[2017.05.31-08.28.51:340][423]LogBlueprintUserMessages: [noBreakWallPiece_C_0] 5
[2017.05.31-08.28.51:393][424]LogBlueprintUserMessages: [noBreakWallPiece_C_0] 5
[2017.05.31-08.28.51:454][425]LogBlueprintUserMessages: [noBreakWallPiece_C_0] 5
[2017.05.31-08.28.51:495][426]LogBlueprintUserMessages: [noBreakWallPiece_C_0] 5
[2017.05.31-08.28.51:546][427]LogBlueprintUserMessages: [noBreakWallPiece_C_0] 5
[2017.05.31-08.28.51:595][428]LogBlueprintUserMessages: [noBreakWallPiece_C_0] 5
[2017.05.31-08.28.51:651][429]LogBlueprintUserMessages: [noBreakWallPiece_C_0] 5
[2017.05.31-08.28.51:702][430]LogBlueprintUserMessages: [noBreakWallPiece_C_0] 5
[2017.05.31-08.28.51:756][431]LogBlueprintUserMessages: [noBreakWallPiece_C_0] 5
[2017.05.31-08.28.51:813][432]LogBlueprintUserMessages: [noBreakWallPiece_C_0] 5
[2017.05.31-08.28.51:864][433]LogBlueprintUserMessages: [noBreakWallPiece_C_0] 5
[2017.05.31-08.28.51:925][434]LogBlueprintUserMessages: [noBreakWallPiece_C_0] 5
[2017.05.31-08.28.51:970][435]LogBlueprintUserMessages: [noBreakWallPiece_C_0] 5
[2017.05.31-08.28.52:035][436]LogBlueprintUserMessages: [noBreakWallPiece_C_0] 5
[2017.05.31-08.28.52:079][437]LogBlueprintUserMessages: [noBreakWallPiece_C_0] 5
[2017.05.31-08.28.52:133][438]LogBlueprintUserMessages: [noBreakWallPiece_C_0] 5
[2017.05.31-08.28.52:186][439]LogBlueprintUserMessages: [noBreakWallPiece_C_0] 5
[2017.05.31-08.28.52:237][440]LogBlueprintUserMessages: [noBreakWallPiece_C_0] 5
[2017.05.31-08.28.52:293][441]LogBlueprintUserMessages: [noBreakWallPiece_C_0] 5
[2017.05.31-08.28.52:349][442]LogBlueprintUserMessages: [noBreakWallPiece_C_0] 5
[2017.05.31-08.28.52:403][443]LogBlueprintUserMessages: [noBreakWallPiece_C_0] 5
[2017.05.31-08.28.52:456][444]LogBlueprintUserMessages: [noBreakWallPiece_C_0] 5
[2017.05.31-08.28.52:507][445]LogBlueprintUserMessages: [noBreakWallPiece_C_0] 5
[2017.05.31-08.28.52:564][446]LogBlueprintUserMessages: [noBreakWallPiece_C_0] 5
[2017.05.31-08.28.52:627][447]LogBlueprintUserMessages: [noBreakWallPiece_C_0] 5
[2017.05.31-08.28.52:674][448]LogBlueprintUserMessages: [noBreakWallPiece_C_0] 5
[2017.05.31-08.28.52:725][449]LogBlueprintUserMessages: [noBreakWallPiece_C_0] 5
[2017.05.31-08.28.52:785][450]LogBlueprintUserMessages: [noBreakWallPiece_C_0] 5
[2017.05.31-08.28.52:840][451]LogBlueprintUserMessages: [noBreakWallPiece_C_0] 5
[2017.05.31-08.28.52:893][452]LogBlueprintUserMessages: [noBreakWallPiece_C_0] 5
[2017.05.31-08.28.52:893][452]LogBlueprintUserMessages: [chargeEnemy_C_1] dealt dmg from charger
[2017.05.31-08.28.52:950][453]LogBlueprintUserMessages: [noBreakWallPiece_C_0] 5
[2017.05.31-08.28.53:006][454]LogBlueprintUserMessages: [noBreakWallPiece_C_0] 5
[2017.05.31-08.28.53:067][455]LogBlueprintUserMessages: [noBreakWallPiece_C_0] 5
[2017.05.31-08.28.53:118][456]LogBlueprintUserMessages: [noBreakWallPiece_C_0] 5
[2017.05.31-08.28.53:178][457]LogBlueprintUserMessages: [noBreakWallPiece_C_0] 5
[2017.05.31-08.28.53:224][458]LogBlueprintUserMessages: [noBreakWallPiece_C_0] 5
[2017.05.31-08.28.53:279][459]LogBlueprintUserMessages: [noBreakWallPiece_C_0] 5
[2017.05.31-08.28.53:337][460]LogBlueprintUserMessages: [noBreakWallPiece_C_0] 5
[2017.05.31-08.28.53:386][461]LogBlueprintUserMessages: [noBreakWallPiece_C_0] 5
[2017.05.31-08.28.53:448][462]LogBlueprintUserMessages: [noBreakWallPiece_C_0] 5
[2017.05.31-08.28.53:495][463]LogBlueprintUserMessages: [noBreakWallPiece_C_0] 5
[2017.05.31-08.28.53:553][464]LogBlueprintUserMessages: [noBreakWallPiece_C_0] 5
[2017.05.31-08.28.53:607][465]LogBlueprintUserMessages: [noBreakWallPiece_C_0] 5
[2017.05.31-08.28.53:663][466]LogBlueprintUserMessages: [noBreakWallPiece_C_0] 5
[2017.05.31-08.28.53:726][467]LogBlueprintUserMessages: [noBreakWallPiece_C_0] 5
[2017.05.31-08.28.53:772][468]LogBlueprintUserMessages: [noBreakWallPiece_C_0] 5
[2017.05.31-08.28.53:828][469]LogBlueprintUserMessages: [noBreakWallPiece_C_0] 5
[2017.05.31-08.28.53:881][470]LogBlueprintUserMessages: [noBreakWallPiece_C_0] 5
[2017.05.31-08.28.53:940][471]LogBlueprintUserMessages: [noBreakWallPiece_C_0] 5
[2017.05.31-08.28.53:991][472]LogBlueprintUserMessages: [noBreakWallPiece_C_0] 5
[2017.05.31-08.28.54:051][473]LogBlueprintUserMessages: [noBreakWallPiece_C_0] 5
[2017.05.31-08.28.54:104][474]LogBlueprintUserMessages: [noBreakWallPiece_C_0] 5
[2017.05.31-08.28.54:157][475]LogBlueprintUserMessages: [noBreakWallPiece_C_0] 5
[2017.05.31-08.28.54:212][476]LogBlueprintUserMessages: [noBreakWallPiece_C_0] 5
[2017.05.31-08.28.54:213][476]LogBlueprintUserMessages: [chargeEnemy_C_1] dealt dmg from charger
[2017.05.31-08.28.54:268][477]LogBlueprintUserMessages: [noBreakWallPiece_C_0] 5
[2017.05.31-08.28.54:323][478]LogBlueprintUserMessages: [noBreakWallPiece_C_0] 5
[2017.05.31-08.28.54:375][479]LogBlueprintUserMessages: [noBreakWallPiece_C_0] 5
[2017.05.31-08.28.54:435][480]LogBlueprintUserMessages: [noBreakWallPiece_C_0] 5
[2017.05.31-08.28.54:486][481]LogBlueprintUserMessages: [noBreakWallPiece_C_0] 5
[2017.05.31-08.28.54:543][482]LogBlueprintUserMessages: [noBreakWallPiece_C_0] 5
[2017.05.31-08.28.54:595][483]LogBlueprintUserMessages: [noBreakWallPiece_C_0] 5
[2017.05.31-08.28.54:653][484]LogBlueprintUserMessages: [noBreakWallPiece_C_0] 5
[2017.05.31-08.28.54:654][484]LogBlueprintUserMessages: [chargeEnemy_C_3] dealt dmg from charger
[2017.05.31-08.28.54:707][485]LogBlueprintUserMessages: [noBreakWallPiece_C_0] 5
[2017.05.31-08.28.54:761][486]LogBlueprintUserMessages: [noBreakWallPiece_C_0] 5
[2017.05.31-08.28.54:827][487]LogBlueprintUserMessages: [noBreakWallPiece_C_0] 5
[2017.05.31-08.28.54:867][488]LogBlueprintUserMessages: [noBreakWallPiece_C_0] 5
[2017.05.31-08.28.54:931][489]LogBlueprintUserMessages: [noBreakWallPiece_C_0] 5
[2017.05.31-08.28.54:931][489]LogBlueprintUserMessages: [chargeEnemy_C_3] dealt dmg from charger
[2017.05.31-08.28.54:980][490]LogBlueprintUserMessages: [noBreakWallPiece_C_0] 5
[2017.05.31-08.28.55:045][491]LogBlueprintUserMessages: [noBreakWallPiece_C_0] 5
[2017.05.31-08.28.55:092][492]LogBlueprintUserMessages: [noBreakWallPiece_C_0] 5
[2017.05.31-08.28.55:145][493]LogBlueprintUserMessages: [noBreakWallPiece_C_0] 5
[2017.05.31-08.28.55:201][494]LogBlueprintUserMessages: [noBreakWallPiece_C_0] 5
[2017.05.31-08.28.55:254][495]LogBlueprintUserMessages: [noBreakWallPiece_C_0] 5
[2017.05.31-08.28.55:314][496]LogBlueprintUserMessages: [noBreakWallPiece_C_0] 5
[2017.05.31-08.28.55:375][497]LogBlueprintUserMessages: [noBreakWallPiece_C_0] 5
[2017.05.31-08.28.55:422][498]LogBlueprintUserMessages: [noBreakWallPiece_C_0] 5
[2017.05.31-08.28.55:474][499]LogBlueprintUserMessages: [noBreakWallPiece_C_0] 5
[2017.05.31-08.28.55:531][500]LogBlueprintUserMessages: [noBreakWallPiece_C_0] 5
[2017.05.31-08.28.55:586][501]LogBlueprintUserMessages: [noBreakWallPiece_C_0] 5
[2017.05.31-08.28.55:640][502]LogBlueprintUserMessages: [noBreakWallPiece_C_0] 5
[2017.05.31-08.28.55:694][503]LogBlueprintUserMessages: [noBreakWallPiece_C_0] 5
[2017.05.31-08.28.55:748][504]LogBlueprintUserMessages: [noBreakWallPiece_C_0] 5
[2017.05.31-08.28.55:807][505]LogBlueprintUserMessages: [noBreakWallPiece_C_0] 5
[2017.05.31-08.28.55:861][506]LogBlueprintUserMessages: [noBreakWallPiece_C_0] 5
[2017.05.31-08.28.55:922][507]LogBlueprintUserMessages: [noBreakWallPiece_C_0] 5
[2017.05.31-08.28.55:968][508]LogBlueprintUserMessages: [noBreakWallPiece_C_0] 5
[2017.05.31-08.28.55:968][508]LogBlueprintUserMessages: [chargeEnemy_C_1] dealt dmg from charger
[2017.05.31-08.28.56:026][509]LogBlueprintUserMessages: [noBreakWallPiece_C_0] 5
[2017.05.31-08.28.56:079][510]LogBlueprintUserMessages: [noBreakWallPiece_C_0] 5
[2017.05.31-08.28.56:132][511]LogBlueprintUserMessages: [noBreakWallPiece_C_0] 5
[2017.05.31-08.28.56:185][512]LogBlueprintUserMessages: [noBreakWallPiece_C_0] 5
[2017.05.31-08.28.56:241][513]LogBlueprintUserMessages: [noBreakWallPiece_C_0] 5
[2017.05.31-08.28.56:241][513]LogBlueprintUserMessages: [chargeEnemy_C_1] dealt dmg from charger
[2017.05.31-08.28.56:298][514]LogBlueprintUserMessages: [noBreakWallPiece_C_0] 5
[2017.05.31-08.28.56:352][515]LogBlueprintUserMessages: [noBreakWallPiece_C_0] 5
[2017.05.31-08.28.56:415][516]LogBlueprintUserMessages: [noBreakWallPiece_C_0] 5
[2017.05.31-08.28.56:469][517]LogBlueprintUserMessages: [noBreakWallPiece_C_0] 5
[2017.05.31-08.28.56:514][518]LogBlueprintUserMessages: [noBreakWallPiece_C_0] 5
[2017.05.31-08.28.56:514][518]LogBlueprintUserMessages: [chargeEnemy_C_1] dealt dmg from charger
[2017.05.31-08.28.56:571][519]LogBlueprintUserMessages: [noBreakWallPiece_C_0] 5
[2017.05.31-08.28.56:628][520]LogBlueprintUserMessages: [noBreakWallPiece_C_0] 5
[2017.05.31-08.28.56:677][521]LogBlueprintUserMessages: [noBreakWallPiece_C_0] 5
[2017.05.31-08.28.56:732][522]LogBlueprintUserMessages: [noBreakWallPiece_C_0] 5
[2017.05.31-08.28.56:784][523]LogBlueprintUserMessages: [noBreakWallPiece_C_0] 5
[2017.05.31-08.28.56:784][523]LogBlueprintUserMessages: [chargeEnemy_C_1] dealt dmg from charger
[2017.05.31-08.28.56:846][524]LogBlueprintUserMessages: [noBreakWallPiece_C_0] 5
[2017.05.31-08.28.56:903][525]LogBlueprintUserMessages: [noBreakWallPiece_C_0] 5
[2017.05.31-08.28.56:957][526]LogBlueprintUserMessages: [noBreakWallPiece_C_0] 5
[2017.05.31-08.28.57:012][527]LogBlueprintUserMessages: [noBreakWallPiece_C_0] 5
[2017.05.31-08.28.57:062][528]LogBlueprintUserMessages: [noBreakWallPiece_C_0] 5
[2017.05.31-08.28.57:113][529]LogBlueprintUserMessages: [noBreakWallPiece_C_0] 5
[2017.05.31-08.28.57:172][530]LogBlueprintUserMessages: [noBreakWallPiece_C_0] 5
[2017.05.31-08.28.57:228][531]LogBlueprintUserMessages: [noBreakWallPiece_C_0] 5
[2017.05.31-08.28.57:279][532]LogBlueprintUserMessages: [noBreakWallPiece_C_0] 5
[2017.05.31-08.28.57:339][533]LogBlueprintUserMessages: [noBreakWallPiece_C_0] 5
[2017.05.31-08.28.57:394][534]LogBlueprintUserMessages: [noBreakWallPiece_C_0] 5
[2017.05.31-08.28.57:452][535]LogBlueprintUserMessages: [noBreakWallPiece_C_0] 5
[2017.05.31-08.28.57:504][536]LogBlueprintUserMessages: [noBreakWallPiece_C_0] 5
[2017.05.31-08.28.57:565][537]LogBlueprintUserMessages: [noBreakWallPiece_C_0] 5
[2017.05.31-08.28.57:611][538]LogBlueprintUserMessages: [noBreakWallPiece_C_0] 5
[2017.05.31-08.28.57:665][539]LogBlueprintUserMessages: [noBreakWallPiece_C_0] 5
[2017.05.31-08.28.57:718][540]LogBlueprintUserMessages: [noBreakWallPiece_C_0] 5
[2017.05.31-08.28.57:776][541]LogBlueprintUserMessages: [noBreakWallPiece_C_0] 5
[2017.05.31-08.28.57:834][542]LogBlueprintUserMessages: [noBreakWallPiece_C_0] 5
[2017.05.31-08.28.57:888][543]LogBlueprintUserMessages: [noBreakWallPiece_C_0] 5
[2017.05.31-08.28.57:947][544]LogBlueprintUserMessages: [noBreakWallPiece_C_0] 5
[2017.05.31-08.28.57:999][545]LogBlueprintUserMessages: [noBreakWallPiece_C_0] 5
[2017.05.31-08.28.58:055][546]LogBlueprintUserMessages: [noBreakWallPiece_C_0] 5
[2017.05.31-08.28.58:111][547]LogBlueprintUserMessages: [noBreakWallPiece_C_0] 5
[2017.05.31-08.28.58:162][548]LogBlueprintUserMessages: [noBreakWallPiece_C_0] 5
[2017.05.31-08.28.58:217][549]LogBlueprintUserMessages: [noBreakWallPiece_C_0] 5
[2017.05.31-08.28.58:271][550]LogBlueprintUserMessages: [noBreakWallPiece_C_0] 5
[2017.05.31-08.28.58:271][550]LogBlueprintUserMessages: [chargeEnemy_C_3] dealt dmg from charger
[2017.05.31-08.28.58:329][551]LogBlueprintUserMessages: [noBreakWallPiece_C_0] 5
[2017.05.31-08.28.58:383][552]LogBlueprintUserMessages: [noBreakWallPiece_C_0] 5
[2017.05.31-08.28.58:441][553]LogBlueprintUserMessages: [noBreakWallPiece_C_0] 5
[2017.05.31-08.28.58:491][554]LogBlueprintUserMessages: [noBreakWallPiece_C_0] 5
[2017.05.31-08.28.58:546][555]LogBlueprintUserMessages: [noBreakWallPiece_C_0] 5
[2017.05.31-08.28.58:600][556]LogBlueprintUserMessages: [noBreakWallPiece_C_0] 5
[2017.05.31-08.28.58:600][556]LogBlueprintUserMessages: [chargeEnemy_C_2] dealt dmg from charger
[2017.05.31-08.28.58:652][557]LogBlueprintUserMessages: [noBreakWallPiece_C_0] 5
[2017.05.31-08.28.58:705][558]LogBlueprintUserMessages: [noBreakWallPiece_C_0] 5
[2017.05.31-08.28.58:758][559]LogBlueprintUserMessages: [noBreakWallPiece_C_0] 5
[2017.05.31-08.28.58:817][560]LogBlueprintUserMessages: [noBreakWallPiece_C_0] 5
[2017.05.31-08.28.58:870][561]LogBlueprintUserMessages: [noBreakWallPiece_C_0] 5
[2017.05.31-08.28.58:870][561]LogBlueprintUserMessages: [chargeEnemy_C_2] dealt dmg from charger
[2017.05.31-08.28.58:929][562]LogBlueprintUserMessages: [noBreakWallPiece_C_0] 5
[2017.05.31-08.28.58:981][563]LogBlueprintUserMessages: [noBreakWallPiece_C_0] 5
[2017.05.31-08.28.59:038][564]LogBlueprintUserMessages: [noBreakWallPiece_C_0] 5
[2017.05.31-08.28.59:090][565]LogBlueprintUserMessages: [noBreakWallPiece_C_0] 5
[2017.05.31-08.28.59:147][566]LogBlueprintUserMessages: [noBreakWallPiece_C_0] 5
[2017.05.31-08.28.59:204][567]LogBlueprintUserMessages: [noBreakWallPiece_C_0] 5
[2017.05.31-08.28.59:251][568]LogBlueprintUserMessages: [noBreakWallPiece_C_0] 5
[2017.05.31-08.28.59:303][569]LogBlueprintUserMessages: [noBreakWallPiece_C_0] 5
[2017.05.31-08.28.59:369][570]LogBlueprintUserMessages: [noBreakWallPiece_C_0] 5
[2017.05.31-08.28.59:420][571]LogBlueprintUserMessages: [noBreakWallPiece_C_0] 5
[2017.05.31-08.28.59:472][572]LogBlueprintUserMessages: [noBreakWallPiece_C_0] 5
[2017.05.31-08.28.59:524][573]LogBlueprintUserMessages: [noBreakWallPiece_C_0] 5
[2017.05.31-08.28.59:581][574]LogBlueprintUserMessages: [noBreakWallPiece_C_0] 5
[2017.05.31-08.28.59:638][575]LogBlueprintUserMessages: [noBreakWallPiece_C_0] 5
[2017.05.31-08.28.59:690][576]LogBlueprintUserMessages: [noBreakWallPiece_C_0] 5
[2017.05.31-08.28.59:753][577]LogBlueprintUserMessages: [noBreakWallPiece_C_0] 5
[2017.05.31-08.28.59:799][578]LogBlueprintUserMessages: [noBreakWallPiece_C_0] 5
[2017.05.31-08.28.59:857][579]LogBlueprintUserMessages: [noBreakWallPiece_C_0] 5
[2017.05.31-08.28.59:909][580]LogBlueprintUserMessages: [noBreakWallPiece_C_0] 5
[2017.05.31-08.28.59:909][580]LogBlueprintUserMessages: [chargeEnemy_C_4] dealt dmg from charger
[2017.05.31-08.28.59:962][581]LogBlueprintUserMessages: [noBreakWallPiece_C_0] 5
[2017.05.31-08.28.59:963][581]LogBlueprintUserMessages: [chargeEnemy_C_3] dealt dmg from charger
[2017.05.31-08.29.00:022][582]LogBlueprintUserMessages: [noBreakWallPiece_C_0] 5
[2017.05.31-08.29.00:075][583]LogBlueprintUserMessages: [noBreakWallPiece_C_0] 5
[2017.05.31-08.29.00:129][584]LogBlueprintUserMessages: [noBreakWallPiece_C_0] 5
[2017.05.31-08.29.00:184][585]LogBlueprintUserMessages: [noBreakWallPiece_C_0] 5
[2017.05.31-08.29.00:236][586]LogBlueprintUserMessages: [noBreakWallPiece_C_0] 5
[2017.05.31-08.29.00:297][587]LogBlueprintUserMessages: [noBreakWallPiece_C_0] 5
[2017.05.31-08.29.00:351][588]LogBlueprintUserMessages: [noBreakWallPiece_C_0] 5
[2017.05.31-08.29.00:407][589]LogBlueprintUserMessages: [noBreakWallPiece_C_0] 5
[2017.05.31-08.29.00:455][590]LogBlueprintUserMessages: [noBreakWallPiece_C_0] 5
[2017.05.31-08.29.00:511][591]LogBlueprintUserMessages: [noBreakWallPiece_C_0] 5
[2017.05.31-08.29.00:563][592]LogBlueprintUserMessages: [noBreakWallPiece_C_0] 5
[2017.05.31-08.29.00:563][592]LogBlueprintUserMessages: [chargeEnemy_C_0] dealt dmg from charger
[2017.05.31-08.29.00:620][593]LogBlueprintUserMessages: [noBreakWallPiece_C_0] 5
[2017.05.31-08.29.00:678][594]LogBlueprintUserMessages: [noBreakWallPiece_C_0] 5
[2017.05.31-08.29.00:729][595]LogBlueprintUserMessages: [noBreakWallPiece_C_0] 5
