Log file open, 05/18/17 11:56:18
LogInit:Display: Running engine for game: musicGame04
LogPlatformFile: Not using cached read wrapper
LogInit:Display: RandInit(-1931717718) SRandInit(-1931717718).
LogTaskGraph: Started task graph with 5 named threads and 6 total threads with 1 sets of task threads.
LogStats: Stats thread started at 0.065792
LogPluginManager: Loaded Plugin Paper2D, From C:/Program Files/Epic Games/UE_4.14/Engine/Plugins/2D/Paper2D/Paper2D.uplugin
LogPluginManager: Loaded Plugin LightPropagationVolume, From C:/Program Files/Epic Games/UE_4.14/Engine/Plugins/Blendables/LightPropagationVolume/LightPropagationVolume.uplugin
LogPluginManager: Loaded Plugin BlankPlugin, From C:/Program Files/Epic Games/UE_4.14/Engine/Plugins/Developer/BlankPlugin/BlankPlugin.uplugin
LogPluginManager: Loaded Plugin CodeLiteSourceCodeAccess, From C:/Program Files/Epic Games/UE_4.14/Engine/Plugins/Developer/CodeLiteSourceCodeAccess/CodeLiteSourceCodeAccess.uplugin
LogPluginManager: Loaded Plugin GitSourceControl, From C:/Program Files/Epic Games/UE_4.14/Engine/Plugins/Developer/GitSourceControl/GitSourceControl.uplugin
LogPluginManager: Loaded Plugin KDevelopSourceCodeAccess, From C:/Program Files/Epic Games/UE_4.14/Engine/Plugins/Developer/KDevelopSourceCodeAccess/KDevelopSourceCodeAccess.uplugin
LogPluginManager: Loaded Plugin NullSourceCodeAccess, From C:/Program Files/Epic Games/UE_4.14/Engine/Plugins/Developer/NullSourceCodeAccess/NullSourceCodeAccess.uplugin
LogPluginManager: Loaded Plugin OneSkyLocalizationService, From C:/Program Files/Epic Games/UE_4.14/Engine/Plugins/Developer/OneSkyLocalizationService/OneSkyLocalizationService.uplugin
LogPluginManager: Loaded Plugin PerforceSourceControl, From C:/Program Files/Epic Games/UE_4.14/Engine/Plugins/Developer/PerforceSourceControl/PerforceSourceControl.uplugin
LogPluginManager: Loaded Plugin SubversionSourceControl, From C:/Program Files/Epic Games/UE_4.14/Engine/Plugins/Developer/SubversionSourceControl/SubversionSourceControl.uplugin
LogPluginManager: Loaded Plugin UObjectPlugin, From C:/Program Files/Epic Games/UE_4.14/Engine/Plugins/Developer/UObjectPlugin/UObjectPlugin.uplugin
LogPluginManager: Loaded Plugin VisualStudioSourceCodeAccess, From C:/Program Files/Epic Games/UE_4.14/Engine/Plugins/Developer/VisualStudioSourceCodeAccess/VisualStudioSourceCodeAccess.uplugin
LogPluginManager: Loaded Plugin XCodeSourceCodeAccess, From C:/Program Files/Epic Games/UE_4.14/Engine/Plugins/Developer/XCodeSourceCodeAccess/XCodeSourceCodeAccess.uplugin
LogPluginManager: Loaded Plugin AudioCapture, From C:/Program Files/Epic Games/UE_4.14/Engine/Plugins/Editor/AudioCapture/AudioCapture.uplugin
LogPluginManager: Loaded Plugin EpicSurvey, From C:/Program Files/Epic Games/UE_4.14/Engine/Plugins/Editor/EpicSurvey/EpicSurvey.uplugin
LogPluginManager: Loaded Plugin MacGraphicsSwitching, From C:/Program Files/Epic Games/UE_4.14/Engine/Plugins/Editor/MacGraphicsSwitching/MacGraphicsSwitching.uplugin
LogPluginManager: Loaded Plugin MobileLauncherProfileWizard, From C:/Program Files/Epic Games/UE_4.14/Engine/Plugins/Editor/MobileLauncherProfileWizard/MobileLauncherProfileWizard.uplugin
LogPluginManager: Loaded Plugin PluginBrowser, From C:/Program Files/Epic Games/UE_4.14/Engine/Plugins/Editor/PluginBrowser/PluginBrowser.uplugin
LogPluginManager: Loaded Plugin SpeedTreeImporter, From C:/Program Files/Epic Games/UE_4.14/Engine/Plugins/Editor/SpeedTreeImporter/SpeedTreeImporter.uplugin
LogPluginManager: Loaded Plugin SuperSearchEditor, From C:/Program Files/Epic Games/UE_4.14/Engine/Plugins/Editor/SuperSearchEditor/SuperSearchEditor.uplugin
LogPluginManager: Loaded Plugin AlembicImporter, From C:/Program Files/Epic Games/UE_4.14/Engine/Plugins/Experimental/AlembicImporter/AlembicImporter.uplugin
LogPluginManager: Loaded Plugin BlueprintStats, From C:/Program Files/Epic Games/UE_4.14/Engine/Plugins/Experimental/BlueprintStats/BlueprintStats.uplugin
LogPluginManager: Loaded Plugin CharacterAI, From C:/Program Files/Epic Games/UE_4.14/Engine/Plugins/Experimental/CharacterAI/CharacterAI.uplugin
LogPluginManager: Loaded Plugin CodeEditor, From C:/Program Files/Epic Games/UE_4.14/Engine/Plugins/Experimental/CodeEditor/CodeEditor.uplugin
LogPluginManager: Loaded Plugin CodeView, From C:/Program Files/Epic Games/UE_4.14/Engine/Plugins/Experimental/CodeView/CodeView.uplugin
LogPluginManager: Loaded Plugin HTML5Networking, From C:/Program Files/Epic Games/UE_4.14/Engine/Plugins/Experimental/HTML5Networking/HTML5Networking.uplugin
LogPluginManager: Loaded Plugin OSVR, From C:/Program Files/Epic Games/UE_4.14/Engine/Plugins/Experimental/OSVR/OSVR.uplugin
LogPluginManager: Loaded Plugin Phya, From C:/Program Files/Epic Games/UE_4.14/Engine/Plugins/Experimental/Phya/Phya.uplugin
LogPluginManager: Loaded Plugin SignificanceManager, From C:/Program Files/Epic Games/UE_4.14/Engine/Plugins/Experimental/SignificanceManager/SignificanceManager.uplugin
LogPluginManager: Loaded Plugin SimpleHMD, From C:/Program Files/Epic Games/UE_4.14/Engine/Plugins/Experimental/SimpleHMD/SimpleHMD.uplugin
LogPluginManager: Loaded Plugin StereoPanorama, From C:/Program Files/Epic Games/UE_4.14/Engine/Plugins/Experimental/StereoPanorama/StereoPanorama.uplugin
LogPluginManager: Loaded Plugin StructBox, From C:/Program Files/Epic Games/UE_4.14/Engine/Plugins/Experimental/StructBox/StructBox.uplugin
LogPluginManager: Loaded Plugin AndroidMedia, From C:/Program Files/Epic Games/UE_4.14/Engine/Plugins/Media/AndroidMedia/AndroidMedia.uplugin
LogPluginManager: Loaded Plugin AvfMedia, From C:/Program Files/Epic Games/UE_4.14/Engine/Plugins/Media/AvfMedia/AvfMedia.uplugin
LogPluginManager: Loaded Plugin MediaPlayerEditor, From C:/Program Files/Epic Games/UE_4.14/Engine/Plugins/Media/MediaPlayerEditor/MediaPlayerEditor.uplugin
LogPluginManager: Loaded Plugin WmfMedia, From C:/Program Files/Epic Games/UE_4.14/Engine/Plugins/Media/WmfMedia/WmfMedia.uplugin
LogPluginManager: Loaded Plugin MessagingDebugger, From C:/Program Files/Epic Games/UE_4.14/Engine/Plugins/Messaging/MessagingDebugger/MessagingDebugger.uplugin
LogPluginManager: Loaded Plugin TcpMessaging, From C:/Program Files/Epic Games/UE_4.14/Engine/Plugins/Messaging/TcpMessaging/TcpMessaging.uplugin
LogPluginManager: Loaded Plugin UdpMessaging, From C:/Program Files/Epic Games/UE_4.14/Engine/Plugins/Messaging/UdpMessaging/UdpMessaging.uplugin
LogPluginManager: Loaded Plugin LevelSequenceEditor, From C:/Program Files/Epic Games/UE_4.14/Engine/Plugins/MovieScene/LevelSequenceEditor/LevelSequenceEditor.uplugin
LogPluginManager: Loaded Plugin MatineeToLevelSequence, From C:/Program Files/Epic Games/UE_4.14/Engine/Plugins/MovieScene/MatineeToLevelSequence/MatineeToLevelSequence.uplugin
LogPluginManager: Loaded Plugin NetcodeUnitTest, From C:/Program Files/Epic Games/UE_4.14/Engine/Plugins/NetcodeUnitTest/NetcodeUnitTest/NetcodeUnitTest.uplugin
LogPluginManager: Loaded Plugin NUTUnrealEngine4, From C:/Program Files/Epic Games/UE_4.14/Engine/Plugins/NetcodeUnitTest/NUTUnrealEngine4/NUTUnrealEngine4.uplugin
LogPluginManager: Loaded Plugin OnlineSubsystemGameCircle, From C:/Program Files/Epic Games/UE_4.14/Engine/Plugins/Online/Android/OnlineSubsystemGameCircle/OnlineSubsystemGameCircle.uplugin
LogPluginManager: Loaded Plugin OnlineSubsystemGooglePlay, From C:/Program Files/Epic Games/UE_4.14/Engine/Plugins/Online/Android/OnlineSubsystemGooglePlay/OnlineSubsystemGooglePlay.uplugin
LogPluginManager: Loaded Plugin OnlineSubsystemIOS, From C:/Program Files/Epic Games/UE_4.14/Engine/Plugins/Online/IOS/OnlineSubsystemIOS/OnlineSubsystemIOS.uplugin
LogPluginManager: Loaded Plugin OnlineFramework, From C:/Program Files/Epic Games/UE_4.14/Engine/Plugins/Online/OnlineFramework/OnlineFramework.uplugin
LogPluginManager: Loaded Plugin OnlineSubsystem, From C:/Program Files/Epic Games/UE_4.14/Engine/Plugins/Online/OnlineSubsystem/OnlineSubsystem.uplugin
LogPluginManager: Loaded Plugin OnlineSubsystemAmazon, From C:/Program Files/Epic Games/UE_4.14/Engine/Plugins/Online/OnlineSubsystemAmazon/OnlineSubsystemAmazon.uplugin
LogPluginManager: Loaded Plugin OnlineSubsystemFacebook, From C:/Program Files/Epic Games/UE_4.14/Engine/Plugins/Online/OnlineSubsystemFacebook/OnlineSubsystemFacebook.uplugin
LogPluginManager: Loaded Plugin OnlineSubsystemNull, From C:/Program Files/Epic Games/UE_4.14/Engine/Plugins/Online/OnlineSubsystemNull/OnlineSubsystemNull.uplugin
LogPluginManager: Loaded Plugin OnlineSubsystemOculus, From C:/Program Files/Epic Games/UE_4.14/Engine/Plugins/Online/OnlineSubsystemOculus/OnlineSubsystemOculus.uplugin
LogPluginManager: Loaded Plugin OnlineSubsystemSteam, From C:/Program Files/Epic Games/UE_4.14/Engine/Plugins/Online/OnlineSubsystemSteam/OnlineSubsystemSteam.uplugin
LogPluginManager: Loaded Plugin OnlineSubsystemUtils, From C:/Program Files/Epic Games/UE_4.14/Engine/Plugins/Online/OnlineSubsystemUtils/OnlineSubsystemUtils.uplugin
LogPluginManager: Loaded Plugin IOSTapJoy, From C:/Program Files/Epic Games/UE_4.14/Engine/Plugins/Runtime/Advertising/IOSTapJoy/IOSTapJoy.uplugin
LogPluginManager: Loaded Plugin AnalyticsBlueprintLibrary, From C:/Program Files/Epic Games/UE_4.14/Engine/Plugins/Runtime/Analytics/AnalyticsBlueprintLibrary/AnalyticsBlueprintLibrary.uplugin
LogPluginManager: Loaded Plugin AnalyticsMulticast, From C:/Program Files/Epic Games/UE_4.14/Engine/Plugins/Runtime/Analytics/AnalyticsMulticast/AnalyticsMulticast.uplugin
LogPluginManager: Loaded Plugin Apsalar, From C:/Program Files/Epic Games/UE_4.14/Engine/Plugins/Runtime/Analytics/Apsalar/Apsalar.uplugin
LogPluginManager: Loaded Plugin FileLogging, From C:/Program Files/Epic Games/UE_4.14/Engine/Plugins/Runtime/Analytics/FileLogging/FileLogging.uplugin
LogPluginManager: Loaded Plugin Flurry, From C:/Program Files/Epic Games/UE_4.14/Engine/Plugins/Runtime/Analytics/Flurry/Flurry.uplugin
LogPluginManager: Loaded Plugin AndroidDeviceProfileSelector, From C:/Program Files/Epic Games/UE_4.14/Engine/Plugins/Runtime/AndroidDeviceProfileSelector/AndroidDeviceProfileSelector.uplugin
LogPluginManager: Loaded Plugin AndroidMoviePlayer, From C:/Program Files/Epic Games/UE_4.14/Engine/Plugins/Runtime/AndroidMoviePlayer/AndroidMoviePlayer.uplugin
LogPluginManager: Loaded Plugin AppleMoviePlayer, From C:/Program Files/Epic Games/UE_4.14/Engine/Plugins/Runtime/AppleMoviePlayer/AppleMoviePlayer.uplugin
LogPluginManager: Loaded Plugin ArchVisCharacter, From C:/Program Files/Epic Games/UE_4.14/Engine/Plugins/Runtime/ArchVisCharacter/ArchVisCharacter.uplugin
LogPluginManager: Loaded Plugin CableComponent, From C:/Program Files/Epic Games/UE_4.14/Engine/Plugins/Runtime/CableComponent/CableComponent.uplugin
LogPluginManager: Loaded Plugin CustomMeshComponent, From C:/Program Files/Epic Games/UE_4.14/Engine/Plugins/Runtime/CustomMeshComponent/CustomMeshComponent.uplugin
LogPluginManager: Loaded Plugin ExampleDeviceProfileSelector, From C:/Program Files/Epic Games/UE_4.14/Engine/Plugins/Runtime/ExampleDeviceProfileSelector/ExampleDeviceProfileSelector.uplugin
LogPluginManager: Loaded Plugin GearVR, From C:/Program Files/Epic Games/UE_4.14/Engine/Plugins/Runtime/GearVR/GearVR.uplugin
LogPluginManager: Loaded Plugin GoogleVRController, From C:/Program Files/Epic Games/UE_4.14/Engine/Plugins/Runtime/GoogleVR/GoogleVRController/GoogleVRController.uplugin
LogPluginManager: Loaded Plugin GoogleVRHMD, From C:/Program Files/Epic Games/UE_4.14/Engine/Plugins/Runtime/GoogleVR/GoogleVRHMD/GoogleVRHMD.uplugin
LogPluginManager: Loaded Plugin IOSDeviceProfileSelector, From C:/Program Files/Epic Games/UE_4.14/Engine/Plugins/Runtime/IOSDeviceProfileSelector/IOSDeviceProfileSelector.uplugin
LogPluginManager: Loaded Plugin LeapMotion, From C:/Program Files/Epic Games/UE_4.14/Engine/Plugins/Runtime/LeapMotion/LeapMotion.uplugin
LogPluginManager: Loaded Plugin LinuxDeviceProfileSelector, From C:/Program Files/Epic Games/UE_4.14/Engine/Plugins/Runtime/LinuxDeviceProfileSelector/LinuxDeviceProfileSelector.uplugin
LogPluginManager: Loaded Plugin MIDIDevice, From C:/Program Files/Epic Games/UE_4.14/Engine/Plugins/Runtime/MIDIDevice/MIDIDevice.uplugin
LogPluginManager: Loaded Plugin MobilePatchingUtils, From C:/Program Files/Epic Games/UE_4.14/Engine/Plugins/Runtime/MobilePatchingUtils/MobilePatchingUtils.uplugin
LogPluginManager: Loaded Plugin Ansel, From C:/Program Files/Epic Games/UE_4.14/Engine/Plugins/Runtime/Nvidia/Ansel/Ansel.uplugin
LogPluginManager: Loaded Plugin OculusAudio, From C:/Program Files/Epic Games/UE_4.14/Engine/Plugins/Runtime/OculusAudio/OculusAudio.uplugin
LogPluginManager: Loaded Plugin OculusInput, From C:/Program Files/Epic Games/UE_4.14/Engine/Plugins/Runtime/OculusInput/OculusInput.uplugin
LogPluginManager: Loaded Plugin OculusLibrary, From C:/Program Files/Epic Games/UE_4.14/Engine/Plugins/Runtime/OculusLibrary/OculusLibrary.uplugin
LogPluginManager: Loaded Plugin OculusRift, From C:/Program Files/Epic Games/UE_4.14/Engine/Plugins/Runtime/OculusRift/OculusRift.uplugin
LogPluginManager: Loaded Plugin Oodle, From C:/Program Files/Epic Games/UE_4.14/Engine/Plugins/Runtime/PacketHandlers/CompressionComponents/Oodle/Oodle.uplugin
LogPluginManager: Loaded Plugin ProceduralMeshComponent, From C:/Program Files/Epic Games/UE_4.14/Engine/Plugins/Runtime/ProceduralMeshComponent/ProceduralMeshComponent.uplugin
LogPluginManager: Loaded Plugin SoundMod, From C:/Program Files/Epic Games/UE_4.14/Engine/Plugins/Runtime/SoundMod/SoundMod.uplugin
LogPluginManager: Loaded Plugin SoundVisualizations, From C:/Program Files/Epic Games/UE_4.14/Engine/Plugins/Runtime/SoundVisualizations/SoundVisualizations.uplugin
LogPluginManager: Loaded Plugin SteamController, From C:/Program Files/Epic Games/UE_4.14/Engine/Plugins/Runtime/Steam/SteamController/SteamController.uplugin
LogPluginManager: Loaded Plugin SteamVR, From C:/Program Files/Epic Games/UE_4.14/Engine/Plugins/Runtime/Steam/SteamVR/SteamVR.uplugin
LogPluginManager: Loaded Plugin WebBrowserWidget, From C:/Program Files/Epic Games/UE_4.14/Engine/Plugins/Runtime/WebBrowserWidget/WebBrowserWidget.uplugin
LogPluginManager: Loaded Plugin WindowsDeviceProfileSelector, From C:/Program Files/Epic Games/UE_4.14/Engine/Plugins/Runtime/WindowsDeviceProfileSelector/WindowsDeviceProfileSelector.uplugin
LogPluginManager: Loaded Plugin WindowsMoviePlayer, From C:/Program Files/Epic Games/UE_4.14/Engine/Plugins/Runtime/WindowsMoviePlayer/WindowsMoviePlayer.uplugin
LogPluginManager: Loaded Plugin ScriptPlugin, From C:/Program Files/Epic Games/UE_4.14/Engine/Plugins/ScriptPlugin/ScriptPlugin.uplugin
LogPluginManager: Loaded Plugin SlateRemote, From C:/Program Files/Epic Games/UE_4.14/Engine/Plugins/Slate/SlateRemote/SlateRemote.uplugin
LogPluginManager: Loaded Plugin EditorTests, From C:/Program Files/Epic Games/UE_4.14/Engine/Plugins/Tests/EditorTests/EditorTests.uplugin
LogPluginManager: Loaded Plugin FbxAutomationTestBuilder, From C:/Program Files/Epic Games/UE_4.14/Engine/Plugins/Tests/FbxAutomationTestBuilder/FbxAutomationTestBuilder.uplugin
LogPluginManager: Loaded Plugin FunctionalTestingEditor, From C:/Program Files/Epic Games/UE_4.14/Engine/Plugins/Tests/FunctionalTestingEditor/FunctionalTestingEditor.uplugin
LogPluginManager: Loaded Plugin RuntimeTests, From C:/Program Files/Epic Games/UE_4.14/Engine/Plugins/Tests/RuntimeTests/RuntimeTests.uplugin
LogPluginManager: Loaded Plugin ScreenshotTools, From C:/Program Files/Epic Games/UE_4.14/Engine/Plugins/Tests/ScreenshotTools/ScreenshotTools.uplugin
LogInit: Using libcurl 7.47.1
LogInit:  - built for x86_64-pc-win32
LogInit:  - supports SSL with OpenSSL/1.0.2g
LogInit:  - supports HTTP deflate (compression) using libz 1.2.8
LogInit:  - other features:
LogInit:      CURL_VERSION_SSL
LogInit:      CURL_VERSION_LIBZ
LogInit:      CURL_VERSION_IPV6
LogInit:      CURL_VERSION_ASYNCHDNS
LogInit:      CURL_VERSION_LARGEFILE
LogInit:      CURL_VERSION_IDN
LogInit:  CurlRequestOptions (configurable via config and command line):
LogInit:  - bVerifyPeer = false  - Libcurl will NOT verify peer certificate
LogInit:  - bUseHttpProxy = false  - Libcurl will NOT use HTTP proxy
LogInit:  - bDontReuseConnections = false  - Libcurl will reuse connections
LogInit:  - CertBundlePath = nullptr  - Libcurl will use whatever was configured at build time.
LogInit: Build: ++UE4+Release-4.14-CL-3249277
LogInit: Engine Version: 4.14.3-3249277+++UE4+Release-4.14
LogInit: Compatible Engine Version: 4.14.0-3195953+++UE4+Release-4.14
LogInit: Net CL: 3195953
LogDevObjectVersion: Number of dev versions registered: 13
LogDevObjectVersion:   Dev-Blueprints (B0D832E4-1F89-4F0D-ACCF-7EB736FD4AA2): 7
LogDevObjectVersion:   Dev-Build (E1C64328-A22C-4D53-A36C-8E866417BD8C): 0
LogDevObjectVersion:   Dev-Core (375EC13C-06E4-48FB-B500-84F0262A717E): 1
LogDevObjectVersion:   Dev-Editor (E4B068ED-F494-42E9-A231-DA0B2E46BB41): 8
LogDevObjectVersion:   Dev-Framework (CFFC743F-43B0-4480-9391-14DF171D2073): 17
LogDevObjectVersion:   Dev-Mobile (B02B49B5-BB20-44E9-A304-32B752E40360): 0
LogDevObjectVersion:   Dev-Networking (A4E4105C-59A1-49B5-A7C5-40C4547EDFEE): 0
LogDevObjectVersion:   Dev-Online (39C831C9-5AE6-47DC-9A44-9C173E1C8E7C): 0
LogDevObjectVersion:   Dev-Physics (78F01B33-EBEA-4F98-B9B4-84EACCB95AA2): 0
LogDevObjectVersion:   Dev-Platform (6631380F-2D4D-43E0-8009-CF276956A95A): 0
LogDevObjectVersion:   Dev-Rendering (12F88B9F-8875-4AFC-A67C-D90C383ABD29): 12
LogDevObjectVersion:   Dev-Sequencer (7B5AE74C-D270-4C10-A958-57980B212A5A): 1
LogDevObjectVersion:   Dev-VR (D7296918-1DD6-4BDD-9DE2-64A83CC13884): 0
LogInit: Compiled (64-bit): Jan  6 2017 10:49:43
LogInit: Compiled with Visual C++: 19.00.23026.00
LogInit: Build Configuration: Development
LogInit: Branch Name: ++UE4+Release-4.14
LogInit: Command line: -EpicPortal 
LogInit: Base directory: C:/Program Files/Epic Games/UE_4.14/Engine/Binaries/Win64/
LogInit: Installed Engine Build: 1
LogInit: Presizing for max 8388607 objects, including 0 objects not considered by GC, pre-allocating 0 bytes for permanent pool.
LogInit: Object subsystem initialized
[2017.05.18-02.26.18:386][  0]LogInit: Selected Device Profile: [Windows]
[2017.05.18-02.26.18:386][  0]LogInit: Applying CVar settings loaded from the selected device profile: [Windows]
[2017.05.18-02.26.18:406][  0]LogInit: Computer: XXXX-PC-X
[2017.05.18-02.26.18:406][  0]LogInit: User: User
[2017.05.18-02.26.18:406][  0]LogInit: CPU Page size=65536, Cores=2
[2017.05.18-02.26.18:406][  0]LogInit: High frequency timer resolution =2.533306 MHz
[2017.05.18-02.26.18:406][  0]LogMemory: Memory total: Physical=11.9GB (12GB approx)
[2017.05.18-02.26.18:406][  0]LogMemory: Platform Memory Stats for Windows
[2017.05.18-02.26.18:406][  0]LogMemory: Process Physical Memory: 266.09 MB used, 266.09 MB peak
[2017.05.18-02.26.18:406][  0]LogMemory: Process Virtual Memory: 262.42 MB used, 262.42 MB peak
[2017.05.18-02.26.18:406][  0]LogMemory: Physical Memory: 2168.60 MB used,  9997.56 MB free, 12166.16 MB total
[2017.05.18-02.26.18:406][  0]LogMemory: Virtual Memory: 698.48 MB used,  9997.56 MB free, 134217728.00 MB total
[2017.05.18-02.26.18:429][  0]LogTextLocalizationManager: No specific translations for ('en-AU') exist, so ('en') translations will be used.
[2017.05.18-02.26.19:120][  0]LogD3D11RHI: D3D11 adapters:
[2017.05.18-02.26.19:125][  0]LogD3D11RHI:    0. 'Intel(R) HD Graphics 4000' (Feature Level 11_0)
[2017.05.18-02.26.19:125][  0]LogD3D11RHI:       32/0/1760 MB DedicatedVideo/DedicatedSystem/SharedSystem, Outputs:1, VendorId:0x8086
[2017.05.18-02.26.19:126][  0]LogD3D11RHI:    1. 'Microsoft Basic Render Driver' (Feature Level 11_0)
[2017.05.18-02.26.19:126][  0]LogD3D11RHI:       0/0/6083 MB DedicatedVideo/DedicatedSystem/SharedSystem, Outputs:0, VendorId:0x1414
[2017.05.18-02.26.19:126][  0]LogD3D11RHI: Chosen D3D11 Adapter: 0
[2017.05.18-02.26.19:129][  0]LogD3D11RHI: Creating new Direct3DDevice
[2017.05.18-02.26.19:129][  0]LogD3D11RHI:     GPU DeviceId: 0x166 (for the marketing name, search the web for "GPU Device Id")
[2017.05.18-02.26.19:129][  0]LogWindows: EnumDisplayDevices:
[2017.05.18-02.26.19:129][  0]LogWindows:    0. 'Intel(R) HD Graphics 4000' (P:1 D:1)
[2017.05.18-02.26.19:130][  0]LogWindows:    1. 'Intel(R) HD Graphics 4000' (P:0 D:0)
[2017.05.18-02.26.19:130][  0]LogWindows:    2. 'Intel(R) HD Graphics 4000' (P:0 D:0)
[2017.05.18-02.26.19:130][  0]LogWindows: DebugString: FoundDriverCount:3 
[2017.05.18-02.26.19:130][  0]LogD3D11RHI:     Adapter Name: Intel(R) HD Graphics 4000
[2017.05.18-02.26.19:130][  0]LogD3D11RHI:   Driver Version: 10.18.10.4358 (internal:10.18.10.4358, unified:10.18.10.4358)
[2017.05.18-02.26.19:130][  0]LogD3D11RHI:      Driver Date: 12-21-2015
[2017.05.18-02.26.19:130][  0]LogRHI: Texture pool is 638 MB (70% of 912 MB)
[2017.05.18-02.26.19:133][  0]LogD3D11RHI: Async texture creation enabled
[2017.05.18-02.26.19:138][  0]LogD3D11RHI: GPU Timing Frequency: 12.500000 (Debug: 2 0)
[2017.05.18-02.26.19:139][  0]LogShaderCompilers: Guid format shader working directory is -6 characters bigger than the processId version (../../../../../../Users/User/Desktop/superMusicGame/Intermediate/Shaders/WorkingDirectory/6068/).
[2017.05.18-02.26.19:139][  0]LogShaderCompilers: Cleaned the shader compiler working directory 'C:/Users/User/AppData/Local/Temp/UnrealShaderWorkingDir/F6C9A32F48D6D3672906E591B8AB914B/'.
[2017.05.18-02.26.19:139][  0]LogShaderCompilers:Display: Using Local Shader Compiler.
[2017.05.18-02.26.20:340][  0]LogTemp:Display: Loaded TP AllDesktopTargetPlatform
[2017.05.18-02.26.20:462][  0]LogTemp:Display: Loaded TP MacClientTargetPlatform
[2017.05.18-02.26.20:528][  0]LogTemp:Display: Loaded TP MacNoEditorTargetPlatform
[2017.05.18-02.26.20:594][  0]LogTemp:Display: Loaded TP MacServerTargetPlatform
[2017.05.18-02.26.20:660][  0]LogTemp:Display: Loaded TP MacTargetPlatform
[2017.05.18-02.26.20:726][  0]LogTemp:Display: Loaded TP WindowsClientTargetPlatform
[2017.05.18-02.26.20:840][  0]LogTemp:Display: Loaded TP WindowsNoEditorTargetPlatform
[2017.05.18-02.26.20:907][  0]LogTemp:Display: Loaded TP WindowsServerTargetPlatform
[2017.05.18-02.26.20:961][  0]LogTemp:Display: Loaded TP WindowsTargetPlatform
[2017.05.18-02.26.21:025][  0]LogTemp:Display: Loaded TP AndroidTargetPlatform
[2017.05.18-02.26.21:093][  0]LogTemp:Display: Loaded TP Android_ASTCTargetPlatform
[2017.05.18-02.26.21:160][  0]LogTemp:Display: Loaded TP Android_ATCTargetPlatform
[2017.05.18-02.26.21:224][  0]LogTemp:Display: Loaded TP Android_DXTTargetPlatform
[2017.05.18-02.26.21:288][  0]LogTemp:Display: Loaded TP Android_ETC1TargetPlatform
[2017.05.18-02.26.21:352][  0]LogTemp:Display: Loaded TP Android_ETC2TargetPlatform
[2017.05.18-02.26.21:480][  0]LogTemp:Display: Loaded TP Android_MultiTargetPlatform
[2017.05.18-02.26.21:480][  0]LogTemp:Display: Loaded TP Android_PVRTCTargetPlatform
[2017.05.18-02.26.21:525][  0]LogTemp:Display: Loaded TP HTML5TargetPlatform
[2017.05.18-02.26.21:626][  0]LogTemp:Display: Loaded TP IOSTargetPlatform
[2017.05.18-02.26.21:686][  0]LogTemp:Display: Loaded TP TVOSTargetPlatform
[2017.05.18-02.26.21:780][  0]LogTemp:Display: Loaded TP LinuxClientTargetPlatform
[2017.05.18-02.26.21:845][  0]LogTemp:Display: Loaded TP LinuxNoEditorTargetPlatform
[2017.05.18-02.26.21:910][  0]LogTemp:Display: Loaded TP LinuxServerTargetPlatform
[2017.05.18-02.26.21:975][  0]LogTemp:Display: Loaded TP LinuxTargetPlatform
[2017.05.18-02.26.21:975][  0]LogTargetPlatformManager:Display: Building Assets For Windows
[2017.05.18-02.26.22:518][  0]LogDerivedDataCache:Display: Max Cache Size: 512 MB
[2017.05.18-02.26.22:571][  0]LogDerivedDataCache: Loaded boot cache 0.05s 50MB C:/Users/User/AppData/Local/UnrealEngine/4.14/DerivedDataCache/Boot.ddc.
[2017.05.18-02.26.22:571][  0]LogDerivedDataCache:Display: Loaded Boot cache: C:/Users/User/AppData/Local/UnrealEngine/4.14/DerivedDataCache/Boot.ddc
[2017.05.18-02.26.22:571][  0]LogDerivedDataCache: FDerivedDataBackendGraph:  Pak pak cache file ../../../../../../Users/User/Desktop/superMusicGame/DerivedDataCache/DDC.ddp not found, will not use a pak cache.
[2017.05.18-02.26.22:571][  0]LogDerivedDataCache: Unable to find inner node Pak for hierarchical cache Hierarchy.
[2017.05.18-02.26.22:571][  0]LogDerivedDataCache: FDerivedDataBackendGraph:  CompressedPak pak cache file ../../../../../../Users/User/Desktop/superMusicGame/DerivedDataCache/Compressed.ddp not found, will not use a pak cache.
[2017.05.18-02.26.22:571][  0]LogDerivedDataCache: Unable to find inner node CompressedPak for hierarchical cache Hierarchy.
[2017.05.18-02.26.22:589][  0]LogDerivedDataCache:Display: Pak cache opened for reading ../../../Engine/DerivedDataCache/Compressed.ddp.
[2017.05.18-02.26.22:601][  0]LogDerivedDataCache: Using Local data cache path C:/Users/User/AppData/Local/UnrealEngine/Common/DerivedDataCache: Writable
[2017.05.18-02.26.22:888][  0]LogInit: Selected Device Profile: [Windows]
[2017.05.18-02.26.22:893][  0]LogContentStreaming: Texture pool size is 0.00 MB
[2017.05.18-02.26.23:127][  0]LogMeshUtilities: Using QuadricMeshReduction for automatic static mesh reduction
[2017.05.18-02.26.23:179][  0]LogSimplygon: Simplygon DLL not present - disabling.
[2017.05.18-02.26.23:233][  0]LogMeshUtilities: Using SimplygonSwarm for distributed automatic mesh merging
[2017.05.18-02.26.23:233][  0]LogMeshUtilities: No automatic skeletal mesh reduction module available
[2017.05.18-02.26.23:233][  0]LogMeshUtilities: No automatic mesh merging module available
[2017.05.18-02.26.23:975][  0]LogNetVersion: GetLocalNetworkVersion: CL: 3195953, ProjectName: musicgame04, ProjectVersion: , EngineNetworkVersion: 2, GameNetworkVersion: 0, NetworkChecksum: 2475016038
[2017.05.18-02.26.24:038][  0]LogAssetRegistry: FAssetRegistry took 0.0222 seconds to start up
[2017.05.18-02.26.24:106][  0]LogPackageLocalizationCache: Processed 3 localized package path(s) for 2 prioritized culture(s) in 0.034699 seconds
[2017.05.18-02.26.24:113][  0]LogUObjectArray: 31946 objects as part of root set at end of initial load.
[2017.05.18-02.26.24:113][  0]LogUObjectAllocator: 6935848 out of 0 bytes used by permanent object pool.
[2017.05.18-02.26.24:113][  0]LogUObjectArray: CloseDisregardForGC: 0/0 objects in disregard for GC pool
[2017.05.18-02.26.24:197][  0]LogInit: WinSock: version 1.1 (2.2), MaxSocks=32767, MaxUdp=65467
[2017.05.18-02.26.25:241][  0]LogSlate: Using Freetype 2.6.0
[2017.05.18-02.26.25:241][  0]LogSlate: SlateFontCache - WITH_FREETYPE: 1, WITH_HARFBUZZ: 1
[2017.05.18-02.26.25:241][  0]LogSlate: SlateFontCache - WITH_FREETYPE: 1, WITH_HARFBUZZ: 1
[2017.05.18-02.26.26:155][  0]LogTcpMessaging: Initializing TcpMessaging bridge
[2017.05.18-02.26.26:200][  0]LogUdpMessaging: Initializing bridge on interface 0.0.0.0:0 to multicast group 230.0.0.1:6666.
[2017.05.18-02.26.26:801][  0]LogMaterial: Uniform references updated for custom material expression Custom.
[2017.05.18-02.26.27:266][  0]SourceControl: Info Source control is disabled
[2017.05.18-02.26.27:268][  0]SourceControl: Info Source control is disabled
[2017.05.18-02.26.27:326][  0]SourceControl: Info Source control is disabled
[2017.05.18-02.26.27:381][  0]SourceControl: Info Source control is disabled
[2017.05.18-02.26.29:939][  0]LogEngine: Initializing Engine...
[2017.05.18-02.26.29:940][  0]LogHMD: Failed to initialize OpenVR with code 110
[2017.05.18-02.26.30:434][  0]LogAIModule: Creating AISystem for world Untitled
[2017.05.18-02.26.30:443][  0]LogInit: XAudio2 using 'Speakers (3- Realtek High Definition Audio)' : 2 channels at 48 kHz using 32 bits per sample (channel mask 0x3)
[2017.05.18-02.26.30:473][  0]LogInit: FAudioDevice initialized.
[2017.05.18-02.26.30:501][  0]LogDerivedDataCache: Saved boot cache 0.03s 50MB C:/Users/User/AppData/Local/UnrealEngine/4.14/DerivedDataCache/Boot.ddc.
[2017.05.18-02.26.30:509][  0]LogInit: Texture streaming: Enabled
[2017.05.18-02.26.30:774][  0]LogInit: Transaction tracking system initialized
[2017.05.18-02.26.31:268][  0]BlueprintLog: New page: Editor Load
[2017.05.18-02.26.32:658][  0]LocalizationService: Info Localization service is disabled
[2017.05.18-02.26.33:514][  0]LogConsoleResponse:Display: 
[2017.05.18-02.26.33:689][  0]LogCook:Display: Max memory allowance for cook 16384mb min free memory 0mb
[2017.05.18-02.26.33:689][  0]LogCook:Display: Mobile HDR setting 1
[2017.05.18-02.26.33:756][  0]LogFileCache: Scanning file cache for directory 'C:/Users/User/Desktop/superMusicGame/Content/' took 0.02s
[2017.05.18-02.26.34:854][  0]SourceControl: Info Source control is disabled
[2017.05.18-02.26.34:854][  0]Cmd: MAP LOAD FILE="../../../../../../Users/User/Desktop/superMusicGame/Content/Level01.umap" TEMPLATE=0 SHOWPROGRESS=1 FEATURELEVEL=3
[2017.05.18-02.26.34:854][  0]LightingResults: New page: Lighting Build
[2017.05.18-02.26.34:903][  0]MapCheck: New page: Map Check
[2017.05.18-02.26.34:903][  0]LightingResults: New page: Lighting Build
[2017.05.18-02.26.35:379][  0]LogBlueprint:Warning: [enemy] 'LastMovement' variable not found. Base class was probably changed.
[2017.05.18-02.26.35:379][  0]LogBlueprint:Warning: [enemy] 'LastMovement' variable not found. Base class was probably changed.
[2017.05.18-02.26.35:380][  0]LogBlueprint:Warning: [enemy] 'Sprite' variable not found. Base class was probably changed.
[2017.05.18-02.26.35:380][  0]LogBlueprint:Warning: [enemy] 'LastMovement' variable not found. Base class was probably changed.
[2017.05.18-02.26.35:381][  0]LogBlueprint:Warning: [enemy] 'Atacked' variable not found. Base class was probably changed.
[2017.05.18-02.26.35:381][  0]LogBlueprint:Warning: [enemy] 'LastMovement' variable not found. Base class was probably changed.
[2017.05.18-02.26.35:766][  0]LogBlueprint:Warning: [pathEnemy] 'moveEnemyV' variable not found. Base class was probably changed.
[2017.05.18-02.26.35:766][  0]LogBlueprint:Warning: [pathEnemy] 'moveEnemyV' variable not found. Base class was probably changed.
[2017.05.18-02.26.36:325][  0]LogAIModule: Creating AISystem for world Level01
[2017.05.18-02.26.36:336][  0]LogEditorServer: Finished looking for orphan Actors (0.000 secs)
[2017.05.18-02.26.36:336][  0]Cmd: MAP CHECKDEP NOCLEARLOG
[2017.05.18-02.26.36:395][  0]MapCheck: Info Map check complete: 0 Error(s), 0 Warning(s), took 59.028ms to complete.
[2017.05.18-02.26.36:395][  0]LogFileHelpers: Loading map 'Level01' took 1.542
[2017.05.18-02.26.36:459][  0]LogWindowsTextInputMethodSystem:Display: IME system now deactivated.
[2017.05.18-02.26.36:760][  0]LogCollectionManager: Loaded 0 collections in 0.001692 seconds
[2017.05.18-02.26.36:865][  0]LogFileCache: Scanning file cache for directory 'C:/Users/User/Desktop/superMusicGame/Saved/Collections/' took 0.01s
[2017.05.18-02.26.36:865][  0]LogFileCache: Scanning file cache for directory 'C:/Users/User/Desktop/superMusicGame/Content/Developers/User/Collections/' took 0.01s
[2017.05.18-02.26.36:865][  0]LogFileCache: Scanning file cache for directory 'C:/Users/User/Desktop/superMusicGame/Content/Collections/' took 0.01s
[2017.05.18-02.26.36:865][  0]LogCollectionManager: Rebuilt the GUID cache for 0 collections in 0.000002 seconds
[2017.05.18-02.26.36:908][  0]LogContentBrowser: Native class hierarchy populated in 0.0382 seconds. Added 2190 classes and 428 folders.
[2017.05.18-02.26.37:052][  0]LogStats: UGameplayTagsManager::ConstructGameplayTagTree: Construct from data asset -  0.000 s
[2017.05.18-02.26.37:052][  0]LogStats: UGameplayTagsManager::ConstructGameplayTagTree: GameplayTagTreeChangedEvent.Broadcast -  0.000 s
[2017.05.18-02.26.37:054][  0]LogContentBrowser: Native class hierarchy updated for 'GameplayTags' in 0.0009 seconds. Added 13 classes and 0 folders.
[2017.05.18-02.26.37:208][  0]LogContentBrowser: Native class hierarchy updated for 'WidgetCarousel' in 0.0005 seconds. Added 0 classes and 0 folders.
[2017.05.18-02.26.37:998][  0]LogContentBrowser: Native class hierarchy updated for 'AddContentDialog' in 0.0022 seconds. Added 0 classes and 0 folders.
[2017.05.18-02.26.38:161][  0]LogContentBrowser: Native class hierarchy updated for 'SceneOutliner' in 0.0011 seconds. Added 1 classes and 2 folders.
[2017.05.18-02.26.38:360][  0]LogCrashTracker: Crashtracker disabled due to settings.
[2017.05.18-02.26.38:379][  0]LogUObjectGlobals:Warning: Failed to find object 'Class None.'
[2017.05.18-02.26.38:539][  0]LogContentBrowser: Native class hierarchy updated for 'HierarchicalLODOutliner' in 0.0020 seconds. Added 1 classes and 2 folders.
[2017.05.18-02.26.38:540][  0]LogLoad: (Engine Initialization) Total time: 25.42 seconds
[2017.05.18-02.26.38:540][  0]LogLoad: (Engine Initialization) Total Blueprint compile time: 0.43 seconds
[2017.05.18-02.26.38:540][  0]LogExternalProfiler: No external profilers were discovered.  External profiling features will not be available.
[2017.05.18-02.26.38:553][  0]LogOcInput: OculusInput pre-init called
[2017.05.18-02.26.38:607][  0]LogContentStreaming: Texture pool size now 1000 MB
[2017.05.18-02.26.39:009][  0]LogRenderer: Reallocating scene render targets to support 868x376 NumSamples 1 (Frame:2).
[2017.05.18-02.26.39:511][  1]LogFileCache: Retrieving MD5 hashes for directory 'C:/Users/User/Desktop/superMusicGame/Content/' took 0.94s
[2017.05.18-02.26.39:591][  2]LogAssetRegistry: Asset discovery search completed in 15.5754 seconds
[2017.05.18-02.26.39:591][  2]LogCollectionManager: Rebuilt the object cache for 0 collections in 0.000001 seconds (found 0 objects)
[2017.05.18-02.26.39:591][  2]LogCollectionManager: Fixed up redirectors for 0 collections in 0.000021 seconds (updated 0 objects)
[2017.05.18-02.26.43:123][136]LogTemp: Repeting last play command: New Editor Window (PIE)
[2017.05.18-02.26.43:155][136]LogBlueprintUserMessages: Early PlayInEditor Detection: Level '/Game/Level01.Level01:PersistentLevel' has LevelScriptBlueprint '/Game/Level01.Level01:PersistentLevel.Level01' with GeneratedClass '/Game/Level01.Level01_C' with ClassGeneratedBy '/Game/Level01.Level01:PersistentLevel.Level01'
[2017.05.18-02.26.43:156][136]LogPlayLevel: PlayLevel: No blueprints needed recompiling
[2017.05.18-02.26.43:157][136]PIE: New page: PIE session: Level01 (18 May 2017 9:26:43 pm)
[2017.05.18-02.26.43:157][136]LogPlayLevel: Creating play world package: /Game/UEDPIE_0_Level01
[2017.05.18-02.26.43:163][136]LogPlayLevel: PIE: StaticDuplicateObject took: (0.005711s)
[2017.05.18-02.26.43:163][136]LogAIModule: Creating AISystem for world Level01
[2017.05.18-02.26.43:164][136]LogPlayLevel: PIE: World Init took: (0.000740s)
[2017.05.18-02.26.43:164][136]LogPlayLevel: PIE: Created PIE world by copying editor world from /Game/Level01.Level01 to /Game/UEDPIE_0_Level01.Level01 (0.007093s)
[2017.05.18-02.26.43:195][136]LogInit: XAudio2 using 'Speakers (3- Realtek High Definition Audio)' : 2 channels at 48 kHz using 32 bits per sample (channel mask 0x3)
[2017.05.18-02.26.43:204][136]LogInit: FAudioDevice initialized.
[2017.05.18-02.26.43:290][136]LogLoad: Game class is 'BasicLevelMode_C'
[2017.05.18-02.26.43:305][136]LogWorld: Bringing World /Game/UEDPIE_0_Level01.Level01 up for play (max tick rate 0) at 2017.05.18-11.56.43
[2017.05.18-02.26.43:319][136]LogWorld: Bringing up level for play took: 0.023555
[2017.05.18-02.26.43:471][136]LogContentBrowser: Native class hierarchy updated for 'MovieSceneCapture' in 0.0015 seconds. Added 11 classes and 0 folders.
[2017.05.18-02.26.43:471][136]LogGameMode:Display: Match State Changed from EnteringMap to WaitingToStart
[2017.05.18-02.26.43:471][136]LogGameState: Match State Changed from EnteringMap to WaitingToStart
[2017.05.18-02.26.43:471][136]LogGameMode:Display: Match State Changed from WaitingToStart to InProgress
[2017.05.18-02.26.43:476][136]LogBlueprintUserMessages: [Player_C_0] right
[2017.05.18-02.26.43:476][136]LogBlueprintUserMessages: [Player_C_0] right
[2017.05.18-02.26.43:476][136]LogBlueprintUserMessages: [Player_C_0] left
[2017.05.18-02.26.43:476][136]LogBlueprintUserMessages: [Player_C_0] right
[2017.05.18-02.26.43:476][136]LogBlueprintUserMessages: [Player_C_0] up
[2017.05.18-02.26.43:476][136]LogBlueprintUserMessages: [Player_C_0] right
[2017.05.18-02.26.43:476][136]LogBlueprintUserMessages: [Player_C_0] down
[2017.05.18-02.26.43:477][136]LogBlueprintUserMessages: [Player_C_0] left
[2017.05.18-02.26.43:477][136]LogBlueprintUserMessages: [Player_C_0] left
[2017.05.18-02.26.43:477][136]LogBlueprintUserMessages: [Player_C_0] down
[2017.05.18-02.26.43:477][136]LogBlueprintUserMessages: [Player_C_0] left
[2017.05.18-02.26.43:477][136]LogBlueprintUserMessages: [Player_C_0] up
[2017.05.18-02.26.43:477][136]LogBlueprintUserMessages: [Player_C_0] up
[2017.05.18-02.26.43:477][136]LogBlueprintUserMessages: [Player_C_0] up
[2017.05.18-02.26.43:477][136]LogBlueprintUserMessages: [Player_C_0] down
[2017.05.18-02.26.43:477][136]LogBlueprintUserMessages: [Player_C_0] down
[2017.05.18-02.26.43:486][136]LogGameState: Match State Changed from WaitingToStart to InProgress
[2017.05.18-02.26.43:495][136]PIE: Info Play in editor start time for /Game/UEDPIE_0_Level01 0.241
[2017.05.18-02.26.43:496][136]LogBlueprintUserMessages: Late PlayInEditor Detection: Level '/Game/Level01.Level01:PersistentLevel' has LevelScriptBlueprint '/Game/Level01.Level01:PersistentLevel.Level01' with GeneratedClass '/Game/Level01.Level01_C' with ClassGeneratedBy '/Game/Level01.Level01:PersistentLevel.Level01'
[2017.05.18-02.26.43:571][136]LogRenderer: Reallocating scene render targets to support 1292x756 NumSamples 1 (Frame:122).
[2017.05.18-02.26.47:711][201]LogBlueprintUserMessages: [Player_C_0] 25
[2017.05.18-02.26.47:711][201]LogBlueprintUserMessages: [chargeEnemy4_23] dealt dmg from charger
[2017.05.18-02.26.48:479][215]LogBlueprintUserMessages: [Player_C_0] 20
[2017.05.18-02.26.48:479][215]LogBlueprintUserMessages: [chargeEnemy11_199] dealt dmg from charger
[2017.05.18-02.26.48:748][220]LogBlueprintUserMessages: [Player_C_0] 15
[2017.05.18-02.26.48:748][220]LogBlueprintUserMessages: [chargeEnemy11_199] dealt dmg from charger
[2017.05.18-02.26.48:803][221]LogBlueprintUserMessages: [Player_C_0] 10
[2017.05.18-02.26.48:803][221]LogBlueprintUserMessages: [chargeEnemy8_138] dealt dmg from charger
[2017.05.18-02.26.49:725][238]LogBlueprintUserMessages: [Player_C_0] up
[2017.05.18-02.26.49:835][240]LogBlueprintUserMessages: [Player_C_0] up
[2017.05.18-02.26.51:083][263]LogBlueprintUserMessages: [Player_C_0] right
[2017.05.18-02.26.51:083][263]LogBlueprintUserMessages: [Player_C_0] right
[2017.05.18-02.26.51:194][265]LogBlueprintUserMessages: [Player_C_0] right
[2017.05.18-02.26.51:248][266]LogBlueprintUserMessages: [Player_C_0] right
[2017.05.18-02.26.51:356][268]LogBlueprintUserMessages: [Player_C_0] right
[2017.05.18-02.26.51:626][273]LogBlueprintUserMessages: [Player_C_0] right
[2017.05.18-02.26.51:626][273]LogBlueprintUserMessages: [Player_C_0] right
[2017.05.18-02.26.52:226][284]LogBlueprintUserMessages: [Player_C_0] up
[2017.05.18-02.26.52:226][284]LogBlueprintUserMessages: [Player_C_0] up
[2017.05.18-02.26.54:839][332]LogBlueprintUserMessages: [Player_C_0] 5
[2017.05.18-02.26.54:839][332]LogBlueprintUserMessages: [chargeEnemy5_72] dealt dmg from charger
[2017.05.18-02.26.55:861][351]LogBlueprintUserMessages: [Player_C_0] down
[2017.05.18-02.26.55:861][351]LogBlueprintUserMessages: [Player_C_0] down
[2017.05.18-02.26.56:729][367]LogBlueprintUserMessages: [Player_C_0] left
[2017.05.18-02.26.56:729][367]LogBlueprintUserMessages: [Player_C_0] left
[2017.05.18-02.26.56:838][369]LogBlueprintUserMessages: [Player_C_0] 0
[2017.05.18-02.26.56:838][369]LogBlueprintUserMessages: [chargeEnemy2_39] dealt dmg from charger
[2017.05.18-02.26.56:945][371]LogBlueprintUserMessages: [Player_C_0] left
[2017.05.18-02.26.57:053][373]LogBlueprintUserMessages: [Player_C_0] left
[2017.05.18-02.26.57:655][384]LogCharacterMovement: Player_C_0 is stuck and failed to move! Velocity: X=137.17 Y=0.00 Z=0.00 Location: X=-828.29 Y=467.25 Z=-155.53 Normal: X=-0.97 Y=0.00 Z=-0.24 PenetrationDepth:0.000 Actor:chargeEnemy6_89 Component:goal_Sprite BoneName:None (0 other events since notify)
[2017.05.18-02.26.57:869][388]LogBlueprintUserMessages: [Player_C_0] -5
[2017.05.18-02.26.57:869][388]LogBlueprintUserMessages: [chargeEnemy6_89] dealt dmg from charger
[2017.05.18-02.26.58:672][404]LogBlueprintUserMessages: [Player_C_0] up
[2017.05.18-02.26.58:674][404]LogBlueprintUserMessages: [Player_C_0] up
[2017.05.18-02.26.59:269][415]LogBlueprintUserMessages: [Player_C_0] down
[2017.05.18-02.26.59:270][415]LogBlueprintUserMessages: [Player_C_0] down
[2017.05.18-02.26.59:270][415]LogBlueprintUserMessages: [Player_C_0] down
[2017.05.18-02.27.00:190][433]LogBlueprintUserMessages: [Player_C_0] up
[2017.05.18-02.27.00:190][433]LogBlueprintUserMessages: [Player_C_0] up
[2017.05.18-02.27.01:669][462]LogBlueprintUserMessages: [Player_C_0] up
[2017.05.18-02.27.01:672][462]LogBlueprintUserMessages: [Player_C_0] up
[2017.05.18-02.27.01:767][464]LogBlueprintUserMessages: [Player_C_0] up
[2017.05.18-02.27.01:814][465]LogBlueprintUserMessages: [Player_C_0] -10
[2017.05.18-02.27.01:814][465]LogBlueprintUserMessages: [chargeEnemy13_77] dealt dmg from charger
[2017.05.18-02.27.02:300][474]LogBlueprintUserMessages: [Player_C_0] up
[2017.05.18-02.27.02:300][474]LogBlueprintUserMessages: [Player_C_0] hit but wasn't tired
[2017.05.18-02.27.02:300][474]LogBlueprintUserMessages: [Player_C_0] up
[2017.05.18-02.27.02:301][474]LogBlueprintUserMessages: [Player_C_0] hit but wasn't tired
[2017.05.18-02.27.02:521][478]LogBlueprintUserMessages: [Player_C_0] -15
[2017.05.18-02.27.02:521][478]LogBlueprintUserMessages: [chargeEnemy_58] dealt dmg from charger
[2017.05.18-02.27.02:794][483]LogBlueprintUserMessages: [Player_C_0] -20
[2017.05.18-02.27.02:795][483]LogBlueprintUserMessages: [chargeEnemy_58] dealt dmg from charger
[2017.05.18-02.27.05:655][537]LogBlueprintUserMessages: [Player_C_0] right
[2017.05.18-02.27.05:763][539]LogBlueprintUserMessages: [Player_C_0] right
[2017.05.18-02.27.05:763][539]LogBlueprintUserMessages: [Player_C_0] hit but wasn't tired
[2017.05.18-02.27.05:764][539]LogBlueprintUserMessages: [Player_C_0] right
[2017.05.18-02.27.05:764][539]LogBlueprintUserMessages: [Player_C_0] hit but wasn't tired
[2017.05.18-02.27.06:141][546]LogBlueprintUserMessages: [Player_C_0] right
[2017.05.18-02.27.06:141][546]LogBlueprintUserMessages: [Player_C_0] hit but wasn't tired
[2017.05.18-02.27.06:141][546]LogBlueprintUserMessages: [Player_C_0] right
[2017.05.18-02.27.06:141][546]LogBlueprintUserMessages: [Player_C_0] hit but wasn't tired
[2017.05.18-02.27.10:354][630]LogBlueprintUserMessages: [Player_C_0] -25
[2017.05.18-02.27.10:354][630]LogBlueprintUserMessages: [chargeEnemy13_77] dealt dmg from charger
[2017.05.18-02.27.10:636][636]LogBlueprintUserMessages: [Player_C_0] -30
[2017.05.18-02.27.10:636][636]LogBlueprintUserMessages: [chargeEnemy13_77] dealt dmg from charger
[2017.05.18-02.27.11:397][652]LogBlueprintUserMessages: [Player_C_0] -35
[2017.05.18-02.27.11:397][652]LogBlueprintUserMessages: [chargeEnemy_58] dealt dmg from charger
[2017.05.18-02.27.11:682][658]LogBlueprintUserMessages: [Player_C_0] down
[2017.05.18-02.27.11:683][658]LogBlueprintUserMessages: [Player_C_0] down
[2017.05.18-02.27.11:683][658]LogBlueprintUserMessages: [Player_C_0] down
[2017.05.18-02.27.11:684][658]LogBlueprintUserMessages: [Player_C_0] -40
[2017.05.18-02.27.11:684][658]LogBlueprintUserMessages: [chargeEnemy_58] dealt dmg from charger
[2017.05.18-02.27.11:923][663]LogBlueprintUserMessages: [Player_C_0] -45
[2017.05.18-02.27.11:923][663]LogBlueprintUserMessages: [chargeEnemy2_39] dealt dmg from charger
[2017.05.18-02.27.12:305][671]LogBlueprintUserMessages: [Player_C_0] down
[2017.05.18-02.27.12:306][671]LogBlueprintUserMessages: [Player_C_0] down
[2017.05.18-02.27.12:306][671]LogBlueprintUserMessages: [Player_C_0] down
[2017.05.18-02.27.13:093][686]LogBlueprintUserMessages: [Player_C_0] up
[2017.05.18-02.27.13:093][686]LogBlueprintUserMessages: [Player_C_0] up
[2017.05.18-02.27.13:617][696]LogBlueprintUserMessages: [Player_C_0] up
[2017.05.18-02.27.14:086][705]LogBlueprintUserMessages: [Player_C_0] right
[2017.05.18-02.27.14:086][705]LogBlueprintUserMessages: [Player_C_0] right
[2017.05.18-02.27.14:139][706]LogBlueprintUserMessages: [Player_C_0] right
[2017.05.18-02.27.15:491][732]LogBlueprintUserMessages: [Player_C_0] -50
[2017.05.18-02.27.15:491][732]LogBlueprintUserMessages: [chargeEnemy7_125] dealt dmg from charger
[2017.05.18-02.27.15:755][737]LogBlueprintUserMessages: [Player_C_0] -55
[2017.05.18-02.27.15:755][737]LogBlueprintUserMessages: [chargeEnemy7_125] dealt dmg from charger
[2017.05.18-02.27.16:664][754]LogBlueprintUserMessages: [Player_C_0] up
[2017.05.18-02.27.16:665][754]LogBlueprintUserMessages: [Player_C_0] up
[2017.05.18-02.27.16:720][755]LogBlueprintUserMessages: [Player_C_0] up
[2017.05.18-02.27.25:648][899]LogBlueprintUserMessages: [Player_C_0] -60
[2017.05.18-02.27.25:649][899]LogBlueprintUserMessages: [chargeEnemy9_156] dealt dmg from charger
[2017.05.18-02.27.26:528][913]LogBlueprintUserMessages: [Player_C_0] down
[2017.05.18-02.27.26:528][913]LogBlueprintUserMessages: [Player_C_0] down
[2017.05.18-02.27.26:591][914]LogBlueprintUserMessages: [Player_C_0] down
[2017.05.18-02.27.28:809][949]LogBlueprintUserMessages: [Player_C_0] up
[2017.05.18-02.27.28:809][949]LogBlueprintUserMessages: [Player_C_0] up
[2017.05.18-02.27.30:330][973]LogBlueprintUserMessages: [Player_C_0] left
[2017.05.18-02.27.30:331][973]LogBlueprintUserMessages: [Player_C_0] left
[2017.05.18-02.27.32:498][  8]LogBlueprintUserMessages: Early EndPlayMap Detection: Level '/Game/Level01.Level01:PersistentLevel' has LevelScriptBlueprint '/Game/Level01.Level01:PersistentLevel.Level01' with GeneratedClass '/Game/Level01.Level01_C' with ClassGeneratedBy '/Game/Level01.Level01:PersistentLevel.Level01'
[2017.05.18-02.27.32:650][  8]LogBlueprintUserMessages: Late EndPlayMap Detection: Level '/Game/Level01.Level01:PersistentLevel' has LevelScriptBlueprint '/Game/Level01.Level01:PersistentLevel.Level01' with GeneratedClass '/Game/Level01.Level01_C' with ClassGeneratedBy '/Game/Level01.Level01:PersistentLevel.Level01'
[2017.05.18-02.27.34:574][ 66]LogTemp: Repeting last play command: New Editor Window (PIE)
[2017.05.18-02.27.34:612][ 66]LogBlueprintUserMessages: Early PlayInEditor Detection: Level '/Game/Level01.Level01:PersistentLevel' has LevelScriptBlueprint '/Game/Level01.Level01:PersistentLevel.Level01' with GeneratedClass '/Game/Level01.Level01_C' with ClassGeneratedBy '/Game/Level01.Level01:PersistentLevel.Level01'
[2017.05.18-02.27.34:612][ 66]LogPlayLevel: PlayLevel: No blueprints needed recompiling
[2017.05.18-02.27.34:612][ 66]PIE: New page: PIE session: Level01 (18 May 2017 9:27:34 pm)
[2017.05.18-02.27.34:612][ 66]LogPlayLevel: Creating play world package: /Game/UEDPIE_0_Level01
[2017.05.18-02.27.34:620][ 66]LogPlayLevel: PIE: StaticDuplicateObject took: (0.008100s)
[2017.05.18-02.27.34:621][ 66]LogAIModule: Creating AISystem for world Level01
[2017.05.18-02.27.34:621][ 66]LogPlayLevel: PIE: World Init took: (0.000940s)
[2017.05.18-02.27.34:621][ 66]LogPlayLevel: PIE: Created PIE world by copying editor world from /Game/Level01.Level01 to /Game/UEDPIE_0_Level01.Level01 (0.009353s)
[2017.05.18-02.27.34:667][ 66]LogInit: XAudio2 using 'Speakers (3- Realtek High Definition Audio)' : 2 channels at 48 kHz using 32 bits per sample (channel mask 0x3)
[2017.05.18-02.27.34:681][ 66]LogInit: FAudioDevice initialized.
[2017.05.18-02.27.34:723][ 66]LogLoad: Game class is 'BasicLevelMode_C'
[2017.05.18-02.27.34:728][ 66]LogWorld: Bringing World /Game/UEDPIE_0_Level01.Level01 up for play (max tick rate 0) at 2017.05.18-11.57.34
[2017.05.18-02.27.34:732][ 66]LogWorld: Bringing up level for play took: 0.007563
[2017.05.18-02.27.34:733][ 66]LogGameMode:Display: Match State Changed from EnteringMap to WaitingToStart
[2017.05.18-02.27.34:733][ 66]LogGameState: Match State Changed from EnteringMap to WaitingToStart
[2017.05.18-02.27.34:733][ 66]LogGameMode:Display: Match State Changed from WaitingToStart to InProgress
[2017.05.18-02.27.34:734][ 66]LogBlueprintUserMessages: [Player_C_0] right
[2017.05.18-02.27.34:734][ 66]LogBlueprintUserMessages: [Player_C_0] right
[2017.05.18-02.27.34:734][ 66]LogBlueprintUserMessages: [Player_C_0] left
[2017.05.18-02.27.34:734][ 66]LogBlueprintUserMessages: [Player_C_0] right
[2017.05.18-02.27.34:734][ 66]LogBlueprintUserMessages: [Player_C_0] up
[2017.05.18-02.27.34:734][ 66]LogBlueprintUserMessages: [Player_C_0] right
[2017.05.18-02.27.34:734][ 66]LogBlueprintUserMessages: [Player_C_0] down
[2017.05.18-02.27.34:734][ 66]LogBlueprintUserMessages: [Player_C_0] left
[2017.05.18-02.27.34:734][ 66]LogBlueprintUserMessages: [Player_C_0] left
[2017.05.18-02.27.34:734][ 66]LogBlueprintUserMessages: [Player_C_0] down
[2017.05.18-02.27.34:734][ 66]LogBlueprintUserMessages: [Player_C_0] left
[2017.05.18-02.27.34:734][ 66]LogBlueprintUserMessages: [Player_C_0] up
[2017.05.18-02.27.34:734][ 66]LogBlueprintUserMessages: [Player_C_0] up
[2017.05.18-02.27.34:734][ 66]LogBlueprintUserMessages: [Player_C_0] up
[2017.05.18-02.27.34:734][ 66]LogBlueprintUserMessages: [Player_C_0] down
[2017.05.18-02.27.34:735][ 66]LogBlueprintUserMessages: [Player_C_0] down
[2017.05.18-02.27.34:736][ 66]LogGameState: Match State Changed from WaitingToStart to InProgress
[2017.05.18-02.27.34:742][ 66]PIE: Info Play in editor start time for /Game/UEDPIE_0_Level01 -0.512
[2017.05.18-02.27.34:742][ 66]LogBlueprintUserMessages: Late PlayInEditor Detection: Level '/Game/Level01.Level01:PersistentLevel' has LevelScriptBlueprint '/Game/Level01.Level01:PersistentLevel.Level01' with GeneratedClass '/Game/Level01.Level01_C' with ClassGeneratedBy '/Game/Level01.Level01:PersistentLevel.Level01'
[2017.05.18-02.27.38:529][133]LogBlueprintUserMessages: [Player_C_0] 25
[2017.05.18-02.27.38:530][133]LogBlueprintUserMessages: [chargeEnemy2_39] dealt dmg from charger
[2017.05.18-02.27.40:586][167]LogBlueprintUserMessages: [Player_C_0] up
[2017.05.18-02.27.41:158][177]LogBlueprintUserMessages: [Player_C_0] down
[2017.05.18-02.27.41:158][177]LogBlueprintUserMessages: [Player_C_0] down
[2017.05.18-02.27.43:279][218]LogBlueprintUserMessages: [Player_C_0] up
[2017.05.18-02.27.43:885][230]LogBlueprintUserMessages: [Player_C_0] down
[2017.05.18-02.27.44:108][234]LogBlueprintUserMessages: [Player_C_0] down
[2017.05.18-02.27.45:712][264]LogBlueprintUserMessages: [Player_C_0] down
[2017.05.18-02.27.45:771][265]LogBlueprintUserMessages: [Player_C_0] down
[2017.05.18-02.27.46:653][280]LogBlueprintUserMessages: [Player_C_0] 20
[2017.05.18-02.27.46:653][280]LogBlueprintUserMessages: [chargeEnemy_58] dealt dmg from charger
[2017.05.18-02.27.47:281][291]LogBlueprintUserMessages: [Player_C_0] right
[2017.05.18-02.27.47:509][295]LogBlueprintUserMessages: [Player_C_0] right
[2017.05.18-02.27.48:166][306]LogBlueprintUserMessages: [Player_C_0] right
[2017.05.18-02.27.49:001][320]LogBlueprintUserMessages: [Player_C_0] up
[2017.05.18-02.27.49:176][323]LogBlueprintUserMessages: [Player_C_0] up
[2017.05.18-02.27.49:176][323]LogBlueprintUserMessages: [Player_C_0] hit but wasn't tired
[2017.05.18-02.27.49:177][323]LogBlueprintUserMessages: [Player_C_0] up
[2017.05.18-02.27.49:177][323]LogBlueprintUserMessages: [Player_C_0] hit but wasn't tired
[2017.05.18-02.27.49:417][327]LogBlueprintUserMessages: [Player_C_0] 15
[2017.05.18-02.27.49:417][327]LogBlueprintUserMessages: [chargeEnemy3_64] dealt dmg from charger
[2017.05.18-02.27.49:469][328]LogBlueprintUserMessages: [Player_C_0] left
[2017.05.18-02.27.49:469][328]LogBlueprintUserMessages: [Player_C_0] hit but wasn't tired
[2017.05.18-02.27.49:469][328]LogBlueprintUserMessages: [Player_C_0] left
[2017.05.18-02.27.49:469][328]LogBlueprintUserMessages: [Player_C_0] hit but wasn't tired
[2017.05.18-02.27.49:471][328]LogBlueprintUserMessages: [Player_C_0] left
[2017.05.18-02.27.49:703][332]LogBlueprintUserMessages: [Player_C_0] left
[2017.05.18-02.27.49:703][332]LogBlueprintUserMessages: [Player_C_0] hit but wasn't tired
[2017.05.18-02.27.49:703][332]LogBlueprintUserMessages: [Player_C_0] left
[2017.05.18-02.27.49:704][332]LogBlueprintUserMessages: [Player_C_0] hit but wasn't tired
[2017.05.18-02.27.49:704][332]LogBlueprintUserMessages: [Player_C_0] 10
[2017.05.18-02.27.49:704][332]LogBlueprintUserMessages: [chargeEnemy3_64] dealt dmg from charger
[2017.05.18-02.27.50:623][348]LogBlueprintUserMessages: [Player_C_0] 5
[2017.05.18-02.27.50:623][348]LogBlueprintUserMessages: [chargeEnemy11_199] dealt dmg from charger
[2017.05.18-02.27.50:678][349]LogBlueprintUserMessages: [Player_C_0] 4
[2017.05.18-02.27.50:678][349]LogBlueprintUserMessages: [chargeEnemy2_39] dealt dmg from charger
[2017.05.18-02.27.52:263][376]LogBlueprintUserMessages: [Player_C_0] -1
[2017.05.18-02.27.52:263][376]LogBlueprintUserMessages: [chargeEnemy2_39] dealt dmg from charger
[2017.05.18-02.27.52:564][381]LogBlueprintUserMessages: [Player_C_0] -6
[2017.05.18-02.27.52:564][381]LogBlueprintUserMessages: [chargeEnemy2_39] dealt dmg from charger
[2017.05.18-02.27.52:619][382]LogBlueprintUserMessages: [Player_C_0] -11
[2017.05.18-02.27.52:619][382]LogBlueprintUserMessages: [chargeEnemy9_156] dealt dmg from charger
[2017.05.18-02.27.54:020][405]LogBlueprintUserMessages: [Player_C_0] -16
[2017.05.18-02.27.54:020][405]LogBlueprintUserMessages: [chargeEnemy8_138] dealt dmg from charger
[2017.05.18-02.27.54:079][406]LogBlueprintUserMessages: [Player_C_0] up
[2017.05.18-02.27.54:080][406]LogBlueprintUserMessages: [Player_C_0] hit but wasn't tired
[2017.05.18-02.27.54:080][406]LogBlueprintUserMessages: [Player_C_0] up
[2017.05.18-02.27.54:080][406]LogBlueprintUserMessages: [Player_C_0] hit but wasn't tired
[2017.05.18-02.27.54:082][406]LogBlueprintUserMessages: [Player_C_0] up
[2017.05.18-02.27.54:142][407]LogBlueprintUserMessages: [Player_C_0] -21
[2017.05.18-02.27.54:142][407]LogBlueprintUserMessages: [chargeEnemy10_181] dealt dmg from charger
[2017.05.18-02.27.54:327][410]LogBlueprintUserMessages: [Player_C_0] -26
[2017.05.18-02.27.54:327][410]LogBlueprintUserMessages: [chargeEnemy8_138] dealt dmg from charger
[2017.05.18-02.27.54:449][412]LogBlueprintUserMessages: [Player_C_0] -31
[2017.05.18-02.27.54:449][412]LogBlueprintUserMessages: [chargeEnemy10_181] dealt dmg from charger
[2017.05.18-02.27.54:631][415]LogBlueprintUserMessages: [Player_C_0] -36
[2017.05.18-02.27.54:632][415]LogBlueprintUserMessages: [chargeEnemy8_138] dealt dmg from charger
[2017.05.18-02.27.54:755][417]LogBlueprintUserMessages: [Player_C_0] -41
[2017.05.18-02.27.54:755][417]LogBlueprintUserMessages: [chargeEnemy10_181] dealt dmg from charger
[2017.05.18-02.27.55:426][428]LogBlueprintUserMessages: [Player_C_0] right
[2017.05.18-02.27.55:427][428]LogBlueprintUserMessages: [Player_C_0] right
[2017.05.18-02.27.57:055][455]LogBlueprintUserMessages: [Player_C_0] up
[2017.05.18-02.27.58:300][477]LogBlueprintUserMessages: [Player_C_0] down
[2017.05.18-02.27.58:300][477]LogBlueprintUserMessages: [Player_C_0] -46
[2017.05.18-02.27.58:300][477]LogBlueprintUserMessages: [chargeEnemy2_39] dealt dmg from charger
[2017.05.18-02.27.58:355][478]LogBlueprintUserMessages: [Player_C_0] -51
[2017.05.18-02.27.58:355][478]LogBlueprintUserMessages: [chargeEnemy9_156] dealt dmg from charger
[2017.05.18-02.27.58:719][484]LogBlueprintUserMessages: [Player_C_0] -56
[2017.05.18-02.27.58:719][484]LogBlueprintUserMessages: [chargeEnemy2_39] dealt dmg from charger
[2017.05.18-02.27.58:778][485]LogBlueprintUserMessages: [Player_C_0] -61
[2017.05.18-02.27.58:778][485]LogBlueprintUserMessages: [chargeEnemy9_156] dealt dmg from charger
[2017.05.18-02.27.59:958][505]LogBlueprintUserMessages: [Player_C_0] right
[2017.05.18-02.28.00:190][509]LogBlueprintUserMessages: [Player_C_0] right
[2017.05.18-02.28.01:605][534]LogBlueprintUserMessages: [Player_C_0] up
[2017.05.18-02.28.03:428][566]LogBlueprintUserMessages: [Player_C_0] -66
[2017.05.18-02.28.03:428][566]LogBlueprintUserMessages: [chargeEnemy10_181] dealt dmg from charger
[2017.05.18-02.28.03:720][571]LogBlueprintUserMessages: [Player_C_0] -71
[2017.05.18-02.28.03:720][571]LogBlueprintUserMessages: [chargeEnemy10_181] dealt dmg from charger
[2017.05.18-02.28.04:135][578]LogBlueprintUserMessages: [Player_C_0] up
[2017.05.18-02.28.04:368][582]LogBlueprintUserMessages: [Player_C_0] up
[2017.05.18-02.28.04:426][583]LogBlueprintUserMessages: [Player_C_0] up
[2017.05.18-02.28.04:426][583]LogBlueprintUserMessages: [Player_C_0] hit but wasn't tired
[2017.05.18-02.28.04:426][583]LogBlueprintUserMessages: [Player_C_0] up
[2017.05.18-02.28.04:426][583]LogBlueprintUserMessages: [Player_C_0] hit but wasn't tired
[2017.05.18-02.28.04:652][587]LogBlueprintUserMessages: [Player_C_0] -76
[2017.05.18-02.28.04:652][587]LogBlueprintUserMessages: [chargeEnemy12_38] dealt dmg from charger
[2017.05.18-02.28.05:399][600]LogBlueprintUserMessages: [Player_C_0] -81
[2017.05.18-02.28.05:400][600]LogBlueprintUserMessages: [chargeEnemy11_199] dealt dmg from charger
[2017.05.18-02.28.05:457][601]LogBlueprintUserMessages: [Player_C_0] down
[2017.05.18-02.28.06:426][617]LogBlueprintUserMessages: [Player_C_0] up
[2017.05.18-02.28.06:732][622]LogBlueprintUserMessages: [Player_C_0] up
[2017.05.18-02.28.07:152][629]LogBlueprintUserMessages: Early EndPlayMap Detection: Level '/Game/Level01.Level01:PersistentLevel' has LevelScriptBlueprint '/Game/Level01.Level01:PersistentLevel.Level01' with GeneratedClass '/Game/Level01.Level01_C' with ClassGeneratedBy '/Game/Level01.Level01:PersistentLevel.Level01'
[2017.05.18-02.28.07:294][629]LogBlueprintUserMessages: Late EndPlayMap Detection: Level '/Game/Level01.Level01:PersistentLevel' has LevelScriptBlueprint '/Game/Level01.Level01:PersistentLevel.Level01' with GeneratedClass '/Game/Level01.Level01_C' with ClassGeneratedBy '/Game/Level01.Level01:PersistentLevel.Level01'
[2017.05.18-02.28.13:199][768]LogContentBrowser: Native class hierarchy updated for 'BlueprintGraph' in 0.0010 seconds. Added 111 classes and 0 folders.
[2017.05.18-02.28.26:328][118]LogTemp: Repeting last play command: New Editor Window (PIE)
[2017.05.18-02.28.26:379][118]LogBlueprintUserMessages: Early PlayInEditor Detection: Level '/Game/Level01.Level01:PersistentLevel' has LevelScriptBlueprint '/Game/Level01.Level01:PersistentLevel.Level01' with GeneratedClass '/Game/Level01.Level01_C' with ClassGeneratedBy '/Game/Level01.Level01:PersistentLevel.Level01'
[2017.05.18-02.28.26:379][118]LogPlayLevel: PlayLevel: No blueprints needed recompiling
[2017.05.18-02.28.26:379][118]PIE: New page: PIE session: Level01 (18 May 2017 9:28:26 pm)
[2017.05.18-02.28.26:379][118]LogPlayLevel: Creating play world package: /Game/UEDPIE_0_Level01
[2017.05.18-02.28.26:388][118]LogPlayLevel: PIE: StaticDuplicateObject took: (0.008283s)
[2017.05.18-02.28.26:388][118]LogAIModule: Creating AISystem for world Level01
[2017.05.18-02.28.26:389][118]LogPlayLevel: PIE: World Init took: (0.000829s)
[2017.05.18-02.28.26:389][118]LogPlayLevel: PIE: Created PIE world by copying editor world from /Game/Level01.Level01 to /Game/UEDPIE_0_Level01.Level01 (0.009386s)
[2017.05.18-02.28.26:454][118]LogInit: XAudio2 using 'Speakers (3- Realtek High Definition Audio)' : 2 channels at 48 kHz using 32 bits per sample (channel mask 0x3)
[2017.05.18-02.28.26:466][118]LogInit: FAudioDevice initialized.
[2017.05.18-02.28.26:507][118]LogLoad: Game class is 'BasicLevelMode_C'
[2017.05.18-02.28.26:511][118]LogWorld: Bringing World /Game/UEDPIE_0_Level01.Level01 up for play (max tick rate 0) at 2017.05.18-11.58.26
[2017.05.18-02.28.26:514][118]LogWorld: Bringing up level for play took: 0.006453
[2017.05.18-02.28.26:515][118]LogGameMode:Display: Match State Changed from EnteringMap to WaitingToStart
[2017.05.18-02.28.26:515][118]LogGameState: Match State Changed from EnteringMap to WaitingToStart
[2017.05.18-02.28.26:515][118]LogGameMode:Display: Match State Changed from WaitingToStart to InProgress
[2017.05.18-02.28.26:516][118]LogBlueprintUserMessages: [Player_C_0] right
[2017.05.18-02.28.26:517][118]LogBlueprintUserMessages: [Player_C_0] right
[2017.05.18-02.28.26:517][118]LogBlueprintUserMessages: [Player_C_0] left
[2017.05.18-02.28.26:517][118]LogBlueprintUserMessages: [Player_C_0] right
[2017.05.18-02.28.26:517][118]LogBlueprintUserMessages: [Player_C_0] up
[2017.05.18-02.28.26:517][118]LogBlueprintUserMessages: [Player_C_0] right
[2017.05.18-02.28.26:517][118]LogBlueprintUserMessages: [Player_C_0] down
[2017.05.18-02.28.26:517][118]LogBlueprintUserMessages: [Player_C_0] left
[2017.05.18-02.28.26:517][118]LogBlueprintUserMessages: [Player_C_0] left
[2017.05.18-02.28.26:517][118]LogBlueprintUserMessages: [Player_C_0] down
[2017.05.18-02.28.26:517][118]LogBlueprintUserMessages: [Player_C_0] left
[2017.05.18-02.28.26:517][118]LogBlueprintUserMessages: [Player_C_0] up
[2017.05.18-02.28.26:517][118]LogBlueprintUserMessages: [Player_C_0] up
[2017.05.18-02.28.26:517][118]LogBlueprintUserMessages: [Player_C_0] up
[2017.05.18-02.28.26:517][118]LogBlueprintUserMessages: [Player_C_0] down
[2017.05.18-02.28.26:517][118]LogBlueprintUserMessages: [Player_C_0] down
[2017.05.18-02.28.26:519][118]LogGameState: Match State Changed from WaitingToStart to InProgress
[2017.05.18-02.28.26:526][118]PIE: Info Play in editor start time for /Game/UEDPIE_0_Level01 -0.729
[2017.05.18-02.28.26:526][118]LogBlueprintUserMessages: Late PlayInEditor Detection: Level '/Game/Level01.Level01:PersistentLevel' has LevelScriptBlueprint '/Game/Level01.Level01:PersistentLevel.Level01' with GeneratedClass '/Game/Level01.Level01_C' with ClassGeneratedBy '/Game/Level01.Level01:PersistentLevel.Level01'
[2017.05.18-02.28.28:083][145]LogBlueprintUserMessages: [Player_C_0] 25
[2017.05.18-02.28.28:083][145]LogBlueprintUserMessages: [chargeEnemy_58] dealt dmg from charger
[2017.05.18-02.28.28:373][150]LogBlueprintUserMessages: [Player_C_0] 20
[2017.05.18-02.28.28:373][150]LogBlueprintUserMessages: [chargeEnemy_58] dealt dmg from charger
[2017.05.18-02.28.29:237][165]LogBlueprintUserMessages: [Player_C_0] down
[2017.05.18-02.28.29:408][168]LogBlueprintUserMessages: [Player_C_0] down
[2017.05.18-02.28.29:461][169]LogBlueprintUserMessages: [Player_C_0] down
[2017.05.18-02.28.30:734][192]LogBlueprintUserMessages: [Player_C_0] up
[2017.05.18-02.28.31:171][200]LogBlueprintUserMessages: [Player_C_0] 15
[2017.05.18-02.28.31:171][200]LogBlueprintUserMessages: [chargeEnemy3_64] dealt dmg from charger
[2017.05.18-02.28.31:447][205]LogBlueprintUserMessages: [Player_C_0] 10
[2017.05.18-02.28.31:447][205]LogBlueprintUserMessages: [chargeEnemy3_64] dealt dmg from charger
[2017.05.18-02.28.31:745][210]LogBlueprintUserMessages: [Player_C_0] left
[2017.05.18-02.28.31:809][211]LogBlueprintUserMessages: [Player_C_0] 9
[2017.05.18-02.28.31:809][211]LogBlueprintUserMessages: [chargeEnemy5_72] dealt dmg from charger
[2017.05.18-02.28.32:369][221]LogBlueprintUserMessages: [Player_C_0] down
[2017.05.18-02.28.32:817][230]LogBlueprintUserMessages: [Player_C_0] right
[2017.05.18-02.28.32:817][230]LogBlueprintUserMessages: [Player_C_0] hit but wasn't tired
[2017.05.18-02.28.32:817][230]LogBlueprintUserMessages: [Player_C_0] right
[2017.05.18-02.28.32:817][230]LogBlueprintUserMessages: [Player_C_0] right
[2017.05.18-02.28.33:011][234]LogBlueprintUserMessages: [Player_C_0] 8
[2017.05.18-02.28.33:011][234]LogBlueprintUserMessages: [chargeEnemy6_89] dealt dmg from charger
[2017.05.18-02.28.33:107][236]LogBlueprintUserMessages: [Player_C_0] 3
[2017.05.18-02.28.33:107][236]LogBlueprintUserMessages: [chargeEnemy4_23] dealt dmg from charger
[2017.05.18-02.28.33:968][254]LogBlueprintUserMessages: [Player_C_0] up
[2017.05.18-02.28.33:969][254]LogBlueprintUserMessages: [Player_C_0] up
[2017.05.18-02.28.34:306][261]LogBlueprintUserMessages: [Player_C_0] up
[2017.05.18-02.28.35:821][290]LogBlueprintUserMessages: [Player_C_0] up
[2017.05.18-02.28.35:821][290]LogBlueprintUserMessages: [Player_C_0] up
[2017.05.18-02.28.35:931][292]LogBlueprintUserMessages: [Player_C_0] up
[2017.05.18-02.28.35:931][292]LogBlueprintUserMessages: [Player_C_0] hit but wasn't tired
[2017.05.18-02.28.35:986][293]LogBlueprintUserMessages: [Player_C_0] up
[2017.05.18-02.28.35:986][293]LogBlueprintUserMessages: [Player_C_0] hit but wasn't tired
[2017.05.18-02.28.36:041][294]LogBlueprintUserMessages: [Player_C_0] up
[2017.05.18-02.28.36:041][294]LogBlueprintUserMessages: [Player_C_0] hit but wasn't tired
[2017.05.18-02.28.36:264][298]LogBlueprintUserMessages: [Player_C_0] -2
[2017.05.18-02.28.36:264][298]LogBlueprintUserMessages: [chargeEnemy10_181] dealt dmg from charger
[2017.05.18-02.28.37:575][322]LogBlueprintUserMessages: [Player_C_0] left
[2017.05.18-02.28.37:575][322]LogBlueprintUserMessages: [Player_C_0] left
[2017.05.18-02.28.37:629][323]LogBlueprintUserMessages: [Player_C_0] left
[2017.05.18-02.28.38:353][336]LogBlueprintUserMessages: [Player_C_0] -7
[2017.05.18-02.28.38:353][336]LogBlueprintUserMessages: [chargeEnemy6_89] dealt dmg from charger
[2017.05.18-02.28.38:519][339]LogBlueprintUserMessages: [Player_C_0] -12
[2017.05.18-02.28.38:519][339]LogBlueprintUserMessages: [chargeEnemy12_38] dealt dmg from charger
[2017.05.18-02.28.38:574][340]LogBlueprintUserMessages: [Player_C_0] down
[2017.05.18-02.28.38:574][340]LogBlueprintUserMessages: [Player_C_0] down
[2017.05.18-02.28.39:456][356]LogBlueprintUserMessages: [Player_C_0] up
[2017.05.18-02.28.39:456][356]LogBlueprintUserMessages: [Player_C_0] up
[2017.05.18-02.28.39:510][357]LogBlueprintUserMessages: [Player_C_0] up
[2017.05.18-02.28.39:620][359]LogBlueprintUserMessages: [Player_C_0] up
[2017.05.18-02.28.40:129][368]LogBlueprintUserMessages: [Player_C_0] -17
[2017.05.18-02.28.40:130][368]LogBlueprintUserMessages: [chargeEnemy11_199] dealt dmg from charger
[2017.05.18-02.28.40:415][373]LogBlueprintUserMessages: [Player_C_0] -22
[2017.05.18-02.28.40:415][373]LogBlueprintUserMessages: [chargeEnemy11_199] dealt dmg from charger
[2017.05.18-02.28.40:865][381]LogBlueprintUserMessages: [Player_C_0] up
[2017.05.18-02.28.40:865][381]LogBlueprintUserMessages: [Player_C_0] up
[2017.05.18-02.28.41:088][385]LogBlueprintUserMessages: [Player_C_0] up
[2017.05.18-02.28.42:028][402]LogBlueprintUserMessages: [Player_C_0] up
[2017.05.18-02.28.42:028][402]LogBlueprintUserMessages: [Player_C_0] up
[2017.05.18-02.28.42:977][419]LogBlueprintUserMessages: [Player_C_0] down
[2017.05.18-02.28.42:977][419]LogBlueprintUserMessages: [Player_C_0] hit but wasn't tired
[2017.05.18-02.28.42:979][419]LogBlueprintUserMessages: [Player_C_0] down
[2017.05.18-02.28.42:979][419]LogBlueprintUserMessages: [Player_C_0] down
[2017.05.18-02.28.43:201][423]LogBlueprintUserMessages: [Player_C_0] -27
[2017.05.18-02.28.43:201][423]LogBlueprintUserMessages: [chargeEnemy5_72] dealt dmg from charger
[2017.05.18-02.28.43:257][424]LogBlueprintUserMessages: [Player_C_0] down
[2017.05.18-02.28.44:363][444]LogBlueprintUserMessages: [Player_C_0] up
[2017.05.18-02.28.44:363][444]LogBlueprintUserMessages: [Player_C_0] up
[2017.05.18-02.28.44:588][448]LogBlueprintUserMessages: [Player_C_0] up
[2017.05.18-02.28.46:108][475]LogBlueprintUserMessages: [Player_C_0] up
[2017.05.18-02.28.46:108][475]LogBlueprintUserMessages: [Player_C_0] up
[2017.05.18-02.28.46:886][489]LogBlueprintUserMessages: [Player_C_0] up
[2017.05.18-02.28.46:886][489]LogBlueprintUserMessages: [Player_C_0] hit but wasn't tired
[2017.05.18-02.28.46:886][489]LogBlueprintUserMessages: [Player_C_0] up
[2017.05.18-02.28.46:886][489]LogBlueprintUserMessages: [Player_C_0] hit but wasn't tired
[2017.05.18-02.28.46:887][489]LogBlueprintUserMessages: [Player_C_0] up
[2017.05.18-02.28.46:887][489]LogBlueprintUserMessages: [Player_C_0] up
[2017.05.18-02.28.47:161][494]LogBlueprintUserMessages: [Player_C_0] -32
[2017.05.18-02.28.47:161][494]LogBlueprintUserMessages: [chargeEnemy11_199] dealt dmg from charger
[2017.05.18-02.28.47:267][496]LogBlueprintUserMessages: [Player_C_0] up
[2017.05.18-02.28.47:267][496]LogBlueprintUserMessages: [Player_C_0] hit but wasn't tired
[2017.05.18-02.28.47:270][496]LogBlueprintUserMessages: [Player_C_0] -37
[2017.05.18-02.28.47:270][496]LogBlueprintUserMessages: [chargeEnemy7_125] dealt dmg from charger
[2017.05.18-02.28.47:433][499]LogBlueprintUserMessages: [Player_C_0] -42
[2017.05.18-02.28.47:433][499]LogBlueprintUserMessages: [chargeEnemy11_199] dealt dmg from charger
[2017.05.18-02.28.47:924][508]LogBlueprintUserMessages: [Player_C_0] up
[2017.05.18-02.28.47:925][508]LogBlueprintUserMessages: [Player_C_0] up
[2017.05.18-02.28.48:087][511]LogBlueprintUserMessages: [Player_C_0] up
[2017.05.18-02.28.48:141][512]LogBlueprintUserMessages: [Player_C_0] up
[2017.05.18-02.28.48:526][519]LogBlueprintUserMessages: [Player_C_0] up
[2017.05.18-02.28.48:526][519]LogBlueprintUserMessages: [Player_C_0] up
[2017.05.18-02.28.49:025][528]LogBlueprintUserMessages: [Player_C_0] down
[2017.05.18-02.28.49:025][528]LogBlueprintUserMessages: [Player_C_0] down
[2017.05.18-02.28.49:789][542]LogBlueprintUserMessages: [Player_C_0] up
[2017.05.18-02.28.49:790][542]LogBlueprintUserMessages: [Player_C_0] up
[2017.05.18-02.28.49:790][542]LogBlueprintUserMessages: [Player_C_0] up
[2017.05.18-02.28.50:441][554]LogBlueprintUserMessages: [Player_C_0] up
[2017.05.18-02.28.50:441][554]LogBlueprintUserMessages: [Player_C_0] up
[2017.05.18-02.28.50:715][559]LogBlueprintUserMessages: [Player_C_0] up
[2017.05.18-02.28.51:481][573]LogBlueprintUserMessages: [Player_C_0] up
[2017.05.18-02.28.51:481][573]LogBlueprintUserMessages: [Player_C_0] up
[2017.05.18-02.28.54:128][621]LogBlueprintUserMessages: [Player_C_0] down
[2017.05.18-02.28.54:128][621]LogBlueprintUserMessages: [Player_C_0] down
[2017.05.18-02.28.54:237][623]LogBlueprintUserMessages: [Player_C_0] down
[2017.05.18-02.29.00:462][733]LogBlueprintUserMessages: [Player_C_0] -47
[2017.05.18-02.29.00:462][733]LogBlueprintUserMessages: [enemySpell_C_24] get fireballed kiddo
[2017.05.18-02.29.03:224][782]LogBlueprintUserMessages: [Player_C_0] down
[2017.05.18-02.29.03:225][782]LogBlueprintUserMessages: [Player_C_0] down
[2017.05.18-02.29.03:726][791]LogBlueprintUserMessages: [Player_C_0] left
[2017.05.18-02.29.03:726][791]LogBlueprintUserMessages: [Player_C_0] left
[2017.05.18-02.29.04:958][813]LogBlueprintUserMessages: Early EndPlayMap Detection: Level '/Game/Level01.Level01:PersistentLevel' has LevelScriptBlueprint '/Game/Level01.Level01:PersistentLevel.Level01' with GeneratedClass '/Game/Level01.Level01_C' with ClassGeneratedBy '/Game/Level01.Level01:PersistentLevel.Level01'
[2017.05.18-02.29.05:139][813]LogBlueprintUserMessages: Late EndPlayMap Detection: Level '/Game/Level01.Level01:PersistentLevel' has LevelScriptBlueprint '/Game/Level01.Level01:PersistentLevel.Level01' with GeneratedClass '/Game/Level01.Level01_C' with ClassGeneratedBy '/Game/Level01.Level01:PersistentLevel.Level01'
[2017.05.18-02.29.08:740][913]LogWindowsTextInputMethodSystem:Display: IME system now deactivated.
[2017.05.18-02.29.09:080][914]Cmd: QUIT_EDITOR
[2017.05.18-02.29.10:170][914]LogExit: Preparing to exit.
[2017.05.18-02.29.10:436][914]LogDirectoryWatcher: A directory notification for 'C:/Users/User/Desktop/superMusicGame/Content/' was aborted.
[2017.05.18-02.29.10:541][914]LogExit: Editor shut down
[2017.05.18-02.29.10:542][914]LogExit: Transaction tracking system shut down
[2017.05.18-02.29.10:811][914]LogObj: Freed 0b from 0 cluster array pools.
[2017.05.18-02.29.10:812][914]LogExit: Object subsystem successfully closed.
[2017.05.18-02.29.10:831][914]LogD3D11RHI: Shutdown
[2017.05.18-02.29.10:831][914]LogD3D11RHI: CleanupD3DDevice
[2017.05.18-02.29.11:046][914]LogD3D11RHI: ~FD3D11DynamicRHI
[2017.05.18-02.29.11:067][914]LogHttp:Display: Http module shutting down, but needs to wait on 1 outstanding Http requests:
[2017.05.18-02.29.11:067][914]LogHttp:Display: 	verb=[POST] url=[https://datarouter.ol.epicgames.com/datarouter/api/v1/public/data?SessionID=%7B6631B986-4BF3-C34A-EF48-19B1D8271613%7D&AppID=UEEditor.Rocket.Release&AppVersion=4.14.3-3249277%2B%2B%2BUE4%2BRelease-4.14&UserID=819706684573047120e8f9a1f4d30b52%7Ce348554dd401476fbd2d3c06121ddd5c%7Cf88acf24-752a-48fc-81f4-7d276be83928&AppEnvironment=datacollector-binary&UploadType=eteventstream] status=Processing
[2017.05.18-02.29.11:072][914]LogModuleManager: Shutting down and abandoning module BlueprintGraph (244)
[2017.05.18-02.29.11:072][914]LogModuleManager: Shutting down and abandoning module BlueprintProfiler (243)
[2017.05.18-02.29.11:073][914]LogModuleManager: Shutting down and abandoning module MovieSceneCapture (242)
[2017.05.18-02.29.11:073][914]LogModuleManager: Shutting down and abandoning module HierarchicalLODOutliner (241)
[2017.05.18-02.29.11:073][914]LogModuleManager: Shutting down and abandoning module CrashTracker (240)
[2017.05.18-02.29.11:073][914]LogModuleManager: Shutting down and abandoning module SceneOutliner (239)
[2017.05.18-02.29.11:073][914]LogModuleManager: Shutting down and abandoning module WidgetCarousel (238)
[2017.05.18-02.29.11:073][914]LogModuleManager: Shutting down and abandoning module AddContentDialog (237)
[2017.05.18-02.29.11:073][914]LogDirectoryWatcher: A directory notification for 'C:/Program Files/Epic Games/UE_4.14/FeaturePacks/' was aborted.
[2017.05.18-02.29.11:074][914]LogModuleManager: Shutting down and abandoning module GameplayTags (236)
[2017.05.18-02.29.11:074][914]LogModuleManager: Shutting down and abandoning module EditorWidgets (235)
[2017.05.18-02.29.11:074][914]LogModuleManager: Shutting down and abandoning module CollectionManager (234)
[2017.05.18-02.29.11:074][914]LogDirectoryWatcher: A directory notification for 'C:/Users/User/Desktop/superMusicGame/Content/Collections/' was aborted.
[2017.05.18-02.29.11:074][914]LogDirectoryWatcher: A directory notification for 'C:/Users/User/Desktop/superMusicGame/Content/Developers/User/Collections/' was aborted.
[2017.05.18-02.29.11:074][914]LogDirectoryWatcher: A directory notification for 'C:/Users/User/Desktop/superMusicGame/Saved/Collections/' was aborted.
[2017.05.18-02.29.11:075][914]LogModuleManager: Shutting down and abandoning module StatsViewer (233)
[2017.05.18-02.29.11:075][914]LogModuleManager: Shutting down and abandoning module FoliageEdit (232)
[2017.05.18-02.29.11:075][914]LogModuleManager: Shutting down and abandoning module LandscapeEditor (231)
[2017.05.18-02.29.11:075][914]LogModuleManager: Shutting down and abandoning module SceneDepthPickerMode (230)
[2017.05.18-02.29.11:075][914]LogModuleManager: Shutting down and abandoning module ActorPickerMode (229)
[2017.05.18-02.29.11:075][914]LogModuleManager: Shutting down and abandoning module GeometryMode (228)
[2017.05.18-02.29.11:075][914]LogModuleManager: Shutting down and abandoning module TextureAlignMode (227)
[2017.05.18-02.29.11:075][914]LogModuleManager: Shutting down and abandoning module BspMode (226)
[2017.05.18-02.29.11:075][914]LogModuleManager: Shutting down and abandoning module HardwareSurvey (225)
[2017.05.18-02.29.11:075][914]LogModuleManager: Shutting down and abandoning module SequenceRecorderSections (224)
[2017.05.18-02.29.11:075][914]LogModuleManager: Shutting down and abandoning module AutomationWorker (223)
[2017.05.18-02.29.11:075][914]LogModuleManager: Shutting down and abandoning module MatineeToLevelSequence (222)
[2017.05.18-02.29.11:075][914]LogModuleManager: Shutting down and abandoning module PlacementMode (221)
[2017.05.18-02.29.11:075][914]LogModuleManager: Shutting down and abandoning module LevelSequenceEditor (220)
[2017.05.18-02.29.11:075][914]LogModuleManager: Shutting down and abandoning module WmfMediaFactory (219)
[2017.05.18-02.29.11:075][914]LogModuleManager: Shutting down and abandoning module WmfMediaEditor (218)
[2017.05.18-02.29.11:075][914]LogModuleManager: Shutting down and abandoning module AvfMediaFactory (217)
[2017.05.18-02.29.11:075][914]LogModuleManager: Shutting down and abandoning module AvfMediaEditor (216)
[2017.05.18-02.29.11:075][914]LogModuleManager: Shutting down and abandoning module Media (215)
[2017.05.18-02.29.11:075][914]LogModuleManager: Shutting down and abandoning module AndroidMediaFactory (214)
[2017.05.18-02.29.11:075][914]LogModuleManager: Shutting down and abandoning module AndroidMediaEditor (213)
[2017.05.18-02.29.11:075][914]LogModuleManager: Shutting down and abandoning module CharacterAI (212)
[2017.05.18-02.29.11:075][914]LogModuleManager: Shutting down and abandoning module SequenceRecorder (211)
[2017.05.18-02.29.11:075][914]LogModuleManager: Shutting down and abandoning module AudioCapture (210)
[2017.05.18-02.29.11:075][914]LogModuleManager: Shutting down and abandoning module SmartSnapping (209)
[2017.05.18-02.29.11:075][914]LogModuleManager: Shutting down and abandoning module SessionServices (208)
[2017.05.18-02.29.11:075][914]LogModuleManager: Shutting down and abandoning module ViewportSnapping (207)
[2017.05.18-02.29.11:075][914]LogModuleManager: Shutting down and abandoning module ViewportInteraction (206)
[2017.05.18-02.29.11:075][914]LogModuleManager: Shutting down and abandoning module LogVisualizer (205)
[2017.05.18-02.29.11:075][914]LogModuleManager: Shutting down and abandoning module GameProjectGeneration (204)
[2017.05.18-02.29.11:075][914]LogModuleManager: Shutting down and abandoning module IntroTutorials (203)
[2017.05.18-02.29.11:076][914]LogModuleManager: Shutting down and abandoning module EditorLiveStreaming (202)
[2017.05.18-02.29.11:076][914]LogModuleManager: Shutting down and abandoning module IOSPlatformEditor (201)
[2017.05.18-02.29.11:076][914]LogModuleManager: Shutting down and abandoning module HTML5PlatformEditor (200)
[2017.05.18-02.29.11:076][914]LogModuleManager: Shutting down and abandoning module AndroidDeviceDetection (199)
[2017.05.18-02.29.11:129][914]LogModuleManager: Shutting down and abandoning module AndroidPlatformEditor (198)
[2017.05.18-02.29.11:129][914]LogModuleManager: Shutting down and abandoning module IOSRuntimeSettings (197)
[2017.05.18-02.29.11:129][914]LogModuleManager: Shutting down and abandoning module AndroidRuntimeSettings (196)
[2017.05.18-02.29.11:129][914]LogModuleManager: Shutting down and abandoning module InputBindingEditor (195)
[2017.05.18-02.29.11:129][914]LogModuleManager: Shutting down and abandoning module NiagaraEditor (194)
[2017.05.18-02.29.11:129][914]LogModuleManager: Shutting down and abandoning module MergeActors (193)
[2017.05.18-02.29.11:129][914]LogModuleManager: Shutting down and abandoning module SizeMap (192)
[2017.05.18-02.29.11:129][914]LogModuleManager: Shutting down and abandoning module TreeMap (191)
[2017.05.18-02.29.11:129][914]LogModuleManager: Shutting down and abandoning module ReferenceViewer (190)
[2017.05.18-02.29.11:129][914]LogModuleManager: Shutting down and abandoning module LocalizationService (189)
[2017.05.18-02.29.11:129][914]LogModuleManager: Shutting down and abandoning module LocalizationDashboard (188)
[2017.05.18-02.29.11:129][914]LogModuleManager: Shutting down and abandoning module HardwareTargeting (187)
[2017.05.18-02.29.11:129][914]LogModuleManager: Shutting down and abandoning module DeviceProfileEditor (186)
[2017.05.18-02.29.11:129][914]LogModuleManager: Shutting down and abandoning module UndoHistory (185)
[2017.05.18-02.29.11:129][914]LogModuleManager: Shutting down and abandoning module UserFeedback (184)
[2017.05.18-02.29.11:129][914]LogModuleManager: Shutting down and abandoning module XmlParser (183)
[2017.05.18-02.29.11:129][914]LogModuleManager: Shutting down and abandoning module Blutility (182)
[2017.05.18-02.29.11:129][914]LogModuleManager: Shutting down and abandoning module ProjectTargetPlatformEditor (181)
[2017.05.18-02.29.11:129][914]LogModuleManager: Shutting down and abandoning module ProjectSettingsViewer (180)
[2017.05.18-02.29.11:130][914]LogModuleManager: Shutting down and abandoning module EditorSettingsViewer (179)
[2017.05.18-02.29.11:130][914]LogModuleManager: Shutting down and abandoning module SettingsEditor (178)
[2017.05.18-02.29.11:130][914]LogModuleManager: Shutting down and abandoning module ProjectLauncher (177)
[2017.05.18-02.29.11:130][914]LogModuleManager: Shutting down and abandoning module SessionFrontend (176)
[2017.05.18-02.29.11:130][914]LogModuleManager: Shutting down and abandoning module ProfilerClient (175)
[2017.05.18-02.29.11:130][914]LogModuleManager: Shutting down and abandoning module TargetDeviceServices (174)
[2017.05.18-02.29.11:130][914]LogModuleManager: Shutting down and abandoning module DeviceManager (173)
[2017.05.18-02.29.11:185][914]LogModuleManager: Shutting down and abandoning module AutomationController (172)
[2017.05.18-02.29.11:185][914]LogModuleManager: Shutting down and abandoning module AutomationWindow (171)
[2017.05.18-02.29.11:185][914]LogModuleManager: Shutting down and abandoning module Layers (170)
[2017.05.18-02.29.11:185][914]LogModuleManager: Shutting down and abandoning module ComponentVisualizers (169)
[2017.05.18-02.29.11:185][914]LogModuleManager: Shutting down and abandoning module DetailCustomizations (168)
[2017.05.18-02.29.11:185][914]LogModuleManager: Shutting down and abandoning module PackagesDialog (167)
[2017.05.18-02.29.11:185][914]LogModuleManager: Shutting down and abandoning module AnimGraph (166)
[2017.05.18-02.29.11:185][914]LogModuleManager: Shutting down and abandoning module Persona (165)
[2017.05.18-02.29.11:185][914]LogModuleManager: Shutting down and abandoning module Kismet (164)
[2017.05.18-02.29.11:204][914]LogModuleManager: Shutting down and abandoning module GraphEditor (163)
[2017.05.18-02.29.11:204][914]LogModuleManager: Shutting down and abandoning module ClassViewer (162)
[2017.05.18-02.29.11:204][914]LogModuleManager: Shutting down and abandoning module Toolbox (161)
[2017.05.18-02.29.11:204][914]LogModuleManager: Shutting down and abandoning module ModuleUI (160)
[2017.05.18-02.29.11:204][914]LogModuleManager: Shutting down and abandoning module MovieSceneTools (159)
[2017.05.18-02.29.11:204][914]LogModuleManager: Shutting down and abandoning module OutputLog (158)
[2017.05.18-02.29.11:204][914]LogModuleManager: Shutting down and abandoning module GammaUI (157)
[2017.05.18-02.29.11:205][914]LogModuleManager: Shutting down and abandoning module Documentation (156)
[2017.05.18-02.29.11:205][914]LogModuleManager: Shutting down and abandoning module Niagara (155)
[2017.05.18-02.29.11:205][914]LogModuleManager: Shutting down and abandoning module StreamingPauseRendering (154)
[2017.05.18-02.29.11:205][914]LogModuleManager: Shutting down and abandoning module AnalyticsET (153)
[2017.05.18-02.29.11:205][914]LogModuleManager: Shutting down and abandoning module PortalServices (152)
[2017.05.18-02.29.11:205][914]LogModuleManager: Shutting down and abandoning module PortalRpc (151)
[2017.05.18-02.29.11:205][914]LogModuleManager: Shutting down and abandoning module MessagingRpc (150)
[2017.05.18-02.29.11:205][914]LogModuleManager: Shutting down and abandoning module GameplayDebugger (149)
[2017.05.18-02.29.11:205][914]LogModuleManager: Shutting down and abandoning module AITestSuite (148)
[2017.05.18-02.29.11:205][914]LogModuleManager: Shutting down and abandoning module AIModule (147)
[2017.05.18-02.29.11:205][914]LogModuleManager: Shutting down and abandoning module ProfilerService (146)
[2017.05.18-02.29.11:360][914]LogModuleManager: Shutting down and abandoning module TaskGraph (145)
[2017.05.18-02.29.11:360][914]LogModuleManager: Shutting down and abandoning module SlateRemote (144)
[2017.05.18-02.29.11:360][914]LogModuleManager: Shutting down and abandoning module SteamVRController (143)
[2017.05.18-02.29.11:360][914]LogModuleManager: Shutting down and abandoning module SteamVR (142)
[2017.05.18-02.29.11:360][914]LogModuleManager: Shutting down and abandoning module ProceduralMeshComponentEditor (141)
[2017.05.18-02.29.11:360][914]LogModuleManager: Shutting down and abandoning module ProceduralMeshComponent (140)
[2017.05.18-02.29.11:360][914]LogModuleManager: Shutting down and abandoning module OculusLibrary (139)
[2017.05.18-02.29.11:360][914]LogModuleManager: Shutting down and abandoning module OculusInput (138)
[2017.05.18-02.29.11:360][914]LogModuleManager: Shutting down and abandoning module MobilePatchingUtils (137)
[2017.05.18-02.29.11:360][914]LogModuleManager: Shutting down and abandoning module CustomMeshComponent (136)
[2017.05.18-02.29.11:360][914]LogModuleManager: Shutting down and abandoning module CableComponent (135)
[2017.05.18-02.29.11:360][914]LogModuleManager: Shutting down and abandoning module ArchVisCharacter (134)
[2017.05.18-02.29.11:360][914]LogModuleManager: Shutting down and abandoning module MediaPlayerEditor (132)
[2017.05.18-02.29.11:360][914]LogModuleManager: Shutting down and abandoning module HTML5Networking (131)
[2017.05.18-02.29.11:360][914]LogModuleManager: Shutting down and abandoning module GeometryCacheEd (130)
[2017.05.18-02.29.11:360][914]LogModuleManager: Shutting down and abandoning module GeometryCache (129)
[2017.05.18-02.29.11:360][914]LogModuleManager: Shutting down and abandoning module AlembicLibrary (128)
[2017.05.18-02.29.11:360][914]LogModuleManager: Shutting down and abandoning module AlembicImporter (127)
[2017.05.18-02.29.11:361][914]LogModuleManager: Shutting down and abandoning module SuperSearch (126)
[2017.05.18-02.29.11:361][914]LogModuleManager: Shutting down and abandoning module SuperSearchEditor (125)
[2017.05.18-02.29.11:361][914]LogModuleManager: Shutting down and abandoning module SpeedTreeImporter (124)
[2017.05.18-02.29.11:361][914]LogModuleManager: Shutting down and abandoning module PluginBrowser (123)
[2017.05.18-02.29.11:361][914]LogModuleManager: Shutting down and abandoning module MobileLauncherProfileWizard (122)
[2017.05.18-02.29.11:361][914]LogModuleManager: Shutting down and abandoning module EpicSurvey (121)
[2017.05.18-02.29.11:361][914]LogModuleManager: Shutting down and abandoning module DesktopPlatform (120)
[2017.05.18-02.29.11:361][914]LogModuleManager: Shutting down and abandoning module VisualStudioSourceCodeAccess (119)
[2017.05.18-02.29.11:361][914]LogModuleManager: Shutting down and abandoning module UObjectPlugin (118)
[2017.05.18-02.29.11:361][914]LogModuleManager: Shutting down and abandoning module SubversionSourceControl (117)
[2017.05.18-02.29.11:361][914]LogModuleManager: Shutting down and abandoning module PerforceSourceControl (116)
[2017.05.18-02.29.11:361][914]LogModuleManager: Shutting down and abandoning module SourceControl (115)
[2017.05.18-02.29.11:361][914]LogModuleManager: Shutting down and abandoning module GitSourceControl (114)
[2017.05.18-02.29.11:361][914]LogModuleManager: Shutting down and abandoning module LightPropagationVolumeEditor (113)
[2017.05.18-02.29.11:361][914]LogModuleManager: Shutting down and abandoning module PaperTiledImporter (112)
[2017.05.18-02.29.11:361][914]LogModuleManager: Shutting down and abandoning module PaperSpriteSheetImporter (111)
[2017.05.18-02.29.11:361][914]LogModuleManager: Shutting down and abandoning module MeshPaint (110)
[2017.05.18-02.29.11:361][914]LogModuleManager: Shutting down and abandoning module PixelInspectorModule (109)
[2017.05.18-02.29.11:361][914]LogModuleManager: Shutting down and abandoning module HotReload (108)
[2017.05.18-02.29.11:362][914]LogModuleManager: Shutting down and abandoning module MainFrame (107)
[2017.05.18-02.29.11:362][914]LogModuleManager: Shutting down and abandoning module LevelEditor (106)
[2017.05.18-02.29.11:362][914]LogModuleManager: Shutting down and abandoning module ContentBrowser (105)
[2017.05.18-02.29.11:364][914]LogModuleManager: Shutting down and abandoning module Paper2DEditor (104)
[2017.05.18-02.29.11:364][914]LogModuleManager: Shutting down and abandoning module UdpMessaging (103)
[2017.05.18-02.29.11:464][914]LogModuleManager: Shutting down and abandoning module TcpMessaging (102)
[2017.05.18-02.29.11:565][914]LogModuleManager: Shutting down and abandoning module LightPropagationVolumeRuntime (101)
[2017.05.18-02.29.11:565][914]LogModuleManager: Shutting down and abandoning module Paper2D (100)
[2017.05.18-02.29.11:565][914]LogModuleManager: Shutting down and abandoning module WindowsMoviePlayer (99)
[2017.05.18-02.29.11:565][914]LogModuleManager: Shutting down and abandoning module WmfMedia (98)
[2017.05.18-02.29.11:565][914]LogModuleManager: Shutting down and abandoning module MediaAssets (97)
[2017.05.18-02.29.11:565][914]LogModuleManager: Shutting down and abandoning module GameLiveStreaming (96)
[2017.05.18-02.29.11:565][914]LogModuleManager: Shutting down and abandoning module GameplayTagsEditor (95)
[2017.05.18-02.29.11:565][914]LogModuleManager: Shutting down and abandoning module VREditor (94)
[2017.05.18-02.29.11:565][914]LogModuleManager: Shutting down and abandoning module GameplayTasksEditor (93)
[2017.05.18-02.29.11:565][914]LogModuleManager: Shutting down and abandoning module BehaviorTreeEditor (92)
[2017.05.18-02.29.11:565][914]LogModuleManager: Shutting down and abandoning module FunctionalTesting (91)
[2017.05.18-02.29.11:565][914]LogModuleManager: Shutting down and abandoning module CollisionAnalyzer (90)
[2017.05.18-02.29.11:565][914]LogModuleManager: Shutting down and abandoning module Sequencer (89)
[2017.05.18-02.29.11:565][914]LogModuleManager: Shutting down and abandoning module WorkspaceMenuStructure (88)
[2017.05.18-02.29.11:565][914]LogModuleManager: Shutting down and abandoning module MessageLog (87)
[2017.05.18-02.29.11:565][914]LogModuleManager: Shutting down and abandoning module AssetTools (86)
[2017.05.18-02.29.11:565][914]LogModuleManager: Shutting down and abandoning module UMGEditor (85)
[2017.05.18-02.29.11:565][914]LogModuleManager: Shutting down and abandoning module UMG (84)
[2017.05.18-02.29.11:565][914]LogModuleManager: Shutting down and abandoning module SlateReflector (83)
[2017.05.18-02.29.11:565][914]LogModuleManager: Shutting down and abandoning module Slate (82)
[2017.05.18-02.29.11:565][914]LogModuleManager: Shutting down and abandoning module EditorStyle (81)
[2017.05.18-02.29.11:568][914]LogModuleManager: Shutting down and abandoning module SourceCodeAccess (80)
[2017.05.18-02.29.11:568][914]LogModuleManager: Shutting down and abandoning module HeadMountedDisplay (79)
[2017.05.18-02.29.11:568][914]LogModuleManager: Shutting down and abandoning module XAudio2 (78)
[2017.05.18-02.29.11:568][914]LogModuleManager: Shutting down and abandoning module Networking (76)
[2017.05.18-02.29.11:568][914]LogModuleManager: Shutting down and abandoning module Core (75)
[2017.05.18-02.29.11:568][914]LogModuleManager: Shutting down and abandoning module DirectoryWatcher (74)
[2017.05.18-02.29.11:568][914]LogDirectoryWatcher: A directory notification for '../../../Engine/Content/' was aborted.
[2017.05.18-02.29.11:568][914]LogDirectoryWatcher: A directory notification for '../../../../../../Users/User/Desktop/superMusicGame/Content/' was aborted.
[2017.05.18-02.29.11:569][914]LogDirectoryWatcher: A directory notification for '../../../Engine/Plugins/2D/Paper2D/Content/' was aborted.
[2017.05.18-02.29.11:570][914]LogModuleManager: Shutting down and abandoning module AssetRegistry (73)
[2017.05.18-02.29.11:724][914]LogModuleManager: Shutting down and abandoning module KismetCompiler (72)
[2017.05.18-02.29.11:724][914]LogModuleManager: Shutting down and abandoning module PhysXFormats (71)
[2017.05.18-02.29.11:724][914]LogModuleManager: Shutting down and abandoning module SimplygonSwarm (70)
[2017.05.18-02.29.11:724][914]LogModuleManager: Shutting down and abandoning module SimplygonMeshReduction (69)
[2017.05.18-02.29.11:724][914]LogModuleManager: Shutting down and abandoning module QuadricMeshReduction (68)
[2017.05.18-02.29.11:724][914]LogModuleManager: Shutting down and abandoning module PropertyEditor (67)
[2017.05.18-02.29.11:724][914]LogModuleManager: Shutting down and abandoning module MeshUtilities (66)
[2017.05.18-02.29.11:724][914]LogModuleManager: Shutting down and abandoning module DerivedDataCache (65)
[2017.05.18-02.29.11:787][914]LogDerivedDataCache: Shutdown
[2017.05.18-02.29.11:787][914]LogModuleManager: Shutting down and abandoning module VulkanShaderFormat (64)
[2017.05.18-02.29.11:787][914]LogModuleManager: Shutting down and abandoning module ShaderFormatOpenGL (63)
[2017.05.18-02.29.11:787][914]LogModuleManager: Shutting down and abandoning module ShaderFormatD3D (62)
[2017.05.18-02.29.11:787][914]LogModuleManager: Shutting down and abandoning module MetalShaderFormat (61)
[2017.05.18-02.29.11:787][914]LogModuleManager: Shutting down and abandoning module TextureFormatUncompressed (60)
[2017.05.18-02.29.11:787][914]LogModuleManager: Shutting down and abandoning module TextureFormatPVR (59)
[2017.05.18-02.29.11:787][914]LogModuleManager: Shutting down and abandoning module TextureFormatDXT (58)
[2017.05.18-02.29.11:787][914]LogModuleManager: Shutting down and abandoning module TextureFormatIntelISPCTexComp (57)
[2017.05.18-02.29.11:788][914]LogModuleManager: Shutting down and abandoning module ImageWrapper (56)
[2017.05.18-02.29.11:788][914]LogModuleManager: Shutting down and abandoning module TextureFormatASTC (55)
[2017.05.18-02.29.11:788][914]LogModuleManager: Shutting down and abandoning module TextureFormatAndroid (54)
[2017.05.18-02.29.11:788][914]LogModuleManager: Shutting down and abandoning module AudioFormatOpus (53)
[2017.05.18-02.29.11:788][914]LogModuleManager: Shutting down and abandoning module AudioFormatOgg (52)
[2017.05.18-02.29.11:788][914]LogModuleManager: Shutting down and abandoning module AudioFormatADPCM (51)
[2017.05.18-02.29.11:788][914]LogModuleManager: Shutting down and abandoning module LinuxTargetPlatform (50)
[2017.05.18-02.29.11:788][914]LogModuleManager: Shutting down and abandoning module LinuxServerTargetPlatform (49)
[2017.05.18-02.29.11:788][914]LogModuleManager: Shutting down and abandoning module LinuxNoEditorTargetPlatform (48)
[2017.05.18-02.29.11:788][914]LogModuleManager: Shutting down and abandoning module LinuxClientTargetPlatform (47)
[2017.05.18-02.29.11:788][914]LogModuleManager: Shutting down and abandoning module TVOSTargetPlatform (46)
[2017.05.18-02.29.11:788][914]LogModuleManager: Shutting down and abandoning module Messaging (45)
[2017.05.18-02.29.11:788][914]LogModuleManager: Shutting down and abandoning module IOSTargetPlatform (44)
[2017.05.18-02.29.11:788][914]LogModuleManager: Shutting down and abandoning module HTML5TargetPlatform (43)
[2017.05.18-02.29.11:788][914]LogModuleManager: Shutting down and abandoning module Android_PVRTCTargetPlatform (42)
[2017.05.18-02.29.11:788][914]LogModuleManager: Shutting down and abandoning module Android_MultiTargetPlatform (41)
[2017.05.18-02.29.11:788][914]LogModuleManager: Shutting down and abandoning module Android_ETC2TargetPlatform (40)
[2017.05.18-02.29.11:788][914]LogModuleManager: Shutting down and abandoning module Android_ETC1TargetPlatform (39)
[2017.05.18-02.29.11:788][914]LogModuleManager: Shutting down and abandoning module Android_DXTTargetPlatform (38)
[2017.05.18-02.29.11:788][914]LogModuleManager: Shutting down and abandoning module Android_ATCTargetPlatform (37)
[2017.05.18-02.29.11:788][914]LogModuleManager: Shutting down and abandoning module Android_ASTCTargetPlatform (36)
[2017.05.18-02.29.11:788][914]LogModuleManager: Shutting down and abandoning module AndroidTargetPlatform (35)
[2017.05.18-02.29.11:788][914]LogModuleManager: Shutting down and abandoning module WindowsTargetPlatform (34)
[2017.05.18-02.29.11:788][914]LogModuleManager: Shutting down and abandoning module WindowsServerTargetPlatform (33)
[2017.05.18-02.29.11:788][914]LogModuleManager: Shutting down and abandoning module WindowsNoEditorTargetPlatform (32)
[2017.05.18-02.29.11:788][914]LogModuleManager: Shutting down and abandoning module WindowsClientTargetPlatform (31)
[2017.05.18-02.29.11:788][914]LogModuleManager: Shutting down and abandoning module MacTargetPlatform (30)
[2017.05.18-02.29.11:788][914]LogModuleManager: Shutting down and abandoning module MacServerTargetPlatform (29)
[2017.05.18-02.29.11:788][914]LogModuleManager: Shutting down and abandoning module MacNoEditorTargetPlatform (28)
[2017.05.18-02.29.11:788][914]LogModuleManager: Shutting down and abandoning module MacClientTargetPlatform (27)
[2017.05.18-02.29.11:788][914]LogModuleManager: Shutting down and abandoning module AllDesktopTargetPlatform (26)
[2017.05.18-02.29.11:788][914]LogModuleManager: Shutting down and abandoning module TargetPlatform (25)
[2017.05.18-02.29.11:788][914]LogModuleManager: Shutting down and abandoning module InputCore (24)
[2017.05.18-02.29.11:788][914]LogModuleManager: Shutting down and abandoning module Settings (23)
[2017.05.18-02.29.11:788][914]LogModuleManager: Shutting down and abandoning module OculusRift (22)
[2017.05.18-02.29.11:788][914]LogModuleManager: Shutting down and abandoning module ExampleDeviceProfileSelector (21)
[2017.05.18-02.29.11:788][914]LogModuleManager: Shutting down and abandoning module OnlineBlueprintSupport (20)
[2017.05.18-02.29.11:788][914]LogModuleManager: Shutting down and abandoning module OnlineSubsystem (18)
[2017.05.18-02.29.11:788][914]LogOnline:Display: Unloading online subsystem: NULL
[2017.05.18-02.29.11:788][914]LogModuleManager: Shutting down and abandoning module SSL (17)
[2017.05.18-02.29.11:790][914]LogModuleManager: Shutting down and abandoning module HTTP (16)
[2017.05.18-02.29.11:790][914]LogModuleManager: Shutting down and abandoning module XMPP (15)
[2017.05.18-02.29.11:790][914]LogModuleManager: Shutting down and abandoning module TextureCompressor (14)
[2017.05.18-02.29.11:790][914]LogModuleManager: Shutting down and abandoning module ShaderCore (13)
[2017.05.18-02.29.11:790][914]LogModuleManager: Shutting down and abandoning module Landscape (12)
[2017.05.18-02.29.11:790][914]LogModuleManager: Shutting down and abandoning module SlateRHIRenderer (11)
[2017.05.18-02.29.11:791][914]LogModuleManager: Shutting down and abandoning module OpenGLDrv (10)
[2017.05.18-02.29.11:791][914]LogModuleManager: Shutting down and abandoning module D3D11RHI (9)
[2017.05.18-02.29.11:791][914]LogModuleManager: Shutting down and abandoning module AnimGraphRuntime (8)
[2017.05.18-02.29.11:791][914]LogModuleManager: Shutting down and abandoning module Renderer (7)
[2017.05.18-02.29.11:791][914]LogModuleManager: Shutting down and abandoning module Engine (6)
[2017.05.18-02.29.11:791][914]LogModuleManager: Shutting down and abandoning module CoreUObject (5)
[2017.05.18-02.29.11:791][914]LogModuleManager: Shutting down and abandoning module NetworkFile (4)
[2017.05.18-02.29.11:791][914]LogModuleManager: Shutting down and abandoning module StreamingFile (3)
[2017.05.18-02.29.11:791][914]LogModuleManager: Shutting down and abandoning module SandboxFile (2)
[2017.05.18-02.29.11:791][914]LogModuleManager: Shutting down and abandoning module PakFile (1)
[2017.05.18-02.29.11:793][914]LogExit: Exiting.
[2017.05.18-02.29.11:794][914]Log file closed, 05/18/17 11:59:11
