Log file open, 05/20/17 10:54:46
LogInit:Display: Running engine for game: musicGame04
LogPlatformFile: Not using cached read wrapper
LogInit:Display: RandInit(2122437127) SRandInit(2122437127).
LogTaskGraph: Started task graph with 5 named threads and 6 total threads with 1 sets of task threads.
LogStats: Stats thread started at 0.077972
LogPluginManager: Loaded Plugin Paper2D, From C:/Program Files/Epic Games/UE_4.14/Engine/Plugins/2D/Paper2D/Paper2D.uplugin
LogPluginManager: Loaded Plugin LightPropagationVolume, From C:/Program Files/Epic Games/UE_4.14/Engine/Plugins/Blendables/LightPropagationVolume/LightPropagationVolume.uplugin
LogPluginManager: Loaded Plugin BlankPlugin, From C:/Program Files/Epic Games/UE_4.14/Engine/Plugins/Developer/BlankPlugin/BlankPlugin.uplugin
LogPluginManager: Loaded Plugin CodeLiteSourceCodeAccess, From C:/Program Files/Epic Games/UE_4.14/Engine/Plugins/Developer/CodeLiteSourceCodeAccess/CodeLiteSourceCodeAccess.uplugin
LogPluginManager: Loaded Plugin GitSourceControl, From C:/Program Files/Epic Games/UE_4.14/Engine/Plugins/Developer/GitSourceControl/GitSourceControl.uplugin
LogPluginManager: Loaded Plugin KDevelopSourceCodeAccess, From C:/Program Files/Epic Games/UE_4.14/Engine/Plugins/Developer/KDevelopSourceCodeAccess/KDevelopSourceCodeAccess.uplugin
LogPluginManager: Loaded Plugin NullSourceCodeAccess, From C:/Program Files/Epic Games/UE_4.14/Engine/Plugins/Developer/NullSourceCodeAccess/NullSourceCodeAccess.uplugin
LogPluginManager: Loaded Plugin OneSkyLocalizationService, From C:/Program Files/Epic Games/UE_4.14/Engine/Plugins/Developer/OneSkyLocalizationService/OneSkyLocalizationService.uplugin
LogPluginManager: Loaded Plugin PerforceSourceControl, From C:/Program Files/Epic Games/UE_4.14/Engine/Plugins/Developer/PerforceSourceControl/PerforceSourceControl.uplugin
LogPluginManager: Loaded Plugin SubversionSourceControl, From C:/Program Files/Epic Games/UE_4.14/Engine/Plugins/Developer/SubversionSourceControl/SubversionSourceControl.uplugin
LogPluginManager: Loaded Plugin UObjectPlugin, From C:/Program Files/Epic Games/UE_4.14/Engine/Plugins/Developer/UObjectPlugin/UObjectPlugin.uplugin
LogPluginManager: Loaded Plugin VisualStudioSourceCodeAccess, From C:/Program Files/Epic Games/UE_4.14/Engine/Plugins/Developer/VisualStudioSourceCodeAccess/VisualStudioSourceCodeAccess.uplugin
LogPluginManager: Loaded Plugin XCodeSourceCodeAccess, From C:/Program Files/Epic Games/UE_4.14/Engine/Plugins/Developer/XCodeSourceCodeAccess/XCodeSourceCodeAccess.uplugin
LogPluginManager: Loaded Plugin AudioCapture, From C:/Program Files/Epic Games/UE_4.14/Engine/Plugins/Editor/AudioCapture/AudioCapture.uplugin
LogPluginManager: Loaded Plugin EpicSurvey, From C:/Program Files/Epic Games/UE_4.14/Engine/Plugins/Editor/EpicSurvey/EpicSurvey.uplugin
LogPluginManager: Loaded Plugin MacGraphicsSwitching, From C:/Program Files/Epic Games/UE_4.14/Engine/Plugins/Editor/MacGraphicsSwitching/MacGraphicsSwitching.uplugin
LogPluginManager: Loaded Plugin MobileLauncherProfileWizard, From C:/Program Files/Epic Games/UE_4.14/Engine/Plugins/Editor/MobileLauncherProfileWizard/MobileLauncherProfileWizard.uplugin
LogPluginManager: Loaded Plugin PluginBrowser, From C:/Program Files/Epic Games/UE_4.14/Engine/Plugins/Editor/PluginBrowser/PluginBrowser.uplugin
LogPluginManager: Loaded Plugin SpeedTreeImporter, From C:/Program Files/Epic Games/UE_4.14/Engine/Plugins/Editor/SpeedTreeImporter/SpeedTreeImporter.uplugin
LogPluginManager: Loaded Plugin SuperSearchEditor, From C:/Program Files/Epic Games/UE_4.14/Engine/Plugins/Editor/SuperSearchEditor/SuperSearchEditor.uplugin
LogPluginManager: Loaded Plugin AlembicImporter, From C:/Program Files/Epic Games/UE_4.14/Engine/Plugins/Experimental/AlembicImporter/AlembicImporter.uplugin
LogPluginManager: Loaded Plugin BlueprintStats, From C:/Program Files/Epic Games/UE_4.14/Engine/Plugins/Experimental/BlueprintStats/BlueprintStats.uplugin
LogPluginManager: Loaded Plugin CharacterAI, From C:/Program Files/Epic Games/UE_4.14/Engine/Plugins/Experimental/CharacterAI/CharacterAI.uplugin
LogPluginManager: Loaded Plugin CodeEditor, From C:/Program Files/Epic Games/UE_4.14/Engine/Plugins/Experimental/CodeEditor/CodeEditor.uplugin
LogPluginManager: Loaded Plugin CodeView, From C:/Program Files/Epic Games/UE_4.14/Engine/Plugins/Experimental/CodeView/CodeView.uplugin
LogPluginManager: Loaded Plugin HTML5Networking, From C:/Program Files/Epic Games/UE_4.14/Engine/Plugins/Experimental/HTML5Networking/HTML5Networking.uplugin
LogPluginManager: Loaded Plugin OSVR, From C:/Program Files/Epic Games/UE_4.14/Engine/Plugins/Experimental/OSVR/OSVR.uplugin
LogPluginManager: Loaded Plugin Phya, From C:/Program Files/Epic Games/UE_4.14/Engine/Plugins/Experimental/Phya/Phya.uplugin
LogPluginManager: Loaded Plugin SignificanceManager, From C:/Program Files/Epic Games/UE_4.14/Engine/Plugins/Experimental/SignificanceManager/SignificanceManager.uplugin
LogPluginManager: Loaded Plugin SimpleHMD, From C:/Program Files/Epic Games/UE_4.14/Engine/Plugins/Experimental/SimpleHMD/SimpleHMD.uplugin
LogPluginManager: Loaded Plugin StereoPanorama, From C:/Program Files/Epic Games/UE_4.14/Engine/Plugins/Experimental/StereoPanorama/StereoPanorama.uplugin
LogPluginManager: Loaded Plugin StructBox, From C:/Program Files/Epic Games/UE_4.14/Engine/Plugins/Experimental/StructBox/StructBox.uplugin
LogPluginManager: Loaded Plugin AndroidMedia, From C:/Program Files/Epic Games/UE_4.14/Engine/Plugins/Media/AndroidMedia/AndroidMedia.uplugin
LogPluginManager: Loaded Plugin AvfMedia, From C:/Program Files/Epic Games/UE_4.14/Engine/Plugins/Media/AvfMedia/AvfMedia.uplugin
LogPluginManager: Loaded Plugin MediaPlayerEditor, From C:/Program Files/Epic Games/UE_4.14/Engine/Plugins/Media/MediaPlayerEditor/MediaPlayerEditor.uplugin
LogPluginManager: Loaded Plugin WmfMedia, From C:/Program Files/Epic Games/UE_4.14/Engine/Plugins/Media/WmfMedia/WmfMedia.uplugin
LogPluginManager: Loaded Plugin MessagingDebugger, From C:/Program Files/Epic Games/UE_4.14/Engine/Plugins/Messaging/MessagingDebugger/MessagingDebugger.uplugin
LogPluginManager: Loaded Plugin TcpMessaging, From C:/Program Files/Epic Games/UE_4.14/Engine/Plugins/Messaging/TcpMessaging/TcpMessaging.uplugin
LogPluginManager: Loaded Plugin UdpMessaging, From C:/Program Files/Epic Games/UE_4.14/Engine/Plugins/Messaging/UdpMessaging/UdpMessaging.uplugin
LogPluginManager: Loaded Plugin LevelSequenceEditor, From C:/Program Files/Epic Games/UE_4.14/Engine/Plugins/MovieScene/LevelSequenceEditor/LevelSequenceEditor.uplugin
LogPluginManager: Loaded Plugin MatineeToLevelSequence, From C:/Program Files/Epic Games/UE_4.14/Engine/Plugins/MovieScene/MatineeToLevelSequence/MatineeToLevelSequence.uplugin
LogPluginManager: Loaded Plugin NetcodeUnitTest, From C:/Program Files/Epic Games/UE_4.14/Engine/Plugins/NetcodeUnitTest/NetcodeUnitTest/NetcodeUnitTest.uplugin
LogPluginManager: Loaded Plugin NUTUnrealEngine4, From C:/Program Files/Epic Games/UE_4.14/Engine/Plugins/NetcodeUnitTest/NUTUnrealEngine4/NUTUnrealEngine4.uplugin
LogPluginManager: Loaded Plugin OnlineSubsystemGameCircle, From C:/Program Files/Epic Games/UE_4.14/Engine/Plugins/Online/Android/OnlineSubsystemGameCircle/OnlineSubsystemGameCircle.uplugin
LogPluginManager: Loaded Plugin OnlineSubsystemGooglePlay, From C:/Program Files/Epic Games/UE_4.14/Engine/Plugins/Online/Android/OnlineSubsystemGooglePlay/OnlineSubsystemGooglePlay.uplugin
LogPluginManager: Loaded Plugin OnlineSubsystemIOS, From C:/Program Files/Epic Games/UE_4.14/Engine/Plugins/Online/IOS/OnlineSubsystemIOS/OnlineSubsystemIOS.uplugin
LogPluginManager: Loaded Plugin OnlineFramework, From C:/Program Files/Epic Games/UE_4.14/Engine/Plugins/Online/OnlineFramework/OnlineFramework.uplugin
LogPluginManager: Loaded Plugin OnlineSubsystem, From C:/Program Files/Epic Games/UE_4.14/Engine/Plugins/Online/OnlineSubsystem/OnlineSubsystem.uplugin
LogPluginManager: Loaded Plugin OnlineSubsystemAmazon, From C:/Program Files/Epic Games/UE_4.14/Engine/Plugins/Online/OnlineSubsystemAmazon/OnlineSubsystemAmazon.uplugin
LogPluginManager: Loaded Plugin OnlineSubsystemFacebook, From C:/Program Files/Epic Games/UE_4.14/Engine/Plugins/Online/OnlineSubsystemFacebook/OnlineSubsystemFacebook.uplugin
LogPluginManager: Loaded Plugin OnlineSubsystemNull, From C:/Program Files/Epic Games/UE_4.14/Engine/Plugins/Online/OnlineSubsystemNull/OnlineSubsystemNull.uplugin
LogPluginManager: Loaded Plugin OnlineSubsystemOculus, From C:/Program Files/Epic Games/UE_4.14/Engine/Plugins/Online/OnlineSubsystemOculus/OnlineSubsystemOculus.uplugin
LogPluginManager: Loaded Plugin OnlineSubsystemSteam, From C:/Program Files/Epic Games/UE_4.14/Engine/Plugins/Online/OnlineSubsystemSteam/OnlineSubsystemSteam.uplugin
LogPluginManager: Loaded Plugin OnlineSubsystemUtils, From C:/Program Files/Epic Games/UE_4.14/Engine/Plugins/Online/OnlineSubsystemUtils/OnlineSubsystemUtils.uplugin
LogPluginManager: Loaded Plugin IOSTapJoy, From C:/Program Files/Epic Games/UE_4.14/Engine/Plugins/Runtime/Advertising/IOSTapJoy/IOSTapJoy.uplugin
LogPluginManager: Loaded Plugin AnalyticsBlueprintLibrary, From C:/Program Files/Epic Games/UE_4.14/Engine/Plugins/Runtime/Analytics/AnalyticsBlueprintLibrary/AnalyticsBlueprintLibrary.uplugin
LogPluginManager: Loaded Plugin AnalyticsMulticast, From C:/Program Files/Epic Games/UE_4.14/Engine/Plugins/Runtime/Analytics/AnalyticsMulticast/AnalyticsMulticast.uplugin
LogPluginManager: Loaded Plugin Apsalar, From C:/Program Files/Epic Games/UE_4.14/Engine/Plugins/Runtime/Analytics/Apsalar/Apsalar.uplugin
LogPluginManager: Loaded Plugin FileLogging, From C:/Program Files/Epic Games/UE_4.14/Engine/Plugins/Runtime/Analytics/FileLogging/FileLogging.uplugin
LogPluginManager: Loaded Plugin Flurry, From C:/Program Files/Epic Games/UE_4.14/Engine/Plugins/Runtime/Analytics/Flurry/Flurry.uplugin
LogPluginManager: Loaded Plugin AndroidDeviceProfileSelector, From C:/Program Files/Epic Games/UE_4.14/Engine/Plugins/Runtime/AndroidDeviceProfileSelector/AndroidDeviceProfileSelector.uplugin
LogPluginManager: Loaded Plugin AndroidMoviePlayer, From C:/Program Files/Epic Games/UE_4.14/Engine/Plugins/Runtime/AndroidMoviePlayer/AndroidMoviePlayer.uplugin
LogPluginManager: Loaded Plugin AppleMoviePlayer, From C:/Program Files/Epic Games/UE_4.14/Engine/Plugins/Runtime/AppleMoviePlayer/AppleMoviePlayer.uplugin
LogPluginManager: Loaded Plugin ArchVisCharacter, From C:/Program Files/Epic Games/UE_4.14/Engine/Plugins/Runtime/ArchVisCharacter/ArchVisCharacter.uplugin
LogPluginManager: Loaded Plugin CableComponent, From C:/Program Files/Epic Games/UE_4.14/Engine/Plugins/Runtime/CableComponent/CableComponent.uplugin
LogPluginManager: Loaded Plugin CustomMeshComponent, From C:/Program Files/Epic Games/UE_4.14/Engine/Plugins/Runtime/CustomMeshComponent/CustomMeshComponent.uplugin
LogPluginManager: Loaded Plugin ExampleDeviceProfileSelector, From C:/Program Files/Epic Games/UE_4.14/Engine/Plugins/Runtime/ExampleDeviceProfileSelector/ExampleDeviceProfileSelector.uplugin
LogPluginManager: Loaded Plugin GearVR, From C:/Program Files/Epic Games/UE_4.14/Engine/Plugins/Runtime/GearVR/GearVR.uplugin
LogPluginManager: Loaded Plugin GoogleVRController, From C:/Program Files/Epic Games/UE_4.14/Engine/Plugins/Runtime/GoogleVR/GoogleVRController/GoogleVRController.uplugin
LogPluginManager: Loaded Plugin GoogleVRHMD, From C:/Program Files/Epic Games/UE_4.14/Engine/Plugins/Runtime/GoogleVR/GoogleVRHMD/GoogleVRHMD.uplugin
LogPluginManager: Loaded Plugin IOSDeviceProfileSelector, From C:/Program Files/Epic Games/UE_4.14/Engine/Plugins/Runtime/IOSDeviceProfileSelector/IOSDeviceProfileSelector.uplugin
LogPluginManager: Loaded Plugin LeapMotion, From C:/Program Files/Epic Games/UE_4.14/Engine/Plugins/Runtime/LeapMotion/LeapMotion.uplugin
LogPluginManager: Loaded Plugin LinuxDeviceProfileSelector, From C:/Program Files/Epic Games/UE_4.14/Engine/Plugins/Runtime/LinuxDeviceProfileSelector/LinuxDeviceProfileSelector.uplugin
LogPluginManager: Loaded Plugin MIDIDevice, From C:/Program Files/Epic Games/UE_4.14/Engine/Plugins/Runtime/MIDIDevice/MIDIDevice.uplugin
LogPluginManager: Loaded Plugin MobilePatchingUtils, From C:/Program Files/Epic Games/UE_4.14/Engine/Plugins/Runtime/MobilePatchingUtils/MobilePatchingUtils.uplugin
LogPluginManager: Loaded Plugin Ansel, From C:/Program Files/Epic Games/UE_4.14/Engine/Plugins/Runtime/Nvidia/Ansel/Ansel.uplugin
LogPluginManager: Loaded Plugin OculusAudio, From C:/Program Files/Epic Games/UE_4.14/Engine/Plugins/Runtime/OculusAudio/OculusAudio.uplugin
LogPluginManager: Loaded Plugin OculusInput, From C:/Program Files/Epic Games/UE_4.14/Engine/Plugins/Runtime/OculusInput/OculusInput.uplugin
LogPluginManager: Loaded Plugin OculusLibrary, From C:/Program Files/Epic Games/UE_4.14/Engine/Plugins/Runtime/OculusLibrary/OculusLibrary.uplugin
LogPluginManager: Loaded Plugin OculusRift, From C:/Program Files/Epic Games/UE_4.14/Engine/Plugins/Runtime/OculusRift/OculusRift.uplugin
LogPluginManager: Loaded Plugin Oodle, From C:/Program Files/Epic Games/UE_4.14/Engine/Plugins/Runtime/PacketHandlers/CompressionComponents/Oodle/Oodle.uplugin
LogPluginManager: Loaded Plugin ProceduralMeshComponent, From C:/Program Files/Epic Games/UE_4.14/Engine/Plugins/Runtime/ProceduralMeshComponent/ProceduralMeshComponent.uplugin
LogPluginManager: Loaded Plugin SoundMod, From C:/Program Files/Epic Games/UE_4.14/Engine/Plugins/Runtime/SoundMod/SoundMod.uplugin
LogPluginManager: Loaded Plugin SoundVisualizations, From C:/Program Files/Epic Games/UE_4.14/Engine/Plugins/Runtime/SoundVisualizations/SoundVisualizations.uplugin
LogPluginManager: Loaded Plugin SteamController, From C:/Program Files/Epic Games/UE_4.14/Engine/Plugins/Runtime/Steam/SteamController/SteamController.uplugin
LogPluginManager: Loaded Plugin SteamVR, From C:/Program Files/Epic Games/UE_4.14/Engine/Plugins/Runtime/Steam/SteamVR/SteamVR.uplugin
LogPluginManager: Loaded Plugin WebBrowserWidget, From C:/Program Files/Epic Games/UE_4.14/Engine/Plugins/Runtime/WebBrowserWidget/WebBrowserWidget.uplugin
LogPluginManager: Loaded Plugin WindowsDeviceProfileSelector, From C:/Program Files/Epic Games/UE_4.14/Engine/Plugins/Runtime/WindowsDeviceProfileSelector/WindowsDeviceProfileSelector.uplugin
LogPluginManager: Loaded Plugin WindowsMoviePlayer, From C:/Program Files/Epic Games/UE_4.14/Engine/Plugins/Runtime/WindowsMoviePlayer/WindowsMoviePlayer.uplugin
LogPluginManager: Loaded Plugin ScriptPlugin, From C:/Program Files/Epic Games/UE_4.14/Engine/Plugins/ScriptPlugin/ScriptPlugin.uplugin
LogPluginManager: Loaded Plugin SlateRemote, From C:/Program Files/Epic Games/UE_4.14/Engine/Plugins/Slate/SlateRemote/SlateRemote.uplugin
LogPluginManager: Loaded Plugin EditorTests, From C:/Program Files/Epic Games/UE_4.14/Engine/Plugins/Tests/EditorTests/EditorTests.uplugin
LogPluginManager: Loaded Plugin FbxAutomationTestBuilder, From C:/Program Files/Epic Games/UE_4.14/Engine/Plugins/Tests/FbxAutomationTestBuilder/FbxAutomationTestBuilder.uplugin
LogPluginManager: Loaded Plugin FunctionalTestingEditor, From C:/Program Files/Epic Games/UE_4.14/Engine/Plugins/Tests/FunctionalTestingEditor/FunctionalTestingEditor.uplugin
LogPluginManager: Loaded Plugin RuntimeTests, From C:/Program Files/Epic Games/UE_4.14/Engine/Plugins/Tests/RuntimeTests/RuntimeTests.uplugin
LogPluginManager: Loaded Plugin ScreenshotTools, From C:/Program Files/Epic Games/UE_4.14/Engine/Plugins/Tests/ScreenshotTools/ScreenshotTools.uplugin
LogInit: Using libcurl 7.47.1
LogInit:  - built for x86_64-pc-win32
LogInit:  - supports SSL with OpenSSL/1.0.2g
LogInit:  - supports HTTP deflate (compression) using libz 1.2.8
LogInit:  - other features:
LogInit:      CURL_VERSION_SSL
LogInit:      CURL_VERSION_LIBZ
LogInit:      CURL_VERSION_IPV6
LogInit:      CURL_VERSION_ASYNCHDNS
LogInit:      CURL_VERSION_LARGEFILE
LogInit:      CURL_VERSION_IDN
LogInit:  CurlRequestOptions (configurable via config and command line):
LogInit:  - bVerifyPeer = false  - Libcurl will NOT verify peer certificate
LogInit:  - bUseHttpProxy = false  - Libcurl will NOT use HTTP proxy
LogInit:  - bDontReuseConnections = false  - Libcurl will reuse connections
LogInit:  - CertBundlePath = nullptr  - Libcurl will use whatever was configured at build time.
LogInit: Build: ++UE4+Release-4.14-CL-3249277
LogInit: Engine Version: 4.14.3-3249277+++UE4+Release-4.14
LogInit: Compatible Engine Version: 4.14.0-3195953+++UE4+Release-4.14
LogInit: Net CL: 3195953
LogDevObjectVersion: Number of dev versions registered: 13
LogDevObjectVersion:   Dev-Blueprints (B0D832E4-1F89-4F0D-ACCF-7EB736FD4AA2): 7
LogDevObjectVersion:   Dev-Build (E1C64328-A22C-4D53-A36C-8E866417BD8C): 0
LogDevObjectVersion:   Dev-Core (375EC13C-06E4-48FB-B500-84F0262A717E): 1
LogDevObjectVersion:   Dev-Editor (E4B068ED-F494-42E9-A231-DA0B2E46BB41): 8
LogDevObjectVersion:   Dev-Framework (CFFC743F-43B0-4480-9391-14DF171D2073): 17
LogDevObjectVersion:   Dev-Mobile (B02B49B5-BB20-44E9-A304-32B752E40360): 0
LogDevObjectVersion:   Dev-Networking (A4E4105C-59A1-49B5-A7C5-40C4547EDFEE): 0
LogDevObjectVersion:   Dev-Online (39C831C9-5AE6-47DC-9A44-9C173E1C8E7C): 0
LogDevObjectVersion:   Dev-Physics (78F01B33-EBEA-4F98-B9B4-84EACCB95AA2): 0
LogDevObjectVersion:   Dev-Platform (6631380F-2D4D-43E0-8009-CF276956A95A): 0
LogDevObjectVersion:   Dev-Rendering (12F88B9F-8875-4AFC-A67C-D90C383ABD29): 12
LogDevObjectVersion:   Dev-Sequencer (7B5AE74C-D270-4C10-A958-57980B212A5A): 1
LogDevObjectVersion:   Dev-VR (D7296918-1DD6-4BDD-9DE2-64A83CC13884): 0
LogInit: Compiled (64-bit): Jan  6 2017 10:49:43
LogInit: Compiled with Visual C++: 19.00.23026.00
LogInit: Build Configuration: Development
LogInit: Branch Name: ++UE4+Release-4.14
LogInit: Command line: -EpicPortal 
LogInit: Base directory: C:/Program Files/Epic Games/UE_4.14/Engine/Binaries/Win64/
LogInit: Installed Engine Build: 1
LogInit: Presizing for max 8388607 objects, including 0 objects not considered by GC, pre-allocating 0 bytes for permanent pool.
LogInit: Object subsystem initialized
[2017.05.20-01.24.47:012][  0]LogInit: Selected Device Profile: [Windows]
[2017.05.20-01.24.47:012][  0]LogInit: Applying CVar settings loaded from the selected device profile: [Windows]
[2017.05.20-01.24.47:040][  0]LogInit: Computer: XXXX-PC-X
[2017.05.20-01.24.47:040][  0]LogInit: User: User
[2017.05.20-01.24.47:040][  0]LogInit: CPU Page size=65536, Cores=2
[2017.05.20-01.24.47:040][  0]LogInit: High frequency timer resolution =2.533308 MHz
[2017.05.20-01.24.47:041][  0]LogMemory: Memory total: Physical=11.9GB (12GB approx)
[2017.05.20-01.24.47:041][  0]LogMemory: Platform Memory Stats for Windows
[2017.05.20-01.24.47:041][  0]LogMemory: Process Physical Memory: 265.84 MB used, 265.84 MB peak
[2017.05.20-01.24.47:041][  0]LogMemory: Process Virtual Memory: 262.58 MB used, 262.58 MB peak
[2017.05.20-01.24.47:041][  0]LogMemory: Physical Memory: 2096.42 MB used,  10069.75 MB free, 12166.16 MB total
[2017.05.20-01.24.47:041][  0]LogMemory: Virtual Memory: 698.49 MB used,  10069.75 MB free, 134217728.00 MB total
[2017.05.20-01.24.47:066][  0]LogTextLocalizationManager: No specific translations for ('en-AU') exist, so ('en') translations will be used.
[2017.05.20-01.24.47:837][  0]LogD3D11RHI: D3D11 adapters:
[2017.05.20-01.24.47:841][  0]LogD3D11RHI:    0. 'Intel(R) HD Graphics 4000' (Feature Level 11_0)
[2017.05.20-01.24.47:841][  0]LogD3D11RHI:       32/0/1760 MB DedicatedVideo/DedicatedSystem/SharedSystem, Outputs:1, VendorId:0x8086
[2017.05.20-01.24.47:843][  0]LogD3D11RHI:    1. 'Microsoft Basic Render Driver' (Feature Level 11_0)
[2017.05.20-01.24.47:843][  0]LogD3D11RHI:       0/0/6083 MB DedicatedVideo/DedicatedSystem/SharedSystem, Outputs:0, VendorId:0x1414
[2017.05.20-01.24.47:843][  0]LogD3D11RHI: Chosen D3D11 Adapter: 0
[2017.05.20-01.24.47:846][  0]LogD3D11RHI: Creating new Direct3DDevice
[2017.05.20-01.24.47:846][  0]LogD3D11RHI:     GPU DeviceId: 0x166 (for the marketing name, search the web for "GPU Device Id")
[2017.05.20-01.24.47:846][  0]LogWindows: EnumDisplayDevices:
[2017.05.20-01.24.47:847][  0]LogWindows:    0. 'Intel(R) HD Graphics 4000' (P:1 D:1)
[2017.05.20-01.24.47:847][  0]LogWindows:    1. 'Intel(R) HD Graphics 4000' (P:0 D:0)
[2017.05.20-01.24.47:847][  0]LogWindows:    2. 'Intel(R) HD Graphics 4000' (P:0 D:0)
[2017.05.20-01.24.47:847][  0]LogWindows: DebugString: FoundDriverCount:3 
[2017.05.20-01.24.47:847][  0]LogD3D11RHI:     Adapter Name: Intel(R) HD Graphics 4000
[2017.05.20-01.24.47:847][  0]LogD3D11RHI:   Driver Version: 10.18.10.4358 (internal:10.18.10.4358, unified:10.18.10.4358)
[2017.05.20-01.24.47:847][  0]LogD3D11RHI:      Driver Date: 12-21-2015
[2017.05.20-01.24.47:847][  0]LogRHI: Texture pool is 638 MB (70% of 912 MB)
[2017.05.20-01.24.47:851][  0]LogD3D11RHI: Async texture creation enabled
[2017.05.20-01.24.47:856][  0]LogD3D11RHI: GPU Timing Frequency: 12.500000 (Debug: 2 0)
[2017.05.20-01.24.47:858][  0]LogShaderCompilers: Guid format shader working directory is -6 characters bigger than the processId version (../../../../../../Users/User/Desktop/superMusicGame/Intermediate/Shaders/WorkingDirectory/5872/).
[2017.05.20-01.24.47:858][  0]LogShaderCompilers: Cleaned the shader compiler working directory 'C:/Users/User/AppData/Local/Temp/UnrealShaderWorkingDir/0E456EC645B22EB6EA036CB505564D2E/'.
[2017.05.20-01.24.47:858][  0]LogShaderCompilers:Display: Using Local Shader Compiler.
[2017.05.20-01.24.49:169][  0]LogTemp:Display: Loaded TP AllDesktopTargetPlatform
[2017.05.20-01.24.49:240][  0]LogTemp:Display: Loaded TP MacClientTargetPlatform
[2017.05.20-01.24.49:313][  0]LogTemp:Display: Loaded TP MacNoEditorTargetPlatform
[2017.05.20-01.24.49:384][  0]LogTemp:Display: Loaded TP MacServerTargetPlatform
[2017.05.20-01.24.49:455][  0]LogTemp:Display: Loaded TP MacTargetPlatform
[2017.05.20-01.24.49:525][  0]LogTemp:Display: Loaded TP WindowsClientTargetPlatform
[2017.05.20-01.24.49:598][  0]LogTemp:Display: Loaded TP WindowsNoEditorTargetPlatform
[2017.05.20-01.24.49:668][  0]LogTemp:Display: Loaded TP WindowsServerTargetPlatform
[2017.05.20-01.24.49:726][  0]LogTemp:Display: Loaded TP WindowsTargetPlatform
[2017.05.20-01.24.49:796][  0]LogTemp:Display: Loaded TP AndroidTargetPlatform
[2017.05.20-01.24.49:866][  0]LogTemp:Display: Loaded TP Android_ASTCTargetPlatform
[2017.05.20-01.24.49:935][  0]LogTemp:Display: Loaded TP Android_ATCTargetPlatform
[2017.05.20-01.24.50:005][  0]LogTemp:Display: Loaded TP Android_DXTTargetPlatform
[2017.05.20-01.24.50:074][  0]LogTemp:Display: Loaded TP Android_ETC1TargetPlatform
[2017.05.20-01.24.50:143][  0]LogTemp:Display: Loaded TP Android_ETC2TargetPlatform
[2017.05.20-01.24.50:281][  0]LogTemp:Display: Loaded TP Android_MultiTargetPlatform
[2017.05.20-01.24.50:281][  0]LogTemp:Display: Loaded TP Android_PVRTCTargetPlatform
[2017.05.20-01.24.50:330][  0]LogTemp:Display: Loaded TP HTML5TargetPlatform
[2017.05.20-01.24.50:437][  0]LogTemp:Display: Loaded TP IOSTargetPlatform
[2017.05.20-01.24.50:522][  0]LogTemp:Display: Loaded TP TVOSTargetPlatform
[2017.05.20-01.24.50:597][  0]LogTemp:Display: Loaded TP LinuxClientTargetPlatform
[2017.05.20-01.24.50:665][  0]LogTemp:Display: Loaded TP LinuxNoEditorTargetPlatform
[2017.05.20-01.24.50:734][  0]LogTemp:Display: Loaded TP LinuxServerTargetPlatform
[2017.05.20-01.24.50:804][  0]LogTemp:Display: Loaded TP LinuxTargetPlatform
[2017.05.20-01.24.50:804][  0]LogTargetPlatformManager:Display: Building Assets For Windows
[2017.05.20-01.24.51:522][  0]LogDerivedDataCache:Display: Max Cache Size: 512 MB
[2017.05.20-01.24.51:591][  0]LogDerivedDataCache: Loaded boot cache 0.07s 50MB C:/Users/User/AppData/Local/UnrealEngine/4.14/DerivedDataCache/Boot.ddc.
[2017.05.20-01.24.51:591][  0]LogDerivedDataCache:Display: Loaded Boot cache: C:/Users/User/AppData/Local/UnrealEngine/4.14/DerivedDataCache/Boot.ddc
[2017.05.20-01.24.51:591][  0]LogDerivedDataCache: FDerivedDataBackendGraph:  Pak pak cache file ../../../../../../Users/User/Desktop/superMusicGame/DerivedDataCache/DDC.ddp not found, will not use a pak cache.
[2017.05.20-01.24.51:591][  0]LogDerivedDataCache: Unable to find inner node Pak for hierarchical cache Hierarchy.
[2017.05.20-01.24.51:591][  0]LogDerivedDataCache: FDerivedDataBackendGraph:  CompressedPak pak cache file ../../../../../../Users/User/Desktop/superMusicGame/DerivedDataCache/Compressed.ddp not found, will not use a pak cache.
[2017.05.20-01.24.51:591][  0]LogDerivedDataCache: Unable to find inner node CompressedPak for hierarchical cache Hierarchy.
[2017.05.20-01.24.51:611][  0]LogDerivedDataCache:Display: Pak cache opened for reading ../../../Engine/DerivedDataCache/Compressed.ddp.
[2017.05.20-01.24.51:623][  0]LogDerivedDataCache: Using Local data cache path C:/Users/User/AppData/Local/UnrealEngine/Common/DerivedDataCache: Writable
[2017.05.20-01.24.51:928][  0]LogInit: Selected Device Profile: [Windows]
[2017.05.20-01.24.51:942][  0]LogContentStreaming: Texture pool size is 0.00 MB
[2017.05.20-01.24.52:224][  0]LogMeshUtilities: Using QuadricMeshReduction for automatic static mesh reduction
[2017.05.20-01.24.52:281][  0]LogSimplygon: Simplygon DLL not present - disabling.
[2017.05.20-01.24.52:340][  0]LogMeshUtilities: Using SimplygonSwarm for distributed automatic mesh merging
[2017.05.20-01.24.52:340][  0]LogMeshUtilities: No automatic skeletal mesh reduction module available
[2017.05.20-01.24.52:340][  0]LogMeshUtilities: No automatic mesh merging module available
[2017.05.20-01.24.53:102][  0]LogNetVersion: GetLocalNetworkVersion: CL: 3195953, ProjectName: musicgame04, ProjectVersion: , EngineNetworkVersion: 2, GameNetworkVersion: 0, NetworkChecksum: 2475016038
[2017.05.20-01.24.53:210][  0]LogAssetRegistry: FAssetRegistry took 0.0219 seconds to start up
[2017.05.20-01.24.53:294][  0]LogPackageLocalizationCache: Processed 3 localized package path(s) for 2 prioritized culture(s) in 0.036913 seconds
[2017.05.20-01.24.53:301][  0]LogUObjectArray: 31946 objects as part of root set at end of initial load.
[2017.05.20-01.24.53:301][  0]LogUObjectAllocator: 6935848 out of 0 bytes used by permanent object pool.
[2017.05.20-01.24.53:301][  0]LogUObjectArray: CloseDisregardForGC: 0/0 objects in disregard for GC pool
[2017.05.20-01.24.53:387][  0]LogInit: WinSock: version 1.1 (2.2), MaxSocks=32767, MaxUdp=65467
[2017.05.20-01.24.54:509][  0]LogSlate: Using Freetype 2.6.0
[2017.05.20-01.24.54:510][  0]LogSlate: SlateFontCache - WITH_FREETYPE: 1, WITH_HARFBUZZ: 1
[2017.05.20-01.24.54:510][  0]LogSlate: SlateFontCache - WITH_FREETYPE: 1, WITH_HARFBUZZ: 1
[2017.05.20-01.24.55:619][  0]LogTcpMessaging: Initializing TcpMessaging bridge
[2017.05.20-01.24.55:694][  0]LogUdpMessaging: Initializing bridge on interface 0.0.0.0:0 to multicast group 230.0.0.1:6666.
[2017.05.20-01.24.56:162][  0]LogMaterial: Uniform references updated for custom material expression Custom.
[2017.05.20-01.24.57:038][  0]SourceControl: Info Source control is disabled
[2017.05.20-01.24.57:039][  0]SourceControl: Info Source control is disabled
[2017.05.20-01.24.57:101][  0]SourceControl: Info Source control is disabled
[2017.05.20-01.24.57:158][  0]SourceControl: Info Source control is disabled
[2017.05.20-01.24.59:168][  0]LogEngine: Initializing Engine...
[2017.05.20-01.24.59:168][  0]LogHMD: Failed to initialize OpenVR with code 110
[2017.05.20-01.24.59:602][  0]LogAIModule: Creating AISystem for world Untitled
[2017.05.20-01.24.59:611][  0]LogInit: XAudio2 using 'Speakers (3- Realtek High Definition Audio)' : 2 channels at 48 kHz using 32 bits per sample (channel mask 0x3)
[2017.05.20-01.24.59:641][  0]LogInit: FAudioDevice initialized.
[2017.05.20-01.24.59:669][  0]LogDerivedDataCache: Saved boot cache 0.03s 50MB C:/Users/User/AppData/Local/UnrealEngine/4.14/DerivedDataCache/Boot.ddc.
[2017.05.20-01.24.59:677][  0]LogInit: Texture streaming: Enabled
[2017.05.20-01.25.00:006][  0]LogInit: Transaction tracking system initialized
[2017.05.20-01.25.00:855][  0]BlueprintLog: New page: Editor Load
[2017.05.20-01.25.02:465][  0]LocalizationService: Info Localization service is disabled
[2017.05.20-01.25.03:736][  0]LogConsoleResponse:Display: 
[2017.05.20-01.25.03:992][  0]LogCook:Display: Max memory allowance for cook 16384mb min free memory 0mb
[2017.05.20-01.25.03:992][  0]LogCook:Display: Mobile HDR setting 1
[2017.05.20-01.25.04:715][  0]LogFileCache: Scanning file cache for directory 'C:/Users/User/Desktop/superMusicGame/Content/' took 0.03s
[2017.05.20-01.25.05:296][  0]SourceControl: Info Source control is disabled
[2017.05.20-01.25.05:296][  0]Cmd: MAP LOAD FILE="../../../../../../Users/User/Desktop/superMusicGame/Content/Level01.umap" TEMPLATE=0 SHOWPROGRESS=1 FEATURELEVEL=3
[2017.05.20-01.25.05:302][  0]LightingResults: New page: Lighting Build
[2017.05.20-01.25.05:390][  0]MapCheck: New page: Map Check
[2017.05.20-01.25.05:390][  0]LightingResults: New page: Lighting Build
[2017.05.20-01.25.06:572][  0]LogBlueprint:Warning: [enemy] 'LastMovement' variable not found. Base class was probably changed.
[2017.05.20-01.25.06:572][  0]LogBlueprint:Warning: [enemy] 'LastMovement' variable not found. Base class was probably changed.
[2017.05.20-01.25.06:573][  0]LogBlueprint:Warning: [enemy] 'Sprite' variable not found. Base class was probably changed.
[2017.05.20-01.25.06:573][  0]LogBlueprint:Warning: [enemy] 'LastMovement' variable not found. Base class was probably changed.
[2017.05.20-01.25.06:574][  0]LogBlueprint:Warning: [enemy] 'Atacked' variable not found. Base class was probably changed.
[2017.05.20-01.25.06:574][  0]LogBlueprint:Warning: [enemy] 'LastMovement' variable not found. Base class was probably changed.
[2017.05.20-01.25.07:310][  0]LogBlueprint:Warning: [pathEnemy] 'moveEnemyV' variable not found. Base class was probably changed.
[2017.05.20-01.25.07:310][  0]LogBlueprint:Warning: [pathEnemy] 'moveEnemyV' variable not found. Base class was probably changed.
[2017.05.20-01.25.07:671][  0]LogAIModule: Creating AISystem for world Level01
[2017.05.20-01.25.07:682][  0]LogEditorServer: Finished looking for orphan Actors (0.000 secs)
[2017.05.20-01.25.07:682][  0]Cmd: MAP CHECKDEP NOCLEARLOG
[2017.05.20-01.25.07:745][  0]MapCheck: Info Map check complete: 0 Error(s), 0 Warning(s), took 62.673ms to complete.
[2017.05.20-01.25.07:745][  0]LogFileHelpers: Loading map 'Level01' took 2.448
[2017.05.20-01.25.07:817][  0]LogWindowsTextInputMethodSystem:Display: IME system now deactivated.
[2017.05.20-01.25.08:183][  0]LogCollectionManager: Loaded 0 collections in 0.002541 seconds
[2017.05.20-01.25.08:305][  0]LogFileCache: Scanning file cache for directory 'C:/Users/User/Desktop/superMusicGame/Saved/Collections/' took 0.01s
[2017.05.20-01.25.08:305][  0]LogFileCache: Scanning file cache for directory 'C:/Users/User/Desktop/superMusicGame/Content/Developers/User/Collections/' took 0.01s
[2017.05.20-01.25.08:305][  0]LogFileCache: Scanning file cache for directory 'C:/Users/User/Desktop/superMusicGame/Content/Collections/' took 0.01s
[2017.05.20-01.25.08:305][  0]LogCollectionManager: Rebuilt the GUID cache for 0 collections in 0.000002 seconds
[2017.05.20-01.25.08:319][  0]LogContentBrowser: Native class hierarchy populated in 0.0112 seconds. Added 2190 classes and 428 folders.
[2017.05.20-01.25.08:374][  0]LogStats: UGameplayTagsManager::ConstructGameplayTagTree: Construct from data asset -  0.000 s
[2017.05.20-01.25.08:374][  0]LogStats: UGameplayTagsManager::ConstructGameplayTagTree: GameplayTagTreeChangedEvent.Broadcast -  0.000 s
[2017.05.20-01.25.08:375][  0]LogContentBrowser: Native class hierarchy updated for 'GameplayTags' in 0.0006 seconds. Added 13 classes and 0 folders.
[2017.05.20-01.25.08:457][  0]LogContentBrowser: Native class hierarchy updated for 'WidgetCarousel' in 0.0005 seconds. Added 0 classes and 0 folders.
[2017.05.20-01.25.09:311][  0]LogContentBrowser: Native class hierarchy updated for 'AddContentDialog' in 0.0022 seconds. Added 0 classes and 0 folders.
[2017.05.20-01.25.09:457][  0]LogContentBrowser: Native class hierarchy updated for 'SceneOutliner' in 0.0008 seconds. Added 1 classes and 2 folders.
[2017.05.20-01.25.09:659][  0]LogCrashTracker: Crashtracker disabled due to settings.
[2017.05.20-01.25.09:676][  0]LogUObjectGlobals:Warning: Failed to find object 'Class None.'
[2017.05.20-01.25.09:797][  0]LogContentBrowser: Native class hierarchy updated for 'HierarchicalLODOutliner' in 0.0009 seconds. Added 1 classes and 2 folders.
[2017.05.20-01.25.09:798][  0]LogLoad: (Engine Initialization) Total time: 29.86 seconds
[2017.05.20-01.25.09:798][  0]LogLoad: (Engine Initialization) Total Blueprint compile time: 0.61 seconds
[2017.05.20-01.25.09:798][  0]LogExternalProfiler: No external profilers were discovered.  External profiling features will not be available.
[2017.05.20-01.25.09:816][  0]LogOcInput: OculusInput pre-init called
[2017.05.20-01.25.09:865][  0]LogContentStreaming: Texture pool size now 1000 MB
[2017.05.20-01.25.10:223][  0]LogRenderer: Reallocating scene render targets to support 868x376 NumSamples 1 (Frame:2).
[2017.05.20-01.25.10:560][  1]LogFileCache: Retrieving MD5 hashes for directory 'C:/Users/User/Desktop/superMusicGame/Content/' took 0.73s
[2017.05.20-01.25.10:668][  3]LogAssetRegistry: Asset discovery search completed in 17.4799 seconds
[2017.05.20-01.25.10:668][  3]LogCollectionManager: Rebuilt the object cache for 0 collections in 0.000001 seconds (found 0 objects)
[2017.05.20-01.25.10:668][  3]LogCollectionManager: Fixed up redirectors for 0 collections in 0.000055 seconds (updated 0 objects)
[2017.05.20-01.25.14:724][126]LogTemp: Repeting last play command: New Editor Window (PIE)
[2017.05.20-01.25.14:758][126]LogBlueprintUserMessages: Early PlayInEditor Detection: Level '/Game/Level01.Level01:PersistentLevel' has LevelScriptBlueprint '/Game/Level01.Level01:PersistentLevel.Level01' with GeneratedClass '/Game/Level01.Level01_C' with ClassGeneratedBy '/Game/Level01.Level01:PersistentLevel.Level01'
[2017.05.20-01.25.14:759][126]LogPlayLevel: PlayLevel: No blueprints needed recompiling
[2017.05.20-01.25.14:760][126]PIE: New page: PIE session: Level01 (20 May 2017 8:25:14 pm)
[2017.05.20-01.25.14:760][126]LogPlayLevel: Creating play world package: /Game/UEDPIE_0_Level01
[2017.05.20-01.25.14:769][126]LogPlayLevel: PIE: StaticDuplicateObject took: (0.008920s)
[2017.05.20-01.25.14:770][126]LogAIModule: Creating AISystem for world Level01
[2017.05.20-01.25.14:770][126]LogPlayLevel: PIE: World Init took: (0.001050s)
[2017.05.20-01.25.14:771][126]LogPlayLevel: PIE: Created PIE world by copying editor world from /Game/Level01.Level01 to /Game/UEDPIE_0_Level01.Level01 (0.010709s)
[2017.05.20-01.25.14:817][126]LogInit: XAudio2 using 'Speakers (3- Realtek High Definition Audio)' : 2 channels at 48 kHz using 32 bits per sample (channel mask 0x3)
[2017.05.20-01.25.14:832][126]LogInit: FAudioDevice initialized.
[2017.05.20-01.25.14:910][126]LogLoad: Game class is 'BasicLevelMode_C'
[2017.05.20-01.25.14:916][126]LogWorld: Bringing World /Game/UEDPIE_0_Level01.Level01 up for play (max tick rate 60) at 2017.05.20-10.55.14
[2017.05.20-01.25.14:923][126]LogWorld: Bringing up level for play took: 0.010553
[2017.05.20-01.25.15:000][126]LogContentBrowser: Native class hierarchy updated for 'MovieSceneCapture' in 0.0010 seconds. Added 11 classes and 0 folders.
[2017.05.20-01.25.15:000][126]LogGameMode:Display: Match State Changed from EnteringMap to WaitingToStart
[2017.05.20-01.25.15:000][126]LogGameState: Match State Changed from EnteringMap to WaitingToStart
[2017.05.20-01.25.15:000][126]LogGameMode:Display: Match State Changed from WaitingToStart to InProgress
[2017.05.20-01.25.15:009][126]LogGameState: Match State Changed from WaitingToStart to InProgress
[2017.05.20-01.25.15:014][126]PIE: Info Play in editor start time for /Game/UEDPIE_0_Level01 -0.012
[2017.05.20-01.25.15:015][126]LogBlueprintUserMessages: Late PlayInEditor Detection: Level '/Game/Level01.Level01:PersistentLevel' has LevelScriptBlueprint '/Game/Level01.Level01:PersistentLevel.Level01' with GeneratedClass '/Game/Level01.Level01_C' with ClassGeneratedBy '/Game/Level01.Level01:PersistentLevel.Level01'
[2017.05.20-01.25.15:056][126]LogRenderer: Reallocating scene render targets to support 1292x756 NumSamples 1 (Frame:124).
[2017.05.20-01.25.17:784][159]LogBlueprintUserMessages: [chargeEnemy2_39] dealt dmg from charger
[2017.05.20-01.25.18:359][167]LogBlueprintUserMessages: [chargeEnemy10_181] dealt dmg from charger
[2017.05.20-01.25.18:765][173]LogBlueprintUserMessages: [chargeEnemy3_64] dealt dmg from charger
[2017.05.20-01.25.19:043][177]LogBlueprintUserMessages: [chargeEnemy4_23] dealt dmg from charger
[2017.05.20-01.25.19:313][181]LogBlueprintUserMessages: [chargeEnemy4_23] dealt dmg from charger
[2017.05.20-01.25.19:578][185]LogBlueprintUserMessages: [Player_C_0] activated
[2017.05.20-01.25.19:583][185]LogBlueprintUserMessages: [Player_C_0] activated
[2017.05.20-01.25.19:654][186]LogBlueprintUserMessages: [Player_C_0] activated
[2017.05.20-01.25.19:718][187]LogBlueprintUserMessages: [Player_C_0] activated
[2017.05.20-01.25.19:789][188]LogBlueprintUserMessages: [Player_C_0] activated
[2017.05.20-01.25.19:792][188]LogBlueprintUserMessages: [Player_C_0] activated
[2017.05.20-01.25.19:861][189]LogBlueprintUserMessages: [Player_C_0] activated
[2017.05.20-01.25.19:927][190]LogBlueprintUserMessages: [Player_C_0] activated
[2017.05.20-01.25.20:057][192]LogBlueprintUserMessages: [enemySpell_C_0] get fireballed kiddo
[2017.05.20-01.25.20:268][195]LogBlueprintUserMessages: [Player_C_0] activated
[2017.05.20-01.25.20:274][195]LogBlueprintUserMessages: [Player_C_0] activated
[2017.05.20-01.25.20:341][196]LogBlueprintUserMessages: [Player_C_0] activated
[2017.05.20-01.25.20:410][197]LogBlueprintUserMessages: [Player_C_0] activated
[2017.05.20-01.25.20:471][198]LogBlueprintUserMessages: [Player_C_0] activated
[2017.05.20-01.25.20:476][198]LogBlueprintUserMessages: [Player_C_0] activated
[2017.05.20-01.25.20:542][199]LogBlueprintUserMessages: [Player_C_0] activated
[2017.05.20-01.25.20:604][200]LogBlueprintUserMessages: [Player_C_0] activated
[2017.05.20-01.25.20:609][200]LogBlueprintUserMessages: [Player_C_0] activated
[2017.05.20-01.25.22:309][225]LogBlueprintUserMessages: [Player_C_0] activated
[2017.05.20-01.25.22:313][225]LogBlueprintUserMessages: [chargeEnemy3_64] dealt dmg from charger
[2017.05.20-01.25.22:314][225]LogBlueprintUserMessages: [Player_C_0] activated
[2017.05.20-01.25.22:382][226]LogBlueprintUserMessages: [Player_C_0] activated
[2017.05.20-01.25.22:449][227]LogBlueprintUserMessages: [Player_C_0] activated
[2017.05.20-01.25.22:509][228]LogBlueprintUserMessages: [Player_C_0] activated
[2017.05.20-01.25.22:513][228]LogBlueprintUserMessages: [Player_C_0] activated
[2017.05.20-01.25.22:590][229]LogBlueprintUserMessages: [Player_C_0] activated
[2017.05.20-01.25.22:659][230]LogBlueprintUserMessages: [Player_C_0] activated
[2017.05.20-01.25.22:722][231]LogBlueprintUserMessages: [Player_C_0] activated
[2017.05.20-01.25.22:726][231]LogBlueprintUserMessages: [Player_C_0] activated
[2017.05.20-01.25.22:797][232]LogBlueprintUserMessages: [Player_C_0] activated
[2017.05.20-01.25.22:797][232]LogBlueprintUserMessages: [Player_C_0] hit but wasn't tired
[2017.05.20-01.25.22:862][233]LogBlueprintUserMessages: [Player_C_0] activated
[2017.05.20-01.25.22:862][233]LogBlueprintUserMessages: [Player_C_0] hit but wasn't tired
[2017.05.20-01.25.22:865][233]LogBlueprintUserMessages: [Player_C_0] activated
[2017.05.20-01.25.22:865][233]LogBlueprintUserMessages: [Player_C_0] hit but wasn't tired
[2017.05.20-01.25.22:934][234]LogBlueprintUserMessages: [Player_C_0] activated
[2017.05.20-01.25.23:004][235]LogBlueprintUserMessages: [Player_C_0] activated
[2017.05.20-01.25.23:007][235]LogBlueprintUserMessages: [Player_C_0] activated
[2017.05.20-01.25.23:067][236]LogBlueprintUserMessages: [chargeEnemy10_181] dealt dmg from charger
[2017.05.20-01.25.23:069][236]LogBlueprintUserMessages: [Player_C_0] activated
[2017.05.20-01.25.23:207][238]LogBlueprintUserMessages: [Player_C_0] activated
[2017.05.20-01.25.23:212][238]LogBlueprintUserMessages: [Player_C_0] activated
[2017.05.20-01.25.23:279][239]LogBlueprintUserMessages: [Player_C_0] activated
[2017.05.20-01.25.23:342][240]LogBlueprintUserMessages: [Player_C_0] activated
[2017.05.20-01.25.23:419][241]LogBlueprintUserMessages: [Player_C_0] activated
[2017.05.20-01.25.23:488][242]LogBlueprintUserMessages: [Player_C_0] activated
[2017.05.20-01.25.23:488][242]LogBlueprintUserMessages: [Player_C_0] hit but wasn't tired
[2017.05.20-01.25.23:561][243]LogBlueprintUserMessages: [Player_C_0] activated
[2017.05.20-01.25.23:561][243]LogBlueprintUserMessages: [Player_C_0] hit but wasn't tired
[2017.05.20-01.25.23:696][245]LogBlueprintUserMessages: [chargeEnemy8_138] dealt dmg from charger
[2017.05.20-01.25.23:972][249]LogBlueprintUserMessages: [chargeEnemy8_138] dealt dmg from charger
[2017.05.20-01.25.24:095][251]LogBlueprintUserMessages: [Player_C_0] activated
[2017.05.20-01.25.24:095][251]LogBlueprintUserMessages: [Player_C_0] hit but wasn't tired
[2017.05.20-01.25.24:099][251]LogBlueprintUserMessages: [Player_C_0] activated
[2017.05.20-01.25.24:099][251]LogBlueprintUserMessages: [Player_C_0] hit but wasn't tired
[2017.05.20-01.25.24:173][252]LogBlueprintUserMessages: [Player_C_0] activated
[2017.05.20-01.25.24:173][252]LogBlueprintUserMessages: [Player_C_0] hit but wasn't tired
[2017.05.20-01.25.24:235][253]LogBlueprintUserMessages: [chargeEnemy8_138] dealt dmg from charger
[2017.05.20-01.25.24:236][253]LogBlueprintUserMessages: [Player_C_0] activated
[2017.05.20-01.25.24:303][254]LogBlueprintUserMessages: [Player_C_0] activated
[2017.05.20-01.25.24:308][254]LogBlueprintUserMessages: [Player_C_0] activated
[2017.05.20-01.25.24:375][255]LogBlueprintUserMessages: [Player_C_0] activated
[2017.05.20-01.25.24:442][256]LogBlueprintUserMessages: [Player_C_0] activated
[2017.05.20-01.25.24:498][257]LogBlueprintUserMessages: [Player_C_0] activated
[2017.05.20-01.25.24:503][257]LogBlueprintUserMessages: [Player_C_0] activated
[2017.05.20-01.25.24:576][258]LogBlueprintUserMessages: [Player_C_0] activated
[2017.05.20-01.25.24:642][259]LogBlueprintUserMessages: [Player_C_0] activated
[2017.05.20-01.25.24:698][260]LogBlueprintUserMessages: [Player_C_0] activated
[2017.05.20-01.25.24:703][260]LogBlueprintUserMessages: [Player_C_0] activated
[2017.05.20-01.25.24:768][261]LogBlueprintUserMessages: [Player_C_0] activated
[2017.05.20-01.25.24:843][262]LogBlueprintUserMessages: [Player_C_0] activated
[2017.05.20-01.25.25:310][269]LogBlueprintUserMessages: [Player_C_0] activated
[2017.05.20-01.25.25:315][269]LogBlueprintUserMessages: [Player_C_0] activated
[2017.05.20-01.25.25:380][270]LogBlueprintUserMessages: [Player_C_0] activated
[2017.05.20-01.25.25:447][271]LogBlueprintUserMessages: [Player_C_0] activated
[2017.05.20-01.25.25:511][272]LogBlueprintUserMessages: [Player_C_0] activated
[2017.05.20-01.25.25:515][272]LogBlueprintUserMessages: [Player_C_0] activated
[2017.05.20-01.25.25:582][273]LogBlueprintUserMessages: [Player_C_0] activated
[2017.05.20-01.25.25:648][274]LogBlueprintUserMessages: [Player_C_0] activated
[2017.05.20-01.25.26:059][280]LogBlueprintUserMessages: [Player_C_0] activated
[2017.05.20-01.25.26:059][280]LogBlueprintUserMessages: [Player_C_0] hit but wasn't tired
[2017.05.20-01.25.26:064][280]LogBlueprintUserMessages: [Player_C_0] activated
[2017.05.20-01.25.26:064][280]LogBlueprintUserMessages: [Player_C_0] hit but wasn't tired
[2017.05.20-01.25.26:130][281]LogBlueprintUserMessages: [Player_C_0] activated
[2017.05.20-01.25.26:130][281]LogBlueprintUserMessages: [Player_C_0] hit but wasn't tired
[2017.05.20-01.25.26:186][282]LogBlueprintUserMessages: [Player_C_0] activated
[2017.05.20-01.25.26:186][282]LogBlueprintUserMessages: [Player_C_0] hit but wasn't tired
[2017.05.20-01.25.26:192][282]LogBlueprintUserMessages: [Player_C_0] activated
[2017.05.20-01.25.26:263][283]LogBlueprintUserMessages: [Player_C_0] activated
[2017.05.20-01.25.26:330][284]LogBlueprintUserMessages: [Player_C_0] activated
[2017.05.20-01.25.26:395][285]LogBlueprintUserMessages: [Player_C_0] activated
[2017.05.20-01.25.26:454][286]LogBlueprintUserMessages: [Player_C_0] activated
[2017.05.20-01.25.26:458][286]LogBlueprintUserMessages: [Player_C_0] activated
[2017.05.20-01.25.26:533][287]LogBlueprintUserMessages: [Player_C_0] activated
[2017.05.20-01.25.26:593][288]LogBlueprintUserMessages: [Player_C_0] activated
[2017.05.20-01.25.26:662][289]LogBlueprintUserMessages: [Player_C_0] activated
[2017.05.20-01.25.26:735][290]LogBlueprintUserMessages: [Player_C_0] activated
[2017.05.20-01.25.26:791][291]LogBlueprintUserMessages: [Player_C_0] activated
[2017.05.20-01.25.26:795][291]LogBlueprintUserMessages: [Player_C_0] activated
[2017.05.20-01.25.26:870][292]LogBlueprintUserMessages: [Player_C_0] activated
[2017.05.20-01.25.27:001][294]LogBlueprintUserMessages: [Player_C_0] activated
[2017.05.20-01.25.27:006][294]LogBlueprintUserMessages: [Player_C_0] activated
[2017.05.20-01.25.27:076][295]LogBlueprintUserMessages: [Player_C_0] activated
[2017.05.20-01.25.27:143][296]LogBlueprintUserMessages: [Player_C_0] activated
[2017.05.20-01.25.27:211][297]LogBlueprintUserMessages: [Player_C_0] activated
[2017.05.20-01.25.27:280][298]LogBlueprintUserMessages: [Player_C_0] activated
[2017.05.20-01.25.27:348][299]LogBlueprintUserMessages: [Player_C_0] activated
[2017.05.20-01.25.27:411][300]LogBlueprintUserMessages: [Player_C_0] activated
[2017.05.20-01.25.27:416][300]LogBlueprintUserMessages: [Player_C_0] activated
[2017.05.20-01.25.27:484][301]LogBlueprintUserMessages: [Player_C_0] activated
[2017.05.20-01.25.27:553][302]LogBlueprintUserMessages: [Player_C_0] activated
[2017.05.20-01.25.27:625][303]LogBlueprintUserMessages: [Player_C_0] activated
[2017.05.20-01.25.27:687][304]LogBlueprintUserMessages: [Player_C_0] activated
[2017.05.20-01.25.27:755][305]LogBlueprintUserMessages: [Player_C_0] activated
[2017.05.20-01.25.28:292][313]LogBlueprintUserMessages: [Player_C_0] activated
[2017.05.20-01.25.28:293][313]LogBlueprintUserMessages: [Player_C_0] hit but wasn't tired
[2017.05.20-01.25.28:297][313]LogBlueprintUserMessages: [Player_C_0] activated
[2017.05.20-01.25.28:297][313]LogBlueprintUserMessages: [Player_C_0] hit but wasn't tired
[2017.05.20-01.25.28:363][314]LogBlueprintUserMessages: [Player_C_0] activated
[2017.05.20-01.25.28:364][314]LogBlueprintUserMessages: [Player_C_0] hit but wasn't tired
[2017.05.20-01.25.28:427][315]LogBlueprintUserMessages: [chargeEnemy8_138] dealt dmg from charger
[2017.05.20-01.25.28:428][315]LogBlueprintUserMessages: [Player_C_0] activated
[2017.05.20-01.25.28:429][315]LogBlueprintUserMessages: [Player_C_0] hit but wasn't tired
[2017.05.20-01.25.28:499][316]LogBlueprintUserMessages: [Player_C_0] activated
[2017.05.20-01.25.28:499][316]LogBlueprintUserMessages: [Player_C_0] hit but wasn't tired
[2017.05.20-01.25.28:503][316]LogBlueprintUserMessages: [Player_C_0] activated
[2017.05.20-01.25.28:503][316]LogBlueprintUserMessages: [Player_C_0] hit but wasn't tired
[2017.05.20-01.25.28:575][317]LogBlueprintUserMessages: [Player_C_0] activated
[2017.05.20-01.25.28:575][317]LogBlueprintUserMessages: [Player_C_0] hit but wasn't tired
[2017.05.20-01.25.28:631][318]LogBlueprintUserMessages: [Player_C_0] activated
[2017.05.20-01.25.28:631][318]LogBlueprintUserMessages: [Player_C_0] hit but wasn't tired
[2017.05.20-01.25.28:635][318]LogBlueprintUserMessages: [Player_C_0] activated
[2017.05.20-01.25.28:708][319]LogBlueprintUserMessages: [chargeEnemy8_138] dealt dmg from charger
[2017.05.20-01.25.28:843][321]LogBlueprintUserMessages: [Player_C_0] activated
[2017.05.20-01.25.28:847][321]LogBlueprintUserMessages: [Player_C_0] activated
[2017.05.20-01.25.28:915][322]LogBlueprintUserMessages: [Player_C_0] activated
[2017.05.20-01.25.28:987][323]LogBlueprintUserMessages: [Player_C_0] activated
[2017.05.20-01.25.29:050][324]LogBlueprintUserMessages: [Player_C_0] activated
[2017.05.20-01.25.29:117][325]LogBlueprintUserMessages: [Player_C_0] activated
[2017.05.20-01.25.29:191][326]LogBlueprintUserMessages: [Player_C_0] activated
[2017.05.20-01.25.29:195][326]LogBlueprintUserMessages: [Player_C_0] activated
[2017.05.20-01.25.29:467][330]LogBlueprintUserMessages: [Player_C_0] activated
[2017.05.20-01.25.29:472][330]LogBlueprintUserMessages: [Player_C_0] activated
[2017.05.20-01.25.29:543][331]LogBlueprintUserMessages: [Player_C_0] activated
[2017.05.20-01.25.29:610][332]LogBlueprintUserMessages: [Player_C_0] activated
[2017.05.20-01.25.29:681][333]LogBlueprintUserMessages: [Player_C_0] activated
[2017.05.20-01.25.29:685][333]LogBlueprintUserMessages: [Player_C_0] activated
[2017.05.20-01.25.29:756][334]LogBlueprintUserMessages: [Player_C_0] activated
[2017.05.20-01.25.29:817][335]LogBlueprintUserMessages: [Player_C_0] activated
[2017.05.20-01.25.29:956][337]LogBlueprintUserMessages: [Player_C_0] activated
[2017.05.20-01.25.29:960][337]LogBlueprintUserMessages: [Player_C_0] activated
[2017.05.20-01.25.30:028][338]LogBlueprintUserMessages: [Player_C_0] activated
[2017.05.20-01.25.30:095][339]LogBlueprintUserMessages: [Player_C_0] activated
[2017.05.20-01.25.30:162][340]LogBlueprintUserMessages: [Player_C_0] activated
[2017.05.20-01.25.30:167][340]LogBlueprintUserMessages: [Player_C_0] activated
[2017.05.20-01.25.30:232][341]LogBlueprintUserMessages: [Player_C_0] activated
[2017.05.20-01.25.30:302][342]LogBlueprintUserMessages: [Player_C_0] activated
[2017.05.20-01.25.30:367][343]LogBlueprintUserMessages: [Player_C_0] activated
[2017.05.20-01.25.30:371][343]LogBlueprintUserMessages: [Player_C_0] activated
[2017.05.20-01.25.30:438][344]LogBlueprintUserMessages: [Player_C_0] activated
[2017.05.20-01.25.30:505][345]LogBlueprintUserMessages: [Player_C_0] activated
[2017.05.20-01.25.30:574][346]LogBlueprintUserMessages: [Player_C_0] activated
[2017.05.20-01.25.30:649][347]LogBlueprintUserMessages: [Player_C_0] activated
[2017.05.20-01.25.30:712][348]LogBlueprintUserMessages: [Player_C_0] activated
[2017.05.20-01.25.30:911][351]LogBlueprintUserMessages: [Player_C_0] activated
[2017.05.20-01.25.30:916][351]LogBlueprintUserMessages: [Player_C_0] activated
[2017.05.20-01.25.30:987][352]LogBlueprintUserMessages: [Player_C_0] activated
[2017.05.20-01.25.31:052][353]LogBlueprintUserMessages: [Player_C_0] activated
[2017.05.20-01.25.31:057][353]LogBlueprintUserMessages: [Player_C_0] activated
[2017.05.20-01.25.31:122][354]LogBlueprintUserMessages: [chargeEnemy5_72] dealt dmg from charger
[2017.05.20-01.25.31:122][354]LogBlueprintUserMessages: [Player_C_0] activated
[2017.05.20-01.25.31:190][355]LogBlueprintUserMessages: [Player_C_0] activated
[2017.05.20-01.25.31:255][356]LogBlueprintUserMessages: [Player_C_0] activated
[2017.05.20-01.25.31:260][356]LogBlueprintUserMessages: [Player_C_0] activated
[2017.05.20-01.25.31:456][359]LogBlueprintUserMessages: [Player_C_0] activated
[2017.05.20-01.25.31:460][359]LogBlueprintUserMessages: [Player_C_0] activated
[2017.05.20-01.25.31:529][360]LogBlueprintUserMessages: [Player_C_0] activated
[2017.05.20-01.25.31:594][361]LogBlueprintUserMessages: [Player_C_0] activated
[2017.05.20-01.25.31:665][362]LogBlueprintUserMessages: [Player_C_0] activated
[2017.05.20-01.25.31:731][363]LogBlueprintUserMessages: [Player_C_0] activated
[2017.05.20-01.25.31:800][364]LogBlueprintUserMessages: [Player_C_0] activated
[2017.05.20-01.25.32:985][382]LogBlueprintUserMessages: [Player_C_0] activated
[2017.05.20-01.25.32:989][382]LogBlueprintUserMessages: [Player_C_0] activated
[2017.05.20-01.25.33:056][383]LogBlueprintUserMessages: [Player_C_0] activated
[2017.05.20-01.25.33:123][384]LogBlueprintUserMessages: [Player_C_0] activated
[2017.05.20-01.25.33:189][385]LogBlueprintUserMessages: [Player_C_0] activated
[2017.05.20-01.25.33:257][386]LogBlueprintUserMessages: [Player_C_0] activated
[2017.05.20-01.25.33:324][387]LogBlueprintUserMessages: [Player_C_0] activated
[2017.05.20-01.25.33:917][396]LogBlueprintUserMessages: [Player_C_0] activated
[2017.05.20-01.25.33:921][396]LogBlueprintUserMessages: [Player_C_0] activated
[2017.05.20-01.25.33:985][397]LogBlueprintUserMessages: [Player_C_0] activated
[2017.05.20-01.25.34:051][398]LogBlueprintUserMessages: [Player_C_0] activated
[2017.05.20-01.25.34:115][399]LogBlueprintUserMessages: [Player_C_0] activated
[2017.05.20-01.25.34:182][400]LogBlueprintUserMessages: [Player_C_0] activated
[2017.05.20-01.25.34:249][401]LogBlueprintUserMessages: [Player_C_0] activated
[2017.05.20-01.25.34:308][402]LogBlueprintUserMessages: [Player_C_0] activated
[2017.05.20-01.25.37:209][445]LogBlueprintUserMessages: [chargeEnemy8_138] dealt dmg from charger
[2017.05.20-01.25.37:477][449]LogBlueprintUserMessages: [chargeEnemy8_138] dealt dmg from charger
[2017.05.20-01.25.38:082][458]LogBlueprintUserMessages: [Player_C_0] activated
[2017.05.20-01.25.38:087][458]LogBlueprintUserMessages: [Player_C_0] activated
[2017.05.20-01.25.38:159][459]LogBlueprintUserMessages: [Player_C_0] activated
[2017.05.20-01.25.38:227][460]LogBlueprintUserMessages: [Player_C_0] activated
[2017.05.20-01.25.38:290][461]LogBlueprintUserMessages: [Player_C_0] activated
[2017.05.20-01.25.38:361][462]LogBlueprintUserMessages: [Player_C_0] activated
[2017.05.20-01.25.38:431][463]LogBlueprintUserMessages: [Player_C_0] activated
[2017.05.20-01.25.39:492][479]LogBlueprintUserMessages: [Player_C_0] activated
[2017.05.20-01.25.39:496][479]LogBlueprintUserMessages: [Player_C_0] activated
[2017.05.20-01.25.39:496][479]LogBlueprintUserMessages: [Player_C_0] hit but wasn't tired
[2017.05.20-01.25.39:562][480]LogBlueprintUserMessages: [Player_C_0] activated
[2017.05.20-01.25.39:562][480]LogBlueprintUserMessages: [Player_C_0] hit but wasn't tired
[2017.05.20-01.25.39:629][481]LogBlueprintUserMessages: [Player_C_0] activated
[2017.05.20-01.25.39:629][481]LogBlueprintUserMessages: [Player_C_0] hit but wasn't tired
[2017.05.20-01.25.39:687][482]LogBlueprintUserMessages: [Player_C_0] activated
[2017.05.20-01.25.39:687][482]LogBlueprintUserMessages: [Player_C_0] hit but wasn't tired
[2017.05.20-01.25.39:747][483]LogBlueprintUserMessages: [Player_C_0] activated
[2017.05.20-01.25.39:747][483]LogBlueprintUserMessages: [Player_C_0] hit but wasn't tired
[2017.05.20-01.25.39:801][484]LogBlueprintUserMessages: [Player_C_0] activated
[2017.05.20-01.25.39:801][484]LogBlueprintUserMessages: [Player_C_0] hit but wasn't tired
[2017.05.20-01.25.39:862][485]LogBlueprintUserMessages: [Player_C_0] activated
[2017.05.20-01.25.39:862][485]LogBlueprintUserMessages: [Player_C_0] hit but wasn't tired
[2017.05.20-01.25.39:930][486]LogBlueprintUserMessages: [chargeEnemy5_72] dealt dmg from charger
[2017.05.20-01.25.40:197][490]LogBlueprintUserMessages: [chargeEnemy5_72] dealt dmg from charger
[2017.05.20-01.25.41:299][508]LogBlueprintUserMessages: [Player_C_0] activated
[2017.05.20-01.25.41:304][508]LogBlueprintUserMessages: [Player_C_0] activated
[2017.05.20-01.25.41:368][509]LogBlueprintUserMessages: [Player_C_0] activated
[2017.05.20-01.25.41:435][510]LogBlueprintUserMessages: [Player_C_0] activated
[2017.05.20-01.25.41:435][510]LogBlueprintUserMessages: [Player_C_0] hit but wasn't tired
[2017.05.20-01.25.41:497][511]LogBlueprintUserMessages: [Player_C_0] activated
[2017.05.20-01.25.41:497][511]LogBlueprintUserMessages: [Player_C_0] hit but wasn't tired
[2017.05.20-01.25.41:501][511]LogBlueprintUserMessages: [Player_C_0] activated
[2017.05.20-01.25.41:502][511]LogBlueprintUserMessages: [Player_C_0] hit but wasn't tired
[2017.05.20-01.25.41:567][512]LogBlueprintUserMessages: [Player_C_0] activated
[2017.05.20-01.25.41:567][512]LogBlueprintUserMessages: [Player_C_0] hit but wasn't tired
[2017.05.20-01.25.41:632][513]LogBlueprintUserMessages: [chargeEnemy7_125] dealt dmg from charger
[2017.05.20-01.25.41:632][513]LogBlueprintUserMessages: [Player_C_0] activated
[2017.05.20-01.25.41:633][513]LogBlueprintUserMessages: [Player_C_0] hit but wasn't tired
[2017.05.20-01.25.41:697][514]LogBlueprintUserMessages: [Player_C_0] activated
[2017.05.20-01.25.41:698][514]LogBlueprintUserMessages: [Player_C_0] hit but wasn't tired
[2017.05.20-01.25.41:898][517]LogBlueprintUserMessages: [Player_C_0] activated
[2017.05.20-01.25.41:898][517]LogBlueprintUserMessages: [Player_C_0] hit but wasn't tired
[2017.05.20-01.25.41:902][517]LogBlueprintUserMessages: [Player_C_0] activated
[2017.05.20-01.25.41:902][517]LogBlueprintUserMessages: [Player_C_0] hit but wasn't tired
[2017.05.20-01.25.41:968][518]LogBlueprintUserMessages: [Player_C_0] activated
[2017.05.20-01.25.41:968][518]LogBlueprintUserMessages: [Player_C_0] hit but wasn't tired
[2017.05.20-01.25.42:040][519]LogBlueprintUserMessages: [Player_C_0] activated
[2017.05.20-01.25.42:040][519]LogBlueprintUserMessages: [Player_C_0] hit but wasn't tired
[2017.05.20-01.25.42:110][520]LogBlueprintUserMessages: [Player_C_0] activated
[2017.05.20-01.25.42:110][520]LogBlueprintUserMessages: [Player_C_0] hit but wasn't tired
[2017.05.20-01.25.42:178][521]LogBlueprintUserMessages: [Player_C_0] activated
[2017.05.20-01.25.42:178][521]LogBlueprintUserMessages: [Player_C_0] hit but wasn't tired
[2017.05.20-01.25.42:237][522]LogBlueprintUserMessages: [Player_C_0] activated
[2017.05.20-01.25.42:237][522]LogBlueprintUserMessages: [Player_C_0] hit but wasn't tired
[2017.05.20-01.25.42:441][525]LogBlueprintUserMessages: [Player_C_0] activated
[2017.05.20-01.25.42:441][525]LogBlueprintUserMessages: [Player_C_0] hit but wasn't tired
[2017.05.20-01.25.42:445][525]LogBlueprintUserMessages: [Player_C_0] activated
[2017.05.20-01.25.42:445][525]LogBlueprintUserMessages: [Player_C_0] hit but wasn't tired
[2017.05.20-01.25.42:505][526]LogBlueprintUserMessages: [Player_C_0] activated
[2017.05.20-01.25.42:505][526]LogBlueprintUserMessages: [Player_C_0] hit but wasn't tired
[2017.05.20-01.25.42:573][527]LogBlueprintUserMessages: [Player_C_0] activated
[2017.05.20-01.25.42:573][527]LogBlueprintUserMessages: [Player_C_0] hit but wasn't tired
[2017.05.20-01.25.42:644][528]LogBlueprintUserMessages: [chargeEnemy7_125] dealt dmg from charger
[2017.05.20-01.25.42:644][528]LogBlueprintUserMessages: [Player_C_0] activated
[2017.05.20-01.25.42:644][528]LogBlueprintUserMessages: [Player_C_0] hit but wasn't tired
[2017.05.20-01.25.42:705][529]LogBlueprintUserMessages: [Player_C_0] activated
[2017.05.20-01.25.42:705][529]LogBlueprintUserMessages: [Player_C_0] hit but wasn't tired
[2017.05.20-01.25.42:773][530]LogBlueprintUserMessages: [Player_C_0] activated
[2017.05.20-01.25.42:847][531]LogBlueprintUserMessages: [Player_C_0] activated
[2017.05.20-01.25.43:714][544]LogBlueprintUserMessages: [Player_C_0] activated
[2017.05.20-01.25.43:714][544]LogBlueprintUserMessages: [Player_C_0] hit but wasn't tired
[2017.05.20-01.25.43:718][544]LogBlueprintUserMessages: [Player_C_0] activated
[2017.05.20-01.25.43:719][544]LogBlueprintUserMessages: [Player_C_0] hit but wasn't tired
[2017.05.20-01.25.43:786][545]LogBlueprintUserMessages: [Player_C_0] activated
[2017.05.20-01.25.43:786][545]LogBlueprintUserMessages: [Player_C_0] hit but wasn't tired
[2017.05.20-01.25.43:855][546]LogBlueprintUserMessages: [Player_C_0] activated
[2017.05.20-01.25.43:855][546]LogBlueprintUserMessages: [Player_C_0] hit but wasn't tired
[2017.05.20-01.25.43:921][547]LogBlueprintUserMessages: [Player_C_0] activated
[2017.05.20-01.25.43:921][547]LogBlueprintUserMessages: [Player_C_0] hit but wasn't tired
[2017.05.20-01.25.43:987][548]LogBlueprintUserMessages: [Player_C_0] activated
[2017.05.20-01.25.43:988][548]LogBlueprintUserMessages: [Player_C_0] hit but wasn't tired
[2017.05.20-01.25.44:053][549]LogBlueprintUserMessages: [Player_C_0] activated
[2017.05.20-01.25.44:054][549]LogBlueprintUserMessages: [Player_C_0] hit but wasn't tired
[2017.05.20-01.25.44:385][554]LogBlueprintUserMessages: [Player_C_0] activated
[2017.05.20-01.25.44:385][554]LogBlueprintUserMessages: [Player_C_0] hit but wasn't tired
[2017.05.20-01.25.44:390][554]LogBlueprintUserMessages: [Player_C_0] activated
[2017.05.20-01.25.44:390][554]LogBlueprintUserMessages: [Player_C_0] hit but wasn't tired
[2017.05.20-01.25.44:455][555]LogBlueprintUserMessages: [Player_C_0] activated
[2017.05.20-01.25.44:456][555]LogBlueprintUserMessages: [Player_C_0] hit but wasn't tired
[2017.05.20-01.25.44:456][555]LogBlueprintUserMessages: [Player_C_0] hit but wasn't tired
[2017.05.20-01.25.44:524][556]LogBlueprintUserMessages: [Player_C_0] activated
[2017.05.20-01.25.44:524][556]LogBlueprintUserMessages: [Player_C_0] hit but wasn't tired
[2017.05.20-01.25.44:524][556]LogBlueprintUserMessages: [Player_C_0] hit but wasn't tired
[2017.05.20-01.25.44:589][557]LogBlueprintUserMessages: [Player_C_0] activated
[2017.05.20-01.25.44:589][557]LogBlueprintUserMessages: [Player_C_0] hit but wasn't tired
[2017.05.20-01.25.44:655][558]LogBlueprintUserMessages: [chargeEnemy5_72] dealt dmg from charger
[2017.05.20-01.25.44:656][558]LogBlueprintUserMessages: [chargeEnemy7_125] dealt dmg from charger
[2017.05.20-01.25.44:656][558]LogBlueprintUserMessages: [Player_C_0] activated
[2017.05.20-01.25.44:656][558]LogBlueprintUserMessages: [Player_C_0] hit but wasn't tired
[2017.05.20-01.25.44:722][559]LogBlueprintUserMessages: [Player_C_0] activated
[2017.05.20-01.25.44:722][559]LogBlueprintUserMessages: [Player_C_0] hit but wasn't tired
[2017.05.20-01.25.44:856][561]LogBlueprintUserMessages: [Player_C_0] activated
[2017.05.20-01.25.44:857][561]LogBlueprintUserMessages: [Player_C_0] hit but wasn't tired
[2017.05.20-01.25.44:862][561]LogBlueprintUserMessages: [Player_C_0] activated
[2017.05.20-01.25.44:862][561]LogBlueprintUserMessages: [Player_C_0] hit but wasn't tired
[2017.05.20-01.25.44:925][562]LogBlueprintUserMessages: [chargeEnemy7_125] dealt dmg from charger
[2017.05.20-01.25.44:926][562]LogBlueprintUserMessages: [Player_C_0] activated
[2017.05.20-01.25.44:926][562]LogBlueprintUserMessages: [Player_C_0] hit but wasn't tired
[2017.05.20-01.25.44:926][562]LogBlueprintUserMessages: [Player_C_0] hit but wasn't tired
[2017.05.20-01.25.44:992][563]LogBlueprintUserMessages: [Player_C_0] activated
[2017.05.20-01.25.44:992][563]LogBlueprintUserMessages: [Player_C_0] hit but wasn't tired
[2017.05.20-01.25.44:992][563]LogBlueprintUserMessages: [Player_C_0] hit but wasn't tired
[2017.05.20-01.25.45:061][564]LogBlueprintUserMessages: [Player_C_0] activated
[2017.05.20-01.25.45:128][565]LogBlueprintUserMessages: [Player_C_0] activated
[2017.05.20-01.25.45:196][566]LogBlueprintUserMessages: [chargeEnemy7_125] dealt dmg from charger
[2017.05.20-01.25.45:196][566]LogBlueprintUserMessages: [Player_C_0] activated
[2017.05.20-01.25.45:257][567]LogBlueprintUserMessages: [Player_C_0] activated
[2017.05.20-01.25.45:262][567]LogBlueprintUserMessages: [Player_C_0] activated
[2017.05.20-01.25.45:329][568]LogBlueprintUserMessages: [Player_C_0] activated
[2017.05.20-01.25.45:394][569]LogBlueprintUserMessages: [Player_C_0] activated
[2017.05.20-01.25.45:394][569]LogBlueprintUserMessages: [Player_C_0] hit but wasn't tired
[2017.05.20-01.25.45:461][570]LogBlueprintUserMessages: [Player_C_0] activated
[2017.05.20-01.25.45:461][570]LogBlueprintUserMessages: [Player_C_0] hit but wasn't tired
[2017.05.20-01.25.45:530][571]LogBlueprintUserMessages: [Player_C_0] activated
[2017.05.20-01.25.45:530][571]LogBlueprintUserMessages: [Player_C_0] hit but wasn't tired
[2017.05.20-01.25.45:596][572]LogBlueprintUserMessages: [Player_C_0] activated
[2017.05.20-01.25.45:596][572]LogBlueprintUserMessages: [Player_C_0] hit but wasn't tired
[2017.05.20-01.25.45:665][573]LogBlueprintUserMessages: [chargeEnemy5_72] dealt dmg from charger
[2017.05.20-01.25.45:940][577]LogBlueprintUserMessages: [chargeEnemy5_72] dealt dmg from charger
[2017.05.20-01.25.46:066][579]LogBlueprintUserMessages: [Player_C_0] activated
[2017.05.20-01.25.46:071][579]LogBlueprintUserMessages: [Player_C_0] activated
[2017.05.20-01.25.46:142][580]LogBlueprintUserMessages: [Player_C_0] activated
[2017.05.20-01.25.46:209][581]LogBlueprintUserMessages: [chargeEnemy5_72] dealt dmg from charger
[2017.05.20-01.25.46:210][581]LogBlueprintUserMessages: [Player_C_0] activated
[2017.05.20-01.25.46:277][582]LogBlueprintUserMessages: [Player_C_0] activated
[2017.05.20-01.25.46:347][583]LogBlueprintUserMessages: [Player_C_0] activated
[2017.05.20-01.25.46:413][584]LogBlueprintUserMessages: [Player_C_0] activated
[2017.05.20-01.25.48:015][608]LogBlueprintUserMessages: Early EndPlayMap Detection: Level '/Game/Level01.Level01:PersistentLevel' has LevelScriptBlueprint '/Game/Level01.Level01:PersistentLevel.Level01' with GeneratedClass '/Game/Level01.Level01_C' with ClassGeneratedBy '/Game/Level01.Level01:PersistentLevel.Level01'
[2017.05.20-01.25.48:180][608]LogBlueprintUserMessages: Late EndPlayMap Detection: Level '/Game/Level01.Level01:PersistentLevel' has LevelScriptBlueprint '/Game/Level01.Level01:PersistentLevel.Level01' with GeneratedClass '/Game/Level01.Level01_C' with ClassGeneratedBy '/Game/Level01.Level01:PersistentLevel.Level01'
[2017.05.20-01.25.53:957][746]LogWindowsTextInputMethodSystem:Display: IME system now deactivated.
[2017.05.20-01.25.54:191][747]Cmd: QUIT_EDITOR
[2017.05.20-01.25.55:251][747]LogExit: Preparing to exit.
[2017.05.20-01.25.55:878][747]LogDirectoryWatcher: A directory notification for 'C:/Users/User/Desktop/superMusicGame/Content/' was aborted.
[2017.05.20-01.25.55:940][747]LogExit: Editor shut down
[2017.05.20-01.25.55:941][747]LogExit: Transaction tracking system shut down
[2017.05.20-01.25.56:090][747]LogObj: Freed 0b from 0 cluster array pools.
[2017.05.20-01.25.56:090][747]LogExit: Object subsystem successfully closed.
[2017.05.20-01.25.56:121][747]LogD3D11RHI: Shutdown
[2017.05.20-01.25.56:121][747]LogD3D11RHI: CleanupD3DDevice
[2017.05.20-01.25.56:344][747]LogD3D11RHI: ~FD3D11DynamicRHI
[2017.05.20-01.25.56:377][747]LogHttp:Display: Http module shutting down, but needs to wait on 1 outstanding Http requests:
[2017.05.20-01.25.56:377][747]LogHttp:Display: 	verb=[POST] url=[https://datarouter.ol.epicgames.com/datarouter/api/v1/public/data?SessionID=%7BD2AB93AA-454D-130D-F6C5-A18EEA909E7B%7D&AppID=UEEditor.Rocket.Release&AppVersion=4.14.3-3249277%2B%2B%2BUE4%2BRelease-4.14&UserID=819706684573047120e8f9a1f4d30b52%7Ce348554dd401476fbd2d3c06121ddd5c%7Cf88acf24-752a-48fc-81f4-7d276be83928&AppEnvironment=datacollector-binary&UploadType=eteventstream] status=Processing
[2017.05.20-01.25.56:377][747]LogHttp:Display: Sleeping 0.5s to wait for 1 outstanding Http requests.
[2017.05.20-01.25.56:913][747]LogModuleManager: Shutting down and abandoning module MovieSceneCapture (242)
[2017.05.20-01.25.56:913][747]LogModuleManager: Shutting down and abandoning module HierarchicalLODOutliner (241)
[2017.05.20-01.25.56:913][747]LogModuleManager: Shutting down and abandoning module CrashTracker (240)
[2017.05.20-01.25.56:914][747]LogModuleManager: Shutting down and abandoning module SceneOutliner (239)
[2017.05.20-01.25.56:914][747]LogModuleManager: Shutting down and abandoning module WidgetCarousel (238)
[2017.05.20-01.25.56:914][747]LogModuleManager: Shutting down and abandoning module AddContentDialog (237)
[2017.05.20-01.25.56:914][747]LogDirectoryWatcher: A directory notification for 'C:/Program Files/Epic Games/UE_4.14/FeaturePacks/' was aborted.
[2017.05.20-01.25.56:916][747]LogModuleManager: Shutting down and abandoning module GameplayTags (236)
[2017.05.20-01.25.56:917][747]LogModuleManager: Shutting down and abandoning module EditorWidgets (235)
[2017.05.20-01.25.56:917][747]LogModuleManager: Shutting down and abandoning module CollectionManager (234)
[2017.05.20-01.25.56:917][747]LogDirectoryWatcher: A directory notification for 'C:/Users/User/Desktop/superMusicGame/Content/Collections/' was aborted.
[2017.05.20-01.25.56:917][747]LogDirectoryWatcher: A directory notification for 'C:/Users/User/Desktop/superMusicGame/Content/Developers/User/Collections/' was aborted.
[2017.05.20-01.25.56:917][747]LogDirectoryWatcher: A directory notification for 'C:/Users/User/Desktop/superMusicGame/Saved/Collections/' was aborted.
[2017.05.20-01.25.56:917][747]LogModuleManager: Shutting down and abandoning module StatsViewer (233)
[2017.05.20-01.25.56:917][747]LogModuleManager: Shutting down and abandoning module FoliageEdit (232)
[2017.05.20-01.25.56:917][747]LogModuleManager: Shutting down and abandoning module LandscapeEditor (231)
[2017.05.20-01.25.56:918][747]LogModuleManager: Shutting down and abandoning module SceneDepthPickerMode (230)
[2017.05.20-01.25.56:918][747]LogModuleManager: Shutting down and abandoning module ActorPickerMode (229)
[2017.05.20-01.25.56:918][747]LogModuleManager: Shutting down and abandoning module GeometryMode (228)
[2017.05.20-01.25.56:918][747]LogModuleManager: Shutting down and abandoning module TextureAlignMode (227)
[2017.05.20-01.25.56:918][747]LogModuleManager: Shutting down and abandoning module BspMode (226)
[2017.05.20-01.25.56:918][747]LogModuleManager: Shutting down and abandoning module HardwareSurvey (225)
[2017.05.20-01.25.56:918][747]LogModuleManager: Shutting down and abandoning module SequenceRecorderSections (224)
[2017.05.20-01.25.56:918][747]LogModuleManager: Shutting down and abandoning module AutomationWorker (223)
[2017.05.20-01.25.56:918][747]LogModuleManager: Shutting down and abandoning module MatineeToLevelSequence (222)
[2017.05.20-01.25.56:918][747]LogModuleManager: Shutting down and abandoning module PlacementMode (221)
[2017.05.20-01.25.56:918][747]LogModuleManager: Shutting down and abandoning module LevelSequenceEditor (220)
[2017.05.20-01.25.56:918][747]LogModuleManager: Shutting down and abandoning module WmfMediaFactory (219)
[2017.05.20-01.25.56:919][747]LogModuleManager: Shutting down and abandoning module WmfMediaEditor (218)
[2017.05.20-01.25.56:919][747]LogModuleManager: Shutting down and abandoning module AvfMediaFactory (217)
[2017.05.20-01.25.56:919][747]LogModuleManager: Shutting down and abandoning module AvfMediaEditor (216)
[2017.05.20-01.25.56:919][747]LogModuleManager: Shutting down and abandoning module Media (215)
[2017.05.20-01.25.56:919][747]LogModuleManager: Shutting down and abandoning module AndroidMediaFactory (214)
[2017.05.20-01.25.56:919][747]LogModuleManager: Shutting down and abandoning module AndroidMediaEditor (213)
[2017.05.20-01.25.56:919][747]LogModuleManager: Shutting down and abandoning module CharacterAI (212)
[2017.05.20-01.25.56:919][747]LogModuleManager: Shutting down and abandoning module SequenceRecorder (211)
[2017.05.20-01.25.56:919][747]LogModuleManager: Shutting down and abandoning module AudioCapture (210)
[2017.05.20-01.25.56:919][747]LogModuleManager: Shutting down and abandoning module SmartSnapping (209)
[2017.05.20-01.25.56:919][747]LogModuleManager: Shutting down and abandoning module SessionServices (208)
[2017.05.20-01.25.56:919][747]LogModuleManager: Shutting down and abandoning module ViewportSnapping (207)
[2017.05.20-01.25.56:919][747]LogModuleManager: Shutting down and abandoning module ViewportInteraction (206)
[2017.05.20-01.25.56:919][747]LogModuleManager: Shutting down and abandoning module LogVisualizer (205)
[2017.05.20-01.25.56:919][747]LogModuleManager: Shutting down and abandoning module GameProjectGeneration (204)
[2017.05.20-01.25.56:919][747]LogModuleManager: Shutting down and abandoning module IntroTutorials (203)
[2017.05.20-01.25.56:920][747]LogModuleManager: Shutting down and abandoning module EditorLiveStreaming (202)
[2017.05.20-01.25.56:920][747]LogModuleManager: Shutting down and abandoning module IOSPlatformEditor (201)
[2017.05.20-01.25.56:920][747]LogModuleManager: Shutting down and abandoning module HTML5PlatformEditor (200)
[2017.05.20-01.25.56:920][747]LogModuleManager: Shutting down and abandoning module AndroidDeviceDetection (199)
[2017.05.20-01.25.57:294][747]LogModuleManager: Shutting down and abandoning module AndroidPlatformEditor (198)
[2017.05.20-01.25.57:294][747]LogModuleManager: Shutting down and abandoning module IOSRuntimeSettings (197)
[2017.05.20-01.25.57:294][747]LogModuleManager: Shutting down and abandoning module AndroidRuntimeSettings (196)
[2017.05.20-01.25.57:294][747]LogModuleManager: Shutting down and abandoning module InputBindingEditor (195)
[2017.05.20-01.25.57:294][747]LogModuleManager: Shutting down and abandoning module NiagaraEditor (194)
[2017.05.20-01.25.57:295][747]LogModuleManager: Shutting down and abandoning module MergeActors (193)
[2017.05.20-01.25.57:295][747]LogModuleManager: Shutting down and abandoning module SizeMap (192)
[2017.05.20-01.25.57:295][747]LogModuleManager: Shutting down and abandoning module TreeMap (191)
[2017.05.20-01.25.57:295][747]LogModuleManager: Shutting down and abandoning module ReferenceViewer (190)
[2017.05.20-01.25.57:295][747]LogModuleManager: Shutting down and abandoning module LocalizationService (189)
[2017.05.20-01.25.57:295][747]LogModuleManager: Shutting down and abandoning module LocalizationDashboard (188)
[2017.05.20-01.25.57:295][747]LogModuleManager: Shutting down and abandoning module HardwareTargeting (187)
[2017.05.20-01.25.57:295][747]LogModuleManager: Shutting down and abandoning module DeviceProfileEditor (186)
[2017.05.20-01.25.57:295][747]LogModuleManager: Shutting down and abandoning module UndoHistory (185)
[2017.05.20-01.25.57:296][747]LogModuleManager: Shutting down and abandoning module UserFeedback (184)
[2017.05.20-01.25.57:296][747]LogModuleManager: Shutting down and abandoning module XmlParser (183)
[2017.05.20-01.25.57:296][747]LogModuleManager: Shutting down and abandoning module Blutility (182)
[2017.05.20-01.25.57:296][747]LogModuleManager: Shutting down and abandoning module ProjectTargetPlatformEditor (181)
[2017.05.20-01.25.57:297][747]LogModuleManager: Shutting down and abandoning module ProjectSettingsViewer (180)
[2017.05.20-01.25.57:297][747]LogModuleManager: Shutting down and abandoning module EditorSettingsViewer (179)
[2017.05.20-01.25.57:297][747]LogModuleManager: Shutting down and abandoning module SettingsEditor (178)
[2017.05.20-01.25.57:297][747]LogModuleManager: Shutting down and abandoning module ProjectLauncher (177)
[2017.05.20-01.25.57:297][747]LogModuleManager: Shutting down and abandoning module SessionFrontend (176)
[2017.05.20-01.25.57:297][747]LogModuleManager: Shutting down and abandoning module ProfilerClient (175)
[2017.05.20-01.25.57:297][747]LogModuleManager: Shutting down and abandoning module TargetDeviceServices (174)
[2017.05.20-01.25.57:298][747]LogModuleManager: Shutting down and abandoning module DeviceManager (173)
[2017.05.20-01.25.57:353][747]LogModuleManager: Shutting down and abandoning module AutomationController (172)
[2017.05.20-01.25.57:353][747]LogModuleManager: Shutting down and abandoning module AutomationWindow (171)
[2017.05.20-01.25.57:353][747]LogModuleManager: Shutting down and abandoning module Layers (170)
[2017.05.20-01.25.57:353][747]LogModuleManager: Shutting down and abandoning module ComponentVisualizers (169)
[2017.05.20-01.25.57:353][747]LogModuleManager: Shutting down and abandoning module DetailCustomizations (168)
[2017.05.20-01.25.57:353][747]LogModuleManager: Shutting down and abandoning module PackagesDialog (167)
[2017.05.20-01.25.57:353][747]LogModuleManager: Shutting down and abandoning module AnimGraph (166)
[2017.05.20-01.25.57:353][747]LogModuleManager: Shutting down and abandoning module Persona (165)
[2017.05.20-01.25.57:354][747]LogModuleManager: Shutting down and abandoning module Kismet (164)
[2017.05.20-01.25.57:356][747]LogModuleManager: Shutting down and abandoning module GraphEditor (163)
[2017.05.20-01.25.57:356][747]LogModuleManager: Shutting down and abandoning module ClassViewer (162)
[2017.05.20-01.25.57:356][747]LogModuleManager: Shutting down and abandoning module Toolbox (161)
[2017.05.20-01.25.57:356][747]LogModuleManager: Shutting down and abandoning module ModuleUI (160)
[2017.05.20-01.25.57:356][747]LogModuleManager: Shutting down and abandoning module MovieSceneTools (159)
[2017.05.20-01.25.57:356][747]LogModuleManager: Shutting down and abandoning module OutputLog (158)
[2017.05.20-01.25.57:357][747]LogModuleManager: Shutting down and abandoning module GammaUI (157)
[2017.05.20-01.25.57:357][747]LogModuleManager: Shutting down and abandoning module Documentation (156)
[2017.05.20-01.25.57:357][747]LogModuleManager: Shutting down and abandoning module Niagara (155)
[2017.05.20-01.25.57:357][747]LogModuleManager: Shutting down and abandoning module StreamingPauseRendering (154)
[2017.05.20-01.25.57:357][747]LogModuleManager: Shutting down and abandoning module AnalyticsET (153)
[2017.05.20-01.25.57:357][747]LogModuleManager: Shutting down and abandoning module PortalServices (152)
[2017.05.20-01.25.57:357][747]LogModuleManager: Shutting down and abandoning module PortalRpc (151)
[2017.05.20-01.25.57:357][747]LogModuleManager: Shutting down and abandoning module MessagingRpc (150)
[2017.05.20-01.25.57:357][747]LogModuleManager: Shutting down and abandoning module GameplayDebugger (149)
[2017.05.20-01.25.57:357][747]LogModuleManager: Shutting down and abandoning module AITestSuite (148)
[2017.05.20-01.25.57:357][747]LogModuleManager: Shutting down and abandoning module AIModule (147)
[2017.05.20-01.25.57:357][747]LogModuleManager: Shutting down and abandoning module ProfilerService (146)
[2017.05.20-01.25.57:441][747]LogModuleManager: Shutting down and abandoning module TaskGraph (145)
[2017.05.20-01.25.57:441][747]LogModuleManager: Shutting down and abandoning module SlateRemote (144)
[2017.05.20-01.25.57:442][747]LogModuleManager: Shutting down and abandoning module SteamVRController (143)
[2017.05.20-01.25.57:442][747]LogModuleManager: Shutting down and abandoning module SteamVR (142)
[2017.05.20-01.25.57:442][747]LogModuleManager: Shutting down and abandoning module ProceduralMeshComponentEditor (141)
[2017.05.20-01.25.57:442][747]LogModuleManager: Shutting down and abandoning module ProceduralMeshComponent (140)
[2017.05.20-01.25.57:442][747]LogModuleManager: Shutting down and abandoning module OculusLibrary (139)
[2017.05.20-01.25.57:442][747]LogModuleManager: Shutting down and abandoning module OculusInput (138)
[2017.05.20-01.25.57:442][747]LogModuleManager: Shutting down and abandoning module MobilePatchingUtils (137)
[2017.05.20-01.25.57:442][747]LogModuleManager: Shutting down and abandoning module CustomMeshComponent (136)
[2017.05.20-01.25.57:442][747]LogModuleManager: Shutting down and abandoning module CableComponent (135)
[2017.05.20-01.25.57:442][747]LogModuleManager: Shutting down and abandoning module ArchVisCharacter (134)
[2017.05.20-01.25.57:442][747]LogModuleManager: Shutting down and abandoning module MediaPlayerEditor (132)
[2017.05.20-01.25.57:442][747]LogModuleManager: Shutting down and abandoning module HTML5Networking (131)
[2017.05.20-01.25.57:442][747]LogModuleManager: Shutting down and abandoning module GeometryCacheEd (130)
[2017.05.20-01.25.57:442][747]LogModuleManager: Shutting down and abandoning module GeometryCache (129)
[2017.05.20-01.25.57:442][747]LogModuleManager: Shutting down and abandoning module AlembicLibrary (128)
[2017.05.20-01.25.57:442][747]LogModuleManager: Shutting down and abandoning module AlembicImporter (127)
[2017.05.20-01.25.57:442][747]LogModuleManager: Shutting down and abandoning module SuperSearch (126)
[2017.05.20-01.25.57:442][747]LogModuleManager: Shutting down and abandoning module SuperSearchEditor (125)
[2017.05.20-01.25.57:442][747]LogModuleManager: Shutting down and abandoning module SpeedTreeImporter (124)
[2017.05.20-01.25.57:442][747]LogModuleManager: Shutting down and abandoning module PluginBrowser (123)
[2017.05.20-01.25.57:442][747]LogModuleManager: Shutting down and abandoning module MobileLauncherProfileWizard (122)
[2017.05.20-01.25.57:443][747]LogModuleManager: Shutting down and abandoning module EpicSurvey (121)
[2017.05.20-01.25.57:443][747]LogModuleManager: Shutting down and abandoning module DesktopPlatform (120)
[2017.05.20-01.25.57:443][747]LogModuleManager: Shutting down and abandoning module VisualStudioSourceCodeAccess (119)
[2017.05.20-01.25.57:443][747]LogModuleManager: Shutting down and abandoning module UObjectPlugin (118)
[2017.05.20-01.25.57:443][747]LogModuleManager: Shutting down and abandoning module SubversionSourceControl (117)
[2017.05.20-01.25.57:443][747]LogModuleManager: Shutting down and abandoning module PerforceSourceControl (116)
[2017.05.20-01.25.57:443][747]LogModuleManager: Shutting down and abandoning module SourceControl (115)
[2017.05.20-01.25.57:443][747]LogModuleManager: Shutting down and abandoning module GitSourceControl (114)
[2017.05.20-01.25.57:443][747]LogModuleManager: Shutting down and abandoning module LightPropagationVolumeEditor (113)
[2017.05.20-01.25.57:443][747]LogModuleManager: Shutting down and abandoning module PaperTiledImporter (112)
[2017.05.20-01.25.57:443][747]LogModuleManager: Shutting down and abandoning module PaperSpriteSheetImporter (111)
[2017.05.20-01.25.57:443][747]LogModuleManager: Shutting down and abandoning module MeshPaint (110)
[2017.05.20-01.25.57:443][747]LogModuleManager: Shutting down and abandoning module PixelInspectorModule (109)
[2017.05.20-01.25.57:443][747]LogModuleManager: Shutting down and abandoning module HotReload (108)
[2017.05.20-01.25.57:445][747]LogModuleManager: Shutting down and abandoning module MainFrame (107)
[2017.05.20-01.25.57:445][747]LogModuleManager: Shutting down and abandoning module LevelEditor (106)
[2017.05.20-01.25.57:447][747]LogModuleManager: Shutting down and abandoning module ContentBrowser (105)
[2017.05.20-01.25.57:450][747]LogModuleManager: Shutting down and abandoning module Paper2DEditor (104)
[2017.05.20-01.25.57:450][747]LogModuleManager: Shutting down and abandoning module UdpMessaging (103)
[2017.05.20-01.25.57:551][747]LogModuleManager: Shutting down and abandoning module TcpMessaging (102)
[2017.05.20-01.25.57:651][747]LogModuleManager: Shutting down and abandoning module LightPropagationVolumeRuntime (101)
[2017.05.20-01.25.57:651][747]LogModuleManager: Shutting down and abandoning module Paper2D (100)
[2017.05.20-01.25.57:651][747]LogModuleManager: Shutting down and abandoning module WindowsMoviePlayer (99)
[2017.05.20-01.25.57:651][747]LogModuleManager: Shutting down and abandoning module WmfMedia (98)
[2017.05.20-01.25.57:652][747]LogModuleManager: Shutting down and abandoning module MediaAssets (97)
[2017.05.20-01.25.57:652][747]LogModuleManager: Shutting down and abandoning module GameLiveStreaming (96)
[2017.05.20-01.25.57:652][747]LogModuleManager: Shutting down and abandoning module GameplayTagsEditor (95)
[2017.05.20-01.25.57:652][747]LogModuleManager: Shutting down and abandoning module VREditor (94)
[2017.05.20-01.25.57:652][747]LogModuleManager: Shutting down and abandoning module GameplayTasksEditor (93)
[2017.05.20-01.25.57:652][747]LogModuleManager: Shutting down and abandoning module BehaviorTreeEditor (92)
[2017.05.20-01.25.57:652][747]LogModuleManager: Shutting down and abandoning module FunctionalTesting (91)
[2017.05.20-01.25.57:652][747]LogModuleManager: Shutting down and abandoning module CollisionAnalyzer (90)
[2017.05.20-01.25.57:652][747]LogModuleManager: Shutting down and abandoning module Sequencer (89)
[2017.05.20-01.25.57:653][747]LogModuleManager: Shutting down and abandoning module WorkspaceMenuStructure (88)
[2017.05.20-01.25.57:653][747]LogModuleManager: Shutting down and abandoning module MessageLog (87)
[2017.05.20-01.25.57:653][747]LogModuleManager: Shutting down and abandoning module AssetTools (86)
[2017.05.20-01.25.57:653][747]LogModuleManager: Shutting down and abandoning module UMGEditor (85)
[2017.05.20-01.25.57:653][747]LogModuleManager: Shutting down and abandoning module UMG (84)
[2017.05.20-01.25.57:653][747]LogModuleManager: Shutting down and abandoning module SlateReflector (83)
[2017.05.20-01.25.57:653][747]LogModuleManager: Shutting down and abandoning module Slate (82)
[2017.05.20-01.25.57:653][747]LogModuleManager: Shutting down and abandoning module EditorStyle (81)
[2017.05.20-01.25.57:663][747]LogModuleManager: Shutting down and abandoning module SourceCodeAccess (80)
[2017.05.20-01.25.57:663][747]LogModuleManager: Shutting down and abandoning module HeadMountedDisplay (79)
[2017.05.20-01.25.57:663][747]LogModuleManager: Shutting down and abandoning module XAudio2 (78)
[2017.05.20-01.25.57:663][747]LogModuleManager: Shutting down and abandoning module Networking (76)
[2017.05.20-01.25.57:663][747]LogModuleManager: Shutting down and abandoning module Core (75)
[2017.05.20-01.25.57:663][747]LogModuleManager: Shutting down and abandoning module DirectoryWatcher (74)
[2017.05.20-01.25.57:663][747]LogDirectoryWatcher: A directory notification for '../../../Engine/Content/' was aborted.
[2017.05.20-01.25.57:663][747]LogDirectoryWatcher: A directory notification for '../../../../../../Users/User/Desktop/superMusicGame/Content/' was aborted.
[2017.05.20-01.25.57:663][747]LogDirectoryWatcher: A directory notification for '../../../Engine/Plugins/2D/Paper2D/Content/' was aborted.
[2017.05.20-01.25.57:664][747]LogModuleManager: Shutting down and abandoning module AssetRegistry (73)
[2017.05.20-01.25.57:780][747]LogModuleManager: Shutting down and abandoning module KismetCompiler (72)
[2017.05.20-01.25.57:780][747]LogModuleManager: Shutting down and abandoning module PhysXFormats (71)
[2017.05.20-01.25.57:780][747]LogModuleManager: Shutting down and abandoning module SimplygonSwarm (70)
[2017.05.20-01.25.57:780][747]LogModuleManager: Shutting down and abandoning module SimplygonMeshReduction (69)
[2017.05.20-01.25.57:781][747]LogModuleManager: Shutting down and abandoning module QuadricMeshReduction (68)
[2017.05.20-01.25.57:781][747]LogModuleManager: Shutting down and abandoning module PropertyEditor (67)
[2017.05.20-01.25.57:781][747]LogModuleManager: Shutting down and abandoning module MeshUtilities (66)
[2017.05.20-01.25.57:781][747]LogModuleManager: Shutting down and abandoning module DerivedDataCache (65)
[2017.05.20-01.25.58:164][747]LogDerivedDataCache: Shutdown
[2017.05.20-01.25.58:164][747]LogModuleManager: Shutting down and abandoning module VulkanShaderFormat (64)
[2017.05.20-01.25.58:164][747]LogModuleManager: Shutting down and abandoning module ShaderFormatOpenGL (63)
[2017.05.20-01.25.58:164][747]LogModuleManager: Shutting down and abandoning module ShaderFormatD3D (62)
[2017.05.20-01.25.58:164][747]LogModuleManager: Shutting down and abandoning module MetalShaderFormat (61)
[2017.05.20-01.25.58:164][747]LogModuleManager: Shutting down and abandoning module TextureFormatUncompressed (60)
[2017.05.20-01.25.58:164][747]LogModuleManager: Shutting down and abandoning module TextureFormatPVR (59)
[2017.05.20-01.25.58:164][747]LogModuleManager: Shutting down and abandoning module TextureFormatDXT (58)
[2017.05.20-01.25.58:164][747]LogModuleManager: Shutting down and abandoning module TextureFormatIntelISPCTexComp (57)
[2017.05.20-01.25.58:165][747]LogModuleManager: Shutting down and abandoning module ImageWrapper (56)
[2017.05.20-01.25.58:165][747]LogModuleManager: Shutting down and abandoning module TextureFormatASTC (55)
[2017.05.20-01.25.58:165][747]LogModuleManager: Shutting down and abandoning module TextureFormatAndroid (54)
[2017.05.20-01.25.58:165][747]LogModuleManager: Shutting down and abandoning module AudioFormatOpus (53)
[2017.05.20-01.25.58:165][747]LogModuleManager: Shutting down and abandoning module AudioFormatOgg (52)
[2017.05.20-01.25.58:165][747]LogModuleManager: Shutting down and abandoning module AudioFormatADPCM (51)
[2017.05.20-01.25.58:165][747]LogModuleManager: Shutting down and abandoning module LinuxTargetPlatform (50)
[2017.05.20-01.25.58:165][747]LogModuleManager: Shutting down and abandoning module LinuxServerTargetPlatform (49)
[2017.05.20-01.25.58:165][747]LogModuleManager: Shutting down and abandoning module LinuxNoEditorTargetPlatform (48)
[2017.05.20-01.25.58:165][747]LogModuleManager: Shutting down and abandoning module LinuxClientTargetPlatform (47)
[2017.05.20-01.25.58:165][747]LogModuleManager: Shutting down and abandoning module TVOSTargetPlatform (46)
[2017.05.20-01.25.58:165][747]LogModuleManager: Shutting down and abandoning module Messaging (45)
[2017.05.20-01.25.58:165][747]LogModuleManager: Shutting down and abandoning module IOSTargetPlatform (44)
[2017.05.20-01.25.58:165][747]LogModuleManager: Shutting down and abandoning module HTML5TargetPlatform (43)
[2017.05.20-01.25.58:165][747]LogModuleManager: Shutting down and abandoning module Android_PVRTCTargetPlatform (42)
[2017.05.20-01.25.58:165][747]LogModuleManager: Shutting down and abandoning module Android_MultiTargetPlatform (41)
[2017.05.20-01.25.58:166][747]LogModuleManager: Shutting down and abandoning module Android_ETC2TargetPlatform (40)
[2017.05.20-01.25.58:166][747]LogModuleManager: Shutting down and abandoning module Android_ETC1TargetPlatform (39)
[2017.05.20-01.25.58:166][747]LogModuleManager: Shutting down and abandoning module Android_DXTTargetPlatform (38)
[2017.05.20-01.25.58:166][747]LogModuleManager: Shutting down and abandoning module Android_ATCTargetPlatform (37)
[2017.05.20-01.25.58:166][747]LogModuleManager: Shutting down and abandoning module Android_ASTCTargetPlatform (36)
[2017.05.20-01.25.58:166][747]LogModuleManager: Shutting down and abandoning module AndroidTargetPlatform (35)
[2017.05.20-01.25.58:166][747]LogModuleManager: Shutting down and abandoning module WindowsTargetPlatform (34)
[2017.05.20-01.25.58:166][747]LogModuleManager: Shutting down and abandoning module WindowsServerTargetPlatform (33)
[2017.05.20-01.25.58:166][747]LogModuleManager: Shutting down and abandoning module WindowsNoEditorTargetPlatform (32)
[2017.05.20-01.25.58:166][747]LogModuleManager: Shutting down and abandoning module WindowsClientTargetPlatform (31)
[2017.05.20-01.25.58:166][747]LogModuleManager: Shutting down and abandoning module MacTargetPlatform (30)
[2017.05.20-01.25.58:166][747]LogModuleManager: Shutting down and abandoning module MacServerTargetPlatform (29)
[2017.05.20-01.25.58:166][747]LogModuleManager: Shutting down and abandoning module MacNoEditorTargetPlatform (28)
[2017.05.20-01.25.58:166][747]LogModuleManager: Shutting down and abandoning module MacClientTargetPlatform (27)
[2017.05.20-01.25.58:166][747]LogModuleManager: Shutting down and abandoning module AllDesktopTargetPlatform (26)
[2017.05.20-01.25.58:166][747]LogModuleManager: Shutting down and abandoning module TargetPlatform (25)
[2017.05.20-01.25.58:166][747]LogModuleManager: Shutting down and abandoning module InputCore (24)
[2017.05.20-01.25.58:166][747]LogModuleManager: Shutting down and abandoning module Settings (23)
[2017.05.20-01.25.58:166][747]LogModuleManager: Shutting down and abandoning module OculusRift (22)
[2017.05.20-01.25.58:167][747]LogModuleManager: Shutting down and abandoning module ExampleDeviceProfileSelector (21)
[2017.05.20-01.25.58:167][747]LogModuleManager: Shutting down and abandoning module OnlineBlueprintSupport (20)
[2017.05.20-01.25.58:167][747]LogModuleManager: Shutting down and abandoning module OnlineSubsystem (18)
[2017.05.20-01.25.58:167][747]LogOnline:Display: Unloading online subsystem: NULL
[2017.05.20-01.25.58:167][747]LogModuleManager: Shutting down and abandoning module SSL (17)
[2017.05.20-01.25.58:171][747]LogModuleManager: Shutting down and abandoning module HTTP (16)
[2017.05.20-01.25.58:171][747]LogModuleManager: Shutting down and abandoning module XMPP (15)
[2017.05.20-01.25.58:171][747]LogModuleManager: Shutting down and abandoning module TextureCompressor (14)
[2017.05.20-01.25.58:172][747]LogModuleManager: Shutting down and abandoning module ShaderCore (13)
[2017.05.20-01.25.58:172][747]LogModuleManager: Shutting down and abandoning module Landscape (12)
[2017.05.20-01.25.58:172][747]LogModuleManager: Shutting down and abandoning module SlateRHIRenderer (11)
[2017.05.20-01.25.58:174][747]LogModuleManager: Shutting down and abandoning module OpenGLDrv (10)
[2017.05.20-01.25.58:174][747]LogModuleManager: Shutting down and abandoning module D3D11RHI (9)
[2017.05.20-01.25.58:174][747]LogModuleManager: Shutting down and abandoning module AnimGraphRuntime (8)
[2017.05.20-01.25.58:174][747]LogModuleManager: Shutting down and abandoning module Renderer (7)
[2017.05.20-01.25.58:174][747]LogModuleManager: Shutting down and abandoning module Engine (6)
[2017.05.20-01.25.58:174][747]LogModuleManager: Shutting down and abandoning module CoreUObject (5)
[2017.05.20-01.25.58:174][747]LogModuleManager: Shutting down and abandoning module NetworkFile (4)
[2017.05.20-01.25.58:174][747]LogModuleManager: Shutting down and abandoning module StreamingFile (3)
[2017.05.20-01.25.58:174][747]LogModuleManager: Shutting down and abandoning module SandboxFile (2)
[2017.05.20-01.25.58:174][747]LogModuleManager: Shutting down and abandoning module PakFile (1)
[2017.05.20-01.25.58:177][747]LogExit: Exiting.
[2017.05.20-01.25.58:182][747]Log file closed, 05/20/17 10:55:58
