Log file open, 05/27/17 14:07:25
LogInit:Display: Running engine for game: musicGame04
LogPlatformFile: Not using cached read wrapper
LogInit:Display: RandInit(194361209) SRandInit(194361209).
LogTaskGraph: Started task graph with 5 named threads and 6 total threads with 1 sets of task threads.
LogStats: Stats thread started at 0.092058
LogPluginManager: Loaded Plugin Paper2D, From C:/Program Files/Epic Games/UE_4.14/Engine/Plugins/2D/Paper2D/Paper2D.uplugin
LogPluginManager: Loaded Plugin LightPropagationVolume, From C:/Program Files/Epic Games/UE_4.14/Engine/Plugins/Blendables/LightPropagationVolume/LightPropagationVolume.uplugin
LogPluginManager: Loaded Plugin BlankPlugin, From C:/Program Files/Epic Games/UE_4.14/Engine/Plugins/Developer/BlankPlugin/BlankPlugin.uplugin
LogPluginManager: Loaded Plugin CodeLiteSourceCodeAccess, From C:/Program Files/Epic Games/UE_4.14/Engine/Plugins/Developer/CodeLiteSourceCodeAccess/CodeLiteSourceCodeAccess.uplugin
LogPluginManager: Loaded Plugin GitSourceControl, From C:/Program Files/Epic Games/UE_4.14/Engine/Plugins/Developer/GitSourceControl/GitSourceControl.uplugin
LogPluginManager: Loaded Plugin KDevelopSourceCodeAccess, From C:/Program Files/Epic Games/UE_4.14/Engine/Plugins/Developer/KDevelopSourceCodeAccess/KDevelopSourceCodeAccess.uplugin
LogPluginManager: Loaded Plugin NullSourceCodeAccess, From C:/Program Files/Epic Games/UE_4.14/Engine/Plugins/Developer/NullSourceCodeAccess/NullSourceCodeAccess.uplugin
LogPluginManager: Loaded Plugin OneSkyLocalizationService, From C:/Program Files/Epic Games/UE_4.14/Engine/Plugins/Developer/OneSkyLocalizationService/OneSkyLocalizationService.uplugin
LogPluginManager: Loaded Plugin PerforceSourceControl, From C:/Program Files/Epic Games/UE_4.14/Engine/Plugins/Developer/PerforceSourceControl/PerforceSourceControl.uplugin
LogPluginManager: Loaded Plugin SubversionSourceControl, From C:/Program Files/Epic Games/UE_4.14/Engine/Plugins/Developer/SubversionSourceControl/SubversionSourceControl.uplugin
LogPluginManager: Loaded Plugin UObjectPlugin, From C:/Program Files/Epic Games/UE_4.14/Engine/Plugins/Developer/UObjectPlugin/UObjectPlugin.uplugin
LogPluginManager: Loaded Plugin VisualStudioSourceCodeAccess, From C:/Program Files/Epic Games/UE_4.14/Engine/Plugins/Developer/VisualStudioSourceCodeAccess/VisualStudioSourceCodeAccess.uplugin
LogPluginManager: Loaded Plugin XCodeSourceCodeAccess, From C:/Program Files/Epic Games/UE_4.14/Engine/Plugins/Developer/XCodeSourceCodeAccess/XCodeSourceCodeAccess.uplugin
LogPluginManager: Loaded Plugin AudioCapture, From C:/Program Files/Epic Games/UE_4.14/Engine/Plugins/Editor/AudioCapture/AudioCapture.uplugin
LogPluginManager: Loaded Plugin EpicSurvey, From C:/Program Files/Epic Games/UE_4.14/Engine/Plugins/Editor/EpicSurvey/EpicSurvey.uplugin
LogPluginManager: Loaded Plugin MacGraphicsSwitching, From C:/Program Files/Epic Games/UE_4.14/Engine/Plugins/Editor/MacGraphicsSwitching/MacGraphicsSwitching.uplugin
LogPluginManager: Loaded Plugin MobileLauncherProfileWizard, From C:/Program Files/Epic Games/UE_4.14/Engine/Plugins/Editor/MobileLauncherProfileWizard/MobileLauncherProfileWizard.uplugin
LogPluginManager: Loaded Plugin PluginBrowser, From C:/Program Files/Epic Games/UE_4.14/Engine/Plugins/Editor/PluginBrowser/PluginBrowser.uplugin
LogPluginManager: Loaded Plugin SpeedTreeImporter, From C:/Program Files/Epic Games/UE_4.14/Engine/Plugins/Editor/SpeedTreeImporter/SpeedTreeImporter.uplugin
LogPluginManager: Loaded Plugin SuperSearchEditor, From C:/Program Files/Epic Games/UE_4.14/Engine/Plugins/Editor/SuperSearchEditor/SuperSearchEditor.uplugin
LogPluginManager: Loaded Plugin AlembicImporter, From C:/Program Files/Epic Games/UE_4.14/Engine/Plugins/Experimental/AlembicImporter/AlembicImporter.uplugin
LogPluginManager: Loaded Plugin BlueprintStats, From C:/Program Files/Epic Games/UE_4.14/Engine/Plugins/Experimental/BlueprintStats/BlueprintStats.uplugin
LogPluginManager: Loaded Plugin CharacterAI, From C:/Program Files/Epic Games/UE_4.14/Engine/Plugins/Experimental/CharacterAI/CharacterAI.uplugin
LogPluginManager: Loaded Plugin CodeEditor, From C:/Program Files/Epic Games/UE_4.14/Engine/Plugins/Experimental/CodeEditor/CodeEditor.uplugin
LogPluginManager: Loaded Plugin CodeView, From C:/Program Files/Epic Games/UE_4.14/Engine/Plugins/Experimental/CodeView/CodeView.uplugin
LogPluginManager: Loaded Plugin HTML5Networking, From C:/Program Files/Epic Games/UE_4.14/Engine/Plugins/Experimental/HTML5Networking/HTML5Networking.uplugin
LogPluginManager: Loaded Plugin OSVR, From C:/Program Files/Epic Games/UE_4.14/Engine/Plugins/Experimental/OSVR/OSVR.uplugin
LogPluginManager: Loaded Plugin Phya, From C:/Program Files/Epic Games/UE_4.14/Engine/Plugins/Experimental/Phya/Phya.uplugin
LogPluginManager: Loaded Plugin SignificanceManager, From C:/Program Files/Epic Games/UE_4.14/Engine/Plugins/Experimental/SignificanceManager/SignificanceManager.uplugin
LogPluginManager: Loaded Plugin SimpleHMD, From C:/Program Files/Epic Games/UE_4.14/Engine/Plugins/Experimental/SimpleHMD/SimpleHMD.uplugin
LogPluginManager: Loaded Plugin StereoPanorama, From C:/Program Files/Epic Games/UE_4.14/Engine/Plugins/Experimental/StereoPanorama/StereoPanorama.uplugin
LogPluginManager: Loaded Plugin StructBox, From C:/Program Files/Epic Games/UE_4.14/Engine/Plugins/Experimental/StructBox/StructBox.uplugin
LogPluginManager: Loaded Plugin AndroidMedia, From C:/Program Files/Epic Games/UE_4.14/Engine/Plugins/Media/AndroidMedia/AndroidMedia.uplugin
LogPluginManager: Loaded Plugin AvfMedia, From C:/Program Files/Epic Games/UE_4.14/Engine/Plugins/Media/AvfMedia/AvfMedia.uplugin
LogPluginManager: Loaded Plugin MediaPlayerEditor, From C:/Program Files/Epic Games/UE_4.14/Engine/Plugins/Media/MediaPlayerEditor/MediaPlayerEditor.uplugin
LogPluginManager: Loaded Plugin WmfMedia, From C:/Program Files/Epic Games/UE_4.14/Engine/Plugins/Media/WmfMedia/WmfMedia.uplugin
LogPluginManager: Loaded Plugin MessagingDebugger, From C:/Program Files/Epic Games/UE_4.14/Engine/Plugins/Messaging/MessagingDebugger/MessagingDebugger.uplugin
LogPluginManager: Loaded Plugin TcpMessaging, From C:/Program Files/Epic Games/UE_4.14/Engine/Plugins/Messaging/TcpMessaging/TcpMessaging.uplugin
LogPluginManager: Loaded Plugin UdpMessaging, From C:/Program Files/Epic Games/UE_4.14/Engine/Plugins/Messaging/UdpMessaging/UdpMessaging.uplugin
LogPluginManager: Loaded Plugin LevelSequenceEditor, From C:/Program Files/Epic Games/UE_4.14/Engine/Plugins/MovieScene/LevelSequenceEditor/LevelSequenceEditor.uplugin
LogPluginManager: Loaded Plugin MatineeToLevelSequence, From C:/Program Files/Epic Games/UE_4.14/Engine/Plugins/MovieScene/MatineeToLevelSequence/MatineeToLevelSequence.uplugin
LogPluginManager: Loaded Plugin NetcodeUnitTest, From C:/Program Files/Epic Games/UE_4.14/Engine/Plugins/NetcodeUnitTest/NetcodeUnitTest/NetcodeUnitTest.uplugin
LogPluginManager: Loaded Plugin NUTUnrealEngine4, From C:/Program Files/Epic Games/UE_4.14/Engine/Plugins/NetcodeUnitTest/NUTUnrealEngine4/NUTUnrealEngine4.uplugin
LogPluginManager: Loaded Plugin OnlineSubsystemGameCircle, From C:/Program Files/Epic Games/UE_4.14/Engine/Plugins/Online/Android/OnlineSubsystemGameCircle/OnlineSubsystemGameCircle.uplugin
LogPluginManager: Loaded Plugin OnlineSubsystemGooglePlay, From C:/Program Files/Epic Games/UE_4.14/Engine/Plugins/Online/Android/OnlineSubsystemGooglePlay/OnlineSubsystemGooglePlay.uplugin
LogPluginManager: Loaded Plugin OnlineSubsystemIOS, From C:/Program Files/Epic Games/UE_4.14/Engine/Plugins/Online/IOS/OnlineSubsystemIOS/OnlineSubsystemIOS.uplugin
LogPluginManager: Loaded Plugin OnlineFramework, From C:/Program Files/Epic Games/UE_4.14/Engine/Plugins/Online/OnlineFramework/OnlineFramework.uplugin
LogPluginManager: Loaded Plugin OnlineSubsystem, From C:/Program Files/Epic Games/UE_4.14/Engine/Plugins/Online/OnlineSubsystem/OnlineSubsystem.uplugin
LogPluginManager: Loaded Plugin OnlineSubsystemAmazon, From C:/Program Files/Epic Games/UE_4.14/Engine/Plugins/Online/OnlineSubsystemAmazon/OnlineSubsystemAmazon.uplugin
LogPluginManager: Loaded Plugin OnlineSubsystemFacebook, From C:/Program Files/Epic Games/UE_4.14/Engine/Plugins/Online/OnlineSubsystemFacebook/OnlineSubsystemFacebook.uplugin
LogPluginManager: Loaded Plugin OnlineSubsystemNull, From C:/Program Files/Epic Games/UE_4.14/Engine/Plugins/Online/OnlineSubsystemNull/OnlineSubsystemNull.uplugin
LogPluginManager: Loaded Plugin OnlineSubsystemOculus, From C:/Program Files/Epic Games/UE_4.14/Engine/Plugins/Online/OnlineSubsystemOculus/OnlineSubsystemOculus.uplugin
LogPluginManager: Loaded Plugin OnlineSubsystemSteam, From C:/Program Files/Epic Games/UE_4.14/Engine/Plugins/Online/OnlineSubsystemSteam/OnlineSubsystemSteam.uplugin
LogPluginManager: Loaded Plugin OnlineSubsystemUtils, From C:/Program Files/Epic Games/UE_4.14/Engine/Plugins/Online/OnlineSubsystemUtils/OnlineSubsystemUtils.uplugin
LogPluginManager: Loaded Plugin IOSTapJoy, From C:/Program Files/Epic Games/UE_4.14/Engine/Plugins/Runtime/Advertising/IOSTapJoy/IOSTapJoy.uplugin
LogPluginManager: Loaded Plugin AnalyticsBlueprintLibrary, From C:/Program Files/Epic Games/UE_4.14/Engine/Plugins/Runtime/Analytics/AnalyticsBlueprintLibrary/AnalyticsBlueprintLibrary.uplugin
LogPluginManager: Loaded Plugin AnalyticsMulticast, From C:/Program Files/Epic Games/UE_4.14/Engine/Plugins/Runtime/Analytics/AnalyticsMulticast/AnalyticsMulticast.uplugin
LogPluginManager: Loaded Plugin Apsalar, From C:/Program Files/Epic Games/UE_4.14/Engine/Plugins/Runtime/Analytics/Apsalar/Apsalar.uplugin
LogPluginManager: Loaded Plugin FileLogging, From C:/Program Files/Epic Games/UE_4.14/Engine/Plugins/Runtime/Analytics/FileLogging/FileLogging.uplugin
LogPluginManager: Loaded Plugin Flurry, From C:/Program Files/Epic Games/UE_4.14/Engine/Plugins/Runtime/Analytics/Flurry/Flurry.uplugin
LogPluginManager: Loaded Plugin AndroidDeviceProfileSelector, From C:/Program Files/Epic Games/UE_4.14/Engine/Plugins/Runtime/AndroidDeviceProfileSelector/AndroidDeviceProfileSelector.uplugin
LogPluginManager: Loaded Plugin AndroidMoviePlayer, From C:/Program Files/Epic Games/UE_4.14/Engine/Plugins/Runtime/AndroidMoviePlayer/AndroidMoviePlayer.uplugin
LogPluginManager: Loaded Plugin AppleMoviePlayer, From C:/Program Files/Epic Games/UE_4.14/Engine/Plugins/Runtime/AppleMoviePlayer/AppleMoviePlayer.uplugin
LogPluginManager: Loaded Plugin ArchVisCharacter, From C:/Program Files/Epic Games/UE_4.14/Engine/Plugins/Runtime/ArchVisCharacter/ArchVisCharacter.uplugin
LogPluginManager: Loaded Plugin CableComponent, From C:/Program Files/Epic Games/UE_4.14/Engine/Plugins/Runtime/CableComponent/CableComponent.uplugin
LogPluginManager: Loaded Plugin CustomMeshComponent, From C:/Program Files/Epic Games/UE_4.14/Engine/Plugins/Runtime/CustomMeshComponent/CustomMeshComponent.uplugin
LogPluginManager: Loaded Plugin ExampleDeviceProfileSelector, From C:/Program Files/Epic Games/UE_4.14/Engine/Plugins/Runtime/ExampleDeviceProfileSelector/ExampleDeviceProfileSelector.uplugin
LogPluginManager: Loaded Plugin GearVR, From C:/Program Files/Epic Games/UE_4.14/Engine/Plugins/Runtime/GearVR/GearVR.uplugin
LogPluginManager: Loaded Plugin GoogleVRController, From C:/Program Files/Epic Games/UE_4.14/Engine/Plugins/Runtime/GoogleVR/GoogleVRController/GoogleVRController.uplugin
LogPluginManager: Loaded Plugin GoogleVRHMD, From C:/Program Files/Epic Games/UE_4.14/Engine/Plugins/Runtime/GoogleVR/GoogleVRHMD/GoogleVRHMD.uplugin
LogPluginManager: Loaded Plugin IOSDeviceProfileSelector, From C:/Program Files/Epic Games/UE_4.14/Engine/Plugins/Runtime/IOSDeviceProfileSelector/IOSDeviceProfileSelector.uplugin
LogPluginManager: Loaded Plugin LeapMotion, From C:/Program Files/Epic Games/UE_4.14/Engine/Plugins/Runtime/LeapMotion/LeapMotion.uplugin
LogPluginManager: Loaded Plugin LinuxDeviceProfileSelector, From C:/Program Files/Epic Games/UE_4.14/Engine/Plugins/Runtime/LinuxDeviceProfileSelector/LinuxDeviceProfileSelector.uplugin
LogPluginManager: Loaded Plugin MIDIDevice, From C:/Program Files/Epic Games/UE_4.14/Engine/Plugins/Runtime/MIDIDevice/MIDIDevice.uplugin
LogPluginManager: Loaded Plugin MobilePatchingUtils, From C:/Program Files/Epic Games/UE_4.14/Engine/Plugins/Runtime/MobilePatchingUtils/MobilePatchingUtils.uplugin
LogPluginManager: Loaded Plugin Ansel, From C:/Program Files/Epic Games/UE_4.14/Engine/Plugins/Runtime/Nvidia/Ansel/Ansel.uplugin
LogPluginManager: Loaded Plugin OculusAudio, From C:/Program Files/Epic Games/UE_4.14/Engine/Plugins/Runtime/OculusAudio/OculusAudio.uplugin
LogPluginManager: Loaded Plugin OculusInput, From C:/Program Files/Epic Games/UE_4.14/Engine/Plugins/Runtime/OculusInput/OculusInput.uplugin
LogPluginManager: Loaded Plugin OculusLibrary, From C:/Program Files/Epic Games/UE_4.14/Engine/Plugins/Runtime/OculusLibrary/OculusLibrary.uplugin
LogPluginManager: Loaded Plugin OculusRift, From C:/Program Files/Epic Games/UE_4.14/Engine/Plugins/Runtime/OculusRift/OculusRift.uplugin
LogPluginManager: Loaded Plugin Oodle, From C:/Program Files/Epic Games/UE_4.14/Engine/Plugins/Runtime/PacketHandlers/CompressionComponents/Oodle/Oodle.uplugin
LogPluginManager: Loaded Plugin ProceduralMeshComponent, From C:/Program Files/Epic Games/UE_4.14/Engine/Plugins/Runtime/ProceduralMeshComponent/ProceduralMeshComponent.uplugin
LogPluginManager: Loaded Plugin SoundMod, From C:/Program Files/Epic Games/UE_4.14/Engine/Plugins/Runtime/SoundMod/SoundMod.uplugin
LogPluginManager: Loaded Plugin SoundVisualizations, From C:/Program Files/Epic Games/UE_4.14/Engine/Plugins/Runtime/SoundVisualizations/SoundVisualizations.uplugin
LogPluginManager: Loaded Plugin SteamController, From C:/Program Files/Epic Games/UE_4.14/Engine/Plugins/Runtime/Steam/SteamController/SteamController.uplugin
LogPluginManager: Loaded Plugin SteamVR, From C:/Program Files/Epic Games/UE_4.14/Engine/Plugins/Runtime/Steam/SteamVR/SteamVR.uplugin
LogPluginManager: Loaded Plugin WebBrowserWidget, From C:/Program Files/Epic Games/UE_4.14/Engine/Plugins/Runtime/WebBrowserWidget/WebBrowserWidget.uplugin
LogPluginManager: Loaded Plugin WindowsDeviceProfileSelector, From C:/Program Files/Epic Games/UE_4.14/Engine/Plugins/Runtime/WindowsDeviceProfileSelector/WindowsDeviceProfileSelector.uplugin
LogPluginManager: Loaded Plugin WindowsMoviePlayer, From C:/Program Files/Epic Games/UE_4.14/Engine/Plugins/Runtime/WindowsMoviePlayer/WindowsMoviePlayer.uplugin
LogPluginManager: Loaded Plugin ScriptPlugin, From C:/Program Files/Epic Games/UE_4.14/Engine/Plugins/ScriptPlugin/ScriptPlugin.uplugin
LogPluginManager: Loaded Plugin SlateRemote, From C:/Program Files/Epic Games/UE_4.14/Engine/Plugins/Slate/SlateRemote/SlateRemote.uplugin
LogPluginManager: Loaded Plugin EditorTests, From C:/Program Files/Epic Games/UE_4.14/Engine/Plugins/Tests/EditorTests/EditorTests.uplugin
LogPluginManager: Loaded Plugin FbxAutomationTestBuilder, From C:/Program Files/Epic Games/UE_4.14/Engine/Plugins/Tests/FbxAutomationTestBuilder/FbxAutomationTestBuilder.uplugin
LogPluginManager: Loaded Plugin FunctionalTestingEditor, From C:/Program Files/Epic Games/UE_4.14/Engine/Plugins/Tests/FunctionalTestingEditor/FunctionalTestingEditor.uplugin
LogPluginManager: Loaded Plugin RuntimeTests, From C:/Program Files/Epic Games/UE_4.14/Engine/Plugins/Tests/RuntimeTests/RuntimeTests.uplugin
LogPluginManager: Loaded Plugin ScreenshotTools, From C:/Program Files/Epic Games/UE_4.14/Engine/Plugins/Tests/ScreenshotTools/ScreenshotTools.uplugin
LogInit: Using libcurl 7.47.1
LogInit:  - built for x86_64-pc-win32
LogInit:  - supports SSL with OpenSSL/1.0.2g
LogInit:  - supports HTTP deflate (compression) using libz 1.2.8
LogInit:  - other features:
LogInit:      CURL_VERSION_SSL
LogInit:      CURL_VERSION_LIBZ
LogInit:      CURL_VERSION_IPV6
LogInit:      CURL_VERSION_ASYNCHDNS
LogInit:      CURL_VERSION_LARGEFILE
LogInit:      CURL_VERSION_IDN
LogInit:  CurlRequestOptions (configurable via config and command line):
LogInit:  - bVerifyPeer = false  - Libcurl will NOT verify peer certificate
LogInit:  - bUseHttpProxy = false  - Libcurl will NOT use HTTP proxy
LogInit:  - bDontReuseConnections = false  - Libcurl will reuse connections
LogInit:  - CertBundlePath = nullptr  - Libcurl will use whatever was configured at build time.
LogInit: Build: ++UE4+Release-4.14-CL-3249277
LogInit: Engine Version: 4.14.3-3249277+++UE4+Release-4.14
LogInit: Compatible Engine Version: 4.14.0-3195953+++UE4+Release-4.14
LogInit: Net CL: 3195953
LogDevObjectVersion: Number of dev versions registered: 13
LogDevObjectVersion:   Dev-Blueprints (B0D832E4-1F89-4F0D-ACCF-7EB736FD4AA2): 7
LogDevObjectVersion:   Dev-Build (E1C64328-A22C-4D53-A36C-8E866417BD8C): 0
LogDevObjectVersion:   Dev-Core (375EC13C-06E4-48FB-B500-84F0262A717E): 1
LogDevObjectVersion:   Dev-Editor (E4B068ED-F494-42E9-A231-DA0B2E46BB41): 8
LogDevObjectVersion:   Dev-Framework (CFFC743F-43B0-4480-9391-14DF171D2073): 17
LogDevObjectVersion:   Dev-Mobile (B02B49B5-BB20-44E9-A304-32B752E40360): 0
LogDevObjectVersion:   Dev-Networking (A4E4105C-59A1-49B5-A7C5-40C4547EDFEE): 0
LogDevObjectVersion:   Dev-Online (39C831C9-5AE6-47DC-9A44-9C173E1C8E7C): 0
LogDevObjectVersion:   Dev-Physics (78F01B33-EBEA-4F98-B9B4-84EACCB95AA2): 0
LogDevObjectVersion:   Dev-Platform (6631380F-2D4D-43E0-8009-CF276956A95A): 0
LogDevObjectVersion:   Dev-Rendering (12F88B9F-8875-4AFC-A67C-D90C383ABD29): 12
LogDevObjectVersion:   Dev-Sequencer (7B5AE74C-D270-4C10-A958-57980B212A5A): 1
LogDevObjectVersion:   Dev-VR (D7296918-1DD6-4BDD-9DE2-64A83CC13884): 0
LogInit: Compiled (64-bit): Jan  6 2017 10:49:43
LogInit: Compiled with Visual C++: 19.00.23026.00
LogInit: Build Configuration: Development
LogInit: Branch Name: ++UE4+Release-4.14
LogInit: Command line:  /Temp/Autosaves/Game/UEDPCLevel01 -game -PIEVIACONSOLE -ResX=1280 -ResY=720  -Multiprocess -messaging -SessionName="Play in Standalone Game" -windowed 
LogInit: Base directory: C:/Program Files/Epic Games/UE_4.14/Engine/Binaries/Win64/
LogInit: Installed Engine Build: 1
LogInit: Presizing for max 8388607 objects, including 0 objects not considered by GC, pre-allocating 0 bytes for permanent pool.
LogInit: Object subsystem initialized
[2017.05.27-04.37.25:807][  0]LogInit: Selected Device Profile: [Windows]
[2017.05.27-04.37.25:807][  0]LogInit: Applying CVar settings loaded from the selected device profile: [Windows]
[2017.05.27-04.37.25:827][  0]LogInit: Computer: XXXX-PC-X
[2017.05.27-04.37.25:827][  0]LogInit: User: User
[2017.05.27-04.37.25:827][  0]LogInit: CPU Page size=65536, Cores=2
[2017.05.27-04.37.25:827][  0]LogInit: High frequency timer resolution =2.533306 MHz
[2017.05.27-04.37.25:827][  0]LogMemory: Memory total: Physical=11.9GB (12GB approx)
[2017.05.27-04.37.25:827][  0]LogMemory: Platform Memory Stats for Windows
[2017.05.27-04.37.25:827][  0]LogMemory: Process Physical Memory: 267.04 MB used, 267.04 MB peak
[2017.05.27-04.37.25:827][  0]LogMemory: Process Virtual Memory: 262.45 MB used, 262.45 MB peak
[2017.05.27-04.37.25:827][  0]LogMemory: Physical Memory: 4147.25 MB used,  8018.91 MB free, 12166.16 MB total
[2017.05.27-04.37.25:827][  0]LogMemory: Virtual Memory: 698.48 MB used,  8018.91 MB free, 134217728.00 MB total
[2017.05.27-04.37.26:053][  0]LogTextLocalizationManager: No specific translations for ('en-AU') exist, so ('en') translations will be used.
[2017.05.27-04.37.26:606][  0]LogD3D11RHI: D3D11 adapters:
[2017.05.27-04.37.26:610][  0]LogD3D11RHI:    0. 'Intel(R) HD Graphics 4000' (Feature Level 11_0)
[2017.05.27-04.37.26:610][  0]LogD3D11RHI:       32/0/1760 MB DedicatedVideo/DedicatedSystem/SharedSystem, Outputs:1, VendorId:0x8086
[2017.05.27-04.37.26:611][  0]LogD3D11RHI:    1. 'Microsoft Basic Render Driver' (Feature Level 11_0)
[2017.05.27-04.37.26:611][  0]LogD3D11RHI:       0/0/6083 MB DedicatedVideo/DedicatedSystem/SharedSystem, Outputs:0, VendorId:0x1414
[2017.05.27-04.37.26:611][  0]LogD3D11RHI: Chosen D3D11 Adapter: 0
[2017.05.27-04.37.26:615][  0]LogD3D11RHI: Creating new Direct3DDevice
[2017.05.27-04.37.26:615][  0]LogD3D11RHI:     GPU DeviceId: 0x166 (for the marketing name, search the web for "GPU Device Id")
[2017.05.27-04.37.26:615][  0]LogWindows: EnumDisplayDevices:
[2017.05.27-04.37.26:615][  0]LogWindows:    0. 'Intel(R) HD Graphics 4000' (P:1 D:1)
[2017.05.27-04.37.26:615][  0]LogWindows:    1. 'Intel(R) HD Graphics 4000' (P:0 D:0)
[2017.05.27-04.37.26:615][  0]LogWindows:    2. 'Intel(R) HD Graphics 4000' (P:0 D:0)
[2017.05.27-04.37.26:615][  0]LogWindows: DebugString: FoundDriverCount:3 
[2017.05.27-04.37.26:615][  0]LogD3D11RHI:     Adapter Name: Intel(R) HD Graphics 4000
[2017.05.27-04.37.26:615][  0]LogD3D11RHI:   Driver Version: 10.18.10.4358 (internal:10.18.10.4358, unified:10.18.10.4358)
[2017.05.27-04.37.26:615][  0]LogD3D11RHI:      Driver Date: 12-21-2015
[2017.05.27-04.37.26:615][  0]LogRHI: Texture pool is 638 MB (70% of 912 MB)
[2017.05.27-04.37.26:619][  0]LogD3D11RHI: Async texture creation enabled
[2017.05.27-04.37.26:623][  0]LogD3D11RHI: GPU Timing Frequency: 12.500000 (Debug: 2 0)
[2017.05.27-04.37.26:624][  0]LogShaderCompilers: Guid format shader working directory is -15 characters bigger than the processId version (../../../../../../Users/User/Documents/GitHub/superMusicGame/Intermediate/Shaders/WorkingDirectory/5996/).
[2017.05.27-04.37.26:624][  0]LogShaderCompilers: Cleaned the shader compiler working directory 'C:/Users/User/AppData/Local/Temp/UnrealShaderWorkingDir/8C599E084F400069B814719B054AFCA9/'.
[2017.05.27-04.37.26:624][  0]LogShaderCompilers:Display: Using Local Shader Compiler.
[2017.05.27-04.37.28:765][  0]LogTemp:Display: Loaded TP WindowsClientTargetPlatform
[2017.05.27-04.37.28:830][  0]LogTemp:Display: Loaded TP WindowsNoEditorTargetPlatform
[2017.05.27-04.37.28:897][  0]LogTemp:Display: Loaded TP WindowsServerTargetPlatform
[2017.05.27-04.37.28:951][  0]LogTemp:Display: Loaded TP WindowsTargetPlatform
[2017.05.27-04.37.28:951][  0]LogTargetPlatformManager:Display: Building Assets For Windows
[2017.05.27-04.37.29:650][  0]LogDerivedDataCache:Display: Max Cache Size: 512 MB
[2017.05.27-04.37.29:709][  0]LogDerivedDataCache: Loaded boot cache 0.06s 50MB C:/Users/User/AppData/Local/UnrealEngine/4.14/DerivedDataCache/Boot.ddc.
[2017.05.27-04.37.29:709][  0]LogDerivedDataCache:Display: Loaded Boot cache: C:/Users/User/AppData/Local/UnrealEngine/4.14/DerivedDataCache/Boot.ddc
[2017.05.27-04.37.29:709][  0]LogDerivedDataCache: FDerivedDataBackendGraph:  Pak pak cache file ../../../../../../Users/User/Documents/GitHub/superMusicGame/DerivedDataCache/DDC.ddp not found, will not use a pak cache.
[2017.05.27-04.37.29:709][  0]LogDerivedDataCache: Unable to find inner node Pak for hierarchical cache Hierarchy.
[2017.05.27-04.37.29:709][  0]LogDerivedDataCache: FDerivedDataBackendGraph:  CompressedPak pak cache file ../../../../../../Users/User/Documents/GitHub/superMusicGame/DerivedDataCache/Compressed.ddp not found, will not use a pak cache.
[2017.05.27-04.37.29:709][  0]LogDerivedDataCache: Unable to find inner node CompressedPak for hierarchical cache Hierarchy.
[2017.05.27-04.37.29:731][  0]LogDerivedDataCache:Display: Pak cache opened for reading ../../../Engine/DerivedDataCache/Compressed.ddp.
[2017.05.27-04.37.29:743][  0]LogDerivedDataCache: Using Local data cache path C:/Users/User/AppData/Local/UnrealEngine/Common/DerivedDataCache: Writable
[2017.05.27-04.37.32:153][  0]LogAssetRegistry: FAssetRegistry took 0.0001 seconds to start up
[2017.05.27-04.37.32:160][  0]LogPackageLocalizationCache: Processed 3 localized package path(s) for 2 prioritized culture(s) in 0.006568 seconds
[2017.05.27-04.37.32:182][  0]LogInit: Selected Device Profile: [Windows]
[2017.05.27-04.37.32:184][  0]LogContentStreaming: Texture pool size is 1000.00 MB
[2017.05.27-04.37.32:413][  0]LogMeshUtilities: Using QuadricMeshReduction for automatic static mesh reduction
[2017.05.27-04.37.32:464][  0]LogSimplygon: Simplygon DLL not present - disabling.
[2017.05.27-04.37.32:520][  0]LogMeshUtilities: Using SimplygonSwarm for distributed automatic mesh merging
[2017.05.27-04.37.32:520][  0]LogMeshUtilities: No automatic skeletal mesh reduction module available
[2017.05.27-04.37.32:520][  0]LogMeshUtilities: No automatic mesh merging module available
[2017.05.27-04.37.33:107][  0]LogNetVersion: GetLocalNetworkVersion: CL: 3195953, ProjectName: musicgame04, ProjectVersion: , EngineNetworkVersion: 2, GameNetworkVersion: 0, NetworkChecksum: 2475016038
[2017.05.27-04.37.33:198][  0]LogInit: WinSock: version 1.1 (2.2), MaxSocks=32767, MaxUdp=65467
[2017.05.27-04.37.34:087][  0]LogSlate: Using Freetype 2.6.0
[2017.05.27-04.37.34:097][  0]LogSlate: SlateFontCache - WITH_FREETYPE: 1, WITH_HARFBUZZ: 1
[2017.05.27-04.37.34:097][  0]LogSlate: SlateFontCache - WITH_FREETYPE: 1, WITH_HARFBUZZ: 1
[2017.05.27-04.37.34:296][  0]LogMoviePlayer: Initializing movie player
[2017.05.27-04.37.34:409][  0]LogWindowsMoviePlayer: Unable to load movie: ../../../../../../Users/User/Documents/GitHub/superMusicGame/Content/Movies/Default_Startup.mp4
[2017.05.27-04.37.34:610][  0]LogTcpMessaging: Initializing TcpMessaging bridge
[2017.05.27-04.37.34:654][  0]LogUdpMessaging: Initializing bridge on interface 0.0.0.0:0 to multicast group 230.0.0.1:6666.
[2017.05.27-04.37.34:819][  0]SourceControl: Info Source control is disabled
[2017.05.27-04.37.34:819][  0]SourceControl: Info Source control is disabled
[2017.05.27-04.37.34:876][  0]SourceControl: Info Source control is disabled
[2017.05.27-04.37.35:700][  0]LogUObjectArray: 33496 objects as part of root set at end of initial load.
[2017.05.27-04.37.35:700][  0]LogUObjectAllocator: 7417776 out of 0 bytes used by permanent object pool.
[2017.05.27-04.37.35:700][  0]LogUObjectArray: CloseDisregardForGC: 0/0 objects in disregard for GC pool
[2017.05.27-04.37.35:828][  0]LogEngine: Initializing Engine...
[2017.05.27-04.37.35:829][  0]LogHMD: Failed to initialize OpenVR with code 110
[2017.05.27-04.37.35:964][  0]LogInit: XAudio2 using 'Speakers (3- Realtek High Definition Audio)' : 2 channels at 48 kHz using 32 bits per sample (channel mask 0x3)
[2017.05.27-04.37.35:976][  0]LogInit: FAudioDevice initialized.
[2017.05.27-04.37.35:997][  0]LogInit: Texture streaming: Enabled
[2017.05.27-04.37.36:014][  0]LogMaterial: Uniform references updated for custom material expression Custom.
[2017.05.27-04.37.36:435][  0]LogInit:Display: Game Engine Initialized.
[2017.05.27-04.37.36:620][  0]LogInit:Display: Starting Game.
[2017.05.27-04.37.36:620][  0]LogNet: Browse: /Temp/Autosaves/Game/UEDPCLevel01?Name=Player
[2017.05.27-04.37.36:620][  0]LogLoad: LoadMap: /Temp/Autosaves/Game/UEDPCLevel01?Name=Player
[2017.05.27-04.37.36:653][  0]LogMemory: Platform Memory Stats for Windows
[2017.05.27-04.37.36:653][  0]LogMemory: Process Physical Memory: 739.45 MB used, 764.14 MB peak
[2017.05.27-04.37.36:653][  0]LogMemory: Process Virtual Memory: 709.80 MB used, 765.99 MB peak
[2017.05.27-04.37.36:653][  0]LogMemory: Physical Memory: 4581.37 MB used,  7584.79 MB free, 12166.16 MB total
[2017.05.27-04.37.36:653][  0]LogMemory: Virtual Memory: 1352.45 MB used,  7584.79 MB free, 134217728.00 MB total
[2017.05.27-04.37.36:653][  0]LogMemory: 
[2017.05.27-04.37.36:653][  0]Allocator Stats for TBB: (not implemented)
[2017.05.27-04.37.36:773][  0]LogBlueprint:Warning: [zombie] 'LastMovement' variable not found. Base class was probably changed.
[2017.05.27-04.37.36:773][  0]LogBlueprint:Warning: [zombie] 'LastMovement' variable not found. Base class was probably changed.
[2017.05.27-04.37.36:773][  0]LogBlueprint:Warning: [zombie] 'Sprite' variable not found. Base class was probably changed.
[2017.05.27-04.37.36:773][  0]LogBlueprint:Warning: [zombie] 'LastMovement' variable not found. Base class was probably changed.
[2017.05.27-04.37.36:773][  0]LogBlueprint:Warning: [zombie] 'Atacked' variable not found. Base class was probably changed.
[2017.05.27-04.37.36:774][  0]LogBlueprint:Warning: [zombie] 'LastMovement' variable not found. Base class was probably changed.
[2017.05.27-04.37.37:714][  0]LogAIModule: Creating AISystem for world Level01
[2017.05.27-04.37.37:715][  0]LogLoad: Game class is 'BasicLevelMode_C'
[2017.05.27-04.37.37:811][  0]LogCharacterMovement:Error: CharacterMovement owned by NewPaperTileMap_2 must update a component owned by a Character
[2017.05.27-04.37.37:833][  0]LogWorld: Bringing World /Temp/Autosaves/Game/UEDPCLevel01.Level01 up for play (max tick rate 0) at 2017.05.27-14.07.37
[2017.05.27-04.37.37:841][  0]LogCharacterMovement:Error: CharacterMovement owned by NewPaperTileMap_2 must update a component owned by a Character
[2017.05.27-04.37.37:975][  0]PIE:Warning: Warning Mobility of woodBlock_19 : CollisionCylinder has to be 'Movable' if you'd like to move. 
[2017.05.27-04.37.37:976][  0]PIE:Warning: Warning Mobility of woodBlock2 : CollisionCylinder has to be 'Movable' if you'd like to move. 
[2017.05.27-04.37.37:976][  0]PIE:Warning: Warning Mobility of woodBlock3_201 : CollisionCylinder has to be 'Movable' if you'd like to move. 
[2017.05.27-04.37.37:976][  0]PIE:Warning: Warning Mobility of woodBlock4 : CollisionCylinder has to be 'Movable' if you'd like to move. 
[2017.05.27-04.37.37:976][  0]PIE:Warning: Warning Mobility of woodBlock5 : CollisionCylinder has to be 'Movable' if you'd like to move. 
[2017.05.27-04.37.37:976][  0]PIE:Warning: Warning Mobility of woodBlock6 : CollisionCylinder has to be 'Movable' if you'd like to move. 
[2017.05.27-04.37.37:976][  0]PIE:Warning: Warning Mobility of woodBlock7 : CollisionCylinder has to be 'Movable' if you'd like to move. 
[2017.05.27-04.37.37:977][  0]PIE:Warning: Warning Mobility of woodBlock10 : CollisionCylinder has to be 'Movable' if you'd like to move. 
[2017.05.27-04.37.37:977][  0]PIE:Warning: Warning Mobility of woodBlock11 : CollisionCylinder has to be 'Movable' if you'd like to move. 
[2017.05.27-04.37.37:977][  0]PIE:Warning: Warning Mobility of woodBlock12 : CollisionCylinder has to be 'Movable' if you'd like to move. 
[2017.05.27-04.37.37:977][  0]PIE:Warning: Warning Mobility of woodBlock13 : CollisionCylinder has to be 'Movable' if you'd like to move. 
[2017.05.27-04.37.37:978][  0]PIE:Warning: Warning Mobility of woodBlock14 : CollisionCylinder has to be 'Movable' if you'd like to move. 
[2017.05.27-04.37.37:978][  0]PIE:Warning: Warning Mobility of woodBlock15 : CollisionCylinder has to be 'Movable' if you'd like to move. 
[2017.05.27-04.37.37:978][  0]PIE:Warning: Warning Mobility of woodBlock16 : CollisionCylinder has to be 'Movable' if you'd like to move. 
[2017.05.27-04.37.37:978][  0]PIE:Warning: Warning Mobility of woodBlock19 : CollisionCylinder has to be 'Movable' if you'd like to move. 
[2017.05.27-04.37.37:978][  0]PIE:Warning: Warning Mobility of woodBlock20 : CollisionCylinder has to be 'Movable' if you'd like to move. 
[2017.05.27-04.37.37:979][  0]PIE:Warning: Warning Mobility of woodBlock22 : CollisionCylinder has to be 'Movable' if you'd like to move. 
[2017.05.27-04.37.37:979][  0]PIE:Warning: Warning Mobility of woodBlock23 : CollisionCylinder has to be 'Movable' if you'd like to move. 
[2017.05.27-04.37.37:979][  0]PIE:Warning: Warning Mobility of woodBlock24 : CollisionCylinder has to be 'Movable' if you'd like to move. 
[2017.05.27-04.37.37:980][  0]PIE:Warning: Warning Mobility of woodBlock29 : CollisionCylinder has to be 'Movable' if you'd like to move. 
[2017.05.27-04.37.37:980][  0]PIE:Warning: Warning Mobility of woodBlock30 : CollisionCylinder has to be 'Movable' if you'd like to move. 
[2017.05.27-04.37.37:980][  0]PIE:Warning: Warning Mobility of woodBlock31 : CollisionCylinder has to be 'Movable' if you'd like to move. 
[2017.05.27-04.37.37:980][  0]PIE:Warning: Warning Mobility of woodBlock32 : CollisionCylinder has to be 'Movable' if you'd like to move. 
[2017.05.27-04.37.37:980][  0]PIE:Warning: Warning Mobility of woodBlock33 : CollisionCylinder has to be 'Movable' if you'd like to move. 
[2017.05.27-04.37.37:981][  0]PIE:Warning: Warning Mobility of woodBlock34 : CollisionCylinder has to be 'Movable' if you'd like to move. 
[2017.05.27-04.37.37:981][  0]PIE:Warning: Warning Mobility of woodBlock35 : CollisionCylinder has to be 'Movable' if you'd like to move. 
[2017.05.27-04.37.37:981][  0]PIE:Warning: Warning Mobility of woodBlock36 : CollisionCylinder has to be 'Movable' if you'd like to move. 
[2017.05.27-04.37.37:981][  0]PIE:Warning: Warning Mobility of woodBlock37 : CollisionCylinder has to be 'Movable' if you'd like to move. 
[2017.05.27-04.37.37:981][  0]PIE:Warning: Warning Mobility of woodBlock38 : CollisionCylinder has to be 'Movable' if you'd like to move. 
[2017.05.27-04.37.37:981][  0]PIE:Warning: Warning Mobility of woodBlock39 : CollisionCylinder has to be 'Movable' if you'd like to move. 
[2017.05.27-04.37.37:982][  0]PIE:Warning: Warning Mobility of woodBlock40 : CollisionCylinder has to be 'Movable' if you'd like to move. 
[2017.05.27-04.37.37:982][  0]PIE:Warning: Warning Mobility of woodBlock41 : CollisionCylinder has to be 'Movable' if you'd like to move. 
[2017.05.27-04.37.37:982][  0]PIE:Warning: Warning Mobility of woodBlock42 : CollisionCylinder has to be 'Movable' if you'd like to move. 
[2017.05.27-04.37.37:982][  0]PIE:Warning: Warning Mobility of woodBlock43 : CollisionCylinder has to be 'Movable' if you'd like to move. 
[2017.05.27-04.37.37:982][  0]PIE:Warning: Warning Mobility of woodBlock44 : CollisionCylinder has to be 'Movable' if you'd like to move. 
[2017.05.27-04.37.37:982][  0]PIE:Warning: Warning Mobility of woodBlock45 : CollisionCylinder has to be 'Movable' if you'd like to move. 
[2017.05.27-04.37.37:983][  0]PIE:Warning: Warning Mobility of woodBlock46 : CollisionCylinder has to be 'Movable' if you'd like to move. 
[2017.05.27-04.37.37:983][  0]PIE:Warning: Warning Mobility of woodBlock47 : CollisionCylinder has to be 'Movable' if you'd like to move. 
[2017.05.27-04.37.37:983][  0]PIE:Warning: Warning Mobility of woodBlock48 : CollisionCylinder has to be 'Movable' if you'd like to move. 
[2017.05.27-04.37.37:983][  0]PIE:Warning: Warning Mobility of woodBlock49 : CollisionCylinder has to be 'Movable' if you'd like to move. 
[2017.05.27-04.37.37:987][  0]PIE:Warning: Warning Mobility of gainFireTrigger_40 : CollisionCylinder has to be 'Movable' if you'd like to move. 
[2017.05.27-04.37.37:988][  0]PIE:Warning: Warning Mobility of gainFireTrigger2 : CollisionCylinder has to be 'Movable' if you'd like to move. 
[2017.05.27-04.37.37:988][  0]PIE:Warning: Warning Mobility of wallPiece_46 : CollisionCylinder has to be 'Movable' if you'd like to move. 
[2017.05.27-04.37.37:988][  0]LogWorld: Bringing up level for play took: 0.273464
[2017.05.27-04.37.37:990][  0]LogGameMode:Display: Match State Changed from EnteringMap to WaitingToStart
[2017.05.27-04.37.37:990][  0]LogGameState: Match State Changed from EnteringMap to WaitingToStart
[2017.05.27-04.37.37:990][  0]LogGameMode:Display: Match State Changed from WaitingToStart to InProgress
[2017.05.27-04.37.37:998][  0]LogPlayerManagement:Error: Failed to Create Player: A local player already exists for controller ID 0,
[2017.05.27-04.37.38:000][  0]LogGameState: Match State Changed from WaitingToStart to InProgress
[2017.05.27-04.37.38:001][  0]LogLoad: Took 1.380527 seconds to LoadMap(/Temp/Autosaves/Game/UEDPCLevel01)
[2017.05.27-04.37.38:425][  0]LogLoad: (Engine Initialization) Total time: 17.31 seconds
[2017.05.27-04.37.38:425][  0]LogLoad: (Engine Initialization) Total Blueprint compile time: 0.34 seconds
[2017.05.27-04.37.38:425][  0]LogExternalProfiler: No external profilers were discovered.  External profiling features will not be available.
[2017.05.27-04.37.38:444][  0]LogOcInput: OculusInput pre-init called
[2017.05.27-04.37.38:493][  1]PIE:Warning: Warning Mobility of woodBlock8 : CollisionCylinder has to be 'Movable' if you'd like to move it with CharacterMovementComponent. 
[2017.05.27-04.37.38:493][  1]PIE:Warning: Warning Mobility of woodBlock9_44 : CollisionCylinder has to be 'Movable' if you'd like to move it with CharacterMovementComponent. 
[2017.05.27-04.37.38:494][  1]PIE:Warning: Warning Mobility of woodBlock17 : CollisionCylinder has to be 'Movable' if you'd like to move it with CharacterMovementComponent. 
[2017.05.27-04.37.38:494][  1]PIE:Warning: Warning Mobility of woodBlock18 : CollisionCylinder has to be 'Movable' if you'd like to move it with CharacterMovementComponent. 
[2017.05.27-04.37.38:494][  1]PIE:Warning: Warning Mobility of woodBlock26 : CollisionCylinder has to be 'Movable' if you'd like to move it with CharacterMovementComponent. 
[2017.05.27-04.37.38:494][  1]PIE:Warning: Warning Mobility of woodBlock27 : CollisionCylinder has to be 'Movable' if you'd like to move it with CharacterMovementComponent. 
[2017.05.27-04.37.38:537][  1]PIE:Warning: Warning Mobility of woodBlock10 : CollisionCylinder has to be 'Movable' if you'd like to move it with CharacterMovementComponent. 
[2017.05.27-04.37.38:537][  1]PIE:Warning: Warning Mobility of woodBlock11 : CollisionCylinder has to be 'Movable' if you'd like to move it with CharacterMovementComponent. 
[2017.05.27-04.37.38:537][  1]PIE:Warning: Warning Mobility of woodBlock12 : CollisionCylinder has to be 'Movable' if you'd like to move it with CharacterMovementComponent. 
[2017.05.27-04.37.38:537][  1]PIE:Warning: Warning Mobility of woodBlock13 : CollisionCylinder has to be 'Movable' if you'd like to move it with CharacterMovementComponent. 
[2017.05.27-04.37.38:537][  1]PIE:Warning: Warning Mobility of woodBlock14 : CollisionCylinder has to be 'Movable' if you'd like to move it with CharacterMovementComponent. 
[2017.05.27-04.37.38:537][  1]PIE:Warning: Warning Mobility of woodBlock15 : CollisionCylinder has to be 'Movable' if you'd like to move it with CharacterMovementComponent. 
[2017.05.27-04.37.38:538][  1]PIE:Warning: Warning Mobility of woodBlock16 : CollisionCylinder has to be 'Movable' if you'd like to move it with CharacterMovementComponent. 
[2017.05.27-04.37.38:538][  1]PIE:Warning: Warning Mobility of woodBlock19 : CollisionCylinder has to be 'Movable' if you'd like to move it with CharacterMovementComponent. 
[2017.05.27-04.37.38:538][  1]PIE:Warning: Warning Mobility of woodBlock2 : CollisionCylinder has to be 'Movable' if you'd like to move it with CharacterMovementComponent. 
[2017.05.27-04.37.38:538][  1]PIE:Warning: Warning Mobility of woodBlock20 : CollisionCylinder has to be 'Movable' if you'd like to move it with CharacterMovementComponent. 
[2017.05.27-04.37.38:538][  1]PIE:Warning: Warning Mobility of woodBlock21 : CollisionCylinder has to be 'Movable' if you'd like to move it with CharacterMovementComponent. 
[2017.05.27-04.37.38:538][  1]PIE:Warning: Warning Mobility of woodBlock22 : CollisionCylinder has to be 'Movable' if you'd like to move it with CharacterMovementComponent. 
[2017.05.27-04.37.38:538][  1]PIE:Warning: Warning Mobility of woodBlock23 : CollisionCylinder has to be 'Movable' if you'd like to move it with CharacterMovementComponent. 
[2017.05.27-04.37.38:538][  1]PIE:Warning: Warning Mobility of woodBlock24 : CollisionCylinder has to be 'Movable' if you'd like to move it with CharacterMovementComponent. 
[2017.05.27-04.37.38:538][  1]PIE:Warning: Warning Mobility of woodBlock25 : CollisionCylinder has to be 'Movable' if you'd like to move it with CharacterMovementComponent. 
[2017.05.27-04.37.38:538][  1]PIE:Warning: Warning Mobility of woodBlock29 : CollisionCylinder has to be 'Movable' if you'd like to move it with CharacterMovementComponent. 
[2017.05.27-04.37.38:538][  1]PIE:Warning: Warning Mobility of woodBlock30 : CollisionCylinder has to be 'Movable' if you'd like to move it with CharacterMovementComponent. 
[2017.05.27-04.37.38:538][  1]PIE:Warning: Warning Mobility of woodBlock31 : CollisionCylinder has to be 'Movable' if you'd like to move it with CharacterMovementComponent. 
[2017.05.27-04.37.38:538][  1]PIE:Warning: Warning Mobility of woodBlock32 : CollisionCylinder has to be 'Movable' if you'd like to move it with CharacterMovementComponent. 
[2017.05.27-04.37.38:538][  1]PIE:Warning: Warning Mobility of woodBlock33 : CollisionCylinder has to be 'Movable' if you'd like to move it with CharacterMovementComponent. 
[2017.05.27-04.37.38:538][  1]PIE:Warning: Warning Mobility of woodBlock34 : CollisionCylinder has to be 'Movable' if you'd like to move it with CharacterMovementComponent. 
[2017.05.27-04.37.38:538][  1]PIE:Warning: Warning Mobility of woodBlock35 : CollisionCylinder has to be 'Movable' if you'd like to move it with CharacterMovementComponent. 
[2017.05.27-04.37.38:538][  1]PIE:Warning: Warning Mobility of woodBlock36 : CollisionCylinder has to be 'Movable' if you'd like to move it with CharacterMovementComponent. 
[2017.05.27-04.37.38:538][  1]PIE:Warning: Warning Mobility of woodBlock37 : CollisionCylinder has to be 'Movable' if you'd like to move it with CharacterMovementComponent. 
[2017.05.27-04.37.38:538][  1]PIE:Warning: Warning Mobility of woodBlock38 : CollisionCylinder has to be 'Movable' if you'd like to move it with CharacterMovementComponent. 
[2017.05.27-04.37.38:538][  1]PIE:Warning: Warning Mobility of woodBlock39 : CollisionCylinder has to be 'Movable' if you'd like to move it with CharacterMovementComponent. 
[2017.05.27-04.37.38:538][  1]PIE:Warning: Warning Mobility of woodBlock3_201 : CollisionCylinder has to be 'Movable' if you'd like to move it with CharacterMovementComponent. 
[2017.05.27-04.37.38:538][  1]PIE:Warning: Warning Mobility of woodBlock4 : CollisionCylinder has to be 'Movable' if you'd like to move it with CharacterMovementComponent. 
[2017.05.27-04.37.38:538][  1]PIE:Warning: Warning Mobility of woodBlock40 : CollisionCylinder has to be 'Movable' if you'd like to move it with CharacterMovementComponent. 
[2017.05.27-04.37.38:538][  1]PIE:Warning: Warning Mobility of woodBlock41 : CollisionCylinder has to be 'Movable' if you'd like to move it with CharacterMovementComponent. 
[2017.05.27-04.37.38:538][  1]PIE:Warning: Warning Mobility of woodBlock42 : CollisionCylinder has to be 'Movable' if you'd like to move it with CharacterMovementComponent. 
[2017.05.27-04.37.38:538][  1]PIE:Warning: Warning Mobility of woodBlock43 : CollisionCylinder has to be 'Movable' if you'd like to move it with CharacterMovementComponent. 
[2017.05.27-04.37.38:538][  1]PIE:Warning: Warning Mobility of woodBlock44 : CollisionCylinder has to be 'Movable' if you'd like to move it with CharacterMovementComponent. 
[2017.05.27-04.37.38:538][  1]PIE:Warning: Warning Mobility of woodBlock45 : CollisionCylinder has to be 'Movable' if you'd like to move it with CharacterMovementComponent. 
[2017.05.27-04.37.38:538][  1]PIE:Warning: Warning Mobility of woodBlock46 : CollisionCylinder has to be 'Movable' if you'd like to move it with CharacterMovementComponent. 
[2017.05.27-04.37.38:538][  1]PIE:Warning: Warning Mobility of woodBlock47 : CollisionCylinder has to be 'Movable' if you'd like to move it with CharacterMovementComponent. 
[2017.05.27-04.37.38:539][  1]PIE:Warning: Warning Mobility of woodBlock48 : CollisionCylinder has to be 'Movable' if you'd like to move it with CharacterMovementComponent. 
[2017.05.27-04.37.38:539][  1]PIE:Warning: Warning Mobility of woodBlock49 : CollisionCylinder has to be 'Movable' if you'd like to move it with CharacterMovementComponent. 
[2017.05.27-04.37.38:539][  1]PIE:Warning: Warning Mobility of woodBlock5 : CollisionCylinder has to be 'Movable' if you'd like to move it with CharacterMovementComponent. 
[2017.05.27-04.37.38:539][  1]PIE:Warning: Warning Mobility of woodBlock6 : CollisionCylinder has to be 'Movable' if you'd like to move it with CharacterMovementComponent. 
[2017.05.27-04.37.38:539][  1]PIE:Warning: Warning Mobility of woodBlock7 : CollisionCylinder has to be 'Movable' if you'd like to move it with CharacterMovementComponent. 
[2017.05.27-04.37.38:539][  1]PIE:Warning: Warning Mobility of woodBlock_19 : CollisionCylinder has to be 'Movable' if you'd like to move it with CharacterMovementComponent. 
[2017.05.27-04.37.38:539][  1]PIE:Warning: Warning Mobility of wallPiece_46 : CollisionCylinder has to be 'Movable' if you'd like to move it with CharacterMovementComponent. 
[2017.05.27-04.37.38:539][  1]PIE:Warning: Warning Mobility of gainFireTrigger2 : CollisionCylinder has to be 'Movable' if you'd like to move it with CharacterMovementComponent. 
[2017.05.27-04.37.38:539][  1]PIE:Warning: Warning Mobility of gainFireTrigger_40 : CollisionCylinder has to be 'Movable' if you'd like to move it with CharacterMovementComponent. 
[2017.05.27-04.37.38:567][  2]LogRenderer: Reallocating scene render targets to support 1280x720 NumSamples 1 (Frame:2).
[2017.05.27-04.37.50:061][284]LogWindowsTextInputMethodSystem:Display: IME system now deactivated.
[2017.05.27-04.37.50:064][285]LogEngine: All Windows Closed
[2017.05.27-04.37.50:064][285]LogWindows: FPlatformMisc::RequestExit(0)
[2017.05.27-04.37.50:064][286]LogMoviePlayer: Shutting down movie player
[2017.05.27-04.37.50:973][286]LogExit: Preparing to exit.
[2017.05.27-04.37.51:827][286]LogExit: Game engine shut down
[2017.05.27-04.37.51:919][286]LogObj: Freed 0b from 0 cluster array pools.
[2017.05.27-04.37.51:919][286]LogExit: Object subsystem successfully closed.
[2017.05.27-04.37.51:947][286]LogD3D11RHI: Shutdown
[2017.05.27-04.37.51:947][286]LogD3D11RHI: CleanupD3DDevice
[2017.05.27-04.37.52:072][286]LogD3D11RHI: ~FD3D11DynamicRHI
[2017.05.27-04.37.52:092][286]LogModuleManager: Shutting down and abandoning module SequenceRecorderSections (125)
[2017.05.27-04.37.52:092][286]LogModuleManager: Shutting down and abandoning module SequenceRecorder (124)
[2017.05.27-04.37.52:092][286]LogModuleManager: Shutting down and abandoning module AutomationController (123)
[2017.05.27-04.37.52:092][286]LogModuleManager: Shutting down and abandoning module AutomationWorker (122)
[2017.05.27-04.37.52:092][286]LogModuleManager: Shutting down and abandoning module GameplayDebugger (121)
[2017.05.27-04.37.52:093][286]LogModuleManager: Shutting down and abandoning module AITestSuite (120)
[2017.05.27-04.37.52:093][286]LogModuleManager: Shutting down and abandoning module AIModule (119)
[2017.05.27-04.37.52:093][286]LogModuleManager: Shutting down and abandoning module WmfMediaFactory (118)
[2017.05.27-04.37.52:093][286]LogModuleManager: Shutting down and abandoning module AvfMediaFactory (117)
[2017.05.27-04.37.52:093][286]LogModuleManager: Shutting down and abandoning module Media (116)
[2017.05.27-04.37.52:093][286]LogModuleManager: Shutting down and abandoning module AndroidMediaFactory (115)
[2017.05.27-04.37.52:093][286]LogModuleManager: Shutting down and abandoning module CharacterAI (114)
[2017.05.27-04.37.52:093][286]LogModuleManager: Shutting down and abandoning module SessionServices (113)
[2017.05.27-04.37.52:093][286]LogModuleManager: Shutting down and abandoning module MovieSceneCapture (112)
[2017.05.27-04.37.52:093][286]LogModuleManager: Shutting down and abandoning module GeometryCacheEd (111)
[2017.05.27-04.37.52:093][286]LogModuleManager: Shutting down and abandoning module GeometryCache (110)
[2017.05.27-04.37.52:093][286]LogModuleManager: Shutting down and abandoning module Niagara (109)
[2017.05.27-04.37.52:093][286]LogModuleManager: Shutting down and abandoning module StreamingPauseRendering (108)
[2017.05.27-04.37.52:093][286]LogModuleManager: Shutting down and abandoning module PortalServices (107)
[2017.05.27-04.37.52:093][286]LogModuleManager: Shutting down and abandoning module PortalRpc (106)
[2017.05.27-04.37.52:093][286]LogModuleManager: Shutting down and abandoning module MessagingRpc (105)
[2017.05.27-04.37.52:093][286]LogModuleManager: Shutting down and abandoning module ProfilerService (104)
[2017.05.27-04.37.52:312][286]LogModuleManager: Shutting down and abandoning module TaskGraph (103)
[2017.05.27-04.37.52:312][286]LogModuleManager: Shutting down and abandoning module SlateRemote (102)
[2017.05.27-04.37.52:312][286]LogModuleManager: Shutting down and abandoning module SteamVRController (101)
[2017.05.27-04.37.52:312][286]LogModuleManager: Shutting down and abandoning module SteamVR (100)
[2017.05.27-04.37.52:312][286]LogModuleManager: Shutting down and abandoning module ProceduralMeshComponent (99)
[2017.05.27-04.37.52:312][286]LogModuleManager: Shutting down and abandoning module OculusLibrary (98)
[2017.05.27-04.37.52:312][286]LogModuleManager: Shutting down and abandoning module OculusInput (97)
[2017.05.27-04.37.52:312][286]LogModuleManager: Shutting down and abandoning module MobilePatchingUtils (96)
[2017.05.27-04.37.52:312][286]LogModuleManager: Shutting down and abandoning module CustomMeshComponent (95)
[2017.05.27-04.37.52:312][286]LogModuleManager: Shutting down and abandoning module CableComponent (94)
[2017.05.27-04.37.52:312][286]LogModuleManager: Shutting down and abandoning module ArchVisCharacter (93)
[2017.05.27-04.37.52:312][286]LogModuleManager: Shutting down and abandoning module HTML5Networking (91)
[2017.05.27-04.37.52:312][286]LogModuleManager: Shutting down and abandoning module DesktopPlatform (90)
[2017.05.27-04.37.52:312][286]LogModuleManager: Shutting down and abandoning module DirectoryWatcher (89)
[2017.05.27-04.37.52:312][286]LogModuleManager: Shutting down and abandoning module HotReload (88)
[2017.05.27-04.37.52:312][286]LogModuleManager: Shutting down and abandoning module VisualStudioSourceCodeAccess (87)
[2017.05.27-04.37.52:312][286]LogModuleManager: Shutting down and abandoning module UObjectPlugin (86)
[2017.05.27-04.37.52:312][286]LogModuleManager: Shutting down and abandoning module SubversionSourceControl (85)
[2017.05.27-04.37.52:312][286]LogModuleManager: Shutting down and abandoning module SourceControl (84)
[2017.05.27-04.37.52:312][286]LogModuleManager: Shutting down and abandoning module PerforceSourceControl (83)
[2017.05.27-04.37.52:312][286]LogModuleManager: Shutting down and abandoning module UdpMessaging (82)
[2017.05.27-04.37.52:413][286]LogModuleManager: Shutting down and abandoning module TcpMessaging (81)
[2017.05.27-04.37.52:616][286]LogModuleManager: Shutting down and abandoning module LightPropagationVolumeRuntime (80)
[2017.05.27-04.37.52:616][286]LogModuleManager: Shutting down and abandoning module Paper2D (79)
[2017.05.27-04.37.52:616][286]LogModuleManager: Shutting down and abandoning module WindowsMoviePlayer (78)
[2017.05.27-04.37.52:616][286]LogModuleManager: Shutting down and abandoning module WmfMedia (77)
[2017.05.27-04.37.52:616][286]LogModuleManager: Shutting down and abandoning module MediaAssets (76)
[2017.05.27-04.37.52:616][286]LogModuleManager: Shutting down and abandoning module GameLiveStreaming (75)
[2017.05.27-04.37.52:616][286]LogModuleManager: Shutting down and abandoning module GameplayTagsEditor (74)
[2017.05.27-04.37.52:616][286]LogModuleManager: Shutting down and abandoning module VREditor (73)
[2017.05.27-04.37.52:616][286]LogModuleManager: Shutting down and abandoning module GameplayTasksEditor (72)
[2017.05.27-04.37.52:616][286]LogModuleManager: Shutting down and abandoning module BehaviorTreeEditor (71)
[2017.05.27-04.37.52:616][286]LogModuleManager: Shutting down and abandoning module FunctionalTesting (70)
[2017.05.27-04.37.52:616][286]LogModuleManager: Shutting down and abandoning module CollisionAnalyzer (69)
[2017.05.27-04.37.52:616][286]LogModuleManager: Shutting down and abandoning module Sequencer (68)
[2017.05.27-04.37.52:616][286]LogModuleManager: Shutting down and abandoning module WorkspaceMenuStructure (67)
[2017.05.27-04.37.52:616][286]LogModuleManager: Shutting down and abandoning module MessageLog (66)
[2017.05.27-04.37.52:616][286]LogModuleManager: Shutting down and abandoning module AssetTools (65)
[2017.05.27-04.37.52:616][286]LogModuleManager: Shutting down and abandoning module UMGEditor (64)
[2017.05.27-04.37.52:616][286]LogModuleManager: Shutting down and abandoning module UMG (63)
[2017.05.27-04.37.52:616][286]LogModuleManager: Shutting down and abandoning module SlateReflector (62)
[2017.05.27-04.37.52:616][286]LogModuleManager: Shutting down and abandoning module Slate (61)
[2017.05.27-04.37.52:616][286]LogModuleManager: Shutting down and abandoning module EditorStyle (60)
[2017.05.27-04.37.52:620][286]LogModuleManager: Shutting down and abandoning module Messaging (59)
[2017.05.27-04.37.52:620][286]LogModuleManager: Shutting down and abandoning module SourceCodeAccess (58)
[2017.05.27-04.37.52:620][286]LogModuleManager: Shutting down and abandoning module HeadMountedDisplay (57)
[2017.05.27-04.37.52:620][286]LogModuleManager: Shutting down and abandoning module XAudio2 (56)
[2017.05.27-04.37.52:620][286]LogModuleManager: Shutting down and abandoning module Networking (54)
[2017.05.27-04.37.52:620][286]LogModuleManager: Shutting down and abandoning module Core (53)
[2017.05.27-04.37.52:620][286]LogModuleManager: Shutting down and abandoning module KismetCompiler (52)
[2017.05.27-04.37.52:620][286]LogModuleManager: Shutting down and abandoning module PhysXFormats (51)
[2017.05.27-04.37.52:620][286]LogModuleManager: Shutting down and abandoning module SimplygonSwarm (50)
[2017.05.27-04.37.52:620][286]LogModuleManager: Shutting down and abandoning module SimplygonMeshReduction (49)
[2017.05.27-04.37.52:620][286]LogModuleManager: Shutting down and abandoning module QuadricMeshReduction (48)
[2017.05.27-04.37.52:620][286]LogModuleManager: Shutting down and abandoning module PropertyEditor (47)
[2017.05.27-04.37.52:620][286]LogModuleManager: Shutting down and abandoning module MeshUtilities (46)
[2017.05.27-04.37.52:620][286]LogModuleManager: Shutting down and abandoning module AssetRegistry (45)
[2017.05.27-04.37.52:620][286]LogModuleManager: Shutting down and abandoning module DerivedDataCache (44)
[2017.05.27-04.37.52:749][286]LogDerivedDataCache: Shutdown
[2017.05.27-04.37.52:749][286]LogModuleManager: Shutting down and abandoning module VulkanShaderFormat (43)
[2017.05.27-04.37.52:749][286]LogModuleManager: Shutting down and abandoning module ShaderFormatOpenGL (42)
[2017.05.27-04.37.52:749][286]LogModuleManager: Shutting down and abandoning module ShaderFormatD3D (41)
[2017.05.27-04.37.52:749][286]LogModuleManager: Shutting down and abandoning module MetalShaderFormat (40)
[2017.05.27-04.37.52:749][286]LogModuleManager: Shutting down and abandoning module TextureFormatUncompressed (39)
[2017.05.27-04.37.52:749][286]LogModuleManager: Shutting down and abandoning module TextureFormatPVR (38)
[2017.05.27-04.37.52:749][286]LogModuleManager: Shutting down and abandoning module TextureFormatDXT (37)
[2017.05.27-04.37.52:749][286]LogModuleManager: Shutting down and abandoning module TextureFormatIntelISPCTexComp (36)
[2017.05.27-04.37.52:749][286]LogModuleManager: Shutting down and abandoning module ImageWrapper (35)
[2017.05.27-04.37.52:749][286]LogModuleManager: Shutting down and abandoning module TextureFormatASTC (34)
[2017.05.27-04.37.52:749][286]LogModuleManager: Shutting down and abandoning module TextureFormatAndroid (33)
[2017.05.27-04.37.52:749][286]LogModuleManager: Shutting down and abandoning module AudioFormatOpus (32)
[2017.05.27-04.37.52:749][286]LogModuleManager: Shutting down and abandoning module AudioFormatOgg (31)
[2017.05.27-04.37.52:749][286]LogModuleManager: Shutting down and abandoning module AudioFormatADPCM (30)
[2017.05.27-04.37.52:749][286]LogModuleManager: Shutting down and abandoning module WindowsTargetPlatform (29)
[2017.05.27-04.37.52:749][286]LogModuleManager: Shutting down and abandoning module WindowsServerTargetPlatform (28)
[2017.05.27-04.37.52:749][286]LogModuleManager: Shutting down and abandoning module WindowsNoEditorTargetPlatform (27)
[2017.05.27-04.37.52:749][286]LogModuleManager: Shutting down and abandoning module WindowsClientTargetPlatform (26)
[2017.05.27-04.37.52:749][286]LogModuleManager: Shutting down and abandoning module TargetPlatform (25)
[2017.05.27-04.37.52:749][286]LogModuleManager: Shutting down and abandoning module InputCore (24)
[2017.05.27-04.37.52:749][286]LogModuleManager: Shutting down and abandoning module Settings (23)
[2017.05.27-04.37.52:749][286]LogModuleManager: Shutting down and abandoning module OculusRift (22)
[2017.05.27-04.37.52:749][286]LogModuleManager: Shutting down and abandoning module ExampleDeviceProfileSelector (21)
[2017.05.27-04.37.52:749][286]LogModuleManager: Shutting down and abandoning module OnlineBlueprintSupport (20)
[2017.05.27-04.37.52:749][286]LogModuleManager: Shutting down and abandoning module OnlineSubsystem (18)
[2017.05.27-04.37.52:749][286]LogOnline:Display: Unloading online subsystem: NULL
[2017.05.27-04.37.52:749][286]LogModuleManager: Shutting down and abandoning module SSL (17)
[2017.05.27-04.37.52:752][286]LogModuleManager: Shutting down and abandoning module HTTP (16)
[2017.05.27-04.37.52:752][286]LogModuleManager: Shutting down and abandoning module XMPP (15)
[2017.05.27-04.37.52:753][286]LogModuleManager: Shutting down and abandoning module TextureCompressor (14)
[2017.05.27-04.37.52:753][286]LogModuleManager: Shutting down and abandoning module ShaderCore (13)
[2017.05.27-04.37.52:753][286]LogModuleManager: Shutting down and abandoning module Landscape (12)
[2017.05.27-04.37.52:753][286]LogModuleManager: Shutting down and abandoning module SlateRHIRenderer (11)
[2017.05.27-04.37.52:753][286]LogModuleManager: Shutting down and abandoning module OpenGLDrv (10)
[2017.05.27-04.37.52:753][286]LogModuleManager: Shutting down and abandoning module D3D11RHI (9)
[2017.05.27-04.37.52:753][286]LogModuleManager: Shutting down and abandoning module AnimGraphRuntime (8)
[2017.05.27-04.37.52:753][286]LogModuleManager: Shutting down and abandoning module Renderer (7)
[2017.05.27-04.37.52:753][286]LogModuleManager: Shutting down and abandoning module Engine (6)
[2017.05.27-04.37.52:753][286]LogModuleManager: Shutting down and abandoning module CoreUObject (5)
[2017.05.27-04.37.52:753][286]LogModuleManager: Shutting down and abandoning module NetworkFile (4)
[2017.05.27-04.37.52:753][286]LogModuleManager: Shutting down and abandoning module StreamingFile (3)
[2017.05.27-04.37.52:753][286]LogModuleManager: Shutting down and abandoning module SandboxFile (2)
[2017.05.27-04.37.52:753][286]LogModuleManager: Shutting down and abandoning module PakFile (1)
[2017.05.27-04.37.52:754][286]LogExit: Exiting.
[2017.05.27-04.37.52:757][286]Log file closed, 05/27/17 14:07:52
