Log file open, 05/08/17 13:27:56
LogInit:Display: Running engine for game: musicGame04
LogPlatformFile: Not using cached read wrapper
LogInit:Display: RandInit(-1852153581) SRandInit(-1852153581).
LogTaskGraph: Started task graph with 5 named threads and 8 total threads with 1 sets of task threads.
LogStats: Stats thread started at 0.068231
LogPluginManager: Loaded Plugin Paper2D, From E:/Epic Games/Epic Games/UE_4.14/Engine/Plugins/2D/Paper2D/Paper2D.uplugin
LogPluginManager: Loaded Plugin LightPropagationVolume, From E:/Epic Games/Epic Games/UE_4.14/Engine/Plugins/Blendables/LightPropagationVolume/LightPropagationVolume.uplugin
LogPluginManager: Loaded Plugin BlankPlugin, From E:/Epic Games/Epic Games/UE_4.14/Engine/Plugins/Developer/BlankPlugin/BlankPlugin.uplugin
LogPluginManager: Loaded Plugin CodeLiteSourceCodeAccess, From E:/Epic Games/Epic Games/UE_4.14/Engine/Plugins/Developer/CodeLiteSourceCodeAccess/CodeLiteSourceCodeAccess.uplugin
LogPluginManager: Loaded Plugin GitSourceControl, From E:/Epic Games/Epic Games/UE_4.14/Engine/Plugins/Developer/GitSourceControl/GitSourceControl.uplugin
LogPluginManager: Loaded Plugin KDevelopSourceCodeAccess, From E:/Epic Games/Epic Games/UE_4.14/Engine/Plugins/Developer/KDevelopSourceCodeAccess/KDevelopSourceCodeAccess.uplugin
LogPluginManager: Loaded Plugin NullSourceCodeAccess, From E:/Epic Games/Epic Games/UE_4.14/Engine/Plugins/Developer/NullSourceCodeAccess/NullSourceCodeAccess.uplugin
LogPluginManager: Loaded Plugin OneSkyLocalizationService, From E:/Epic Games/Epic Games/UE_4.14/Engine/Plugins/Developer/OneSkyLocalizationService/OneSkyLocalizationService.uplugin
LogPluginManager: Loaded Plugin PerforceSourceControl, From E:/Epic Games/Epic Games/UE_4.14/Engine/Plugins/Developer/PerforceSourceControl/PerforceSourceControl.uplugin
LogPluginManager: Loaded Plugin SubversionSourceControl, From E:/Epic Games/Epic Games/UE_4.14/Engine/Plugins/Developer/SubversionSourceControl/SubversionSourceControl.uplugin
LogPluginManager: Loaded Plugin UObjectPlugin, From E:/Epic Games/Epic Games/UE_4.14/Engine/Plugins/Developer/UObjectPlugin/UObjectPlugin.uplugin
LogPluginManager: Loaded Plugin VisualStudioSourceCodeAccess, From E:/Epic Games/Epic Games/UE_4.14/Engine/Plugins/Developer/VisualStudioSourceCodeAccess/VisualStudioSourceCodeAccess.uplugin
LogPluginManager: Loaded Plugin XCodeSourceCodeAccess, From E:/Epic Games/Epic Games/UE_4.14/Engine/Plugins/Developer/XCodeSourceCodeAccess/XCodeSourceCodeAccess.uplugin
LogPluginManager: Loaded Plugin AudioCapture, From E:/Epic Games/Epic Games/UE_4.14/Engine/Plugins/Editor/AudioCapture/AudioCapture.uplugin
LogPluginManager: Loaded Plugin EpicSurvey, From E:/Epic Games/Epic Games/UE_4.14/Engine/Plugins/Editor/EpicSurvey/EpicSurvey.uplugin
LogPluginManager: Loaded Plugin MacGraphicsSwitching, From E:/Epic Games/Epic Games/UE_4.14/Engine/Plugins/Editor/MacGraphicsSwitching/MacGraphicsSwitching.uplugin
LogPluginManager: Loaded Plugin MobileLauncherProfileWizard, From E:/Epic Games/Epic Games/UE_4.14/Engine/Plugins/Editor/MobileLauncherProfileWizard/MobileLauncherProfileWizard.uplugin
LogPluginManager: Loaded Plugin PluginBrowser, From E:/Epic Games/Epic Games/UE_4.14/Engine/Plugins/Editor/PluginBrowser/PluginBrowser.uplugin
LogPluginManager: Loaded Plugin SpeedTreeImporter, From E:/Epic Games/Epic Games/UE_4.14/Engine/Plugins/Editor/SpeedTreeImporter/SpeedTreeImporter.uplugin
LogPluginManager: Loaded Plugin SuperSearchEditor, From E:/Epic Games/Epic Games/UE_4.14/Engine/Plugins/Editor/SuperSearchEditor/SuperSearchEditor.uplugin
LogPluginManager: Loaded Plugin AlembicImporter, From E:/Epic Games/Epic Games/UE_4.14/Engine/Plugins/Experimental/AlembicImporter/AlembicImporter.uplugin
LogPluginManager: Loaded Plugin BlueprintStats, From E:/Epic Games/Epic Games/UE_4.14/Engine/Plugins/Experimental/BlueprintStats/BlueprintStats.uplugin
LogPluginManager: Loaded Plugin CharacterAI, From E:/Epic Games/Epic Games/UE_4.14/Engine/Plugins/Experimental/CharacterAI/CharacterAI.uplugin
LogPluginManager: Loaded Plugin CodeEditor, From E:/Epic Games/Epic Games/UE_4.14/Engine/Plugins/Experimental/CodeEditor/CodeEditor.uplugin
LogPluginManager: Loaded Plugin CodeView, From E:/Epic Games/Epic Games/UE_4.14/Engine/Plugins/Experimental/CodeView/CodeView.uplugin
LogPluginManager: Loaded Plugin HTML5Networking, From E:/Epic Games/Epic Games/UE_4.14/Engine/Plugins/Experimental/HTML5Networking/HTML5Networking.uplugin
LogPluginManager: Loaded Plugin OSVR, From E:/Epic Games/Epic Games/UE_4.14/Engine/Plugins/Experimental/OSVR/OSVR.uplugin
LogPluginManager: Loaded Plugin Phya, From E:/Epic Games/Epic Games/UE_4.14/Engine/Plugins/Experimental/Phya/Phya.uplugin
LogPluginManager: Loaded Plugin SignificanceManager, From E:/Epic Games/Epic Games/UE_4.14/Engine/Plugins/Experimental/SignificanceManager/SignificanceManager.uplugin
LogPluginManager: Loaded Plugin SimpleHMD, From E:/Epic Games/Epic Games/UE_4.14/Engine/Plugins/Experimental/SimpleHMD/SimpleHMD.uplugin
LogPluginManager: Loaded Plugin StereoPanorama, From E:/Epic Games/Epic Games/UE_4.14/Engine/Plugins/Experimental/StereoPanorama/StereoPanorama.uplugin
LogPluginManager: Loaded Plugin StructBox, From E:/Epic Games/Epic Games/UE_4.14/Engine/Plugins/Experimental/StructBox/StructBox.uplugin
LogPluginManager: Loaded Plugin AndroidMedia, From E:/Epic Games/Epic Games/UE_4.14/Engine/Plugins/Media/AndroidMedia/AndroidMedia.uplugin
LogPluginManager: Loaded Plugin AvfMedia, From E:/Epic Games/Epic Games/UE_4.14/Engine/Plugins/Media/AvfMedia/AvfMedia.uplugin
LogPluginManager: Loaded Plugin MediaPlayerEditor, From E:/Epic Games/Epic Games/UE_4.14/Engine/Plugins/Media/MediaPlayerEditor/MediaPlayerEditor.uplugin
LogPluginManager: Loaded Plugin WmfMedia, From E:/Epic Games/Epic Games/UE_4.14/Engine/Plugins/Media/WmfMedia/WmfMedia.uplugin
LogPluginManager: Loaded Plugin MessagingDebugger, From E:/Epic Games/Epic Games/UE_4.14/Engine/Plugins/Messaging/MessagingDebugger/MessagingDebugger.uplugin
LogPluginManager: Loaded Plugin TcpMessaging, From E:/Epic Games/Epic Games/UE_4.14/Engine/Plugins/Messaging/TcpMessaging/TcpMessaging.uplugin
LogPluginManager: Loaded Plugin UdpMessaging, From E:/Epic Games/Epic Games/UE_4.14/Engine/Plugins/Messaging/UdpMessaging/UdpMessaging.uplugin
LogPluginManager: Loaded Plugin LevelSequenceEditor, From E:/Epic Games/Epic Games/UE_4.14/Engine/Plugins/MovieScene/LevelSequenceEditor/LevelSequenceEditor.uplugin
LogPluginManager: Loaded Plugin MatineeToLevelSequence, From E:/Epic Games/Epic Games/UE_4.14/Engine/Plugins/MovieScene/MatineeToLevelSequence/MatineeToLevelSequence.uplugin
LogPluginManager: Loaded Plugin NetcodeUnitTest, From E:/Epic Games/Epic Games/UE_4.14/Engine/Plugins/NetcodeUnitTest/NetcodeUnitTest/NetcodeUnitTest.uplugin
LogPluginManager: Loaded Plugin NUTUnrealEngine4, From E:/Epic Games/Epic Games/UE_4.14/Engine/Plugins/NetcodeUnitTest/NUTUnrealEngine4/NUTUnrealEngine4.uplugin
LogPluginManager: Loaded Plugin OnlineSubsystemGameCircle, From E:/Epic Games/Epic Games/UE_4.14/Engine/Plugins/Online/Android/OnlineSubsystemGameCircle/OnlineSubsystemGameCircle.uplugin
LogPluginManager: Loaded Plugin OnlineSubsystemGooglePlay, From E:/Epic Games/Epic Games/UE_4.14/Engine/Plugins/Online/Android/OnlineSubsystemGooglePlay/OnlineSubsystemGooglePlay.uplugin
LogPluginManager: Loaded Plugin OnlineSubsystemIOS, From E:/Epic Games/Epic Games/UE_4.14/Engine/Plugins/Online/IOS/OnlineSubsystemIOS/OnlineSubsystemIOS.uplugin
LogPluginManager: Loaded Plugin OnlineFramework, From E:/Epic Games/Epic Games/UE_4.14/Engine/Plugins/Online/OnlineFramework/OnlineFramework.uplugin
LogPluginManager: Loaded Plugin OnlineSubsystem, From E:/Epic Games/Epic Games/UE_4.14/Engine/Plugins/Online/OnlineSubsystem/OnlineSubsystem.uplugin
LogPluginManager: Loaded Plugin OnlineSubsystemAmazon, From E:/Epic Games/Epic Games/UE_4.14/Engine/Plugins/Online/OnlineSubsystemAmazon/OnlineSubsystemAmazon.uplugin
LogPluginManager: Loaded Plugin OnlineSubsystemFacebook, From E:/Epic Games/Epic Games/UE_4.14/Engine/Plugins/Online/OnlineSubsystemFacebook/OnlineSubsystemFacebook.uplugin
LogPluginManager: Loaded Plugin OnlineSubsystemNull, From E:/Epic Games/Epic Games/UE_4.14/Engine/Plugins/Online/OnlineSubsystemNull/OnlineSubsystemNull.uplugin
LogPluginManager: Loaded Plugin OnlineSubsystemOculus, From E:/Epic Games/Epic Games/UE_4.14/Engine/Plugins/Online/OnlineSubsystemOculus/OnlineSubsystemOculus.uplugin
LogPluginManager: Loaded Plugin OnlineSubsystemSteam, From E:/Epic Games/Epic Games/UE_4.14/Engine/Plugins/Online/OnlineSubsystemSteam/OnlineSubsystemSteam.uplugin
LogPluginManager: Loaded Plugin OnlineSubsystemUtils, From E:/Epic Games/Epic Games/UE_4.14/Engine/Plugins/Online/OnlineSubsystemUtils/OnlineSubsystemUtils.uplugin
LogPluginManager: Loaded Plugin IOSTapJoy, From E:/Epic Games/Epic Games/UE_4.14/Engine/Plugins/Runtime/Advertising/IOSTapJoy/IOSTapJoy.uplugin
LogPluginManager: Loaded Plugin AnalyticsBlueprintLibrary, From E:/Epic Games/Epic Games/UE_4.14/Engine/Plugins/Runtime/Analytics/AnalyticsBlueprintLibrary/AnalyticsBlueprintLibrary.uplugin
LogPluginManager: Loaded Plugin AnalyticsMulticast, From E:/Epic Games/Epic Games/UE_4.14/Engine/Plugins/Runtime/Analytics/AnalyticsMulticast/AnalyticsMulticast.uplugin
LogPluginManager: Loaded Plugin Apsalar, From E:/Epic Games/Epic Games/UE_4.14/Engine/Plugins/Runtime/Analytics/Apsalar/Apsalar.uplugin
LogPluginManager: Loaded Plugin FileLogging, From E:/Epic Games/Epic Games/UE_4.14/Engine/Plugins/Runtime/Analytics/FileLogging/FileLogging.uplugin
LogPluginManager: Loaded Plugin Flurry, From E:/Epic Games/Epic Games/UE_4.14/Engine/Plugins/Runtime/Analytics/Flurry/Flurry.uplugin
LogPluginManager: Loaded Plugin AndroidDeviceProfileSelector, From E:/Epic Games/Epic Games/UE_4.14/Engine/Plugins/Runtime/AndroidDeviceProfileSelector/AndroidDeviceProfileSelector.uplugin
LogPluginManager: Loaded Plugin AndroidMoviePlayer, From E:/Epic Games/Epic Games/UE_4.14/Engine/Plugins/Runtime/AndroidMoviePlayer/AndroidMoviePlayer.uplugin
LogPluginManager: Loaded Plugin AppleMoviePlayer, From E:/Epic Games/Epic Games/UE_4.14/Engine/Plugins/Runtime/AppleMoviePlayer/AppleMoviePlayer.uplugin
LogPluginManager: Loaded Plugin ArchVisCharacter, From E:/Epic Games/Epic Games/UE_4.14/Engine/Plugins/Runtime/ArchVisCharacter/ArchVisCharacter.uplugin
LogPluginManager: Loaded Plugin CableComponent, From E:/Epic Games/Epic Games/UE_4.14/Engine/Plugins/Runtime/CableComponent/CableComponent.uplugin
LogPluginManager: Loaded Plugin CustomMeshComponent, From E:/Epic Games/Epic Games/UE_4.14/Engine/Plugins/Runtime/CustomMeshComponent/CustomMeshComponent.uplugin
LogPluginManager: Loaded Plugin ExampleDeviceProfileSelector, From E:/Epic Games/Epic Games/UE_4.14/Engine/Plugins/Runtime/ExampleDeviceProfileSelector/ExampleDeviceProfileSelector.uplugin
LogPluginManager: Loaded Plugin GearVR, From E:/Epic Games/Epic Games/UE_4.14/Engine/Plugins/Runtime/GearVR/GearVR.uplugin
LogPluginManager: Loaded Plugin GoogleVRController, From E:/Epic Games/Epic Games/UE_4.14/Engine/Plugins/Runtime/GoogleVR/GoogleVRController/GoogleVRController.uplugin
LogPluginManager: Loaded Plugin GoogleVRHMD, From E:/Epic Games/Epic Games/UE_4.14/Engine/Plugins/Runtime/GoogleVR/GoogleVRHMD/GoogleVRHMD.uplugin
LogPluginManager: Loaded Plugin IOSDeviceProfileSelector, From E:/Epic Games/Epic Games/UE_4.14/Engine/Plugins/Runtime/IOSDeviceProfileSelector/IOSDeviceProfileSelector.uplugin
LogPluginManager: Loaded Plugin LeapMotion, From E:/Epic Games/Epic Games/UE_4.14/Engine/Plugins/Runtime/LeapMotion/LeapMotion.uplugin
LogPluginManager: Loaded Plugin LinuxDeviceProfileSelector, From E:/Epic Games/Epic Games/UE_4.14/Engine/Plugins/Runtime/LinuxDeviceProfileSelector/LinuxDeviceProfileSelector.uplugin
LogPluginManager: Loaded Plugin MIDIDevice, From E:/Epic Games/Epic Games/UE_4.14/Engine/Plugins/Runtime/MIDIDevice/MIDIDevice.uplugin
LogPluginManager: Loaded Plugin MobilePatchingUtils, From E:/Epic Games/Epic Games/UE_4.14/Engine/Plugins/Runtime/MobilePatchingUtils/MobilePatchingUtils.uplugin
LogPluginManager: Loaded Plugin Ansel, From E:/Epic Games/Epic Games/UE_4.14/Engine/Plugins/Runtime/Nvidia/Ansel/Ansel.uplugin
LogPluginManager: Loaded Plugin OculusAudio, From E:/Epic Games/Epic Games/UE_4.14/Engine/Plugins/Runtime/OculusAudio/OculusAudio.uplugin
LogPluginManager: Loaded Plugin OculusInput, From E:/Epic Games/Epic Games/UE_4.14/Engine/Plugins/Runtime/OculusInput/OculusInput.uplugin
LogPluginManager: Loaded Plugin OculusLibrary, From E:/Epic Games/Epic Games/UE_4.14/Engine/Plugins/Runtime/OculusLibrary/OculusLibrary.uplugin
LogPluginManager: Loaded Plugin OculusRift, From E:/Epic Games/Epic Games/UE_4.14/Engine/Plugins/Runtime/OculusRift/OculusRift.uplugin
LogPluginManager: Loaded Plugin Oodle, From E:/Epic Games/Epic Games/UE_4.14/Engine/Plugins/Runtime/PacketHandlers/CompressionComponents/Oodle/Oodle.uplugin
LogPluginManager: Loaded Plugin ProceduralMeshComponent, From E:/Epic Games/Epic Games/UE_4.14/Engine/Plugins/Runtime/ProceduralMeshComponent/ProceduralMeshComponent.uplugin
LogPluginManager: Loaded Plugin SoundMod, From E:/Epic Games/Epic Games/UE_4.14/Engine/Plugins/Runtime/SoundMod/SoundMod.uplugin
LogPluginManager: Loaded Plugin SoundVisualizations, From E:/Epic Games/Epic Games/UE_4.14/Engine/Plugins/Runtime/SoundVisualizations/SoundVisualizations.uplugin
LogPluginManager: Loaded Plugin SteamController, From E:/Epic Games/Epic Games/UE_4.14/Engine/Plugins/Runtime/Steam/SteamController/SteamController.uplugin
LogPluginManager: Loaded Plugin SteamVR, From E:/Epic Games/Epic Games/UE_4.14/Engine/Plugins/Runtime/Steam/SteamVR/SteamVR.uplugin
LogPluginManager: Loaded Plugin WebBrowserWidget, From E:/Epic Games/Epic Games/UE_4.14/Engine/Plugins/Runtime/WebBrowserWidget/WebBrowserWidget.uplugin
LogPluginManager: Loaded Plugin WindowsDeviceProfileSelector, From E:/Epic Games/Epic Games/UE_4.14/Engine/Plugins/Runtime/WindowsDeviceProfileSelector/WindowsDeviceProfileSelector.uplugin
LogPluginManager: Loaded Plugin WindowsMoviePlayer, From E:/Epic Games/Epic Games/UE_4.14/Engine/Plugins/Runtime/WindowsMoviePlayer/WindowsMoviePlayer.uplugin
LogPluginManager: Loaded Plugin ScriptPlugin, From E:/Epic Games/Epic Games/UE_4.14/Engine/Plugins/ScriptPlugin/ScriptPlugin.uplugin
LogPluginManager: Loaded Plugin SlateRemote, From E:/Epic Games/Epic Games/UE_4.14/Engine/Plugins/Slate/SlateRemote/SlateRemote.uplugin
LogPluginManager: Loaded Plugin EditorTests, From E:/Epic Games/Epic Games/UE_4.14/Engine/Plugins/Tests/EditorTests/EditorTests.uplugin
LogPluginManager: Loaded Plugin FbxAutomationTestBuilder, From E:/Epic Games/Epic Games/UE_4.14/Engine/Plugins/Tests/FbxAutomationTestBuilder/FbxAutomationTestBuilder.uplugin
LogPluginManager: Loaded Plugin FunctionalTestingEditor, From E:/Epic Games/Epic Games/UE_4.14/Engine/Plugins/Tests/FunctionalTestingEditor/FunctionalTestingEditor.uplugin
LogPluginManager: Loaded Plugin RuntimeTests, From E:/Epic Games/Epic Games/UE_4.14/Engine/Plugins/Tests/RuntimeTests/RuntimeTests.uplugin
LogPluginManager: Loaded Plugin ScreenshotTools, From E:/Epic Games/Epic Games/UE_4.14/Engine/Plugins/Tests/ScreenshotTools/ScreenshotTools.uplugin
LogInit: Using libcurl 7.47.1
LogInit:  - built for x86_64-pc-win32
LogInit:  - supports SSL with OpenSSL/1.0.2g
LogInit:  - supports HTTP deflate (compression) using libz 1.2.8
LogInit:  - other features:
LogInit:      CURL_VERSION_SSL
LogInit:      CURL_VERSION_LIBZ
LogInit:      CURL_VERSION_IPV6
LogInit:      CURL_VERSION_ASYNCHDNS
LogInit:      CURL_VERSION_LARGEFILE
LogInit:      CURL_VERSION_IDN
LogInit:  CurlRequestOptions (configurable via config and command line):
LogInit:  - bVerifyPeer = false  - Libcurl will NOT verify peer certificate
LogInit:  - bUseHttpProxy = false  - Libcurl will NOT use HTTP proxy
LogInit:  - bDontReuseConnections = false  - Libcurl will reuse connections
LogInit:  - CertBundlePath = nullptr  - Libcurl will use whatever was configured at build time.
LogInit: Build: ++UE4+Release-4.14-CL-3249277
LogInit: Engine Version: 4.14.3-3249277+++UE4+Release-4.14
LogInit: Compatible Engine Version: 4.14.0-3195953+++UE4+Release-4.14
LogInit: Net CL: 3195953
LogDevObjectVersion: Number of dev versions registered: 13
LogDevObjectVersion:   Dev-Blueprints (B0D832E4-1F89-4F0D-ACCF-7EB736FD4AA2): 7
LogDevObjectVersion:   Dev-Build (E1C64328-A22C-4D53-A36C-8E866417BD8C): 0
LogDevObjectVersion:   Dev-Core (375EC13C-06E4-48FB-B500-84F0262A717E): 1
LogDevObjectVersion:   Dev-Editor (E4B068ED-F494-42E9-A231-DA0B2E46BB41): 8
LogDevObjectVersion:   Dev-Framework (CFFC743F-43B0-4480-9391-14DF171D2073): 17
LogDevObjectVersion:   Dev-Mobile (B02B49B5-BB20-44E9-A304-32B752E40360): 0
LogDevObjectVersion:   Dev-Networking (A4E4105C-59A1-49B5-A7C5-40C4547EDFEE): 0
LogDevObjectVersion:   Dev-Online (39C831C9-5AE6-47DC-9A44-9C173E1C8E7C): 0
LogDevObjectVersion:   Dev-Physics (78F01B33-EBEA-4F98-B9B4-84EACCB95AA2): 0
LogDevObjectVersion:   Dev-Platform (6631380F-2D4D-43E0-8009-CF276956A95A): 0
LogDevObjectVersion:   Dev-Rendering (12F88B9F-8875-4AFC-A67C-D90C383ABD29): 12
LogDevObjectVersion:   Dev-Sequencer (7B5AE74C-D270-4C10-A958-57980B212A5A): 1
LogDevObjectVersion:   Dev-VR (D7296918-1DD6-4BDD-9DE2-64A83CC13884): 0
LogInit: Compiled (64-bit): Jan  6 2017 10:49:43
LogInit: Compiled with Visual C++: 19.00.23026.00
LogInit: Build Configuration: Development
LogInit: Branch Name: ++UE4+Release-4.14
LogInit: Command line:  
LogInit: Base directory: E:/Epic Games/Epic Games/UE_4.14/Engine/Binaries/Win64/
LogInit: Installed Engine Build: 1
LogInit: Presizing for max 8388607 objects, including 0 objects not considered by GC, pre-allocating 0 bytes for permanent pool.
LogInit: Object subsystem initialized
[2017.05.08-03.57.56:250][  0]LogInit: Selected Device Profile: [Windows]
[2017.05.08-03.57.56:250][  0]LogInit: Applying CVar settings loaded from the selected device profile: [Windows]
[2017.05.08-03.57.56:257][  0]LogInit: Computer: DESKTOP-57H6M94
[2017.05.08-03.57.56:257][  0]LogInit: User: lordz
[2017.05.08-03.57.56:257][  0]LogInit: CPU Page size=65536, Cores=4
[2017.05.08-03.57.56:257][  0]LogInit: High frequency timer resolution =3.703132 MHz
[2017.05.08-03.57.56:257][  0]LogMemory: Memory total: Physical=15.9GB (16GB approx)
[2017.05.08-03.57.56:257][  0]LogMemory: Platform Memory Stats for Windows
[2017.05.08-03.57.56:257][  0]LogMemory: Process Physical Memory: 266.71 MB used, 266.71 MB peak
[2017.05.08-03.57.56:257][  0]LogMemory: Process Virtual Memory: 263.86 MB used, 263.86 MB peak
[2017.05.08-03.57.56:257][  0]LogMemory: Physical Memory: 5004.63 MB used,  11310.09 MB free, 16314.71 MB total
[2017.05.08-03.57.56:257][  0]LogMemory: Virtual Memory: 694.63 MB used,  11310.09 MB free, 134217728.00 MB total
[2017.05.08-03.57.56:283][  0]LogTextLocalizationManager: No specific translations for ('en-AU') exist, so ('en') translations will be used.
[2017.05.08-03.57.56:808][  0]LogD3D11RHI: D3D11 adapters:
[2017.05.08-03.57.57:215][  0]LogD3D11RHI:    0. 'NVIDIA GeForce GTX 970' (Feature Level 11_0)
[2017.05.08-03.57.57:215][  0]LogD3D11RHI:       4059/0/8157 MB DedicatedVideo/DedicatedSystem/SharedSystem, Outputs:2, VendorId:0x10de
[2017.05.08-03.57.57:216][  0]LogD3D11RHI:    1. 'Microsoft Basic Render Driver' (Feature Level 11_0)
[2017.05.08-03.57.57:216][  0]LogD3D11RHI:       0/0/8157 MB DedicatedVideo/DedicatedSystem/SharedSystem, Outputs:0, VendorId:0x1414
[2017.05.08-03.57.57:216][  0]LogD3D11RHI: Chosen D3D11 Adapter: 0
[2017.05.08-03.57.57:219][  0]LogD3D11RHI: Creating new Direct3DDevice
[2017.05.08-03.57.57:219][  0]LogD3D11RHI:     GPU DeviceId: 0x13c2 (for the marketing name, search the web for "GPU Device Id")
[2017.05.08-03.57.57:219][  0]LogWindows: EnumDisplayDevices:
[2017.05.08-03.57.57:220][  0]LogWindows:    0. 'NVIDIA GeForce GTX 970' (P:1 D:1)
[2017.05.08-03.57.57:220][  0]LogWindows:    1. 'NVIDIA GeForce GTX 970' (P:0 D:1)
[2017.05.08-03.57.57:220][  0]LogWindows:    2. 'NVIDIA GeForce GTX 970' (P:0 D:0)
[2017.05.08-03.57.57:220][  0]LogWindows:    3. 'NVIDIA GeForce GTX 970' (P:0 D:0)
[2017.05.08-03.57.57:220][  0]LogWindows: DebugString: FoundDriverCount:4 
[2017.05.08-03.57.57:220][  0]LogD3D11RHI:     Adapter Name: NVIDIA GeForce GTX 970
[2017.05.08-03.57.57:220][  0]LogD3D11RHI:   Driver Version: 382.05 (internal:22.21.13.8205, unified:382.05)
[2017.05.08-03.57.57:220][  0]LogD3D11RHI:      Driver Date: 5-1-2017
[2017.05.08-03.57.57:220][  0]LogRHI: Texture pool is 1361 MB (70% of 1945 MB)
[2017.05.08-03.57.57:608][  0]LogD3D11RHI: Async texture creation enabled
[2017.05.08-03.57.57:637][  0]LogD3D11RHI: GPU Timing Frequency: 1000.000000 (Debug: 2 1)
[2017.05.08-03.57.57:638][  0]LogShaderCompilers: Guid format shader working directory is -5 characters bigger than the processId version (C:/Users/lordz/Desktop/musicGame-master/musicGame04/Intermediate/Shaders/WorkingDirectory/8856/).
[2017.05.08-03.57.57:638][  0]LogShaderCompilers: Cleaned the shader compiler working directory 'C:/Users/lordz/AppData/Local/Temp/UnrealShaderWorkingDir/B68271414E629D5C1C4B6BAB318EC235/'.
[2017.05.08-03.57.57:638][  0]LogShaderCompilers:Display: Using Local Shader Compiler.
[2017.05.08-03.57.58:356][  0]LogTemp:Display: Loaded TP AllDesktopTargetPlatform
[2017.05.08-03.57.58:391][  0]LogTemp:Display: Loaded TP MacClientTargetPlatform
[2017.05.08-03.57.58:424][  0]LogTemp:Display: Loaded TP MacNoEditorTargetPlatform
[2017.05.08-03.57.58:458][  0]LogTemp:Display: Loaded TP MacServerTargetPlatform
[2017.05.08-03.57.58:492][  0]LogTemp:Display: Loaded TP MacTargetPlatform
[2017.05.08-03.57.58:525][  0]LogTemp:Display: Loaded TP WindowsClientTargetPlatform
[2017.05.08-03.57.58:559][  0]LogTemp:Display: Loaded TP WindowsNoEditorTargetPlatform
[2017.05.08-03.57.58:593][  0]LogTemp:Display: Loaded TP WindowsServerTargetPlatform
[2017.05.08-03.57.58:620][  0]LogTemp:Display: Loaded TP WindowsTargetPlatform
[2017.05.08-03.57.58:653][  0]LogTemp:Display: Loaded TP AndroidTargetPlatform
[2017.05.08-03.57.58:686][  0]LogTemp:Display: Loaded TP Android_ASTCTargetPlatform
[2017.05.08-03.57.58:719][  0]LogTemp:Display: Loaded TP Android_ATCTargetPlatform
[2017.05.08-03.57.58:751][  0]LogTemp:Display: Loaded TP Android_DXTTargetPlatform
[2017.05.08-03.57.58:786][  0]LogTemp:Display: Loaded TP Android_ETC1TargetPlatform
[2017.05.08-03.57.58:820][  0]LogTemp:Display: Loaded TP Android_ETC2TargetPlatform
[2017.05.08-03.57.58:885][  0]LogTemp:Display: Loaded TP Android_MultiTargetPlatform
[2017.05.08-03.57.58:885][  0]LogTemp:Display: Loaded TP Android_PVRTCTargetPlatform
[2017.05.08-03.57.58:908][  0]LogTemp:Display: Loaded TP HTML5TargetPlatform
[2017.05.08-03.57.58:967][  0]LogTemp:Display: Loaded TP IOSTargetPlatform
[2017.05.08-03.57.58:987][  0]LogTemp:Display: Loaded TP TVOSTargetPlatform
[2017.05.08-03.57.59:022][  0]LogTemp:Display: Loaded TP LinuxClientTargetPlatform
[2017.05.08-03.57.59:055][  0]LogTemp:Display: Loaded TP LinuxNoEditorTargetPlatform
[2017.05.08-03.57.59:090][  0]LogTemp:Display: Loaded TP LinuxServerTargetPlatform
[2017.05.08-03.57.59:123][  0]LogTemp:Display: Loaded TP LinuxTargetPlatform
[2017.05.08-03.57.59:123][  0]LogTargetPlatformManager:Display: Building Assets For Windows
[2017.05.08-03.57.59:345][  0]LogDerivedDataCache:Display: Max Cache Size: 512 MB
[2017.05.08-03.57.59:379][  0]LogDerivedDataCache: Loaded boot cache 0.03s 50MB C:/Users/lordz/AppData/Local/UnrealEngine/4.14/DerivedDataCache/Boot.ddc.
[2017.05.08-03.57.59:379][  0]LogDerivedDataCache:Display: Loaded Boot cache: C:/Users/lordz/AppData/Local/UnrealEngine/4.14/DerivedDataCache/Boot.ddc
[2017.05.08-03.57.59:379][  0]LogDerivedDataCache: FDerivedDataBackendGraph:  Pak pak cache file C:/Users/lordz/Desktop/musicGame-master/musicGame04/DerivedDataCache/DDC.ddp not found, will not use a pak cache.
[2017.05.08-03.57.59:379][  0]LogDerivedDataCache: Unable to find inner node Pak for hierarchical cache Hierarchy.
[2017.05.08-03.57.59:379][  0]LogDerivedDataCache: FDerivedDataBackendGraph:  CompressedPak pak cache file C:/Users/lordz/Desktop/musicGame-master/musicGame04/DerivedDataCache/Compressed.ddp not found, will not use a pak cache.
[2017.05.08-03.57.59:379][  0]LogDerivedDataCache: Unable to find inner node CompressedPak for hierarchical cache Hierarchy.
[2017.05.08-03.57.59:390][  0]LogDerivedDataCache:Display: Pak cache opened for reading ../../../Engine/DerivedDataCache/Compressed.ddp.
[2017.05.08-03.57.59:401][  0]LogDerivedDataCache: Using Local data cache path C:/Users/lordz/AppData/Local/UnrealEngine/Common/DerivedDataCache: Writable
[2017.05.08-03.57.59:540][  0]LogInit: Selected Device Profile: [Windows]
[2017.05.08-03.57.59:542][  0]LogContentStreaming: Texture pool size is 0.00 MB
[2017.05.08-03.57.59:673][  0]LogMeshUtilities: Using QuadricMeshReduction for automatic static mesh reduction
[2017.05.08-03.57.59:699][  0]LogSimplygon: Simplygon DLL not present - disabling.
[2017.05.08-03.57.59:730][  0]LogMeshUtilities: Using SimplygonSwarm for distributed automatic mesh merging
[2017.05.08-03.57.59:730][  0]LogMeshUtilities: No automatic skeletal mesh reduction module available
[2017.05.08-03.57.59:730][  0]LogMeshUtilities: No automatic mesh merging module available
[2017.05.08-03.58.00:062][  0]LogNetVersion: GetLocalNetworkVersion: CL: 3195953, ProjectName: musicgame04, ProjectVersion: , EngineNetworkVersion: 2, GameNetworkVersion: 0, NetworkChecksum: 2475016038
[2017.05.08-03.58.00:105][  0]LogAssetRegistry: FAssetRegistry took 0.0214 seconds to start up
[2017.05.08-03.58.00:136][  0]LogPackageLocalizationCache: Processed 3 localized package path(s) for 2 prioritized culture(s) in 0.018273 seconds
[2017.05.08-03.58.00:141][  0]LogUObjectArray: 31946 objects as part of root set at end of initial load.
[2017.05.08-03.58.00:141][  0]LogUObjectAllocator: 6935848 out of 0 bytes used by permanent object pool.
[2017.05.08-03.58.00:141][  0]LogUObjectArray: CloseDisregardForGC: 0/0 objects in disregard for GC pool
[2017.05.08-03.58.00:179][  0]LogInit: WinSock: version 1.1 (2.2), MaxSocks=32767, MaxUdp=65467
[2017.05.08-03.58.00:631][  0]LogSlate: Using Freetype 2.6.0
[2017.05.08-03.58.00:631][  0]LogSlate: SlateFontCache - WITH_FREETYPE: 1, WITH_HARFBUZZ: 1
[2017.05.08-03.58.00:631][  0]LogSlate: SlateFontCache - WITH_FREETYPE: 1, WITH_HARFBUZZ: 1
[2017.05.08-03.58.01:360][  0]LogTcpMessaging: Initializing TcpMessaging bridge
[2017.05.08-03.58.01:388][  0]LogUdpMessaging: Initializing bridge on interface 0.0.0.0:0 to multicast group 230.0.0.1:6666.
[2017.05.08-03.58.01:596][  0]LogMaterial: Uniform references updated for custom material expression Custom.
[2017.05.08-03.58.01:855][  0]SourceControl: Info Source control is disabled
[2017.05.08-03.58.01:856][  0]SourceControl: Info Source control is disabled
[2017.05.08-03.58.01:887][  0]SourceControl: Info Source control is disabled
[2017.05.08-03.58.01:917][  0]SourceControl: Info Source control is disabled
[2017.05.08-03.58.02:735][  0]LogEngine: Initializing Engine...
[2017.05.08-03.58.02:967][  0]LogHMD: Failed to initialize OpenVR with code 108
[2017.05.08-03.58.03:127][  0]LogAIModule: Creating AISystem for world Untitled
[2017.05.08-03.58.03:136][  0]LogInit: XAudio2 using 'Speakers (Realtek High Definition Audio)' : 2 channels at 48 kHz using 32 bits per sample (channel mask 0x3)
[2017.05.08-03.58.03:156][  0]LogInit: FAudioDevice initialized.
[2017.05.08-03.58.03:180][  0]LogDerivedDataCache: Saved boot cache 0.02s 50MB C:/Users/lordz/AppData/Local/UnrealEngine/4.14/DerivedDataCache/Boot.ddc.
[2017.05.08-03.58.03:185][  0]LogInit: Texture streaming: Enabled
[2017.05.08-03.58.03:298][  0]LogInit: Transaction tracking system initialized
[2017.05.08-03.58.03:516][  0]BlueprintLog: New page: Editor Load
[2017.05.08-03.58.04:044][  0]LocalizationService: Info Localization service is disabled
[2017.05.08-03.58.04:454][  0]LogConsoleResponse:Display: 
[2017.05.08-03.58.04:538][  0]LogCook:Display: Max memory allowance for cook 16384mb min free memory 0mb
[2017.05.08-03.58.04:538][  0]LogCook:Display: Mobile HDR setting 1
[2017.05.08-03.58.04:627][  0]LogFileCache: Scanning file cache for directory 'C:/Users/lordz/Desktop/musicGame-master/musicGame04/Content/' took 0.01s
[2017.05.08-03.58.05:127][  0]SourceControl: Info Source control is disabled
[2017.05.08-03.58.05:127][  0]Cmd: MAP LOAD FILE="C:/Users/lordz/Desktop/musicGame-master/musicGame04/Content/Level01.umap" TEMPLATE=0 SHOWPROGRESS=1 FEATURELEVEL=3
[2017.05.08-03.58.05:128][  0]LightingResults: New page: Lighting Build
[2017.05.08-03.58.05:152][  0]MapCheck: New page: Map Check
[2017.05.08-03.58.05:152][  0]LightingResults: New page: Lighting Build
[2017.05.08-03.58.05:258][  0]LogBlueprint:Warning: [enemy] 'LastMovement' variable not found. Base class was probably changed.
[2017.05.08-03.58.05:258][  0]LogBlueprint:Warning: [enemy] 'LastMovement' variable not found. Base class was probably changed.
[2017.05.08-03.58.05:259][  0]LogBlueprint:Warning: [enemy] 'Sprite' variable not found. Base class was probably changed.
[2017.05.08-03.58.05:259][  0]LogBlueprint:Warning: [enemy] 'LastMovement' variable not found. Base class was probably changed.
[2017.05.08-03.58.05:259][  0]LogBlueprint:Warning: [enemy] 'Atacked' variable not found. Base class was probably changed.
[2017.05.08-03.58.05:259][  0]LogBlueprint:Warning: [enemy] 'LastMovement' variable not found. Base class was probably changed.
[2017.05.08-03.58.05:302][  0]LogBlueprint:Warning: [pathEnemy] 'moveEnemyV' variable not found. Base class was probably changed.
[2017.05.08-03.58.05:302][  0]LogBlueprint:Warning: [pathEnemy] 'moveEnemyV' variable not found. Base class was probably changed.
[2017.05.08-03.58.05:387][  0]LogAIModule: Creating AISystem for world Level01
[2017.05.08-03.58.05:389][  0]LogEditorServer: Finished looking for orphan Actors (0.000 secs)
[2017.05.08-03.58.05:390][  0]Cmd: MAP CHECKDEP NOCLEARLOG
[2017.05.08-03.58.05:425][  0]MapCheck: Info Map check complete: 0 Error(s), 0 Warning(s), took 35.764ms to complete.
[2017.05.08-03.58.05:425][  0]LogFileHelpers: Loading map 'Level01' took 0.298
[2017.05.08-03.58.05:469][  0]LogWindowsTextInputMethodSystem:Display: IME system now deactivated.
[2017.05.08-03.58.05:514][  0]LogCollectionManager: Loaded 0 collections in 0.001077 seconds
[2017.05.08-03.58.05:574][  0]LogFileCache: Scanning file cache for directory 'C:/Users/lordz/Desktop/musicGame-master/musicGame04/Saved/Collections/' took 0.01s
[2017.05.08-03.58.05:574][  0]LogFileCache: Scanning file cache for directory 'C:/Users/lordz/Desktop/musicGame-master/musicGame04/Content/Developers/lordz/Collections/' took 0.01s
[2017.05.08-03.58.05:574][  0]LogFileCache: Scanning file cache for directory 'C:/Users/lordz/Desktop/musicGame-master/musicGame04/Content/Collections/' took 0.01s
[2017.05.08-03.58.05:574][  0]LogCollectionManager: Rebuilt the GUID cache for 0 collections in 0.000001 seconds
[2017.05.08-03.58.05:579][  0]LogContentBrowser: Native class hierarchy populated in 0.0057 seconds. Added 2190 classes and 428 folders.
[2017.05.08-03.58.05:603][  0]LogStats: UGameplayTagsManager::ConstructGameplayTagTree: Construct from data asset -  0.000 s
[2017.05.08-03.58.05:603][  0]LogStats: UGameplayTagsManager::ConstructGameplayTagTree: GameplayTagTreeChangedEvent.Broadcast -  0.000 s
[2017.05.08-03.58.05:603][  0]LogContentBrowser: Native class hierarchy updated for 'GameplayTags' in 0.0003 seconds. Added 13 classes and 0 folders.
[2017.05.08-03.58.05:637][  0]LogContentBrowser: Native class hierarchy updated for 'WidgetCarousel' in 0.0003 seconds. Added 0 classes and 0 folders.
[2017.05.08-03.58.05:676][  0]LogContentBrowser: Native class hierarchy updated for 'AddContentDialog' in 0.0003 seconds. Added 0 classes and 0 folders.
[2017.05.08-03.58.05:703][  0]LogContentBrowser: Native class hierarchy updated for 'SceneOutliner' in 0.0003 seconds. Added 1 classes and 2 folders.
[2017.05.08-03.58.05:725][  0]LogCrashTracker: Crashtracker disabled due to settings.
[2017.05.08-03.58.05:729][  0]LogUObjectGlobals:Warning: Failed to find object 'Class None.'
[2017.05.08-03.58.05:776][  0]LogContentBrowser: Native class hierarchy updated for 'HierarchicalLODOutliner' in 0.0003 seconds. Added 1 classes and 2 folders.
[2017.05.08-03.58.05:776][  0]LogLoad: (Engine Initialization) Total time: 12.11 seconds
[2017.05.08-03.58.05:776][  0]LogLoad: (Engine Initialization) Total Blueprint compile time: 0.10 seconds
[2017.05.08-03.58.05:776][  0]LogExternalProfiler: Found external profiler: VSPerf
[2017.05.08-03.58.05:776][  0]LogExternalProfiler: Using external profiler: VSPerf
[2017.05.08-03.58.05:785][  0]LogOcInput: OculusInput pre-init called
[2017.05.08-03.58.05:797][  0]LogAssetRegistry: Asset discovery search completed in 5.7143 seconds
[2017.05.08-03.58.05:797][  0]LogCollectionManager: Rebuilt the object cache for 0 collections in 0.000001 seconds (found 0 objects)
[2017.05.08-03.58.05:797][  0]LogCollectionManager: Fixed up redirectors for 0 collections in 0.000014 seconds (updated 0 objects)
[2017.05.08-03.58.05:799][  0]LogContentStreaming: Texture pool size now 1000 MB
[2017.05.08-03.58.05:906][  1]LogRenderer: Reallocating scene render targets to support 868x380 NumSamples 1 (Frame:2).
[2017.05.08-03.58.14:183][755]LogContentBrowser: Native class hierarchy updated for 'BlueprintGraph' in 0.0006 seconds. Added 111 classes and 0 folders.
[2017.05.08-03.59.30:660][618]Cmd: OBJ SAVEPACKAGE PACKAGE="/Game/blueprints/Player2" FILE="C:/Users/lordz/Desktop/musicGame-master/musicGame04/Content/blueprints/Player2.uasset" SILENT=true
[2017.05.08-03.59.30:810][618]LogSavePackage: Save=63.83ms
[2017.05.08-03.59.30:810][618]LogSavePackage: Moving 'C:/Users/lordz/Desktop/musicGame-master/musicGame04/Saved/Player21ABBCFD74814B6859FB0709EC58321D6.tmp' to 'C:/Users/lordz/Desktop/musicGame-master/musicGame04/Content/blueprints/Player2.uasset'
[2017.05.08-03.59.30:813][618]LogSavePackage:Display: Finished SavePackage C:/Users/lordz/Desktop/musicGame-master/musicGame04/Content/blueprints/Player2.uasset
[2017.05.08-04.01.01:052][172]Cmd: OBJ SAVEPACKAGE PACKAGE="/Game/blueprints/Player" FILE="C:/Users/lordz/Desktop/musicGame-master/musicGame04/Content/blueprints/Player.uasset" SILENT=true
[2017.05.08-04.01.01:120][172]LogSavePackage: Save=57.44ms
[2017.05.08-04.01.01:120][172]LogSavePackage: Moving 'C:/Users/lordz/Desktop/musicGame-master/musicGame04/Saved/Player4A055A8241F1C8E002B5C6B2DBA5E06E.tmp' to 'C:/Users/lordz/Desktop/musicGame-master/musicGame04/Content/blueprints/Player.uasset'
[2017.05.08-04.01.01:121][172]LogSavePackage:Display: Finished SavePackage C:/Users/lordz/Desktop/musicGame-master/musicGame04/Content/blueprints/Player.uasset
