Log file open, 05/23/17 13:59:03
LogInit:Display: Running engine for game: musicGame04
LogPlatformFile: Not using cached read wrapper
LogInit:Display: RandInit(-380567449) SRandInit(-380567449).
LogTaskGraph: Started task graph with 5 named threads and 8 total threads with 1 sets of task threads.
LogStats: Stats thread started at 0.068542
LogPluginManager: Loaded Plugin Paper2D, From E:/Epic Games/Epic Games/UE_4.14/Engine/Plugins/2D/Paper2D/Paper2D.uplugin
LogPluginManager: Loaded Plugin LightPropagationVolume, From E:/Epic Games/Epic Games/UE_4.14/Engine/Plugins/Blendables/LightPropagationVolume/LightPropagationVolume.uplugin
LogPluginManager: Loaded Plugin BlankPlugin, From E:/Epic Games/Epic Games/UE_4.14/Engine/Plugins/Developer/BlankPlugin/BlankPlugin.uplugin
LogPluginManager: Loaded Plugin CodeLiteSourceCodeAccess, From E:/Epic Games/Epic Games/UE_4.14/Engine/Plugins/Developer/CodeLiteSourceCodeAccess/CodeLiteSourceCodeAccess.uplugin
LogPluginManager: Loaded Plugin GitSourceControl, From E:/Epic Games/Epic Games/UE_4.14/Engine/Plugins/Developer/GitSourceControl/GitSourceControl.uplugin
LogPluginManager: Loaded Plugin KDevelopSourceCodeAccess, From E:/Epic Games/Epic Games/UE_4.14/Engine/Plugins/Developer/KDevelopSourceCodeAccess/KDevelopSourceCodeAccess.uplugin
LogPluginManager: Loaded Plugin NullSourceCodeAccess, From E:/Epic Games/Epic Games/UE_4.14/Engine/Plugins/Developer/NullSourceCodeAccess/NullSourceCodeAccess.uplugin
LogPluginManager: Loaded Plugin OneSkyLocalizationService, From E:/Epic Games/Epic Games/UE_4.14/Engine/Plugins/Developer/OneSkyLocalizationService/OneSkyLocalizationService.uplugin
LogPluginManager: Loaded Plugin PerforceSourceControl, From E:/Epic Games/Epic Games/UE_4.14/Engine/Plugins/Developer/PerforceSourceControl/PerforceSourceControl.uplugin
LogPluginManager: Loaded Plugin SubversionSourceControl, From E:/Epic Games/Epic Games/UE_4.14/Engine/Plugins/Developer/SubversionSourceControl/SubversionSourceControl.uplugin
LogPluginManager: Loaded Plugin UObjectPlugin, From E:/Epic Games/Epic Games/UE_4.14/Engine/Plugins/Developer/UObjectPlugin/UObjectPlugin.uplugin
LogPluginManager: Loaded Plugin VisualStudioSourceCodeAccess, From E:/Epic Games/Epic Games/UE_4.14/Engine/Plugins/Developer/VisualStudioSourceCodeAccess/VisualStudioSourceCodeAccess.uplugin
LogPluginManager: Loaded Plugin XCodeSourceCodeAccess, From E:/Epic Games/Epic Games/UE_4.14/Engine/Plugins/Developer/XCodeSourceCodeAccess/XCodeSourceCodeAccess.uplugin
LogPluginManager: Loaded Plugin AudioCapture, From E:/Epic Games/Epic Games/UE_4.14/Engine/Plugins/Editor/AudioCapture/AudioCapture.uplugin
LogPluginManager: Loaded Plugin EpicSurvey, From E:/Epic Games/Epic Games/UE_4.14/Engine/Plugins/Editor/EpicSurvey/EpicSurvey.uplugin
LogPluginManager: Loaded Plugin MacGraphicsSwitching, From E:/Epic Games/Epic Games/UE_4.14/Engine/Plugins/Editor/MacGraphicsSwitching/MacGraphicsSwitching.uplugin
LogPluginManager: Loaded Plugin MobileLauncherProfileWizard, From E:/Epic Games/Epic Games/UE_4.14/Engine/Plugins/Editor/MobileLauncherProfileWizard/MobileLauncherProfileWizard.uplugin
LogPluginManager: Loaded Plugin PluginBrowser, From E:/Epic Games/Epic Games/UE_4.14/Engine/Plugins/Editor/PluginBrowser/PluginBrowser.uplugin
LogPluginManager: Loaded Plugin SpeedTreeImporter, From E:/Epic Games/Epic Games/UE_4.14/Engine/Plugins/Editor/SpeedTreeImporter/SpeedTreeImporter.uplugin
LogPluginManager: Loaded Plugin SuperSearchEditor, From E:/Epic Games/Epic Games/UE_4.14/Engine/Plugins/Editor/SuperSearchEditor/SuperSearchEditor.uplugin
LogPluginManager: Loaded Plugin AlembicImporter, From E:/Epic Games/Epic Games/UE_4.14/Engine/Plugins/Experimental/AlembicImporter/AlembicImporter.uplugin
LogPluginManager: Loaded Plugin BlueprintStats, From E:/Epic Games/Epic Games/UE_4.14/Engine/Plugins/Experimental/BlueprintStats/BlueprintStats.uplugin
LogPluginManager: Loaded Plugin CharacterAI, From E:/Epic Games/Epic Games/UE_4.14/Engine/Plugins/Experimental/CharacterAI/CharacterAI.uplugin
LogPluginManager: Loaded Plugin CodeEditor, From E:/Epic Games/Epic Games/UE_4.14/Engine/Plugins/Experimental/CodeEditor/CodeEditor.uplugin
LogPluginManager: Loaded Plugin CodeView, From E:/Epic Games/Epic Games/UE_4.14/Engine/Plugins/Experimental/CodeView/CodeView.uplugin
LogPluginManager: Loaded Plugin HTML5Networking, From E:/Epic Games/Epic Games/UE_4.14/Engine/Plugins/Experimental/HTML5Networking/HTML5Networking.uplugin
LogPluginManager: Loaded Plugin OSVR, From E:/Epic Games/Epic Games/UE_4.14/Engine/Plugins/Experimental/OSVR/OSVR.uplugin
LogPluginManager: Loaded Plugin Phya, From E:/Epic Games/Epic Games/UE_4.14/Engine/Plugins/Experimental/Phya/Phya.uplugin
LogPluginManager: Loaded Plugin SignificanceManager, From E:/Epic Games/Epic Games/UE_4.14/Engine/Plugins/Experimental/SignificanceManager/SignificanceManager.uplugin
LogPluginManager: Loaded Plugin SimpleHMD, From E:/Epic Games/Epic Games/UE_4.14/Engine/Plugins/Experimental/SimpleHMD/SimpleHMD.uplugin
LogPluginManager: Loaded Plugin StereoPanorama, From E:/Epic Games/Epic Games/UE_4.14/Engine/Plugins/Experimental/StereoPanorama/StereoPanorama.uplugin
LogPluginManager: Loaded Plugin StructBox, From E:/Epic Games/Epic Games/UE_4.14/Engine/Plugins/Experimental/StructBox/StructBox.uplugin
LogPluginManager: Loaded Plugin AndroidMedia, From E:/Epic Games/Epic Games/UE_4.14/Engine/Plugins/Media/AndroidMedia/AndroidMedia.uplugin
LogPluginManager: Loaded Plugin AvfMedia, From E:/Epic Games/Epic Games/UE_4.14/Engine/Plugins/Media/AvfMedia/AvfMedia.uplugin
LogPluginManager: Loaded Plugin MediaPlayerEditor, From E:/Epic Games/Epic Games/UE_4.14/Engine/Plugins/Media/MediaPlayerEditor/MediaPlayerEditor.uplugin
LogPluginManager: Loaded Plugin WmfMedia, From E:/Epic Games/Epic Games/UE_4.14/Engine/Plugins/Media/WmfMedia/WmfMedia.uplugin
LogPluginManager: Loaded Plugin MessagingDebugger, From E:/Epic Games/Epic Games/UE_4.14/Engine/Plugins/Messaging/MessagingDebugger/MessagingDebugger.uplugin
LogPluginManager: Loaded Plugin TcpMessaging, From E:/Epic Games/Epic Games/UE_4.14/Engine/Plugins/Messaging/TcpMessaging/TcpMessaging.uplugin
LogPluginManager: Loaded Plugin UdpMessaging, From E:/Epic Games/Epic Games/UE_4.14/Engine/Plugins/Messaging/UdpMessaging/UdpMessaging.uplugin
LogPluginManager: Loaded Plugin LevelSequenceEditor, From E:/Epic Games/Epic Games/UE_4.14/Engine/Plugins/MovieScene/LevelSequenceEditor/LevelSequenceEditor.uplugin
LogPluginManager: Loaded Plugin MatineeToLevelSequence, From E:/Epic Games/Epic Games/UE_4.14/Engine/Plugins/MovieScene/MatineeToLevelSequence/MatineeToLevelSequence.uplugin
LogPluginManager: Loaded Plugin NetcodeUnitTest, From E:/Epic Games/Epic Games/UE_4.14/Engine/Plugins/NetcodeUnitTest/NetcodeUnitTest/NetcodeUnitTest.uplugin
LogPluginManager: Loaded Plugin NUTUnrealEngine4, From E:/Epic Games/Epic Games/UE_4.14/Engine/Plugins/NetcodeUnitTest/NUTUnrealEngine4/NUTUnrealEngine4.uplugin
LogPluginManager: Loaded Plugin OnlineSubsystemGameCircle, From E:/Epic Games/Epic Games/UE_4.14/Engine/Plugins/Online/Android/OnlineSubsystemGameCircle/OnlineSubsystemGameCircle.uplugin
LogPluginManager: Loaded Plugin OnlineSubsystemGooglePlay, From E:/Epic Games/Epic Games/UE_4.14/Engine/Plugins/Online/Android/OnlineSubsystemGooglePlay/OnlineSubsystemGooglePlay.uplugin
LogPluginManager: Loaded Plugin OnlineSubsystemIOS, From E:/Epic Games/Epic Games/UE_4.14/Engine/Plugins/Online/IOS/OnlineSubsystemIOS/OnlineSubsystemIOS.uplugin
LogPluginManager: Loaded Plugin OnlineFramework, From E:/Epic Games/Epic Games/UE_4.14/Engine/Plugins/Online/OnlineFramework/OnlineFramework.uplugin
LogPluginManager: Loaded Plugin OnlineSubsystem, From E:/Epic Games/Epic Games/UE_4.14/Engine/Plugins/Online/OnlineSubsystem/OnlineSubsystem.uplugin
LogPluginManager: Loaded Plugin OnlineSubsystemAmazon, From E:/Epic Games/Epic Games/UE_4.14/Engine/Plugins/Online/OnlineSubsystemAmazon/OnlineSubsystemAmazon.uplugin
LogPluginManager: Loaded Plugin OnlineSubsystemFacebook, From E:/Epic Games/Epic Games/UE_4.14/Engine/Plugins/Online/OnlineSubsystemFacebook/OnlineSubsystemFacebook.uplugin
LogPluginManager: Loaded Plugin OnlineSubsystemNull, From E:/Epic Games/Epic Games/UE_4.14/Engine/Plugins/Online/OnlineSubsystemNull/OnlineSubsystemNull.uplugin
LogPluginManager: Loaded Plugin OnlineSubsystemOculus, From E:/Epic Games/Epic Games/UE_4.14/Engine/Plugins/Online/OnlineSubsystemOculus/OnlineSubsystemOculus.uplugin
LogPluginManager: Loaded Plugin OnlineSubsystemSteam, From E:/Epic Games/Epic Games/UE_4.14/Engine/Plugins/Online/OnlineSubsystemSteam/OnlineSubsystemSteam.uplugin
LogPluginManager: Loaded Plugin OnlineSubsystemUtils, From E:/Epic Games/Epic Games/UE_4.14/Engine/Plugins/Online/OnlineSubsystemUtils/OnlineSubsystemUtils.uplugin
LogPluginManager: Loaded Plugin IOSTapJoy, From E:/Epic Games/Epic Games/UE_4.14/Engine/Plugins/Runtime/Advertising/IOSTapJoy/IOSTapJoy.uplugin
LogPluginManager: Loaded Plugin AnalyticsBlueprintLibrary, From E:/Epic Games/Epic Games/UE_4.14/Engine/Plugins/Runtime/Analytics/AnalyticsBlueprintLibrary/AnalyticsBlueprintLibrary.uplugin
LogPluginManager: Loaded Plugin AnalyticsMulticast, From E:/Epic Games/Epic Games/UE_4.14/Engine/Plugins/Runtime/Analytics/AnalyticsMulticast/AnalyticsMulticast.uplugin
LogPluginManager: Loaded Plugin Apsalar, From E:/Epic Games/Epic Games/UE_4.14/Engine/Plugins/Runtime/Analytics/Apsalar/Apsalar.uplugin
LogPluginManager: Loaded Plugin FileLogging, From E:/Epic Games/Epic Games/UE_4.14/Engine/Plugins/Runtime/Analytics/FileLogging/FileLogging.uplugin
LogPluginManager: Loaded Plugin Flurry, From E:/Epic Games/Epic Games/UE_4.14/Engine/Plugins/Runtime/Analytics/Flurry/Flurry.uplugin
LogPluginManager: Loaded Plugin AndroidDeviceProfileSelector, From E:/Epic Games/Epic Games/UE_4.14/Engine/Plugins/Runtime/AndroidDeviceProfileSelector/AndroidDeviceProfileSelector.uplugin
LogPluginManager: Loaded Plugin AndroidMoviePlayer, From E:/Epic Games/Epic Games/UE_4.14/Engine/Plugins/Runtime/AndroidMoviePlayer/AndroidMoviePlayer.uplugin
LogPluginManager: Loaded Plugin AppleMoviePlayer, From E:/Epic Games/Epic Games/UE_4.14/Engine/Plugins/Runtime/AppleMoviePlayer/AppleMoviePlayer.uplugin
LogPluginManager: Loaded Plugin ArchVisCharacter, From E:/Epic Games/Epic Games/UE_4.14/Engine/Plugins/Runtime/ArchVisCharacter/ArchVisCharacter.uplugin
LogPluginManager: Loaded Plugin CableComponent, From E:/Epic Games/Epic Games/UE_4.14/Engine/Plugins/Runtime/CableComponent/CableComponent.uplugin
LogPluginManager: Loaded Plugin CustomMeshComponent, From E:/Epic Games/Epic Games/UE_4.14/Engine/Plugins/Runtime/CustomMeshComponent/CustomMeshComponent.uplugin
LogPluginManager: Loaded Plugin ExampleDeviceProfileSelector, From E:/Epic Games/Epic Games/UE_4.14/Engine/Plugins/Runtime/ExampleDeviceProfileSelector/ExampleDeviceProfileSelector.uplugin
LogPluginManager: Loaded Plugin GearVR, From E:/Epic Games/Epic Games/UE_4.14/Engine/Plugins/Runtime/GearVR/GearVR.uplugin
LogPluginManager: Loaded Plugin GoogleVRController, From E:/Epic Games/Epic Games/UE_4.14/Engine/Plugins/Runtime/GoogleVR/GoogleVRController/GoogleVRController.uplugin
LogPluginManager: Loaded Plugin GoogleVRHMD, From E:/Epic Games/Epic Games/UE_4.14/Engine/Plugins/Runtime/GoogleVR/GoogleVRHMD/GoogleVRHMD.uplugin
LogPluginManager: Loaded Plugin IOSDeviceProfileSelector, From E:/Epic Games/Epic Games/UE_4.14/Engine/Plugins/Runtime/IOSDeviceProfileSelector/IOSDeviceProfileSelector.uplugin
LogPluginManager: Loaded Plugin LeapMotion, From E:/Epic Games/Epic Games/UE_4.14/Engine/Plugins/Runtime/LeapMotion/LeapMotion.uplugin
LogPluginManager: Loaded Plugin LinuxDeviceProfileSelector, From E:/Epic Games/Epic Games/UE_4.14/Engine/Plugins/Runtime/LinuxDeviceProfileSelector/LinuxDeviceProfileSelector.uplugin
LogPluginManager: Loaded Plugin MIDIDevice, From E:/Epic Games/Epic Games/UE_4.14/Engine/Plugins/Runtime/MIDIDevice/MIDIDevice.uplugin
LogPluginManager: Loaded Plugin MobilePatchingUtils, From E:/Epic Games/Epic Games/UE_4.14/Engine/Plugins/Runtime/MobilePatchingUtils/MobilePatchingUtils.uplugin
LogPluginManager: Loaded Plugin Ansel, From E:/Epic Games/Epic Games/UE_4.14/Engine/Plugins/Runtime/Nvidia/Ansel/Ansel.uplugin
LogPluginManager: Loaded Plugin OculusAudio, From E:/Epic Games/Epic Games/UE_4.14/Engine/Plugins/Runtime/OculusAudio/OculusAudio.uplugin
LogPluginManager: Loaded Plugin OculusInput, From E:/Epic Games/Epic Games/UE_4.14/Engine/Plugins/Runtime/OculusInput/OculusInput.uplugin
LogPluginManager: Loaded Plugin OculusLibrary, From E:/Epic Games/Epic Games/UE_4.14/Engine/Plugins/Runtime/OculusLibrary/OculusLibrary.uplugin
LogPluginManager: Loaded Plugin OculusRift, From E:/Epic Games/Epic Games/UE_4.14/Engine/Plugins/Runtime/OculusRift/OculusRift.uplugin
LogPluginManager: Loaded Plugin Oodle, From E:/Epic Games/Epic Games/UE_4.14/Engine/Plugins/Runtime/PacketHandlers/CompressionComponents/Oodle/Oodle.uplugin
LogPluginManager: Loaded Plugin ProceduralMeshComponent, From E:/Epic Games/Epic Games/UE_4.14/Engine/Plugins/Runtime/ProceduralMeshComponent/ProceduralMeshComponent.uplugin
LogPluginManager: Loaded Plugin SoundMod, From E:/Epic Games/Epic Games/UE_4.14/Engine/Plugins/Runtime/SoundMod/SoundMod.uplugin
LogPluginManager: Loaded Plugin SoundVisualizations, From E:/Epic Games/Epic Games/UE_4.14/Engine/Plugins/Runtime/SoundVisualizations/SoundVisualizations.uplugin
LogPluginManager: Loaded Plugin SteamController, From E:/Epic Games/Epic Games/UE_4.14/Engine/Plugins/Runtime/Steam/SteamController/SteamController.uplugin
LogPluginManager: Loaded Plugin SteamVR, From E:/Epic Games/Epic Games/UE_4.14/Engine/Plugins/Runtime/Steam/SteamVR/SteamVR.uplugin
LogPluginManager: Loaded Plugin WebBrowserWidget, From E:/Epic Games/Epic Games/UE_4.14/Engine/Plugins/Runtime/WebBrowserWidget/WebBrowserWidget.uplugin
LogPluginManager: Loaded Plugin WindowsDeviceProfileSelector, From E:/Epic Games/Epic Games/UE_4.14/Engine/Plugins/Runtime/WindowsDeviceProfileSelector/WindowsDeviceProfileSelector.uplugin
LogPluginManager: Loaded Plugin WindowsMoviePlayer, From E:/Epic Games/Epic Games/UE_4.14/Engine/Plugins/Runtime/WindowsMoviePlayer/WindowsMoviePlayer.uplugin
LogPluginManager: Loaded Plugin ScriptPlugin, From E:/Epic Games/Epic Games/UE_4.14/Engine/Plugins/ScriptPlugin/ScriptPlugin.uplugin
LogPluginManager: Loaded Plugin SlateRemote, From E:/Epic Games/Epic Games/UE_4.14/Engine/Plugins/Slate/SlateRemote/SlateRemote.uplugin
LogPluginManager: Loaded Plugin EditorTests, From E:/Epic Games/Epic Games/UE_4.14/Engine/Plugins/Tests/EditorTests/EditorTests.uplugin
LogPluginManager: Loaded Plugin FbxAutomationTestBuilder, From E:/Epic Games/Epic Games/UE_4.14/Engine/Plugins/Tests/FbxAutomationTestBuilder/FbxAutomationTestBuilder.uplugin
LogPluginManager: Loaded Plugin FunctionalTestingEditor, From E:/Epic Games/Epic Games/UE_4.14/Engine/Plugins/Tests/FunctionalTestingEditor/FunctionalTestingEditor.uplugin
LogPluginManager: Loaded Plugin RuntimeTests, From E:/Epic Games/Epic Games/UE_4.14/Engine/Plugins/Tests/RuntimeTests/RuntimeTests.uplugin
LogPluginManager: Loaded Plugin ScreenshotTools, From E:/Epic Games/Epic Games/UE_4.14/Engine/Plugins/Tests/ScreenshotTools/ScreenshotTools.uplugin
LogInit: Using libcurl 7.47.1
LogInit:  - built for x86_64-pc-win32
LogInit:  - supports SSL with OpenSSL/1.0.2g
LogInit:  - supports HTTP deflate (compression) using libz 1.2.8
LogInit:  - other features:
LogInit:      CURL_VERSION_SSL
LogInit:      CURL_VERSION_LIBZ
LogInit:      CURL_VERSION_IPV6
LogInit:      CURL_VERSION_ASYNCHDNS
LogInit:      CURL_VERSION_LARGEFILE
LogInit:      CURL_VERSION_IDN
LogInit:  CurlRequestOptions (configurable via config and command line):
LogInit:  - bVerifyPeer = false  - Libcurl will NOT verify peer certificate
LogInit:  - bUseHttpProxy = false  - Libcurl will NOT use HTTP proxy
LogInit:  - bDontReuseConnections = false  - Libcurl will reuse connections
LogInit:  - CertBundlePath = nullptr  - Libcurl will use whatever was configured at build time.
LogInit: Build: ++UE4+Release-4.14-CL-3249277
LogInit: Engine Version: 4.14.3-3249277+++UE4+Release-4.14
LogInit: Compatible Engine Version: 4.14.0-3195953+++UE4+Release-4.14
LogInit: Net CL: 3195953
LogDevObjectVersion: Number of dev versions registered: 13
LogDevObjectVersion:   Dev-Blueprints (B0D832E4-1F89-4F0D-ACCF-7EB736FD4AA2): 7
LogDevObjectVersion:   Dev-Build (E1C64328-A22C-4D53-A36C-8E866417BD8C): 0
LogDevObjectVersion:   Dev-Core (375EC13C-06E4-48FB-B500-84F0262A717E): 1
LogDevObjectVersion:   Dev-Editor (E4B068ED-F494-42E9-A231-DA0B2E46BB41): 8
LogDevObjectVersion:   Dev-Framework (CFFC743F-43B0-4480-9391-14DF171D2073): 17
LogDevObjectVersion:   Dev-Mobile (B02B49B5-BB20-44E9-A304-32B752E40360): 0
LogDevObjectVersion:   Dev-Networking (A4E4105C-59A1-49B5-A7C5-40C4547EDFEE): 0
LogDevObjectVersion:   Dev-Online (39C831C9-5AE6-47DC-9A44-9C173E1C8E7C): 0
LogDevObjectVersion:   Dev-Physics (78F01B33-EBEA-4F98-B9B4-84EACCB95AA2): 0
LogDevObjectVersion:   Dev-Platform (6631380F-2D4D-43E0-8009-CF276956A95A): 0
LogDevObjectVersion:   Dev-Rendering (12F88B9F-8875-4AFC-A67C-D90C383ABD29): 12
LogDevObjectVersion:   Dev-Sequencer (7B5AE74C-D270-4C10-A958-57980B212A5A): 1
LogDevObjectVersion:   Dev-VR (D7296918-1DD6-4BDD-9DE2-64A83CC13884): 0
LogInit: Compiled (64-bit): Jan  6 2017 10:49:43
LogInit: Compiled with Visual C++: 19.00.23026.00
LogInit: Build Configuration: Development
LogInit: Branch Name: ++UE4+Release-4.14
LogInit: Command line: -EpicPortal 
LogInit: Base directory: E:/Epic Games/Epic Games/UE_4.14/Engine/Binaries/Win64/
LogInit: Installed Engine Build: 1
LogInit: Presizing for max 8388607 objects, including 0 objects not considered by GC, pre-allocating 0 bytes for permanent pool.
LogInit: Object subsystem initialized
[2017.05.23-04.29.03:369][  0]LogInit: Selected Device Profile: [Windows]
[2017.05.23-04.29.03:369][  0]LogInit: Applying CVar settings loaded from the selected device profile: [Windows]
[2017.05.23-04.29.03:408][  0]LogInit: Computer: DESKTOP-57H6M94
[2017.05.23-04.29.03:408][  0]LogInit: User: lordz
[2017.05.23-04.29.03:408][  0]LogInit: CPU Page size=65536, Cores=4
[2017.05.23-04.29.03:408][  0]LogInit: High frequency timer resolution =3.703131 MHz
[2017.05.23-04.29.03:408][  0]LogMemory: Memory total: Physical=15.9GB (16GB approx)
[2017.05.23-04.29.03:408][  0]LogMemory: Platform Memory Stats for Windows
[2017.05.23-04.29.03:408][  0]LogMemory: Process Physical Memory: 268.67 MB used, 268.67 MB peak
[2017.05.23-04.29.03:408][  0]LogMemory: Process Virtual Memory: 263.73 MB used, 263.73 MB peak
[2017.05.23-04.29.03:408][  0]LogMemory: Physical Memory: 7473.55 MB used,  8841.16 MB free, 16314.71 MB total
[2017.05.23-04.29.03:408][  0]LogMemory: Virtual Memory: 709.69 MB used,  8841.16 MB free, 134217728.00 MB total
[2017.05.23-04.29.03:435][  0]LogTextLocalizationManager: No specific translations for ('en-AU') exist, so ('en') translations will be used.
[2017.05.23-04.29.03:962][  0]LogD3D11RHI: D3D11 adapters:
[2017.05.23-04.29.04:380][  0]LogD3D11RHI:    0. 'NVIDIA GeForce GTX 970' (Feature Level 11_0)
[2017.05.23-04.29.04:380][  0]LogD3D11RHI:       4059/0/8157 MB DedicatedVideo/DedicatedSystem/SharedSystem, Outputs:2, VendorId:0x10de
[2017.05.23-04.29.04:381][  0]LogD3D11RHI:    1. 'Microsoft Basic Render Driver' (Feature Level 11_0)
[2017.05.23-04.29.04:381][  0]LogD3D11RHI:       0/0/8157 MB DedicatedVideo/DedicatedSystem/SharedSystem, Outputs:0, VendorId:0x1414
[2017.05.23-04.29.04:381][  0]LogD3D11RHI: Chosen D3D11 Adapter: 0
[2017.05.23-04.29.04:385][  0]LogD3D11RHI: Creating new Direct3DDevice
[2017.05.23-04.29.04:385][  0]LogD3D11RHI:     GPU DeviceId: 0x13c2 (for the marketing name, search the web for "GPU Device Id")
[2017.05.23-04.29.04:385][  0]LogWindows: EnumDisplayDevices:
[2017.05.23-04.29.04:386][  0]LogWindows:    0. 'NVIDIA GeForce GTX 970' (P:1 D:1)
[2017.05.23-04.29.04:386][  0]LogWindows:    1. 'NVIDIA GeForce GTX 970' (P:0 D:1)
[2017.05.23-04.29.04:386][  0]LogWindows:    2. 'NVIDIA GeForce GTX 970' (P:0 D:0)
[2017.05.23-04.29.04:386][  0]LogWindows:    3. 'NVIDIA GeForce GTX 970' (P:0 D:0)
[2017.05.23-04.29.04:386][  0]LogWindows: DebugString: FoundDriverCount:4 
[2017.05.23-04.29.04:386][  0]LogD3D11RHI:     Adapter Name: NVIDIA GeForce GTX 970
[2017.05.23-04.29.04:386][  0]LogD3D11RHI:   Driver Version: 382.05 (internal:22.21.13.8205, unified:382.05)
[2017.05.23-04.29.04:386][  0]LogD3D11RHI:      Driver Date: 5-1-2017
[2017.05.23-04.29.04:386][  0]LogRHI: Texture pool is 1361 MB (70% of 1945 MB)
[2017.05.23-04.29.04:777][  0]LogD3D11RHI: Async texture creation enabled
[2017.05.23-04.29.04:806][  0]LogD3D11RHI: GPU Timing Frequency: 1000.000000 (Debug: 2 2)
[2017.05.23-04.29.04:807][  0]LogShaderCompilers: Guid format shader working directory is 7 characters bigger than the processId version (../../../../../../GitHub/superMusicGame/Intermediate/Shaders/WorkingDirectory/2372/).
[2017.05.23-04.29.04:807][  0]LogShaderCompilers: Cleaned the shader compiler working directory 'C:/Users/lordz/AppData/Local/Temp/UnrealShaderWorkingDir/7E88CDB043811E736C99ECAD2DA5AEA7/'.
[2017.05.23-04.29.04:807][  0]LogShaderCompilers:Display: Using Local Shader Compiler.
[2017.05.23-04.29.06:332][  0]LogTemp:Display: Loaded TP AllDesktopTargetPlatform
[2017.05.23-04.29.06:365][  0]LogTemp:Display: Loaded TP MacClientTargetPlatform
[2017.05.23-04.29.06:399][  0]LogTemp:Display: Loaded TP MacNoEditorTargetPlatform
[2017.05.23-04.29.06:431][  0]LogTemp:Display: Loaded TP MacServerTargetPlatform
[2017.05.23-04.29.06:464][  0]LogTemp:Display: Loaded TP MacTargetPlatform
[2017.05.23-04.29.06:496][  0]LogTemp:Display: Loaded TP WindowsClientTargetPlatform
[2017.05.23-04.29.06:528][  0]LogTemp:Display: Loaded TP WindowsNoEditorTargetPlatform
[2017.05.23-04.29.06:559][  0]LogTemp:Display: Loaded TP WindowsServerTargetPlatform
[2017.05.23-04.29.06:585][  0]LogTemp:Display: Loaded TP WindowsTargetPlatform
[2017.05.23-04.29.06:617][  0]LogTemp:Display: Loaded TP AndroidTargetPlatform
[2017.05.23-04.29.06:648][  0]LogTemp:Display: Loaded TP Android_ASTCTargetPlatform
[2017.05.23-04.29.06:678][  0]LogTemp:Display: Loaded TP Android_ATCTargetPlatform
[2017.05.23-04.29.06:709][  0]LogTemp:Display: Loaded TP Android_DXTTargetPlatform
[2017.05.23-04.29.06:741][  0]LogTemp:Display: Loaded TP Android_ETC1TargetPlatform
[2017.05.23-04.29.06:775][  0]LogTemp:Display: Loaded TP Android_ETC2TargetPlatform
[2017.05.23-04.29.06:851][  0]LogTemp:Display: Loaded TP Android_MultiTargetPlatform
[2017.05.23-04.29.06:851][  0]LogTemp:Display: Loaded TP Android_PVRTCTargetPlatform
[2017.05.23-04.29.07:219][  0]LogTemp:Display: Loaded TP HTML5TargetPlatform
[2017.05.23-04.29.07:277][  0]LogTemp:Display: Loaded TP IOSTargetPlatform
[2017.05.23-04.29.07:296][  0]LogTemp:Display: Loaded TP TVOSTargetPlatform
[2017.05.23-04.29.07:339][  0]LogTemp:Display: Loaded TP LinuxClientTargetPlatform
[2017.05.23-04.29.07:377][  0]LogTemp:Display: Loaded TP LinuxNoEditorTargetPlatform
[2017.05.23-04.29.07:417][  0]LogTemp:Display: Loaded TP LinuxServerTargetPlatform
[2017.05.23-04.29.07:448][  0]LogTemp:Display: Loaded TP LinuxTargetPlatform
[2017.05.23-04.29.07:448][  0]LogTargetPlatformManager:Display: Building Assets For Windows
[2017.05.23-04.29.07:677][  0]LogDerivedDataCache:Display: Max Cache Size: 512 MB
[2017.05.23-04.29.07:708][  0]LogDerivedDataCache: Loaded boot cache 0.03s 50MB C:/Users/lordz/AppData/Local/UnrealEngine/4.14/DerivedDataCache/Boot.ddc.
[2017.05.23-04.29.07:708][  0]LogDerivedDataCache:Display: Loaded Boot cache: C:/Users/lordz/AppData/Local/UnrealEngine/4.14/DerivedDataCache/Boot.ddc
[2017.05.23-04.29.07:708][  0]LogDerivedDataCache: FDerivedDataBackendGraph:  Pak pak cache file ../../../../../../GitHub/superMusicGame/DerivedDataCache/DDC.ddp not found, will not use a pak cache.
[2017.05.23-04.29.07:708][  0]LogDerivedDataCache: Unable to find inner node Pak for hierarchical cache Hierarchy.
[2017.05.23-04.29.07:708][  0]LogDerivedDataCache: FDerivedDataBackendGraph:  CompressedPak pak cache file ../../../../../../GitHub/superMusicGame/DerivedDataCache/Compressed.ddp not found, will not use a pak cache.
[2017.05.23-04.29.07:708][  0]LogDerivedDataCache: Unable to find inner node CompressedPak for hierarchical cache Hierarchy.
[2017.05.23-04.29.07:718][  0]LogDerivedDataCache:Display: Pak cache opened for reading ../../../Engine/DerivedDataCache/Compressed.ddp.
[2017.05.23-04.29.07:730][  0]LogDerivedDataCache: Using Local data cache path C:/Users/lordz/AppData/Local/UnrealEngine/Common/DerivedDataCache: Writable
[2017.05.23-04.29.07:866][  0]LogInit: Selected Device Profile: [Windows]
[2017.05.23-04.29.07:868][  0]LogContentStreaming: Texture pool size is 0.00 MB
[2017.05.23-04.29.08:001][  0]LogMeshUtilities: Using QuadricMeshReduction for automatic static mesh reduction
[2017.05.23-04.29.08:025][  0]LogSimplygon: Simplygon DLL not present - disabling.
[2017.05.23-04.29.08:057][  0]LogMeshUtilities: Using SimplygonSwarm for distributed automatic mesh merging
[2017.05.23-04.29.08:057][  0]LogMeshUtilities: No automatic skeletal mesh reduction module available
[2017.05.23-04.29.08:057][  0]LogMeshUtilities: No automatic mesh merging module available
[2017.05.23-04.29.08:380][  0]LogNetVersion: GetLocalNetworkVersion: CL: 3195953, ProjectName: musicgame04, ProjectVersion: , EngineNetworkVersion: 2, GameNetworkVersion: 0, NetworkChecksum: 2475016038
[2017.05.23-04.29.08:421][  0]LogAssetRegistry: FAssetRegistry took 0.0210 seconds to start up
[2017.05.23-04.29.08:528][  0]LogPackageLocalizationCache: Processed 3 localized package path(s) for 2 prioritized culture(s) in 0.097555 seconds
[2017.05.23-04.29.08:532][  0]LogUObjectArray: 31946 objects as part of root set at end of initial load.
[2017.05.23-04.29.08:532][  0]LogUObjectAllocator: 6935848 out of 0 bytes used by permanent object pool.
[2017.05.23-04.29.08:532][  0]LogUObjectArray: CloseDisregardForGC: 0/0 objects in disregard for GC pool
[2017.05.23-04.29.08:560][  0]LogInit: WinSock: version 1.1 (2.2), MaxSocks=32767, MaxUdp=65467
[2017.05.23-04.29.08:958][  0]LogSlate: Using Freetype 2.6.0
[2017.05.23-04.29.08:959][  0]LogSlate: SlateFontCache - WITH_FREETYPE: 1, WITH_HARFBUZZ: 1
[2017.05.23-04.29.08:959][  0]LogSlate: SlateFontCache - WITH_FREETYPE: 1, WITH_HARFBUZZ: 1
[2017.05.23-04.29.09:626][  0]LogTcpMessaging: Initializing TcpMessaging bridge
[2017.05.23-04.29.09:653][  0]LogUdpMessaging: Initializing bridge on interface 0.0.0.0:0 to multicast group 230.0.0.1:6666.
[2017.05.23-04.29.09:866][  0]LogMaterial: Uniform references updated for custom material expression Custom.
[2017.05.23-04.29.10:117][  0]SourceControl: Info Source control is disabled
[2017.05.23-04.29.10:118][  0]SourceControl: Info Source control is disabled
[2017.05.23-04.29.10:146][  0]SourceControl: Info Source control is disabled
[2017.05.23-04.29.10:175][  0]SourceControl: Info Source control is disabled
[2017.05.23-04.29.10:996][  0]LogEngine: Initializing Engine...
[2017.05.23-04.29.12:035][  0]LogHMD: Failed to initialize OpenVR with code 108
[2017.05.23-04.29.12:238][  0]LogAIModule: Creating AISystem for world Untitled
[2017.05.23-04.29.12:248][  0]LogInit: XAudio2 using 'Speakers (Realtek High Definition Audio)' : 2 channels at 48 kHz using 32 bits per sample (channel mask 0x3)
[2017.05.23-04.29.12:274][  0]LogInit: FAudioDevice initialized.
[2017.05.23-04.29.12:293][  0]LogDerivedDataCache: Saved boot cache 0.02s 50MB C:/Users/lordz/AppData/Local/UnrealEngine/4.14/DerivedDataCache/Boot.ddc.
[2017.05.23-04.29.12:297][  0]LogInit: Texture streaming: Enabled
[2017.05.23-04.29.12:438][  0]LogInit: Transaction tracking system initialized
[2017.05.23-04.29.12:641][  0]BlueprintLog: New page: Editor Load
[2017.05.23-04.29.13:148][  0]LocalizationService: Info Localization service is disabled
[2017.05.23-04.29.13:599][  0]LogConsoleResponse:Display: 
[2017.05.23-04.29.13:740][  0]LogCook:Display: Max memory allowance for cook 16384mb min free memory 0mb
[2017.05.23-04.29.13:740][  0]LogCook:Display: Mobile HDR setting 1
[2017.05.23-04.29.14:281][  0]LogFileCache: Scanning file cache for directory 'E:/GitHub/superMusicGame/Content/' took 0.02s
[2017.05.23-04.29.14:306][  0]SourceControl: Info Source control is disabled
[2017.05.23-04.29.14:306][  0]Cmd: MAP LOAD FILE="../../../../../../GitHub/superMusicGame/Content/Level01.umap" TEMPLATE=0 SHOWPROGRESS=1 FEATURELEVEL=3
[2017.05.23-04.29.14:307][  0]LightingResults: New page: Lighting Build
[2017.05.23-04.29.14:329][  0]MapCheck: New page: Map Check
[2017.05.23-04.29.14:329][  0]LightingResults: New page: Lighting Build
[2017.05.23-04.29.16:749][  0]LogBlueprint:Warning: [enemy] 'LastMovement' variable not found. Base class was probably changed.
[2017.05.23-04.29.16:749][  0]LogBlueprint:Warning: [enemy] 'LastMovement' variable not found. Base class was probably changed.
[2017.05.23-04.29.16:749][  0]LogBlueprint:Warning: [enemy] 'Sprite' variable not found. Base class was probably changed.
[2017.05.23-04.29.16:749][  0]LogBlueprint:Warning: [enemy] 'LastMovement' variable not found. Base class was probably changed.
[2017.05.23-04.29.16:749][  0]LogBlueprint:Warning: [enemy] 'Atacked' variable not found. Base class was probably changed.
[2017.05.23-04.29.16:749][  0]LogBlueprint:Warning: [enemy] 'LastMovement' variable not found. Base class was probably changed.
[2017.05.23-04.29.17:420][  0]LogBlueprint:Warning: [pathEnemy] 'moveEnemyV' variable not found. Base class was probably changed.
[2017.05.23-04.29.17:420][  0]LogBlueprint:Warning: [pathEnemy] 'moveEnemyV' variable not found. Base class was probably changed.
[2017.05.23-04.29.18:398][  0]LogTexture:Display: Building textures: boss (AutoDXT)
[2017.05.23-04.29.18:508][  0]LogAIModule: Creating AISystem for world Level01
[2017.05.23-04.29.18:623][  0]LogEditorServer: Finished looking for orphan Actors (0.000 secs)
[2017.05.23-04.29.18:623][  0]Cmd: MAP CHECKDEP NOCLEARLOG
[2017.05.23-04.29.18:662][  0]MapCheck: Info Map check complete: 0 Error(s), 0 Warning(s), took 38.901ms to complete.
[2017.05.23-04.29.18:662][  0]LogFileHelpers: Loading map 'Level01' took 4.356
[2017.05.23-04.29.18:719][  0]LogWindowsTextInputMethodSystem:Display: IME system now deactivated.
[2017.05.23-04.29.19:569][  0]LogCollectionManager: Loaded 0 collections in 0.001313 seconds
[2017.05.23-04.29.19:898][  0]LogFileCache: Scanning file cache for directory 'E:/GitHub/superMusicGame/Saved/Collections/' took 0.01s
[2017.05.23-04.29.19:898][  0]LogFileCache: Scanning file cache for directory 'E:/GitHub/superMusicGame/Content/Developers/lordz/Collections/' took 0.01s
[2017.05.23-04.29.19:898][  0]LogFileCache: Scanning file cache for directory 'E:/GitHub/superMusicGame/Content/Collections/' took 0.01s
[2017.05.23-04.29.19:898][  0]LogCollectionManager: Rebuilt the GUID cache for 0 collections in 0.000001 seconds
[2017.05.23-04.29.19:966][  0]LogContentBrowser: Native class hierarchy populated in 0.0657 seconds. Added 2190 classes and 428 folders.
[2017.05.23-04.29.20:065][  0]LogStats: UGameplayTagsManager::ConstructGameplayTagTree: Construct from data asset -  0.000 s
[2017.05.23-04.29.20:065][  0]LogStats: UGameplayTagsManager::ConstructGameplayTagTree: GameplayTagTreeChangedEvent.Broadcast -  0.000 s
[2017.05.23-04.29.20:080][  0]LogContentBrowser: Native class hierarchy updated for 'GameplayTags' in 0.0005 seconds. Added 13 classes and 0 folders.
[2017.05.23-04.29.20:190][  0]LogContentBrowser: Native class hierarchy updated for 'WidgetCarousel' in 0.0004 seconds. Added 0 classes and 0 folders.
[2017.05.23-04.29.23:439][  0]LogContentBrowser: Native class hierarchy updated for 'AddContentDialog' in 0.0005 seconds. Added 0 classes and 0 folders.
[2017.05.23-04.29.23:630][  0]LogContentBrowser: Native class hierarchy updated for 'SceneOutliner' in 0.0004 seconds. Added 1 classes and 2 folders.
[2017.05.23-04.29.24:277][  0]LogCrashTracker: Crashtracker disabled due to settings.
[2017.05.23-04.29.24:985][  0]LogUObjectGlobals:Warning: Failed to find object 'Class None.'
[2017.05.23-04.29.25:058][  0]LogContentBrowser: Native class hierarchy updated for 'HierarchicalLODOutliner' in 0.0004 seconds. Added 1 classes and 2 folders.
[2017.05.23-04.29.25:058][  0]LogLoad: (Engine Initialization) Total time: 24.69 seconds
[2017.05.23-04.29.25:058][  0]LogLoad: (Engine Initialization) Total Blueprint compile time: 0.51 seconds
[2017.05.23-04.29.25:058][  0]LogExternalProfiler: Found external profiler: VSPerf
[2017.05.23-04.29.25:058][  0]LogExternalProfiler: Using external profiler: VSPerf
[2017.05.23-04.29.25:067][  0]LogOcInput: OculusInput pre-init called
[2017.05.23-04.29.25:263][  0]LogContentStreaming: Texture pool size now 1000 MB
[2017.05.23-04.29.26:391][  0]LogRenderer: Reallocating scene render targets to support 1208x576 NumSamples 1 (Frame:2).
[2017.05.23-04.29.26:533][  1]LogFileCache: Retrieving MD5 hashes for directory 'E:/GitHub/superMusicGame/Content/' took 1.43s
[2017.05.23-04.29.35:373][ 47]LogAssetRegistry: Asset discovery search completed in 26.9735 seconds
[2017.05.23-04.29.35:373][ 47]LogCollectionManager: Rebuilt the object cache for 0 collections in 0.000001 seconds (found 0 objects)
[2017.05.23-04.29.35:373][ 47]LogCollectionManager: Fixed up redirectors for 0 collections in 0.000013 seconds (updated 0 objects)
[2017.05.23-04.30.06:306][208]LogTemp: Repeting last play command: New Editor Window (PIE)
[2017.05.23-04.30.06:327][208]LogBlueprintUserMessages: Early PlayInEditor Detection: Level '/Game/Level01.Level01:PersistentLevel' has LevelScriptBlueprint '/Game/Level01.Level01:PersistentLevel.Level01' with GeneratedClass '/Game/Level01.Level01_C' with ClassGeneratedBy '/Game/Level01.Level01:PersistentLevel.Level01'
[2017.05.23-04.30.06:342][208]LogPlayLevel: PlayLevel: No blueprints needed recompiling
[2017.05.23-04.30.06:361][208]PIE: New page: PIE session: Level01 (23 May 2017 11:30:06 pm)
[2017.05.23-04.30.06:374][208]LogPlayLevel: Creating play world package: /Game/UEDPIE_0_Level01
[2017.05.23-04.30.06:377][208]LogPlayLevel: PIE: StaticDuplicateObject took: (0.002785s)
[2017.05.23-04.30.06:377][208]LogAIModule: Creating AISystem for world Level01
[2017.05.23-04.30.06:377][208]LogPlayLevel: PIE: World Init took: (0.000412s)
[2017.05.23-04.30.06:380][208]LogPlayLevel: PIE: Created PIE world by copying editor world from /Game/Level01.Level01 to /Game/UEDPIE_0_Level01.Level01 (0.019723s)
[2017.05.23-04.30.06:396][208]LogInit: XAudio2 using 'Speakers (Realtek High Definition Audio)' : 2 channels at 48 kHz using 32 bits per sample (channel mask 0x3)
[2017.05.23-04.30.06:416][208]LogInit: FAudioDevice initialized.
[2017.05.23-04.30.06:495][208]LogLoad: Game class is 'BasicLevelMode_C'
[2017.05.23-04.30.06:550][208]LogWorld: Bringing World /Game/UEDPIE_0_Level01.Level01 up for play (max tick rate 0) at 2017.05.23-14.00.06
[2017.05.23-04.30.06:585][208]LogWorld: Bringing up level for play took: 0.042824
[2017.05.23-04.30.06:675][208]LogContentBrowser: Native class hierarchy updated for 'MovieSceneCapture' in 0.0005 seconds. Added 11 classes and 0 folders.
[2017.05.23-04.30.06:675][208]LogGameMode:Display: Match State Changed from EnteringMap to WaitingToStart
[2017.05.23-04.30.06:675][208]LogGameState: Match State Changed from EnteringMap to WaitingToStart
[2017.05.23-04.30.06:675][208]LogGameMode:Display: Match State Changed from WaitingToStart to InProgress
[2017.05.23-04.30.06:738][208]LogPlayerManagement:Error: Failed to Create Player: A local player already exists for controller ID 0,
[2017.05.23-04.30.06:740][208]LogGameState: Match State Changed from WaitingToStart to InProgress
[2017.05.23-04.30.06:742][208]PIE: Info Play in editor start time for /Game/UEDPIE_0_Level01 0.405
[2017.05.23-04.30.06:743][208]LogBlueprintUserMessages: Late PlayInEditor Detection: Level '/Game/Level01.Level01:PersistentLevel' has LevelScriptBlueprint '/Game/Level01.Level01:PersistentLevel.Level01' with GeneratedClass '/Game/Level01.Level01_C' with ClassGeneratedBy '/Game/Level01.Level01:PersistentLevel.Level01'
[2017.05.23-04.30.06:793][208]LogRenderer: Reallocating scene render targets to support 1292x756 NumSamples 1 (Frame:2029).
[2017.05.23-04.30.08:325][370]LogBlueprintUserMessages: [chargeEnemy2_39] dealt dmg from charger
[2017.05.23-04.30.08:563][399]LogBlueprintUserMessages: [chargeEnemy2_39] dealt dmg from charger
[2017.05.23-04.30.09:230][479]LogBlueprintUserMessages: [chargeEnemy9_156] dealt dmg from charger
[2017.05.23-04.30.09:480][509]LogBlueprintUserMessages: [chargeEnemy9_156] dealt dmg from charger
[2017.05.23-04.30.11:147][707]LogBlueprintUserMessages: [chargeEnemy_58] dealt dmg from charger
[2017.05.23-04.30.11:397][737]LogBlueprintUserMessages: [chargeEnemy_58] dealt dmg from charger
[2017.05.23-04.30.13:446][983]LogBlueprintUserMessages: [Player_C_0] activated
[2017.05.23-04.30.13:447][983]LogBlueprintUserMessages: [Player_C_0] activated
[2017.05.23-04.30.13:455][984]LogBlueprintUserMessages: [Player_C_0] activated
[2017.05.23-04.30.13:463][985]LogBlueprintUserMessages: [Player_C_0] activated
[2017.05.23-04.30.13:472][986]LogBlueprintUserMessages: [Player_C_0] activated
[2017.05.23-04.30.13:480][987]LogBlueprintUserMessages: [Player_C_0] activated
[2017.05.23-04.30.13:488][988]LogBlueprintUserMessages: [Player_C_0] activated
[2017.05.23-04.30.13:497][989]LogBlueprintUserMessages: [Player_C_0] activated
[2017.05.23-04.30.13:505][990]LogBlueprintUserMessages: [Player_C_0] activated
[2017.05.23-04.30.13:513][991]LogBlueprintUserMessages: [Player_C_0] activated
[2017.05.23-04.30.13:522][992]LogBlueprintUserMessages: [Player_C_0] activated
[2017.05.23-04.30.13:530][993]LogBlueprintUserMessages: [Player_C_0] activated
[2017.05.23-04.30.13:538][994]LogBlueprintUserMessages: [Player_C_0] activated
[2017.05.23-04.30.13:546][995]LogBlueprintUserMessages: [Player_C_0] activated
[2017.05.23-04.30.13:555][996]LogBlueprintUserMessages: [Player_C_0] activated
[2017.05.23-04.30.13:563][997]LogBlueprintUserMessages: [Player_C_0] activated
[2017.05.23-04.30.13:572][998]LogBlueprintUserMessages: [Player_C_0] activated
[2017.05.23-04.30.13:580][999]LogBlueprintUserMessages: [Player_C_0] activated
[2017.05.23-04.30.13:589][  0]LogBlueprintUserMessages: [Player_C_0] activated
[2017.05.23-04.30.13:597][  1]LogBlueprintUserMessages: [Player_C_0] activated
[2017.05.23-04.30.13:605][  2]LogBlueprintUserMessages: [Player_C_0] activated
[2017.05.23-04.30.13:613][  3]LogBlueprintUserMessages: [Player_C_0] activated
[2017.05.23-04.30.13:622][  4]LogBlueprintUserMessages: [Player_C_0] activated
[2017.05.23-04.30.13:630][  5]LogBlueprintUserMessages: [Player_C_0] activated
[2017.05.23-04.30.13:638][  6]LogBlueprintUserMessages: [Player_C_0] activated
[2017.05.23-04.30.13:647][  7]LogBlueprintUserMessages: [Player_C_0] activated
[2017.05.23-04.30.13:655][  8]LogBlueprintUserMessages: [Player_C_0] activated
[2017.05.23-04.30.13:663][  9]LogBlueprintUserMessages: [Player_C_0] activated
[2017.05.23-04.30.13:672][ 10]LogBlueprintUserMessages: [Player_C_0] activated
[2017.05.23-04.30.13:680][ 11]LogBlueprintUserMessages: [Player_C_0] activated
[2017.05.23-04.30.13:688][ 12]LogBlueprintUserMessages: [Player_C_0] activated
[2017.05.23-04.30.13:696][ 13]LogBlueprintUserMessages: [Player_C_0] activated
[2017.05.23-04.30.13:705][ 14]LogBlueprintUserMessages: [Player_C_0] activated
[2017.05.23-04.30.13:713][ 15]LogBlueprintUserMessages: [Player_C_0] activated
[2017.05.23-04.30.13:721][ 16]LogBlueprintUserMessages: [Player_C_0] activated
[2017.05.23-04.30.13:730][ 17]LogBlueprintUserMessages: [Player_C_0] activated
[2017.05.23-04.30.13:738][ 18]LogBlueprintUserMessages: [Player_C_0] activated
[2017.05.23-04.30.13:746][ 19]LogBlueprintUserMessages: [Player_C_0] activated
[2017.05.23-04.30.13:755][ 20]LogBlueprintUserMessages: [Player_C_0] activated
[2017.05.23-04.30.13:763][ 21]LogBlueprintUserMessages: [Player_C_0] activated
[2017.05.23-04.30.13:772][ 22]LogBlueprintUserMessages: [Player_C_0] activated
[2017.05.23-04.30.13:780][ 23]LogBlueprintUserMessages: [Player_C_0] activated
[2017.05.23-04.30.13:788][ 24]LogBlueprintUserMessages: [Player_C_0] activated
[2017.05.23-04.30.13:797][ 25]LogBlueprintUserMessages: [Player_C_0] activated
[2017.05.23-04.30.13:805][ 26]LogBlueprintUserMessages: [Player_C_0] activated
[2017.05.23-04.30.13:813][ 27]LogBlueprintUserMessages: [Player_C_0] activated
[2017.05.23-04.30.13:822][ 28]LogBlueprintUserMessages: [Player_C_0] activated
[2017.05.23-04.30.13:830][ 29]LogBlueprintUserMessages: [Player_C_0] activated
[2017.05.23-04.30.13:838][ 30]LogBlueprintUserMessages: [Player_C_0] activated
[2017.05.23-04.30.15:029][173]LogBlueprintUserMessages: [Player_C_0] activated
[2017.05.23-04.30.15:030][173]LogBlueprintUserMessages: [Player_C_0] activated
[2017.05.23-04.30.15:038][174]LogBlueprintUserMessages: [Player_C_0] activated
[2017.05.23-04.30.15:047][175]LogBlueprintUserMessages: [Player_C_0] activated
[2017.05.23-04.30.15:055][176]LogBlueprintUserMessages: [Player_C_0] activated
[2017.05.23-04.30.15:063][177]LogBlueprintUserMessages: [Player_C_0] activated
[2017.05.23-04.30.15:072][178]LogBlueprintUserMessages: [Player_C_0] activated
[2017.05.23-04.30.15:080][179]LogBlueprintUserMessages: [Player_C_0] activated
[2017.05.23-04.30.15:089][180]LogBlueprintUserMessages: [Player_C_0] activated
[2017.05.23-04.30.15:097][181]LogBlueprintUserMessages: [Player_C_0] activated
[2017.05.23-04.30.15:105][182]LogBlueprintUserMessages: [Player_C_0] activated
[2017.05.23-04.30.15:114][183]LogBlueprintUserMessages: [Player_C_0] activated
[2017.05.23-04.30.15:122][184]LogBlueprintUserMessages: [Player_C_0] activated
[2017.05.23-04.30.15:130][185]LogBlueprintUserMessages: [Player_C_0] activated
[2017.05.23-04.30.15:139][186]LogBlueprintUserMessages: [Player_C_0] activated
[2017.05.23-04.30.15:147][187]LogBlueprintUserMessages: [Player_C_0] activated
[2017.05.23-04.30.15:155][188]LogBlueprintUserMessages: [Player_C_0] activated
[2017.05.23-04.30.15:163][189]LogBlueprintUserMessages: [Player_C_0] activated
[2017.05.23-04.30.15:172][190]LogBlueprintUserMessages: [Player_C_0] activated
[2017.05.23-04.30.15:180][191]LogBlueprintUserMessages: [Player_C_0] activated
[2017.05.23-04.30.15:188][192]LogBlueprintUserMessages: [Player_C_0] activated
[2017.05.23-04.30.15:197][193]LogBlueprintUserMessages: [Player_C_0] activated
[2017.05.23-04.30.15:205][194]LogBlueprintUserMessages: [Player_C_0] activated
[2017.05.23-04.30.15:213][195]LogBlueprintUserMessages: [Player_C_0] activated
[2017.05.23-04.30.15:222][196]LogBlueprintUserMessages: [Player_C_0] activated
[2017.05.23-04.30.15:230][197]LogBlueprintUserMessages: [Player_C_0] activated
[2017.05.23-04.30.15:238][198]LogBlueprintUserMessages: [Player_C_0] activated
[2017.05.23-04.30.15:247][199]LogBlueprintUserMessages: [Player_C_0] activated
[2017.05.23-04.30.15:255][200]LogBlueprintUserMessages: [Player_C_0] activated
[2017.05.23-04.30.15:264][201]LogBlueprintUserMessages: [Player_C_0] activated
[2017.05.23-04.30.15:272][202]LogBlueprintUserMessages: [Player_C_0] activated
[2017.05.23-04.30.15:280][203]LogBlueprintUserMessages: [chargeEnemy_58] dealt dmg from charger
[2017.05.23-04.30.15:280][203]LogBlueprintUserMessages: [Player_C_0] activated
[2017.05.23-04.30.15:289][204]LogBlueprintUserMessages: [Player_C_0] activated
[2017.05.23-04.30.15:297][205]LogBlueprintUserMessages: [Player_C_0] activated
[2017.05.23-04.30.15:305][206]LogBlueprintUserMessages: [Player_C_0] activated
[2017.05.23-04.30.15:314][207]LogBlueprintUserMessages: [Player_C_0] activated
[2017.05.23-04.30.15:323][208]LogBlueprintUserMessages: [Player_C_0] activated
[2017.05.23-04.30.15:330][209]LogBlueprintUserMessages: [Player_C_0] activated
[2017.05.23-04.30.15:338][210]LogBlueprintUserMessages: [Player_C_0] activated
[2017.05.23-04.30.15:347][211]LogBlueprintUserMessages: [Player_C_0] activated
[2017.05.23-04.30.15:355][212]LogBlueprintUserMessages: [Player_C_0] activated
[2017.05.23-04.30.15:363][213]LogBlueprintUserMessages: [Player_C_0] activated
[2017.05.23-04.30.15:372][214]LogBlueprintUserMessages: [Player_C_0] activated
[2017.05.23-04.30.15:380][215]LogBlueprintUserMessages: [Player_C_0] activated
[2017.05.23-04.30.15:388][216]LogBlueprintUserMessages: [Player_C_0] activated
[2017.05.23-04.30.15:397][217]LogBlueprintUserMessages: [Player_C_0] activated
[2017.05.23-04.30.15:405][218]LogBlueprintUserMessages: [Player_C_0] activated
[2017.05.23-04.30.15:413][219]LogBlueprintUserMessages: [Player_C_0] activated
[2017.05.23-04.30.15:422][220]LogBlueprintUserMessages: [Player_C_0] activated
[2017.05.23-04.30.15:672][250]LogBlueprintUserMessages: [chargeEnemy2_39] dealt dmg from charger
[2017.05.23-04.30.15:839][270]LogBlueprintUserMessages: [chargeEnemy_58] dealt dmg from charger
[2017.05.23-04.30.16:159][308]LogBlueprintUserMessages: [Player_C_0] activated
[2017.05.23-04.30.16:160][308]LogBlueprintUserMessages: [Player_C_0] activated
[2017.05.23-04.30.16:168][309]LogBlueprintUserMessages: [Player_C_0] activated
[2017.05.23-04.30.16:177][310]LogBlueprintUserMessages: [Player_C_0] activated
[2017.05.23-04.30.16:185][311]LogBlueprintUserMessages: [Player_C_0] activated
[2017.05.23-04.30.16:193][312]LogBlueprintUserMessages: [Player_C_0] activated
[2017.05.23-04.30.16:202][313]LogBlueprintUserMessages: [Player_C_0] activated
[2017.05.23-04.30.16:210][314]LogBlueprintUserMessages: [Player_C_0] activated
[2017.05.23-04.30.16:219][315]LogBlueprintUserMessages: [Player_C_0] activated
[2017.05.23-04.30.16:227][316]LogBlueprintUserMessages: [Player_C_0] activated
[2017.05.23-04.30.16:235][317]LogBlueprintUserMessages: [Player_C_0] activated
[2017.05.23-04.30.16:243][318]LogBlueprintUserMessages: [Player_C_0] activated
[2017.05.23-04.30.16:252][319]LogBlueprintUserMessages: [Player_C_0] activated
[2017.05.23-04.30.16:260][320]LogBlueprintUserMessages: [chargeEnemy_58] dealt dmg from charger
[2017.05.23-04.30.16:260][320]LogBlueprintUserMessages: [Player_C_0] activated
[2017.05.23-04.30.16:269][321]LogBlueprintUserMessages: [Player_C_0] activated
[2017.05.23-04.30.16:277][322]LogBlueprintUserMessages: [Player_C_0] activated
[2017.05.23-04.30.16:285][323]LogBlueprintUserMessages: [Player_C_0] activated
[2017.05.23-04.30.16:293][324]LogBlueprintUserMessages: [Player_C_0] activated
[2017.05.23-04.30.16:302][325]LogBlueprintUserMessages: [Player_C_0] activated
[2017.05.23-04.30.16:310][326]LogBlueprintUserMessages: [Player_C_0] activated
[2017.05.23-04.30.16:318][327]LogBlueprintUserMessages: [Player_C_0] activated
[2017.05.23-04.30.16:327][328]LogBlueprintUserMessages: [Player_C_0] activated
[2017.05.23-04.30.16:335][329]LogBlueprintUserMessages: [Player_C_0] activated
[2017.05.23-04.30.16:343][330]LogBlueprintUserMessages: [Player_C_0] activated
[2017.05.23-04.30.16:352][331]LogBlueprintUserMessages: [Player_C_0] activated
[2017.05.23-04.30.16:360][332]LogBlueprintUserMessages: [Player_C_0] activated
[2017.05.23-04.30.16:368][333]LogBlueprintUserMessages: [Player_C_0] activated
[2017.05.23-04.30.16:377][334]LogBlueprintUserMessages: [Player_C_0] activated
[2017.05.23-04.30.16:385][335]LogBlueprintUserMessages: [Player_C_0] activated
[2017.05.23-04.30.16:394][336]LogBlueprintUserMessages: [Player_C_0] activated
[2017.05.23-04.30.16:402][337]LogBlueprintUserMessages: [Player_C_0] activated
[2017.05.23-04.30.16:410][338]LogBlueprintUserMessages: [Player_C_0] activated
[2017.05.23-04.30.16:419][339]LogBlueprintUserMessages: [Player_C_0] activated
[2017.05.23-04.30.16:427][340]LogBlueprintUserMessages: [Player_C_0] activated
[2017.05.23-04.30.16:435][341]LogBlueprintUserMessages: [Player_C_0] activated
[2017.05.23-04.30.16:443][342]LogBlueprintUserMessages: [Player_C_0] activated
[2017.05.23-04.30.16:452][343]LogBlueprintUserMessages: [Player_C_0] activated
[2017.05.23-04.30.16:460][344]LogBlueprintUserMessages: [chargeEnemy12_38] dealt dmg from charger
[2017.05.23-04.30.16:460][344]LogBlueprintUserMessages: [Player_C_0] activated
[2017.05.23-04.30.16:468][345]LogBlueprintUserMessages: [Player_C_0] activated
[2017.05.23-04.30.16:477][346]LogBlueprintUserMessages: [Player_C_0] activated
[2017.05.23-04.30.16:485][347]LogBlueprintUserMessages: [Player_C_0] activated
[2017.05.23-04.30.16:493][348]LogBlueprintUserMessages: [Player_C_0] activated
[2017.05.23-04.30.16:502][349]LogBlueprintUserMessages: [Player_C_0] activated
[2017.05.23-04.30.16:510][350]LogBlueprintUserMessages: [Player_C_0] activated
[2017.05.23-04.30.16:518][351]LogBlueprintUserMessages: [Player_C_0] activated
[2017.05.23-04.30.16:527][352]LogBlueprintUserMessages: [Player_C_0] activated
[2017.05.23-04.30.16:535][353]LogBlueprintUserMessages: [Player_C_0] activated
[2017.05.23-04.30.16:543][354]LogBlueprintUserMessages: [Player_C_0] activated
[2017.05.23-04.30.16:552][355]LogBlueprintUserMessages: [Player_C_0] activated
[2017.05.23-04.30.16:652][367]LogBlueprintUserMessages: [chargeEnemy_58] dealt dmg from charger
[2017.05.23-04.30.16:977][406]LogBlueprintUserMessages: [chargeEnemy_58] dealt dmg from charger
[2017.05.23-04.30.17:453][463]LogBlueprintUserMessages: [chargeEnemy_58] dealt dmg from charger
[2017.05.23-04.30.17:794][504]LogBlueprintUserMessages: [Player_C_0] activated
[2017.05.23-04.30.17:795][504]LogBlueprintUserMessages: [Player_C_0] activated
[2017.05.23-04.30.17:803][505]LogBlueprintUserMessages: [Player_C_0] activated
[2017.05.23-04.30.17:811][506]LogBlueprintUserMessages: [Player_C_0] activated
[2017.05.23-04.30.17:819][507]LogBlueprintUserMessages: [Player_C_0] activated
[2017.05.23-04.30.17:828][508]LogBlueprintUserMessages: [Player_C_0] activated
[2017.05.23-04.30.17:836][509]LogBlueprintUserMessages: [Player_C_0] activated
[2017.05.23-04.30.17:844][510]LogBlueprintUserMessages: [Player_C_0] activated
[2017.05.23-04.30.17:853][511]LogBlueprintUserMessages: [Player_C_0] activated
[2017.05.23-04.30.17:861][512]LogBlueprintUserMessages: [Player_C_0] activated
[2017.05.23-04.30.17:869][513]LogBlueprintUserMessages: [Player_C_0] activated
[2017.05.23-04.30.17:878][514]LogBlueprintUserMessages: [Player_C_0] activated
[2017.05.23-04.30.17:886][515]LogBlueprintUserMessages: [Player_C_0] activated
[2017.05.23-04.30.17:895][516]LogBlueprintUserMessages: [Player_C_0] activated
[2017.05.23-04.30.17:903][517]LogBlueprintUserMessages: [Player_C_0] activated
[2017.05.23-04.30.17:911][518]LogBlueprintUserMessages: [Player_C_0] activated
[2017.05.23-04.30.17:920][519]LogBlueprintUserMessages: [Player_C_0] activated
[2017.05.23-04.30.17:928][520]LogBlueprintUserMessages: [Player_C_0] activated
[2017.05.23-04.30.17:936][521]LogBlueprintUserMessages: [Player_C_0] activated
[2017.05.23-04.30.17:945][522]LogBlueprintUserMessages: [Player_C_0] activated
[2017.05.23-04.30.17:953][523]LogBlueprintUserMessages: [Player_C_0] activated
[2017.05.23-04.30.17:961][524]LogBlueprintUserMessages: [Player_C_0] activated
[2017.05.23-04.30.17:970][525]LogBlueprintUserMessages: [Player_C_0] activated
[2017.05.23-04.30.17:978][526]LogBlueprintUserMessages: [Player_C_0] activated
[2017.05.23-04.30.17:986][527]LogBlueprintUserMessages: [Player_C_0] activated
[2017.05.23-04.30.17:994][528]LogBlueprintUserMessages: [Player_C_0] activated
[2017.05.23-04.30.18:003][529]LogBlueprintUserMessages: [Player_C_0] activated
[2017.05.23-04.30.18:011][530]LogBlueprintUserMessages: [Player_C_0] activated
[2017.05.23-04.30.18:019][531]LogBlueprintUserMessages: [Player_C_0] activated
[2017.05.23-04.30.18:028][532]LogBlueprintUserMessages: [Player_C_0] activated
[2017.05.23-04.30.18:036][533]LogBlueprintUserMessages: [Player_C_0] activated
[2017.05.23-04.30.18:044][534]LogBlueprintUserMessages: [Player_C_0] activated
[2017.05.23-04.30.18:068][535]LogBlueprintUserMessages: [Player_C_0] activated
[2017.05.23-04.30.18:077][536]LogBlueprintUserMessages: [Player_C_0] activated
[2017.05.23-04.30.18:086][537]LogBlueprintUserMessages: [Player_C_0] activated
[2017.05.23-04.30.18:094][538]LogBlueprintUserMessages: [Player_C_0] activated
[2017.05.23-04.30.18:102][539]LogBlueprintUserMessages: [Player_C_0] activated
[2017.05.23-04.30.18:110][540]LogBlueprintUserMessages: [Player_C_0] activated
[2017.05.23-04.30.18:119][541]LogBlueprintUserMessages: [Player_C_0] activated
[2017.05.23-04.30.18:127][542]LogBlueprintUserMessages: [Player_C_0] activated
[2017.05.23-04.30.18:135][543]LogBlueprintUserMessages: [Player_C_0] activated
[2017.05.23-04.30.18:144][544]LogBlueprintUserMessages: [Player_C_0] activated
[2017.05.23-04.30.18:152][545]LogBlueprintUserMessages: [Player_C_0] activated
[2017.05.23-04.30.18:160][546]LogBlueprintUserMessages: [Player_C_0] activated
[2017.05.23-04.30.18:169][547]LogBlueprintUserMessages: [Player_C_0] activated
[2017.05.23-04.30.18:177][548]LogBlueprintUserMessages: [Player_C_0] activated
[2017.05.23-04.30.18:185][549]LogBlueprintUserMessages: [Player_C_0] activated
[2017.05.23-04.30.18:194][550]LogBlueprintUserMessages: [Player_C_0] activated
[2017.05.23-04.30.18:985][645]LogBlueprintUserMessages: [chargeEnemy11_199] dealt dmg from charger
[2017.05.23-04.30.19:236][675]LogBlueprintUserMessages: [chargeEnemy11_199] dealt dmg from charger
[2017.05.23-04.30.19:485][705]LogBlueprintUserMessages: [chargeEnemy11_199] dealt dmg from charger
[2017.05.23-04.30.22:347][ 48]LogBlueprintUserMessages: [chargeEnemy4_23] dealt dmg from charger
[2017.05.23-04.30.22:681][ 88]LogBlueprintUserMessages: [chargeEnemy11_199] dealt dmg from charger
[2017.05.23-04.30.23:022][129]LogBlueprintUserMessages: [chargeEnemy12_38] dealt dmg from charger
[2017.05.23-04.30.23:189][149]LogBlueprintUserMessages: [chargeEnemy11_199] dealt dmg from charger
[2017.05.23-04.30.23:514][188]LogBlueprintUserMessages: [chargeEnemy11_199] dealt dmg from charger
[2017.05.23-04.30.23:831][226]LogBlueprintUserMessages: [chargeEnemy11_199] dealt dmg from charger
[2017.05.23-04.30.24:106][259]LogBlueprintUserMessages: [chargeEnemy11_199] dealt dmg from charger
[2017.05.23-04.30.24:390][293]LogBlueprintUserMessages: [chargeEnemy11_199] dealt dmg from charger
[2017.05.23-04.30.24:649][324]LogBlueprintUserMessages: [chargeEnemy11_199] dealt dmg from charger
[2017.05.23-04.30.25:176][387]LogBlueprintUserMessages: [chargeEnemy11_199] dealt dmg from charger
[2017.05.23-04.30.25:530][429]LogBlueprintUserMessages: [chargeEnemy11_199] dealt dmg from charger
[2017.05.23-04.30.25:919][473]LogBlueprintUserMessages: [chargeEnemy11_199] dealt dmg from charger
[2017.05.23-04.30.26:327][522]LogCharacterMovement: chargeEnemy5_72 is stuck and failed to move! Velocity: X=1.71 Y=-1.71 Z=0.00 Location: X=-28.48 Y=0.79 Z=-145.85 Normal: X=-0.74 Y=-0.67 Z=0.00 PenetrationDepth:0.000 Actor:chargeEnemy11_199 Component:goal_Sprite BoneName:None (0 other events since notify)
[2017.05.23-04.30.26:694][566]LogCharacterMovement: chargeEnemy3_64 is stuck and failed to move! Velocity: X=0.03 Y=4.63 Z=0.00 Location: X=-0.51 Y=55.39 Z=-145.85 Normal: X=-0.92 Y=-0.40 Z=0.00 PenetrationDepth:0.238 Actor:chargeEnemy2_39 Component:goal_Sprite BoneName:None (0 other events since notify)
[2017.05.23-04.30.26:945][596]LogBlueprintUserMessages: [chargeEnemy6_89] dealt dmg from charger
[2017.05.23-04.30.27:197][626]LogBlueprintUserMessages: [chargeEnemy6_89] dealt dmg from charger
[2017.05.23-04.30.27:314][640]LogBlueprintUserMessages: Early EndPlayMap Detection: Level '/Game/Level01.Level01:PersistentLevel' has LevelScriptBlueprint '/Game/Level01.Level01:PersistentLevel.Level01' with GeneratedClass '/Game/Level01.Level01_C' with ClassGeneratedBy '/Game/Level01.Level01:PersistentLevel.Level01'
[2017.05.23-04.30.27:425][640]LogBlueprintUserMessages: Late EndPlayMap Detection: Level '/Game/Level01.Level01:PersistentLevel' has LevelScriptBlueprint '/Game/Level01.Level01:PersistentLevel.Level01' with GeneratedClass '/Game/Level01.Level01_C' with ClassGeneratedBy '/Game/Level01.Level01:PersistentLevel.Level01'
[2017.05.23-04.30.31:567][ 90]LogEnum:Warning: Enum name collision: 'ChargeEnum::NewEnumerator0' is in both '/Game/blueprints/ChargeEnum.ChargeEnum' and '/Game/Enums/ChargeEnum.ChargeEnum'
[2017.05.23-04.30.31:567][ 90]LogEnum:Warning: Enum name collision: 'ChargeEnum::NewEnumerator1' is in both '/Game/blueprints/ChargeEnum.ChargeEnum' and '/Game/Enums/ChargeEnum.ChargeEnum'
[2017.05.23-04.30.31:567][ 90]LogEnum:Warning: Enum name collision: 'ChargeEnum::NewEnumerator2' is in both '/Game/blueprints/ChargeEnum.ChargeEnum' and '/Game/Enums/ChargeEnum.ChargeEnum'
[2017.05.23-04.30.31:567][ 90]LogEnum:Warning: Enum name collision: 'ChargeEnum::ChargeEnum_MAX' is in both '/Game/blueprints/ChargeEnum.ChargeEnum' and '/Game/Enums/ChargeEnum.ChargeEnum'
[2017.05.23-04.30.31:567][ 90]LogEnum:Warning: Enum name collision: 'ChargeEnum::NewEnumerator0' is in both '/Game/blueprints/ChargeEnum.ChargeEnum' and '/Game/Enums/ChargeEnum.ChargeEnum'
[2017.05.23-04.30.31:567][ 90]LogEnum:Warning: Enum name collision: 'ChargeEnum::NewEnumerator1' is in both '/Game/blueprints/ChargeEnum.ChargeEnum' and '/Game/Enums/ChargeEnum.ChargeEnum'
[2017.05.23-04.30.31:567][ 90]LogEnum:Warning: Enum name collision: 'ChargeEnum::NewEnumerator2' is in both '/Game/blueprints/ChargeEnum.ChargeEnum' and '/Game/Enums/ChargeEnum.ChargeEnum'
[2017.05.23-04.30.31:568][ 90]LogEnum:Warning: Enum name collision: 'ComboEnum::NewEnumerator0' is in both '/Game/blueprints/ComboEnum.ComboEnum' and '/Game/Enums/ComboEnum.ComboEnum'
[2017.05.23-04.30.31:568][ 90]LogEnum:Warning: Enum name collision: 'ComboEnum::NewEnumerator1' is in both '/Game/blueprints/ComboEnum.ComboEnum' and '/Game/Enums/ComboEnum.ComboEnum'
[2017.05.23-04.30.31:568][ 90]LogEnum:Warning: Enum name collision: 'ComboEnum::NewEnumerator2' is in both '/Game/blueprints/ComboEnum.ComboEnum' and '/Game/Enums/ComboEnum.ComboEnum'
[2017.05.23-04.30.31:568][ 90]LogEnum:Warning: Enum name collision: 'ComboEnum::NewEnumerator3' is in both '/Game/blueprints/ComboEnum.ComboEnum' and '/Game/Enums/ComboEnum.ComboEnum'
[2017.05.23-04.30.31:568][ 90]LogEnum:Warning: Enum name collision: 'ComboEnum::ComboEnum_MAX' is in both '/Game/blueprints/ComboEnum.ComboEnum' and '/Game/Enums/ComboEnum.ComboEnum'
[2017.05.23-04.30.31:568][ 90]LogEnum:Warning: Enum name collision: 'ComboEnum::NewEnumerator0' is in both '/Game/blueprints/ComboEnum.ComboEnum' and '/Game/Enums/ComboEnum.ComboEnum'
[2017.05.23-04.30.31:568][ 90]LogEnum:Warning: Enum name collision: 'ComboEnum::NewEnumerator1' is in both '/Game/blueprints/ComboEnum.ComboEnum' and '/Game/Enums/ComboEnum.ComboEnum'
[2017.05.23-04.30.31:568][ 90]LogEnum:Warning: Enum name collision: 'ComboEnum::NewEnumerator2' is in both '/Game/blueprints/ComboEnum.ComboEnum' and '/Game/Enums/ComboEnum.ComboEnum'
[2017.05.23-04.30.31:568][ 90]LogEnum:Warning: Enum name collision: 'ComboEnum::NewEnumerator3' is in both '/Game/blueprints/ComboEnum.ComboEnum' and '/Game/Enums/ComboEnum.ComboEnum'
[2017.05.23-04.30.31:569][ 90]LogEnum:Warning: Enum name collision: 'Movement::NewEnumerator0' is in both '/Game/blueprints/Movement.Movement' and '/Game/Enums/Movement.Movement'
[2017.05.23-04.30.31:569][ 90]LogEnum:Warning: Enum name collision: 'Movement::NewEnumerator1' is in both '/Game/blueprints/Movement.Movement' and '/Game/Enums/Movement.Movement'
[2017.05.23-04.30.31:569][ 90]LogEnum:Warning: Enum name collision: 'Movement::NewEnumerator2' is in both '/Game/blueprints/Movement.Movement' and '/Game/Enums/Movement.Movement'
[2017.05.23-04.30.31:569][ 90]LogEnum:Warning: Enum name collision: 'Movement::NewEnumerator3' is in both '/Game/blueprints/Movement.Movement' and '/Game/Enums/Movement.Movement'
[2017.05.23-04.30.31:569][ 90]LogEnum:Warning: Enum name collision: 'Movement::Movement_MAX' is in both '/Game/blueprints/Movement.Movement' and '/Game/Enums/Movement.Movement'
[2017.05.23-04.30.31:569][ 90]LogEnum:Warning: Enum name collision: 'Movement::NewEnumerator0' is in both '/Game/blueprints/Movement.Movement' and '/Game/Enums/Movement.Movement'
[2017.05.23-04.30.31:569][ 90]LogEnum:Warning: Enum name collision: 'Movement::NewEnumerator1' is in both '/Game/blueprints/Movement.Movement' and '/Game/Enums/Movement.Movement'
[2017.05.23-04.30.31:569][ 90]LogEnum:Warning: Enum name collision: 'Movement::NewEnumerator2' is in both '/Game/blueprints/Movement.Movement' and '/Game/Enums/Movement.Movement'
[2017.05.23-04.30.31:569][ 90]LogEnum:Warning: Enum name collision: 'Movement::NewEnumerator3' is in both '/Game/blueprints/Movement.Movement' and '/Game/Enums/Movement.Movement'
[2017.05.23-04.30.31:743][ 90]LogContentBrowser: Native class hierarchy updated for 'BlueprintGraph' in 0.0007 seconds. Added 111 classes and 0 folders.
[2017.05.23-04.31.10:323][321]LogTemp: Repeting last play command: New Editor Window (PIE)
[2017.05.23-04.31.10:337][321]LogBlueprintUserMessages: Early PlayInEditor Detection: Level '/Game/Level01.Level01:PersistentLevel' has LevelScriptBlueprint '/Game/Level01.Level01:PersistentLevel.Level01' with GeneratedClass '/Game/Level01.Level01_C' with ClassGeneratedBy '/Game/Level01.Level01:PersistentLevel.Level01'
[2017.05.23-04.31.10:338][321]BlueprintLog: New page: Pre-Play auto-recompile
[2017.05.23-04.31.10:338][321]LogPlayLevel: [PlayLevel] Compiling Player2 before play...
[2017.05.23-04.31.10:510][321]LogPlayLevel: PlayLevel: Blueprint regeneration took 172 ms (1 blueprints)
[2017.05.23-04.31.10:510][321]PIE: New page: PIE session: Level01 (23 May 2017 11:31:10 pm)
[2017.05.23-04.31.10:510][321]LogPlayLevel: Creating play world package: /Game/UEDPIE_0_Level01
[2017.05.23-04.31.10:513][321]LogPlayLevel: PIE: StaticDuplicateObject took: (0.002561s)
[2017.05.23-04.31.10:513][321]LogAIModule: Creating AISystem for world Level01
[2017.05.23-04.31.10:513][321]LogPlayLevel: PIE: World Init took: (0.000350s)
[2017.05.23-04.31.10:514][321]LogPlayLevel: PIE: Created PIE world by copying editor world from /Game/Level01.Level01 to /Game/UEDPIE_0_Level01.Level01 (0.003049s)
[2017.05.23-04.31.10:526][321]LogInit: XAudio2 using 'Speakers (Realtek High Definition Audio)' : 2 channels at 48 kHz using 32 bits per sample (channel mask 0x3)
[2017.05.23-04.31.10:544][321]LogInit: FAudioDevice initialized.
[2017.05.23-04.31.10:585][321]LogLoad: Game class is 'BasicLevelMode_C'
[2017.05.23-04.31.10:586][321]LogWorld: Bringing World /Game/UEDPIE_0_Level01.Level01 up for play (max tick rate 0) at 2017.05.23-14.01.10
[2017.05.23-04.31.10:587][321]LogWorld: Bringing up level for play took: 0.002188
[2017.05.23-04.31.10:588][321]LogGameMode:Display: Match State Changed from EnteringMap to WaitingToStart
[2017.05.23-04.31.10:588][321]LogGameState: Match State Changed from EnteringMap to WaitingToStart
[2017.05.23-04.31.10:588][321]LogGameMode:Display: Match State Changed from WaitingToStart to InProgress
[2017.05.23-04.31.10:589][321]LogPlayerManagement:Error: Failed to Create Player: A local player already exists for controller ID 0,
[2017.05.23-04.31.10:590][321]LogGameState: Match State Changed from WaitingToStart to InProgress
[2017.05.23-04.31.10:593][321]PIE: Info Play in editor start time for /Game/UEDPIE_0_Level01 0.255
[2017.05.23-04.31.10:593][321]LogBlueprintUserMessages: Late PlayInEditor Detection: Level '/Game/Level01.Level01:PersistentLevel' has LevelScriptBlueprint '/Game/Level01.Level01:PersistentLevel.Level01' with GeneratedClass '/Game/Level01.Level01_C' with ClassGeneratedBy '/Game/Level01.Level01:PersistentLevel.Level01'
[2017.05.23-04.31.13:116][619]LogBlueprintUserMessages: [Player_C_0] activated
[2017.05.23-04.31.13:117][619]LogBlueprintUserMessages: [Player_C_0] activated
[2017.05.23-04.31.13:125][620]LogBlueprintUserMessages: [Player_C_0] activated
[2017.05.23-04.31.13:134][621]LogBlueprintUserMessages: [Player_C_0] activated
[2017.05.23-04.31.13:142][622]LogBlueprintUserMessages: [Player_C_0] activated
[2017.05.23-04.31.13:150][623]LogBlueprintUserMessages: [Player_C_0] activated
[2017.05.23-04.31.13:158][624]LogBlueprintUserMessages: [Player_C_0] activated
[2017.05.23-04.31.13:167][625]LogBlueprintUserMessages: [Player_C_0] activated
[2017.05.23-04.31.13:175][626]LogBlueprintUserMessages: [Player_C_0] activated
[2017.05.23-04.31.13:183][627]LogBlueprintUserMessages: [Player_C_0] activated
[2017.05.23-04.31.13:192][628]LogBlueprintUserMessages: [Player_C_0] activated
[2017.05.23-04.31.13:200][629]LogBlueprintUserMessages: [Player_C_0] activated
[2017.05.23-04.31.13:209][630]LogBlueprintUserMessages: [Player_C_0] activated
[2017.05.23-04.31.13:217][631]LogBlueprintUserMessages: [Player_C_0] activated
[2017.05.23-04.31.13:225][632]LogBlueprintUserMessages: [Player_C_0] activated
[2017.05.23-04.31.13:234][633]LogBlueprintUserMessages: [Player_C_0] activated
[2017.05.23-04.31.13:242][634]LogBlueprintUserMessages: [Player_C_0] activated
[2017.05.23-04.31.13:250][635]LogBlueprintUserMessages: [Player_C_0] activated
[2017.05.23-04.31.13:259][636]LogBlueprintUserMessages: [Player_C_0] activated
[2017.05.23-04.31.13:267][637]LogBlueprintUserMessages: [Player_C_0] activated
[2017.05.23-04.31.13:275][638]LogBlueprintUserMessages: [Player_C_0] activated
[2017.05.23-04.31.13:283][639]LogBlueprintUserMessages: [Player_C_0] activated
[2017.05.23-04.31.13:292][640]LogBlueprintUserMessages: [Player_C_0] activated
[2017.05.23-04.31.13:300][641]LogBlueprintUserMessages: [Player_C_0] activated
[2017.05.23-04.31.13:308][642]LogBlueprintUserMessages: [Player_C_0] activated
[2017.05.23-04.31.13:317][643]LogBlueprintUserMessages: [Player_C_0] activated
[2017.05.23-04.31.13:325][644]LogBlueprintUserMessages: [Player_C_0] activated
[2017.05.23-04.31.13:333][645]LogBlueprintUserMessages: [Player_C_0] activated
[2017.05.23-04.31.13:342][646]LogBlueprintUserMessages: [Player_C_0] activated
[2017.05.23-04.31.13:350][647]LogBlueprintUserMessages: [Player_C_0] activated
[2017.05.23-04.31.13:358][648]LogBlueprintUserMessages: [Player_C_0] activated
[2017.05.23-04.31.13:366][649]LogBlueprintUserMessages: [Player_C_0] activated
[2017.05.23-04.31.13:375][650]LogBlueprintUserMessages: [Player_C_0] activated
[2017.05.23-04.31.13:383][651]LogBlueprintUserMessages: [Player_C_0] activated
[2017.05.23-04.31.13:392][652]LogBlueprintUserMessages: [Player_C_0] activated
[2017.05.23-04.31.13:400][653]LogBlueprintUserMessages: [Player_C_0] activated
[2017.05.23-04.31.13:409][654]LogBlueprintUserMessages: [Player_C_0] activated
[2017.05.23-04.31.13:417][655]LogBlueprintUserMessages: [Player_C_0] activated
[2017.05.23-04.31.13:425][656]LogBlueprintUserMessages: [Player_C_0] activated
[2017.05.23-04.31.13:433][657]LogBlueprintUserMessages: [Player_C_0] activated
[2017.05.23-04.31.13:442][658]LogBlueprintUserMessages: [Player_C_0] activated
[2017.05.23-04.31.13:450][659]LogBlueprintUserMessages: [Player_C_0] activated
[2017.05.23-04.31.13:458][660]LogBlueprintUserMessages: [Player_C_0] activated
[2017.05.23-04.31.13:467][661]LogBlueprintUserMessages: [Player_C_0] activated
[2017.05.23-04.31.13:475][662]LogBlueprintUserMessages: [Player_C_0] activated
[2017.05.23-04.31.13:483][663]LogBlueprintUserMessages: [Player_C_0] activated
[2017.05.23-04.31.13:492][664]LogBlueprintUserMessages: [Player_C_0] activated
[2017.05.23-04.31.13:500][665]LogBlueprintUserMessages: [Player_C_0] activated
[2017.05.23-04.31.13:508][666]LogBlueprintUserMessages: [Player_C_0] activated
[2017.05.23-04.31.13:921][715]LogBlueprintUserMessages: Early EndPlayMap Detection: Level '/Game/Level01.Level01:PersistentLevel' has LevelScriptBlueprint '/Game/Level01.Level01:PersistentLevel.Level01' with GeneratedClass '/Game/Level01.Level01_C' with ClassGeneratedBy '/Game/Level01.Level01:PersistentLevel.Level01'
[2017.05.23-04.31.13:980][715]LogBlueprintUserMessages: Late EndPlayMap Detection: Level '/Game/Level01.Level01:PersistentLevel' has LevelScriptBlueprint '/Game/Level01.Level01:PersistentLevel.Level01' with GeneratedClass '/Game/Level01.Level01_C' with ClassGeneratedBy '/Game/Level01.Level01:PersistentLevel.Level01'
[2017.05.23-04.31.52:766][332]LogBlueprint:Error: [Compiler MainMenu2] Error Spawn node  K2Node_CreateWidget_0  must have a class specified.
[2017.05.23-04.31.52:768][332]LogBlueprint:Warning: [Compiler MainMenu2] Warning [0172.40] Compile of MainMenu2 failed. 1 Fatal Issue(s) 0 Warning(s) [in 3 ms] (/Game/blueprints/MainMenu2.MainMenu2)
[2017.05.23-04.31.52:769][332]LogBlueprint:Warning: [Compiler MainMenu2] Warning [0172.41] Compile of MainMenu2 failed. 1 Fatal Issue(s) 1 Warning(s) [in 0 ms] (/Game/blueprints/MainMenu2.MainMenu2)
[2017.05.23-04.31.52:769][332]LogBlueprint:Warning: [Compiler MainMenu2] Warning [0172.41] Compile of MainMenu2 failed. 1 Fatal Issue(s) 2 Warning(s) [in 0 ms] (/Game/blueprints/MainMenu2.MainMenu2)
[2017.05.23-04.32.54:854][358]LogTemp:Display: Executing iPhonePackager certificates Engine -bundlename com.YourCompany.musicGame04

[2017.05.23-04.32.54:854][358]LogTemp:Display: CWD: E:\Epic Games\Epic Games\UE_4.14\Engine\Binaries\DotNet\IOS

[2017.05.23-04.32.54:854][358]LogTemp:Display: Initial Dir: E:\Epic Games\Epic Games\UE_4.14

[2017.05.23-04.32.54:854][358]LogTemp:Display: Env CWD: E:\Epic Games\Epic Games\UE_4.14\Engine\Binaries\DotNet\IOS

[2017.05.23-04.32.54:854][358]LogTemp:Display: BranchPath = DESKTOP-57H6M94/E/Epic Games/Epic Games/UE_4.14/Engine/Binaries --- GameBranchPath = DESKTOP-57H6M94/E/Epic Games/Epic Games/UE_4.14/Engine/Binaries

[2017.05.23-04.32.54:854][358]LogTemp:Display: IPP ERROR: Application exception: System.IO.DirectoryNotFoundException: Could not find a part of the path 'C:\Users\lordz\AppData\Local\Apple Computer\MobileDevice\Provisioning Profiles'.

[2017.05.23-04.32.54:854][358]LogTemp:Display:    at System.IO.__Error.WinIOError(Int32 errorCode, String maybeFullPath)

[2017.05.23-04.32.54:854][358]LogTemp:Display:    at System.IO.FileSystemEnumerableIterator`1.CommonInit()

[2017.05.23-04.32.54:854][358]LogTemp:Display:    at System.IO.Directory.EnumerateFiles(String path, String searchPattern)

[2017.05.23-04.32.54:854][358]LogTemp:Display:    at iPhonePackager.CodeSignatureBuilder.FindProvisions(String CFBundleIdentifier)

[2017.05.23-04.32.54:854][358]LogTemp:Display:    at iPhonePackager.Program.Main(String[] args)

[2017.05.23-04.32.54:854][358]LogSlate: Only BGRA pngs, bmps or icos are supported in by External Image Picker
[2017.05.23-04.35.16:616][531]LogWindowsTextInputMethodSystem:Display: IME system now deactivated.
[2017.05.23-04.35.16:797][532]Cmd: QUIT_EDITOR
[2017.05.23-04.35.17:677][532]LogExit: Preparing to exit.
[2017.05.23-04.35.18:829][532]LogDirectoryWatcher: A directory notification for 'E:/GitHub/superMusicGame/Content/' was aborted.
[2017.05.23-04.35.18:851][532]LogExit: Editor shut down
[2017.05.23-04.35.18:852][532]LogExit: Transaction tracking system shut down
[2017.05.23-04.35.18:904][532]LogObj: Freed 0b from 0 cluster array pools.
[2017.05.23-04.35.18:904][532]LogExit: Object subsystem successfully closed.
[2017.05.23-04.35.18:915][532]LogD3D11RHI: Shutdown
[2017.05.23-04.35.18:915][532]LogD3D11RHI: CleanupD3DDevice
[2017.05.23-04.35.18:954][532]LogD3D11RHI: ~FD3D11DynamicRHI
[2017.05.23-04.35.18:971][532]LogHttp:Display: Http module shutting down, but needs to wait on 1 outstanding Http requests:
[2017.05.23-04.35.18:971][532]LogHttp:Display: 	verb=[POST] url=[https://datarouter.ol.epicgames.com/datarouter/api/v1/public/data?SessionID=%7B48E1A96D-47D8-E82B-2796-7C9DE0AC6AF9%7D&AppID=UEEditor.Rocket.Release&AppVersion=4.14.3-3249277%2B%2B%2BUE4%2BRelease-4.14&UserID=9638255e47524c402774439580c5d2a4%7C7cabc173f4c94224882b4e1e7c8204b2%7C26fd4af3-dc48-4c1d-b8f7-08189fde4079&AppEnvironment=datacollector-binary&UploadType=eteventstream] status=Processing
[2017.05.23-04.35.19:002][532]LogModuleManager: Shutting down and abandoning module ExternalImagePicker (246)
[2017.05.23-04.35.19:002][532]LogModuleManager: Shutting down and abandoning module SequencerWidgets (245)
[2017.05.23-04.35.19:002][532]LogModuleManager: Shutting down and abandoning module BlueprintGraph (244)
[2017.05.23-04.35.19:002][532]LogModuleManager: Shutting down and abandoning module BlueprintProfiler (243)
[2017.05.23-04.35.19:011][532]LogModuleManager: Shutting down and abandoning module MovieSceneCapture (242)
[2017.05.23-04.35.19:011][532]LogModuleManager: Shutting down and abandoning module HierarchicalLODOutliner (241)
[2017.05.23-04.35.19:011][532]LogModuleManager: Shutting down and abandoning module CrashTracker (240)
[2017.05.23-04.35.19:011][532]LogModuleManager: Shutting down and abandoning module SceneOutliner (239)
[2017.05.23-04.35.19:011][532]LogModuleManager: Shutting down and abandoning module WidgetCarousel (238)
[2017.05.23-04.35.19:011][532]LogModuleManager: Shutting down and abandoning module AddContentDialog (237)
[2017.05.23-04.35.19:011][532]LogDirectoryWatcher: A directory notification for 'E:/Epic Games/Epic Games/UE_4.14/FeaturePacks/' was aborted.
[2017.05.23-04.35.19:012][532]LogModuleManager: Shutting down and abandoning module GameplayTags (236)
[2017.05.23-04.35.19:012][532]LogModuleManager: Shutting down and abandoning module EditorWidgets (235)
[2017.05.23-04.35.19:012][532]LogModuleManager: Shutting down and abandoning module CollectionManager (234)
[2017.05.23-04.35.19:012][532]LogDirectoryWatcher: A directory notification for 'E:/GitHub/superMusicGame/Content/Collections/' was aborted.
[2017.05.23-04.35.19:012][532]LogDirectoryWatcher: A directory notification for 'E:/GitHub/superMusicGame/Content/Developers/lordz/Collections/' was aborted.
[2017.05.23-04.35.19:012][532]LogDirectoryWatcher: A directory notification for 'E:/GitHub/superMusicGame/Saved/Collections/' was aborted.
[2017.05.23-04.35.19:012][532]LogModuleManager: Shutting down and abandoning module StatsViewer (233)
[2017.05.23-04.35.19:012][532]LogModuleManager: Shutting down and abandoning module FoliageEdit (232)
[2017.05.23-04.35.19:012][532]LogModuleManager: Shutting down and abandoning module LandscapeEditor (231)
[2017.05.23-04.35.19:029][532]LogModuleManager: Shutting down and abandoning module SceneDepthPickerMode (230)
[2017.05.23-04.35.19:029][532]LogModuleManager: Shutting down and abandoning module ActorPickerMode (229)
[2017.05.23-04.35.19:029][532]LogModuleManager: Shutting down and abandoning module GeometryMode (228)
[2017.05.23-04.35.19:029][532]LogModuleManager: Shutting down and abandoning module TextureAlignMode (227)
[2017.05.23-04.35.19:029][532]LogModuleManager: Shutting down and abandoning module BspMode (226)
[2017.05.23-04.35.19:029][532]LogModuleManager: Shutting down and abandoning module HardwareSurvey (225)
[2017.05.23-04.35.19:029][532]LogModuleManager: Shutting down and abandoning module SequenceRecorderSections (224)
[2017.05.23-04.35.19:029][532]LogModuleManager: Shutting down and abandoning module AutomationWorker (223)
[2017.05.23-04.35.19:029][532]LogModuleManager: Shutting down and abandoning module MatineeToLevelSequence (222)
[2017.05.23-04.35.19:029][532]LogModuleManager: Shutting down and abandoning module PlacementMode (221)
[2017.05.23-04.35.19:029][532]LogModuleManager: Shutting down and abandoning module LevelSequenceEditor (220)
[2017.05.23-04.35.19:029][532]LogModuleManager: Shutting down and abandoning module WmfMediaFactory (219)
[2017.05.23-04.35.19:029][532]LogModuleManager: Shutting down and abandoning module WmfMediaEditor (218)
[2017.05.23-04.35.19:029][532]LogModuleManager: Shutting down and abandoning module AvfMediaFactory (217)
[2017.05.23-04.35.19:029][532]LogModuleManager: Shutting down and abandoning module AvfMediaEditor (216)
[2017.05.23-04.35.19:029][532]LogModuleManager: Shutting down and abandoning module Media (215)
[2017.05.23-04.35.19:029][532]LogModuleManager: Shutting down and abandoning module AndroidMediaFactory (214)
[2017.05.23-04.35.19:029][532]LogModuleManager: Shutting down and abandoning module AndroidMediaEditor (213)
[2017.05.23-04.35.19:029][532]LogModuleManager: Shutting down and abandoning module CharacterAI (212)
[2017.05.23-04.35.19:029][532]LogModuleManager: Shutting down and abandoning module SequenceRecorder (211)
[2017.05.23-04.35.19:029][532]LogModuleManager: Shutting down and abandoning module AudioCapture (210)
[2017.05.23-04.35.19:029][532]LogModuleManager: Shutting down and abandoning module SmartSnapping (209)
[2017.05.23-04.35.19:029][532]LogModuleManager: Shutting down and abandoning module SessionServices (208)
[2017.05.23-04.35.19:029][532]LogModuleManager: Shutting down and abandoning module ViewportSnapping (207)
[2017.05.23-04.35.19:029][532]LogModuleManager: Shutting down and abandoning module ViewportInteraction (206)
[2017.05.23-04.35.19:029][532]LogModuleManager: Shutting down and abandoning module LogVisualizer (205)
[2017.05.23-04.35.19:029][532]LogModuleManager: Shutting down and abandoning module GameProjectGeneration (204)
[2017.05.23-04.35.19:029][532]LogModuleManager: Shutting down and abandoning module IntroTutorials (203)
[2017.05.23-04.35.19:029][532]LogModuleManager: Shutting down and abandoning module EditorLiveStreaming (202)
[2017.05.23-04.35.19:029][532]LogModuleManager: Shutting down and abandoning module IOSPlatformEditor (201)
[2017.05.23-04.35.19:029][532]LogModuleManager: Shutting down and abandoning module HTML5PlatformEditor (200)
[2017.05.23-04.35.19:029][532]LogModuleManager: Shutting down and abandoning module AndroidDeviceDetection (199)
[2017.05.23-04.35.19:474][532]LogModuleManager: Shutting down and abandoning module AndroidPlatformEditor (198)
[2017.05.23-04.35.19:474][532]LogModuleManager: Shutting down and abandoning module IOSRuntimeSettings (197)
[2017.05.23-04.35.19:474][532]LogModuleManager: Shutting down and abandoning module AndroidRuntimeSettings (196)
[2017.05.23-04.35.19:474][532]LogModuleManager: Shutting down and abandoning module InputBindingEditor (195)
[2017.05.23-04.35.19:474][532]LogModuleManager: Shutting down and abandoning module NiagaraEditor (194)
[2017.05.23-04.35.19:474][532]LogModuleManager: Shutting down and abandoning module MergeActors (193)
[2017.05.23-04.35.19:474][532]LogModuleManager: Shutting down and abandoning module SizeMap (192)
[2017.05.23-04.35.19:474][532]LogModuleManager: Shutting down and abandoning module TreeMap (191)
[2017.05.23-04.35.19:474][532]LogModuleManager: Shutting down and abandoning module ReferenceViewer (190)
[2017.05.23-04.35.19:474][532]LogModuleManager: Shutting down and abandoning module LocalizationService (189)
[2017.05.23-04.35.19:474][532]LogModuleManager: Shutting down and abandoning module LocalizationDashboard (188)
[2017.05.23-04.35.19:474][532]LogModuleManager: Shutting down and abandoning module HardwareTargeting (187)
[2017.05.23-04.35.19:474][532]LogModuleManager: Shutting down and abandoning module DeviceProfileEditor (186)
[2017.05.23-04.35.19:474][532]LogModuleManager: Shutting down and abandoning module UndoHistory (185)
[2017.05.23-04.35.19:474][532]LogModuleManager: Shutting down and abandoning module UserFeedback (184)
[2017.05.23-04.35.19:474][532]LogModuleManager: Shutting down and abandoning module XmlParser (183)
[2017.05.23-04.35.19:474][532]LogModuleManager: Shutting down and abandoning module Blutility (182)
[2017.05.23-04.35.19:474][532]LogModuleManager: Shutting down and abandoning module ProjectTargetPlatformEditor (181)
[2017.05.23-04.35.19:474][532]LogModuleManager: Shutting down and abandoning module ProjectSettingsViewer (180)
[2017.05.23-04.35.19:474][532]LogModuleManager: Shutting down and abandoning module EditorSettingsViewer (179)
[2017.05.23-04.35.19:474][532]LogModuleManager: Shutting down and abandoning module SettingsEditor (178)
[2017.05.23-04.35.19:474][532]LogModuleManager: Shutting down and abandoning module ProjectLauncher (177)
[2017.05.23-04.35.19:474][532]LogModuleManager: Shutting down and abandoning module SessionFrontend (176)
[2017.05.23-04.35.19:474][532]LogModuleManager: Shutting down and abandoning module ProfilerClient (175)
[2017.05.23-04.35.19:474][532]LogModuleManager: Shutting down and abandoning module TargetDeviceServices (174)
[2017.05.23-04.35.19:474][532]LogModuleManager: Shutting down and abandoning module DeviceManager (173)
[2017.05.23-04.35.19:515][532]LogModuleManager: Shutting down and abandoning module AutomationController (172)
[2017.05.23-04.35.19:515][532]LogModuleManager: Shutting down and abandoning module AutomationWindow (171)
[2017.05.23-04.35.19:515][532]LogModuleManager: Shutting down and abandoning module Layers (170)
[2017.05.23-04.35.19:515][532]LogModuleManager: Shutting down and abandoning module ComponentVisualizers (169)
[2017.05.23-04.35.19:515][532]LogModuleManager: Shutting down and abandoning module DetailCustomizations (168)
[2017.05.23-04.35.19:515][532]LogModuleManager: Shutting down and abandoning module PackagesDialog (167)
[2017.05.23-04.35.19:515][532]LogModuleManager: Shutting down and abandoning module AnimGraph (166)
[2017.05.23-04.35.19:515][532]LogModuleManager: Shutting down and abandoning module Persona (165)
[2017.05.23-04.35.19:515][532]LogModuleManager: Shutting down and abandoning module Kismet (164)
[2017.05.23-04.35.19:519][532]LogModuleManager: Shutting down and abandoning module GraphEditor (163)
[2017.05.23-04.35.19:519][532]LogModuleManager: Shutting down and abandoning module ClassViewer (162)
[2017.05.23-04.35.19:519][532]LogModuleManager: Shutting down and abandoning module Toolbox (161)
[2017.05.23-04.35.19:519][532]LogModuleManager: Shutting down and abandoning module ModuleUI (160)
[2017.05.23-04.35.19:519][532]LogModuleManager: Shutting down and abandoning module MovieSceneTools (159)
[2017.05.23-04.35.19:519][532]LogModuleManager: Shutting down and abandoning module OutputLog (158)
[2017.05.23-04.35.19:519][532]LogModuleManager: Shutting down and abandoning module GammaUI (157)
[2017.05.23-04.35.19:519][532]LogModuleManager: Shutting down and abandoning module Documentation (156)
[2017.05.23-04.35.19:519][532]LogModuleManager: Shutting down and abandoning module Niagara (155)
[2017.05.23-04.35.19:519][532]LogModuleManager: Shutting down and abandoning module StreamingPauseRendering (154)
[2017.05.23-04.35.19:519][532]LogModuleManager: Shutting down and abandoning module AnalyticsET (153)
[2017.05.23-04.35.19:519][532]LogModuleManager: Shutting down and abandoning module PortalServices (152)
[2017.05.23-04.35.19:519][532]LogModuleManager: Shutting down and abandoning module PortalRpc (151)
[2017.05.23-04.35.19:519][532]LogModuleManager: Shutting down and abandoning module MessagingRpc (150)
[2017.05.23-04.35.19:519][532]LogModuleManager: Shutting down and abandoning module GameplayDebugger (149)
[2017.05.23-04.35.19:519][532]LogModuleManager: Shutting down and abandoning module AITestSuite (148)
[2017.05.23-04.35.19:519][532]LogModuleManager: Shutting down and abandoning module AIModule (147)
[2017.05.23-04.35.19:519][532]LogModuleManager: Shutting down and abandoning module ProfilerService (146)
[2017.05.23-04.35.19:710][532]LogModuleManager: Shutting down and abandoning module TaskGraph (145)
[2017.05.23-04.35.19:710][532]LogModuleManager: Shutting down and abandoning module SlateRemote (144)
[2017.05.23-04.35.19:710][532]LogModuleManager: Shutting down and abandoning module SteamVRController (143)
[2017.05.23-04.35.19:710][532]LogModuleManager: Shutting down and abandoning module SteamVR (142)
[2017.05.23-04.35.19:710][532]LogModuleManager: Shutting down and abandoning module ProceduralMeshComponentEditor (141)
[2017.05.23-04.35.19:710][532]LogModuleManager: Shutting down and abandoning module ProceduralMeshComponent (140)
[2017.05.23-04.35.19:710][532]LogModuleManager: Shutting down and abandoning module OculusLibrary (139)
[2017.05.23-04.35.19:710][532]LogModuleManager: Shutting down and abandoning module OculusInput (138)
[2017.05.23-04.35.19:710][532]LogModuleManager: Shutting down and abandoning module MobilePatchingUtils (137)
[2017.05.23-04.35.19:710][532]LogModuleManager: Shutting down and abandoning module CustomMeshComponent (136)
[2017.05.23-04.35.19:710][532]LogModuleManager: Shutting down and abandoning module CableComponent (135)
[2017.05.23-04.35.19:710][532]LogModuleManager: Shutting down and abandoning module ArchVisCharacter (134)
[2017.05.23-04.35.19:711][532]LogModuleManager: Shutting down and abandoning module MediaPlayerEditor (132)
[2017.05.23-04.35.19:711][532]LogModuleManager: Shutting down and abandoning module HTML5Networking (131)
[2017.05.23-04.35.19:711][532]LogModuleManager: Shutting down and abandoning module GeometryCacheEd (130)
[2017.05.23-04.35.19:711][532]LogModuleManager: Shutting down and abandoning module GeometryCache (129)
[2017.05.23-04.35.19:711][532]LogModuleManager: Shutting down and abandoning module AlembicLibrary (128)
[2017.05.23-04.35.19:711][532]LogModuleManager: Shutting down and abandoning module AlembicImporter (127)
[2017.05.23-04.35.19:711][532]LogModuleManager: Shutting down and abandoning module SuperSearch (126)
[2017.05.23-04.35.19:711][532]LogModuleManager: Shutting down and abandoning module SuperSearchEditor (125)
[2017.05.23-04.35.19:711][532]LogModuleManager: Shutting down and abandoning module SpeedTreeImporter (124)
[2017.05.23-04.35.19:711][532]LogModuleManager: Shutting down and abandoning module PluginBrowser (123)
[2017.05.23-04.35.19:711][532]LogModuleManager: Shutting down and abandoning module MobileLauncherProfileWizard (122)
[2017.05.23-04.35.19:711][532]LogModuleManager: Shutting down and abandoning module EpicSurvey (121)
[2017.05.23-04.35.19:711][532]LogModuleManager: Shutting down and abandoning module DesktopPlatform (120)
[2017.05.23-04.35.19:711][532]LogModuleManager: Shutting down and abandoning module VisualStudioSourceCodeAccess (119)
[2017.05.23-04.35.19:711][532]LogModuleManager: Shutting down and abandoning module UObjectPlugin (118)
[2017.05.23-04.35.19:711][532]LogModuleManager: Shutting down and abandoning module SubversionSourceControl (117)
[2017.05.23-04.35.19:711][532]LogModuleManager: Shutting down and abandoning module PerforceSourceControl (116)
[2017.05.23-04.35.19:711][532]LogModuleManager: Shutting down and abandoning module SourceControl (115)
[2017.05.23-04.35.19:711][532]LogModuleManager: Shutting down and abandoning module GitSourceControl (114)
[2017.05.23-04.35.19:711][532]LogModuleManager: Shutting down and abandoning module LightPropagationVolumeEditor (113)
[2017.05.23-04.35.19:711][532]LogModuleManager: Shutting down and abandoning module PaperTiledImporter (112)
[2017.05.23-04.35.19:711][532]LogModuleManager: Shutting down and abandoning module PaperSpriteSheetImporter (111)
[2017.05.23-04.35.19:711][532]LogModuleManager: Shutting down and abandoning module MeshPaint (110)
[2017.05.23-04.35.19:711][532]LogModuleManager: Shutting down and abandoning module PixelInspectorModule (109)
[2017.05.23-04.35.19:711][532]LogModuleManager: Shutting down and abandoning module HotReload (108)
[2017.05.23-04.35.19:711][532]LogModuleManager: Shutting down and abandoning module MainFrame (107)
[2017.05.23-04.35.19:711][532]LogModuleManager: Shutting down and abandoning module LevelEditor (106)
[2017.05.23-04.35.19:712][532]LogModuleManager: Shutting down and abandoning module ContentBrowser (105)
[2017.05.23-04.35.19:712][532]LogModuleManager: Shutting down and abandoning module Paper2DEditor (104)
[2017.05.23-04.35.19:712][532]LogModuleManager: Shutting down and abandoning module UdpMessaging (103)
[2017.05.23-04.35.19:813][532]LogModuleManager: Shutting down and abandoning module TcpMessaging (102)
[2017.05.23-04.35.19:913][532]LogModuleManager: Shutting down and abandoning module LightPropagationVolumeRuntime (101)
[2017.05.23-04.35.19:913][532]LogModuleManager: Shutting down and abandoning module Paper2D (100)
[2017.05.23-04.35.19:913][532]LogModuleManager: Shutting down and abandoning module WindowsMoviePlayer (99)
[2017.05.23-04.35.19:913][532]LogModuleManager: Shutting down and abandoning module WmfMedia (98)
[2017.05.23-04.35.19:913][532]LogModuleManager: Shutting down and abandoning module MediaAssets (97)
[2017.05.23-04.35.19:913][532]LogModuleManager: Shutting down and abandoning module GameLiveStreaming (96)
[2017.05.23-04.35.19:913][532]LogModuleManager: Shutting down and abandoning module GameplayTagsEditor (95)
[2017.05.23-04.35.19:913][532]LogModuleManager: Shutting down and abandoning module VREditor (94)
[2017.05.23-04.35.19:913][532]LogModuleManager: Shutting down and abandoning module GameplayTasksEditor (93)
[2017.05.23-04.35.19:913][532]LogModuleManager: Shutting down and abandoning module BehaviorTreeEditor (92)
[2017.05.23-04.35.19:913][532]LogModuleManager: Shutting down and abandoning module FunctionalTesting (91)
[2017.05.23-04.35.19:913][532]LogModuleManager: Shutting down and abandoning module CollisionAnalyzer (90)
[2017.05.23-04.35.19:913][532]LogModuleManager: Shutting down and abandoning module Sequencer (89)
[2017.05.23-04.35.19:913][532]LogModuleManager: Shutting down and abandoning module WorkspaceMenuStructure (88)
[2017.05.23-04.35.19:913][532]LogModuleManager: Shutting down and abandoning module MessageLog (87)
[2017.05.23-04.35.19:913][532]LogModuleManager: Shutting down and abandoning module AssetTools (86)
[2017.05.23-04.35.19:913][532]LogModuleManager: Shutting down and abandoning module UMGEditor (85)
[2017.05.23-04.35.19:913][532]LogModuleManager: Shutting down and abandoning module UMG (84)
[2017.05.23-04.35.19:913][532]LogModuleManager: Shutting down and abandoning module SlateReflector (83)
[2017.05.23-04.35.19:913][532]LogModuleManager: Shutting down and abandoning module Slate (82)
[2017.05.23-04.35.19:913][532]LogModuleManager: Shutting down and abandoning module EditorStyle (81)
[2017.05.23-04.35.19:915][532]LogModuleManager: Shutting down and abandoning module SourceCodeAccess (80)
[2017.05.23-04.35.19:915][532]LogModuleManager: Shutting down and abandoning module HeadMountedDisplay (79)
[2017.05.23-04.35.19:915][532]LogModuleManager: Shutting down and abandoning module XAudio2 (78)
[2017.05.23-04.35.19:915][532]LogModuleManager: Shutting down and abandoning module Networking (76)
[2017.05.23-04.35.19:915][532]LogModuleManager: Shutting down and abandoning module Core (75)
[2017.05.23-04.35.19:915][532]LogModuleManager: Shutting down and abandoning module DirectoryWatcher (74)
[2017.05.23-04.35.19:915][532]LogDirectoryWatcher: A directory notification for '../../../Engine/Content/' was aborted.
[2017.05.23-04.35.19:915][532]LogDirectoryWatcher: A directory notification for '../../../../../../GitHub/superMusicGame/Content/' was aborted.
[2017.05.23-04.35.19:915][532]LogDirectoryWatcher: A directory notification for '../../../Engine/Plugins/2D/Paper2D/Content/' was aborted.
[2017.05.23-04.35.19:915][532]LogModuleManager: Shutting down and abandoning module AssetRegistry (73)
[2017.05.23-04.35.20:065][532]LogModuleManager: Shutting down and abandoning module KismetCompiler (72)
[2017.05.23-04.35.20:065][532]LogModuleManager: Shutting down and abandoning module PhysXFormats (71)
[2017.05.23-04.35.20:065][532]LogModuleManager: Shutting down and abandoning module SimplygonSwarm (70)
[2017.05.23-04.35.20:065][532]LogModuleManager: Shutting down and abandoning module SimplygonMeshReduction (69)
[2017.05.23-04.35.20:065][532]LogModuleManager: Shutting down and abandoning module QuadricMeshReduction (68)
[2017.05.23-04.35.20:065][532]LogModuleManager: Shutting down and abandoning module PropertyEditor (67)
[2017.05.23-04.35.20:065][532]LogModuleManager: Shutting down and abandoning module MeshUtilities (66)
[2017.05.23-04.35.20:065][532]LogModuleManager: Shutting down and abandoning module DerivedDataCache (65)
[2017.05.23-04.35.20:117][532]LogDerivedDataCache: Shutdown
[2017.05.23-04.35.20:117][532]LogModuleManager: Shutting down and abandoning module VulkanShaderFormat (64)
[2017.05.23-04.35.20:117][532]LogModuleManager: Shutting down and abandoning module ShaderFormatOpenGL (63)
[2017.05.23-04.35.20:117][532]LogModuleManager: Shutting down and abandoning module ShaderFormatD3D (62)
[2017.05.23-04.35.20:117][532]LogModuleManager: Shutting down and abandoning module MetalShaderFormat (61)
[2017.05.23-04.35.20:117][532]LogModuleManager: Shutting down and abandoning module TextureFormatUncompressed (60)
[2017.05.23-04.35.20:117][532]LogModuleManager: Shutting down and abandoning module TextureFormatPVR (59)
[2017.05.23-04.35.20:117][532]LogModuleManager: Shutting down and abandoning module TextureFormatDXT (58)
[2017.05.23-04.35.20:117][532]LogModuleManager: Shutting down and abandoning module TextureFormatIntelISPCTexComp (57)
[2017.05.23-04.35.20:118][532]LogModuleManager: Shutting down and abandoning module ImageWrapper (56)
[2017.05.23-04.35.20:118][532]LogModuleManager: Shutting down and abandoning module TextureFormatASTC (55)
[2017.05.23-04.35.20:118][532]LogModuleManager: Shutting down and abandoning module TextureFormatAndroid (54)
[2017.05.23-04.35.20:118][532]LogModuleManager: Shutting down and abandoning module AudioFormatOpus (53)
[2017.05.23-04.35.20:118][532]LogModuleManager: Shutting down and abandoning module AudioFormatOgg (52)
[2017.05.23-04.35.20:118][532]LogModuleManager: Shutting down and abandoning module AudioFormatADPCM (51)
[2017.05.23-04.35.20:118][532]LogModuleManager: Shutting down and abandoning module LinuxTargetPlatform (50)
[2017.05.23-04.35.20:118][532]LogModuleManager: Shutting down and abandoning module LinuxServerTargetPlatform (49)
[2017.05.23-04.35.20:118][532]LogModuleManager: Shutting down and abandoning module LinuxNoEditorTargetPlatform (48)
[2017.05.23-04.35.20:118][532]LogModuleManager: Shutting down and abandoning module LinuxClientTargetPlatform (47)
[2017.05.23-04.35.20:118][532]LogModuleManager: Shutting down and abandoning module TVOSTargetPlatform (46)
[2017.05.23-04.35.20:118][532]LogModuleManager: Shutting down and abandoning module Messaging (45)
[2017.05.23-04.35.20:118][532]LogModuleManager: Shutting down and abandoning module IOSTargetPlatform (44)
[2017.05.23-04.35.20:118][532]LogModuleManager: Shutting down and abandoning module HTML5TargetPlatform (43)
[2017.05.23-04.35.20:118][532]LogModuleManager: Shutting down and abandoning module Android_PVRTCTargetPlatform (42)
[2017.05.23-04.35.20:118][532]LogModuleManager: Shutting down and abandoning module Android_MultiTargetPlatform (41)
[2017.05.23-04.35.20:118][532]LogModuleManager: Shutting down and abandoning module Android_ETC2TargetPlatform (40)
[2017.05.23-04.35.20:118][532]LogModuleManager: Shutting down and abandoning module Android_ETC1TargetPlatform (39)
[2017.05.23-04.35.20:118][532]LogModuleManager: Shutting down and abandoning module Android_DXTTargetPlatform (38)
[2017.05.23-04.35.20:118][532]LogModuleManager: Shutting down and abandoning module Android_ATCTargetPlatform (37)
[2017.05.23-04.35.20:118][532]LogModuleManager: Shutting down and abandoning module Android_ASTCTargetPlatform (36)
[2017.05.23-04.35.20:118][532]LogModuleManager: Shutting down and abandoning module AndroidTargetPlatform (35)
[2017.05.23-04.35.20:118][532]LogModuleManager: Shutting down and abandoning module WindowsTargetPlatform (34)
[2017.05.23-04.35.20:118][532]LogModuleManager: Shutting down and abandoning module WindowsServerTargetPlatform (33)
[2017.05.23-04.35.20:118][532]LogModuleManager: Shutting down and abandoning module WindowsNoEditorTargetPlatform (32)
[2017.05.23-04.35.20:118][532]LogModuleManager: Shutting down and abandoning module WindowsClientTargetPlatform (31)
[2017.05.23-04.35.20:118][532]LogModuleManager: Shutting down and abandoning module MacTargetPlatform (30)
[2017.05.23-04.35.20:118][532]LogModuleManager: Shutting down and abandoning module MacServerTargetPlatform (29)
[2017.05.23-04.35.20:118][532]LogModuleManager: Shutting down and abandoning module MacNoEditorTargetPlatform (28)
[2017.05.23-04.35.20:118][532]LogModuleManager: Shutting down and abandoning module MacClientTargetPlatform (27)
[2017.05.23-04.35.20:118][532]LogModuleManager: Shutting down and abandoning module AllDesktopTargetPlatform (26)
[2017.05.23-04.35.20:118][532]LogModuleManager: Shutting down and abandoning module TargetPlatform (25)
[2017.05.23-04.35.20:118][532]LogModuleManager: Shutting down and abandoning module InputCore (24)
[2017.05.23-04.35.20:118][532]LogModuleManager: Shutting down and abandoning module Settings (23)
[2017.05.23-04.35.20:118][532]LogModuleManager: Shutting down and abandoning module OculusRift (22)
[2017.05.23-04.35.20:118][532]LogModuleManager: Shutting down and abandoning module ExampleDeviceProfileSelector (21)
[2017.05.23-04.35.20:118][532]LogModuleManager: Shutting down and abandoning module OnlineBlueprintSupport (20)
[2017.05.23-04.35.20:118][532]LogModuleManager: Shutting down and abandoning module OnlineSubsystem (18)
[2017.05.23-04.35.20:118][532]LogOnline:Display: Unloading online subsystem: NULL
[2017.05.23-04.35.20:118][532]LogModuleManager: Shutting down and abandoning module SSL (17)
[2017.05.23-04.35.20:119][532]LogModuleManager: Shutting down and abandoning module HTTP (16)
[2017.05.23-04.35.20:119][532]LogModuleManager: Shutting down and abandoning module XMPP (15)
[2017.05.23-04.35.20:119][532]LogModuleManager: Shutting down and abandoning module TextureCompressor (14)
[2017.05.23-04.35.20:119][532]LogModuleManager: Shutting down and abandoning module ShaderCore (13)
[2017.05.23-04.35.20:119][532]LogModuleManager: Shutting down and abandoning module Landscape (12)
[2017.05.23-04.35.20:119][532]LogModuleManager: Shutting down and abandoning module SlateRHIRenderer (11)
[2017.05.23-04.35.20:120][532]LogModuleManager: Shutting down and abandoning module OpenGLDrv (10)
[2017.05.23-04.35.20:120][532]LogModuleManager: Shutting down and abandoning module D3D11RHI (9)
[2017.05.23-04.35.20:120][532]LogModuleManager: Shutting down and abandoning module AnimGraphRuntime (8)
[2017.05.23-04.35.20:120][532]LogModuleManager: Shutting down and abandoning module Renderer (7)
[2017.05.23-04.35.20:120][532]LogModuleManager: Shutting down and abandoning module Engine (6)
[2017.05.23-04.35.20:120][532]LogModuleManager: Shutting down and abandoning module CoreUObject (5)
[2017.05.23-04.35.20:120][532]LogModuleManager: Shutting down and abandoning module NetworkFile (4)
[2017.05.23-04.35.20:120][532]LogModuleManager: Shutting down and abandoning module StreamingFile (3)
[2017.05.23-04.35.20:120][532]LogModuleManager: Shutting down and abandoning module SandboxFile (2)
[2017.05.23-04.35.20:120][532]LogModuleManager: Shutting down and abandoning module PakFile (1)
[2017.05.23-04.35.20:121][532]LogExit: Exiting.
[2017.05.23-04.35.20:122][532]Log file closed, 05/23/17 14:05:20
